#       step         max_devi_v         min_devi_v         avg_devi_v         max_devi_f         min_devi_f         avg_devi_f
           0       1.020980e-01       6.450099e-06       5.856472e-02       4.525048e-02       2.094238e-02       2.960149e-02
           0       1.049912e-01       2.220493e-06       6.019733e-02       2.652036e-02       8.058235e-03       1.811311e-02
        2000       1.017506e-01       2.455113e-04       5.850716e-02       1.507725e-01       1.290064e-02       5.127266e-02
        4000       1.025444e-01       5.717880e-04       5.885734e-02       1.751672e-01       1.573045e-02       5.013566e-02
        6000       1.015739e-01       4.366464e-04       5.816255e-02       1.074626e-01       1.561831e-02       4.845698e-02
        8000       1.014647e-01       3.986783e-04       5.838013e-02       1.839737e-01       8.521218e-03       5.033441e-02
       10000       1.015083e-01       3.119396e-04       5.846865e-02       1.366525e-01       1.172262e-02       5.101409e-02
       12000       1.000206e-01       3.143662e-04       5.711888e-02       1.463610e-01       1.624699e-02       5.324543e-02
       14000       1.003856e-01       6.796478e-04       5.778358e-02       2.054472e-01       1.517123e-02       5.055624e-02
       16000       1.015225e-01       3.082554e-04       5.833616e-02       1.395204e-01       1.234260e-02       5.037249e-02
       18000       1.016294e-01       6.745935e-04       5.852782e-02       1.801560e-01       1.201835e-02       5.131931e-02
       20000       1.015845e-01       5.752633e-04       5.830896e-02       1.600895e-01       1.167568e-02       4.904135e-02
       22000       1.015769e-01       4.958637e-04       5.816803e-02       1.653776e-01       1.536951e-02       5.042356e-02
       24000       1.008573e-01       5.725448e-04       5.790187e-02       1.331128e-01       1.493107e-02       4.952113e-02
       26000       1.018148e-01       2.707940e-04       5.851949e-02       1.532851e-01       1.645875e-02       5.059124e-02
       28000       1.008830e-01       6.616913e-04       5.810801e-02       1.855893e-01       1.438052e-02       5.030253e-02
       30000       1.014738e-01       1.250297e-03       5.802615e-02       1.552337e-01       1.572794e-02       5.047364e-02
       32000       1.009573e-01       7.997296e-04       5.810188e-02       1.290420e-01       1.188293e-02       4.883941e-02
       34000       1.007210e-01       2.989959e-04       5.780554e-02       1.380326e-01       1.513736e-02       4.997056e-02
       36000       9.916746e-02       1.030844e-03       5.685186e-02       1.357857e-01       1.576102e-02       5.075593e-02
       38000       1.018100e-01       3.260158e-04       5.831326e-02       1.376893e-01       1.284152e-02       5.075630e-02
       40000       1.004271e-01       2.663065e-04       5.764537e-02       1.507625e-01       1.566482e-02       5.051408e-02
       42000       1.014193e-01       4.733098e-04       5.824907e-02       1.325838e-01       1.314732e-02       5.111550e-02
       44000       1.017194e-01       5.703460e-04       5.833202e-02       1.530075e-01       1.385759e-02       4.997137e-02
       46000       1.019340e-01       2.754192e-04       5.867204e-02       1.578317e-01       1.271655e-02       4.893988e-02
       48000       1.015050e-01       6.851486e-04       5.827957e-02       1.928339e-01       1.734549e-02       5.174106e-02
       50000       1.013528e-01       4.036783e-04       5.828992e-02       1.473671e-01       1.446886e-02       4.954801e-02
       52000       1.011447e-01       2.684653e-04       5.835145e-02       1.353867e-01       1.083194e-02       4.867630e-02
       54000       1.010807e-01       6.761826e-04       5.804314e-02       1.417757e-01       1.394865e-02       5.114183e-02
       56000       1.012759e-01       4.801374e-04       5.789269e-02       1.368316e-01       1.820834e-02       5.232671e-02
       58000       1.003538e-01       2.954936e-04       5.786584e-02       1.516735e-01       1.771547e-02       4.973339e-02
       60000       1.012491e-01       5.477055e-04       5.823247e-02       1.701669e-01       1.445923e-02       5.114057e-02
       62000       1.005103e-01       3.131171e-04       5.757438e-02       1.817731e-01       1.441153e-02       5.263113e-02
       64000       1.027279e-01       3.441814e-04       5.862702e-02       1.210519e-01       1.278062e-02       4.862959e-02
       66000       1.008791e-01       4.564866e-04       5.795836e-02       1.517562e-01       1.425068e-02       5.058024e-02
       68000       1.009594e-01       7.099192e-04       5.805438e-02       1.278462e-01       1.371178e-02       5.197356e-02
       70000       1.015811e-01       7.175474e-04       5.856331e-02       1.525570e-01       1.255963e-02       5.093278e-02
       72000       1.014537e-01       3.616348e-04       5.820380e-02       1.398414e-01       1.030297e-02       5.231027e-02
       74000       1.001681e-01       5.203054e-04       5.763508e-02       1.118699e-01       1.359360e-02       4.799436e-02
       76000       1.019398e-01       9.407712e-04       5.808693e-02       1.330560e-01       1.257984e-02       5.056945e-02
       78000       1.022562e-01       4.733758e-04       5.856147e-02       1.788270e-01       1.408902e-02       5.091500e-02
       80000       1.011688e-01       5.402589e-04       5.829926e-02       1.233282e-01       1.632725e-02       5.188354e-02
       82000       1.013645e-01       6.601252e-04       5.828633e-02       1.446857e-01       1.210659e-02       4.777166e-02
       84000       1.010931e-01       2.887287e-04       5.804020e-02       1.573975e-01       1.574239e-02       5.186111e-02
       86000       1.016894e-01       4.494506e-04       5.818236e-02       1.618884e-01       1.686979e-02       5.027368e-02
       88000       1.004531e-01       2.206774e-04       5.767184e-02       1.478587e-01       1.538851e-02       4.940280e-02
       90000       1.014742e-01       6.244214e-04       5.803387e-02       1.447171e-01       1.551783e-02       4.991665e-02
       92000       1.012487e-01       2.389837e-04       5.788282e-02       1.404064e-01       1.707460e-02       5.148481e-02
       94000       1.003366e-01       4.444538e-04       5.784776e-02       1.427084e-01       1.528505e-02       5.046073e-02
       96000       9.915654e-02       4.118681e-04       5.704824e-02       1.386503e-01       1.718422e-02       5.141712e-02
       98000       9.954685e-02       1.841947e-04       5.710869e-02       1.624971e-01       1.936256e-02       5.211378e-02
      100000       1.028459e-01       5.640918e-04       5.882135e-02       1.804311e-01       1.003136e-02       5.199167e-02
      102000       1.005248e-01       1.237132e-04       5.778063e-02       1.330020e-01       1.535867e-02       4.978260e-02
      104000       1.019861e-01       7.416403e-04       5.836359e-02       1.778918e-01       1.784837e-02       5.181750e-02
      106000       9.981277e-02       6.025836e-04       5.733139e-02       1.741204e-01       1.469991e-02       4.957454e-02
      108000       1.003414e-01       6.866308e-04       5.774043e-02       1.782504e-01       1.364449e-02       5.087345e-02
      110000       1.015248e-01       6.370844e-04       5.844818e-02       1.299302e-01       1.699689e-02       5.350516e-02
      112000       1.010600e-01       4.607950e-04       5.826304e-02       1.158003e-01       1.777907e-02       4.921722e-02
      114000       1.003923e-01       4.179295e-04       5.764970e-02       1.669996e-01       1.523712e-02       4.987312e-02
      116000       1.001804e-01       5.302909e-04       5.751412e-02       1.341088e-01       1.515891e-02       5.253308e-02
      118000       1.020598e-01       7.504124e-04       5.819214e-02       1.240305e-01       1.545412e-02       5.009808e-02
      120000       1.017551e-01       5.214829e-04       5.844332e-02       2.019775e-01       1.085867e-02       5.100218e-02
      122000       1.015389e-01       5.387376e-04       5.852195e-02       1.373554e-01       1.325393e-02       5.049367e-02
      124000       1.010246e-01       6.226608e-04       5.808442e-02       1.429828e-01       1.130113e-02       4.829698e-02
      126000       1.011415e-01       3.411917e-04       5.805233e-02       1.692620e-01       1.525444e-02       4.863850e-02
      128000       1.003850e-01       2.696519e-04       5.781482e-02       1.396134e-01       1.527691e-02       5.071116e-02
      130000       1.005174e-01       7.421942e-04       5.748559e-02       1.475916e-01       1.575376e-02       5.003440e-02
      132000       1.018247e-01       8.294847e-04       5.805875e-02       1.567126e-01       1.390539e-02       5.083288e-02
      134000       1.004802e-01       6.691853e-04       5.778169e-02       1.476137e-01       1.821255e-02       5.017215e-02
      136000       1.006199e-01       1.072914e-04       5.790320e-02       1.458047e-01       1.433075e-02       5.084853e-02
      138000       1.016982e-01       5.153095e-04       5.846849e-02       1.299806e-01       1.488723e-02       5.122510e-02
      140000       1.014159e-01       3.974572e-04       5.823103e-02       2.009219e-01       1.871978e-02       5.147393e-02
      142000       1.022048e-01       3.126091e-04       5.874824e-02       1.727336e-01       1.170703e-02       4.997102e-02
      144000       1.009694e-01       5.319618e-04       5.821690e-02       1.679569e-01       1.431071e-02       5.096333e-02
      146000       1.021874e-01       1.630353e-04       5.878538e-02       1.502253e-01       1.572848e-02       4.993915e-02
      148000       1.018655e-01       4.011194e-04       5.842279e-02       1.724858e-01       1.621749e-02       4.873497e-02
      150000       1.007408e-01       1.154282e-04       5.804179e-02       1.437493e-01       1.481261e-02       5.158642e-02
      152000       1.022125e-01       7.184389e-04       5.856996e-02       1.450901e-01       1.620206e-02       5.001369e-02
      154000       1.004386e-01       1.063887e-03       5.756734e-02       1.594190e-01       1.249358e-02       5.010162e-02
      156000       1.030753e-01       4.287630e-04       5.899855e-02       1.316417e-01       1.386292e-02       4.764146e-02
      158000       1.005393e-01       4.949829e-04       5.780563e-02       1.432163e-01       1.674656e-02       5.028183e-02
      160000       1.008446e-01       5.532502e-04       5.792598e-02       1.521068e-01       1.426807e-02       5.017054e-02
      162000       1.017480e-01       3.907353e-04       5.839631e-02       1.558935e-01       1.408398e-02       5.121092e-02
      164000       1.023616e-01       2.865351e-04       5.872542e-02       1.293172e-01       1.266283e-02       4.975529e-02
      166000       1.007964e-01       6.012526e-04       5.769644e-02       1.497185e-01       1.414919e-02       5.347401e-02
      168000       1.017043e-01       5.466649e-04       5.853845e-02       1.455898e-01       1.507565e-02       5.130711e-02
      170000       1.026652e-01       4.456019e-04       5.906913e-02       1.355241e-01       1.508266e-02       5.103416e-02
      172000       1.013508e-01       4.282128e-04       5.801867e-02       1.966329e-01       1.503717e-02       5.126749e-02
      174000       1.015218e-01       4.820905e-04       5.827649e-02       1.488660e-01       1.618770e-02       5.218035e-02
      176000       1.020189e-01       2.496119e-04       5.841144e-02       1.346580e-01       1.254089e-02       4.911612e-02
      178000       1.012437e-01       6.345665e-04       5.798215e-02       1.539418e-01       1.539282e-02       5.010741e-02
      180000       1.022210e-01       6.673320e-04       5.860050e-02       1.732646e-01       1.143749e-02       5.001127e-02
      182000       1.029797e-01       6.521307e-04       5.894654e-02       1.103360e-01       1.274419e-02       4.709392e-02
      184000       1.022346e-01       4.597526e-04       5.827590e-02       1.633595e-01       1.287762e-02       5.038318e-02
      186000       1.034190e-01       7.345143e-04       5.907566e-02       1.574335e-01       1.419915e-02       5.103637e-02
      188000       1.009502e-01       2.626847e-04       5.806349e-02       1.300575e-01       7.237217e-03       5.180147e-02
      190000       1.021266e-01       7.330401e-04       5.877615e-02       1.576444e-01       1.540119e-02       5.105235e-02
      192000       1.009895e-01       3.759824e-04       5.812206e-02       1.220287e-01       1.346528e-02       4.945446e-02
      194000       1.007880e-01       3.922001e-04       5.769918e-02       1.413984e-01       1.280892e-02       5.133603e-02
      196000       1.015393e-01       3.343318e-04       5.817926e-02       1.704750e-01       1.563963e-02       5.162938e-02
      198000       1.010352e-01       4.702073e-04       5.804769e-02       1.649175e-01       1.390569e-02       5.104661e-02
      200000       1.017675e-01       4.954880e-04       5.838059e-02       1.713823e-01       1.573692e-02       4.966603e-02
      202000       1.025297e-01       5.135448e-04       5.901237e-02       1.368016e-01       1.294782e-02       5.110132e-02
      204000       1.023928e-01       5.005203e-04       5.842791e-02       1.534668e-01       1.050457e-02       5.006708e-02
      206000       1.016353e-01       5.718917e-04       5.841908e-02       1.526299e-01       1.735339e-02       4.988713e-02
      208000       1.018173e-01       4.648891e-04       5.863330e-02       1.213774e-01       1.661556e-02       5.058460e-02
      210000       1.019670e-01       2.352624e-04       5.842090e-02       1.405999e-01       1.479432e-02       5.005456e-02
      212000       1.020341e-01       5.071306e-04       5.843391e-02       1.403940e-01       1.181721e-02       4.854729e-02
      214000       1.015899e-01       6.683957e-04       5.820032e-02       1.372036e-01       1.545641e-02       5.085517e-02
      216000       1.002831e-01       3.893066e-04       5.746258e-02       1.587421e-01       1.365041e-02       5.061759e-02
      218000       1.018106e-01       6.883616e-04       5.853807e-02       1.501676e-01       1.453992e-02       5.037358e-02
      220000       1.005213e-01       7.921848e-04       5.793854e-02       1.253782e-01       1.459570e-02       5.085049e-02
      222000       1.002731e-01       4.590311e-04       5.784645e-02       1.538604e-01       1.551444e-02       4.964694e-02
      224000       1.001745e-01       3.829001e-04       5.748268e-02       1.347954e-01       1.344503e-02       5.137746e-02
      226000       1.015165e-01       3.583260e-04       5.796178e-02       1.724667e-01       1.644860e-02       5.169221e-02
      228000       1.016061e-01       5.472269e-04       5.841023e-02       1.199687e-01       1.508946e-02       5.070933e-02
      230000       1.011611e-01       5.424989e-04       5.840997e-02       1.485298e-01       1.248943e-02       4.981566e-02
      232000       1.007878e-01       8.568887e-04       5.808638e-02       1.816279e-01       1.343934e-02       5.183046e-02
      234000       1.014551e-01       5.836025e-04       5.830035e-02       1.610065e-01       1.380766e-02       4.963724e-02
      236000       1.007154e-01       3.429544e-04       5.801933e-02       1.613809e-01       1.417838e-02       5.063250e-02
      238000       1.015172e-01       7.332959e-05       5.801436e-02       1.330740e-01       1.580128e-02       5.029570e-02
      240000       1.004536e-01       4.582870e-04       5.782382e-02       2.040936e-01       1.848028e-02       5.184142e-02
      242000       1.005042e-01       5.297218e-04       5.786099e-02       1.945246e-01       1.724571e-02       5.354140e-02
      244000       1.015996e-01       9.324836e-04       5.826295e-02       1.625214e-01       1.226611e-02       4.986232e-02
      246000       1.024223e-01       3.463408e-04       5.871667e-02       1.691667e-01       1.359050e-02       5.070026e-02
      248000       1.013731e-01       8.162926e-04       5.812245e-02       1.522729e-01       1.206167e-02       4.930361e-02
      250000       1.010770e-01       7.092427e-04       5.825584e-02       1.460474e-01       1.424199e-02       5.301925e-02
      252000       1.002419e-01       3.863736e-04       5.743635e-02       1.304836e-01       1.629321e-02       5.077741e-02
      254000       1.010184e-01       3.345015e-04       5.783293e-02       1.415011e-01       1.629265e-02       5.038674e-02
      256000       1.017144e-01       2.100566e-04       5.854693e-02       1.720869e-01       1.334419e-02       5.138757e-02
      258000       1.026442e-01       2.816477e-04       5.894644e-02       1.383912e-01       1.376130e-02       4.907544e-02
      260000       1.017964e-01       3.750083e-04       5.837823e-02       1.262530e-01       1.451037e-02       5.069938e-02
      262000       1.026631e-01       3.929467e-04       5.899001e-02       1.445042e-01       1.743359e-02       4.951664e-02
      264000       1.017292e-01       6.029453e-04       5.835160e-02       1.806083e-01       1.354875e-02       4.921722e-02
      266000       1.020329e-01       2.938387e-04       5.820440e-02       2.007102e-01       1.228289e-02       5.060278e-02
      268000       1.015403e-01       1.699909e-04       5.816298e-02       1.267568e-01       1.674791e-02       5.133212e-02
      270000       1.001795e-01       4.723934e-04       5.770429e-02       1.258633e-01       1.609374e-02       4.939183e-02
      272000       1.010728e-01       2.664307e-04       5.791226e-02       1.826884e-01       1.563818e-02       5.029452e-02
      274000       1.019659e-01       6.112416e-04       5.871357e-02       1.617422e-01       1.714709e-02       5.152873e-02
      276000       1.019336e-01       3.957774e-04       5.863656e-02       1.412286e-01       1.533778e-02       4.964552e-02
      278000       1.008319e-01       4.830386e-04       5.808816e-02       1.476297e-01       1.414433e-02       5.103514e-02
      280000       1.012082e-01       6.599580e-04       5.795397e-02       1.699213e-01       1.609514e-02       5.188402e-02
      282000       1.014518e-01       3.590266e-04       5.795694e-02       2.102789e-01       1.512101e-02       5.212656e-02
      284000       1.014597e-01       6.479540e-04       5.817763e-02       1.430773e-01       1.506185e-02       5.248471e-02
      286000       9.969238e-02       2.684044e-04       5.727617e-02       1.454532e-01       1.445723e-02       5.124394e-02
      288000       1.012975e-01       5.618530e-04       5.826636e-02       1.509676e-01       1.741955e-02       4.895238e-02
      290000       1.004186e-01       2.593614e-04       5.795529e-02       1.628998e-01       1.380505e-02       5.095879e-02
      292000       1.009149e-01       5.622904e-04       5.791724e-02       1.392454e-01       9.797530e-03       5.149861e-02
      294000       1.015541e-01       6.798300e-04       5.833779e-02       1.328287e-01       1.430158e-02       5.157548e-02
      296000       1.023789e-01       7.401756e-04       5.862983e-02       1.398844e-01       1.276842e-02       5.122523e-02
      298000       1.015920e-01       2.897009e-04       5.842888e-02       1.406853e-01       1.428276e-02       5.037186e-02
      300000       9.962752e-02       5.423406e-04       5.723372e-02       1.572044e-01       1.586859e-02       4.987741e-02
      302000       1.002064e-01       7.136652e-04       5.755800e-02       1.268804e-01       1.387434e-02       5.010982e-02
      304000       9.995786e-02       2.640164e-04       5.748942e-02       1.594570e-01       1.527743e-02       5.135964e-02
      306000       1.004135e-01       5.102298e-04       5.776978e-02       1.320852e-01       1.781506e-02       5.057256e-02
      308000       1.014107e-01       2.067457e-04       5.843537e-02       1.447189e-01       1.122499e-02       5.006489e-02
      310000       1.009088e-01       2.378440e-04       5.802285e-02       1.325920e-01       1.360329e-02       5.003181e-02
      312000       1.013808e-01       1.090622e-04       5.822617e-02       1.421917e-01       1.645031e-02       5.052557e-02
      314000       1.000515e-01       3.349006e-04       5.744293e-02       1.518448e-01       1.075385e-02       5.208874e-02
      316000       1.012683e-01       8.285068e-04       5.825798e-02       1.376451e-01       1.608386e-02       5.165814e-02
      318000       1.005620e-01       5.866649e-04       5.796237e-02       1.424038e-01       1.448873e-02       5.060566e-02
      320000       1.017785e-01       3.260971e-04       5.832632e-02       1.259656e-01       1.394396e-02       5.008570e-02
      322000       1.010767e-01       4.474213e-04       5.824927e-02       1.513016e-01       1.362966e-02       4.907314e-02
      324000       1.010014e-01       7.725285e-04       5.828040e-02       1.398046e-01       1.515886e-02       5.099884e-02
      326000       1.021250e-01       5.014777e-04       5.841247e-02       1.802112e-01       1.540076e-02       4.958522e-02
      328000       1.009111e-01       8.611594e-04       5.795877e-02       2.185601e-01       1.108585e-02       5.232579e-02
      330000       1.011129e-01       6.524269e-04       5.809321e-02       1.299083e-01       1.187222e-02       5.029898e-02
      332000       1.013530e-01       2.613888e-04       5.790419e-02       1.388971e-01       1.307615e-02       5.083406e-02
      334000       1.016608e-01       1.273524e-04       5.845723e-02       1.313181e-01       1.560383e-02       4.989526e-02
      336000       1.015395e-01       6.948953e-04       5.824681e-02       1.524499e-01       1.315071e-02       5.347093e-02
      338000       1.020111e-01       2.107085e-04       5.839274e-02       1.457104e-01       1.339244e-02       4.941777e-02
      340000       1.013967e-01       4.372671e-04       5.825042e-02       1.269147e-01       1.637635e-02       5.007734e-02
      342000       1.017003e-01       3.668566e-04       5.839645e-02       1.403543e-01       1.746580e-02       5.045200e-02
      344000       1.019225e-01       6.155646e-04       5.863681e-02       1.333690e-01       1.339756e-02       5.049797e-02
      346000       1.014135e-01       3.737434e-04       5.821274e-02       1.690083e-01       1.439142e-02       4.979612e-02
      348000       1.020557e-01       4.216008e-04       5.840779e-02       1.343614e-01       1.555767e-02       4.958525e-02
      350000       1.009039e-01       2.868833e-04       5.799565e-02       1.407734e-01       1.468591e-02       5.009528e-02
      352000       1.016118e-01       8.596805e-05       5.840805e-02       1.494512e-01       1.602899e-02       5.200340e-02
      354000       1.022612e-01       7.525754e-04       5.896549e-02       1.310370e-01       1.470602e-02       5.166749e-02
      356000       1.013160e-01       3.363814e-04       5.825650e-02       1.586662e-01       1.343477e-02       5.121951e-02
      358000       1.006024e-01       5.527960e-04       5.752460e-02       1.621909e-01       1.607826e-02       4.991727e-02
      360000       1.010991e-01       3.294731e-04       5.816950e-02       1.360001e-01       1.433886e-02       5.146047e-02
      362000       1.014116e-01       6.505470e-04       5.812434e-02       1.570975e-01       1.664683e-02       5.270193e-02
      364000       1.009672e-01       3.923452e-04       5.767069e-02       1.687558e-01       1.855995e-02       5.190051e-02
      366000       1.013013e-01       4.180626e-04       5.809748e-02       1.263656e-01       1.418714e-02       5.030808e-02
      368000       1.016581e-01       2.348332e-04       5.811536e-02       1.455570e-01       1.320684e-02       5.281168e-02
      370000       1.001753e-01       3.479677e-04       5.751983e-02       1.530217e-01       1.818064e-02       5.395815e-02
      372000       1.012400e-01       2.764260e-04       5.824135e-02       1.425996e-01       1.494346e-02       4.912893e-02
      374000       1.023683e-01       9.029130e-04       5.871897e-02       1.304636e-01       1.442393e-02       4.888275e-02
      376000       1.010917e-01       4.016210e-04       5.829484e-02       1.787968e-01       1.461443e-02       5.105249e-02
      378000       1.031367e-01       8.286889e-04       5.948327e-02       1.668159e-01       1.382395e-02       5.102570e-02
      380000       1.010603e-01       2.691041e-04       5.822726e-02       1.515230e-01       1.558897e-02       5.135030e-02
      382000       1.025602e-01       3.421159e-04       5.866577e-02       1.390649e-01       1.388544e-02       5.068811e-02
      384000       1.023673e-01       4.088583e-04       5.865213e-02       1.769836e-01       1.136007e-02       5.133749e-02
      386000       1.017656e-01       5.136791e-04       5.813647e-02       1.275789e-01       1.700979e-02       5.082986e-02
      388000       1.033333e-01       3.384837e-04       5.936548e-02       1.458549e-01       1.481120e-02       4.912157e-02
      390000       1.011478e-01       5.420030e-04       5.824754e-02       1.401471e-01       1.216909e-02       4.928854e-02
      392000       1.012787e-01       5.246103e-04       5.788965e-02       1.569343e-01       1.557099e-02       4.944803e-02
      394000       1.007940e-01       4.620698e-04       5.788551e-02       1.429591e-01       1.358867e-02       4.958562e-02
      396000       1.010993e-01       9.950972e-04       5.808765e-02       1.659179e-01       1.092701e-02       4.927102e-02
      398000       9.904198e-02       3.614141e-04       5.686861e-02       1.606489e-01       1.390449e-02       5.324083e-02
      400000       9.989449e-02       5.948584e-05       5.741626e-02       1.396648e-01       9.501715e-03       5.009395e-02
      402000       1.008644e-01       3.013268e-04       5.780249e-02       1.686637e-01       1.585407e-02       5.126910e-02
      404000       1.009897e-01       3.899866e-04       5.784419e-02       1.543311e-01       1.491190e-02       5.128349e-02
      406000       1.013808e-01       2.590241e-04       5.811879e-02       1.392743e-01       1.226999e-02       4.922137e-02
      408000       1.013204e-01       4.618768e-04       5.810271e-02       1.477634e-01       1.431103e-02       5.129382e-02
      410000       1.016541e-01       5.309876e-04       5.843399e-02       1.657295e-01       1.171925e-02       5.064987e-02
      412000       1.021323e-01       4.603359e-04       5.848027e-02       1.456392e-01       1.574294e-02       5.095928e-02
      414000       1.017574e-01       5.376648e-04       5.829089e-02       1.281607e-01       1.626329e-02       4.809570e-02
      416000       1.016379e-01       9.428504e-04       5.821735e-02       1.757533e-01       1.369567e-02       5.038909e-02
      418000       1.002028e-01       2.875141e-04       5.774781e-02       1.425626e-01       1.354934e-02       5.093792e-02
      420000       1.021814e-01       4.687077e-04       5.846250e-02       1.323336e-01       1.091174e-02       5.230170e-02
      422000       1.016779e-01       7.591752e-04       5.823850e-02       1.331625e-01       1.638769e-02       5.030101e-02
      424000       1.007195e-01       4.003444e-04       5.792585e-02       1.508370e-01       1.462220e-02       4.899000e-02
      426000       1.016338e-01       7.456291e-04       5.843530e-02       1.375304e-01       1.516771e-02       4.996945e-02
      428000       1.007160e-01       1.400487e-04       5.804102e-02       1.542291e-01       1.353020e-02       5.022202e-02
      430000       1.002170e-01       3.282356e-04       5.743376e-02       1.522262e-01       1.814519e-02       5.107950e-02
      432000       1.002326e-01       8.153645e-04       5.757802e-02       1.666677e-01       1.255425e-02       5.033113e-02
      434000       1.015115e-01       4.179515e-04       5.825137e-02       1.222000e-01       1.403928e-02       4.894916e-02
      436000       1.021400e-01       4.178265e-04       5.844398e-02       1.571876e-01       1.636307e-02       5.064739e-02
      438000       1.007788e-01       6.118280e-04       5.773859e-02       1.493341e-01       1.115020e-02       4.917527e-02
      440000       1.027405e-01       1.302621e-04       5.855677e-02       2.135042e-01       1.688285e-02       5.063984e-02
      442000       1.020034e-01       5.091368e-04       5.851292e-02       1.937886e-01       1.347004e-02       5.142857e-02
      444000       1.015778e-01       5.077113e-04       5.818125e-02       1.495026e-01       1.853372e-02       4.966408e-02
      446000       1.002745e-01       3.861555e-04       5.748350e-02       1.592300e-01       1.637830e-02       5.216658e-02
      448000       9.994621e-02       7.226591e-04       5.731338e-02       1.483672e-01       1.338212e-02       5.166970e-02
      450000       1.008613e-01       4.098941e-04       5.779779e-02       1.294370e-01       1.755544e-02       5.153753e-02
      452000       1.003850e-01       5.228184e-04       5.749279e-02       1.470430e-01       1.634626e-02       5.284847e-02
      454000       1.031510e-01       7.204930e-04       5.925507e-02       1.429771e-01       1.542449e-02       5.135146e-02
      456000       1.008368e-01       2.239075e-04       5.795771e-02       1.858124e-01       1.420310e-02       4.997855e-02
      458000       1.019113e-01       2.653243e-04       5.857134e-02       1.560641e-01       9.877036e-03       4.908090e-02
      460000       1.017820e-01       1.992789e-04       5.858059e-02       1.434297e-01       1.087262e-02       4.957779e-02
      462000       1.003029e-01       4.120572e-04       5.769099e-02       1.336742e-01       1.478022e-02       5.089440e-02
      464000       1.004077e-01       1.844523e-04       5.790142e-02       1.650075e-01       1.316197e-02       5.136102e-02
      466000       9.981829e-02       4.482368e-04       5.741315e-02       1.440635e-01       1.380536e-02       4.995540e-02
      468000       1.014330e-01       7.934266e-04       5.821685e-02       1.314330e-01       1.491832e-02       5.004734e-02
      470000       1.001193e-01       2.873786e-04       5.729253e-02       1.690263e-01       1.414464e-02       5.111608e-02
      472000       1.017308e-01       7.461445e-04       5.821399e-02       1.852917e-01       1.367579e-02       5.245455e-02
      474000       1.011506e-01       2.646935e-04       5.830609e-02       1.435282e-01       1.560044e-02       4.939859e-02
      476000       1.028101e-01       1.973966e-04       5.873026e-02       1.553550e-01       1.566283e-02       5.136472e-02
      478000       1.010908e-01       4.102685e-04       5.824078e-02       1.941134e-01       1.254237e-02       5.155887e-02
      480000       1.017686e-01       3.867547e-04       5.860589e-02       1.616079e-01       1.293164e-02       4.669566e-02
      482000       1.019749e-01       5.848862e-04       5.869587e-02       1.564419e-01       1.262639e-02       4.930667e-02
      484000       1.014198e-01       3.792366e-04       5.815447e-02       1.513866e-01       1.358501e-02       5.176009e-02
      486000       1.011453e-01       3.022599e-04       5.800808e-02       1.433655e-01       1.663008e-02       5.147104e-02
      488000       1.016443e-01       6.521066e-04       5.814820e-02       1.193934e-01       1.684495e-02       4.978065e-02
      490000       9.999770e-02       7.781211e-04       5.740823e-02       1.410560e-01       1.833318e-02       5.156819e-02
      492000       1.009369e-01       5.035554e-04       5.783812e-02       1.480342e-01       1.454913e-02       4.897544e-02
      494000       1.012769e-01       3.042376e-04       5.818668e-02       1.888319e-01       1.635339e-02       5.073070e-02
      496000       1.009376e-01       6.484497e-04       5.817103e-02       1.691683e-01       1.622036e-02       5.118909e-02
      498000       1.006242e-01       2.554414e-04       5.773382e-02       1.574870e-01       1.326956e-02       5.088738e-02
      500000       9.991178e-02       2.947890e-04       5.736566e-02       1.693993e-01       1.734734e-02       5.087878e-02
      502000       1.016627e-01       2.692027e-04       5.842078e-02       1.365938e-01       1.249461e-02       5.114282e-02
      504000       1.030369e-01       3.825482e-04       5.926278e-02       1.667325e-01       1.721817e-02       5.068372e-02
      506000       1.009962e-01       3.947466e-04       5.793607e-02       1.409634e-01       1.410754e-02       4.969105e-02
      508000       1.013277e-01       3.943876e-04       5.834316e-02       1.834886e-01       1.590208e-02       5.201370e-02
      510000       1.027675e-01       1.903475e-04       5.888792e-02       1.388981e-01       1.458314e-02       4.991416e-02
      512000       1.024119e-01       3.880038e-04       5.849252e-02       1.384210e-01       1.555166e-02       4.913994e-02
      514000       1.021521e-01       2.576853e-04       5.892435e-02       1.540019e-01       1.760470e-02       5.130761e-02
      516000       1.013448e-01       1.993132e-04       5.803798e-02       1.487378e-01       1.180626e-02       5.120239e-02
      518000       1.005544e-01       3.871266e-04       5.774315e-02       1.549450e-01       1.230270e-02       4.900730e-02
      520000       9.993779e-02       3.563324e-04       5.734386e-02       1.723888e-01       1.386248e-02       5.282566e-02
      522000       1.017518e-01       5.691134e-04       5.851510e-02       1.379383e-01       1.839313e-02       5.088115e-02
      524000       1.000006e-01       3.651443e-04       5.753792e-02       1.472026e-01       1.557483e-02       5.204364e-02
      526000       1.011651e-01       2.800146e-04       5.772047e-02       1.694013e-01       1.317867e-02       5.022391e-02
      528000       1.026859e-01       5.664192e-04       5.844679e-02       1.942063e-01       1.463716e-02       5.110734e-02
      530000       1.016580e-01       5.306439e-04       5.856877e-02       1.431219e-01       1.208942e-02       5.090510e-02
      532000       1.019232e-01       5.685340e-04       5.871510e-02       1.628051e-01       1.567962e-02       5.062793e-02
      534000       1.004949e-01       5.614924e-04       5.760371e-02       1.648199e-01       1.358447e-02       5.140012e-02
      536000       1.017499e-01       5.101081e-04       5.852232e-02       1.386654e-01       1.212897e-02       5.021837e-02
      538000       1.015267e-01       3.329543e-04       5.808046e-02       1.408095e-01       1.525369e-02       5.233161e-02
      540000       1.017278e-01       4.996798e-04       5.837805e-02       1.318755e-01       1.154561e-02       5.031167e-02
      542000       1.022226e-01       2.202207e-04       5.848110e-02       1.606586e-01       1.142321e-02       4.997526e-02
      544000       1.012154e-01       3.871012e-04       5.818757e-02       1.598668e-01       1.662733e-02       5.091205e-02
      546000       1.002942e-01       4.356215e-04       5.787228e-02       1.268735e-01       1.214843e-02       5.103226e-02
      548000       1.016378e-01       8.546997e-04       5.796605e-02       1.862376e-01       1.014995e-02       5.038298e-02
      550000       1.020402e-01       4.593490e-04       5.846419e-02       1.617390e-01       1.730412e-02       5.096989e-02
      552000       1.009376e-01       4.263761e-04       5.783479e-02       1.487602e-01       1.384711e-02       5.063365e-02
      554000       1.006643e-01       3.837496e-04       5.790459e-02       1.486298e-01       1.621687e-02       5.151611e-02
      556000       1.016649e-01       4.231775e-04       5.839899e-02       1.636529e-01       1.501238e-02       5.007216e-02
      558000       1.010551e-01       6.352070e-04       5.763381e-02       1.340315e-01       1.492175e-02       5.090166e-02
      560000       1.008373e-01       4.032105e-04       5.807076e-02       1.425396e-01       1.863514e-02       5.108451e-02
      562000       1.010155e-01       6.595023e-04       5.797505e-02       1.301376e-01       1.086582e-02       5.011052e-02
      564000       1.024168e-01       3.316273e-04       5.873057e-02       1.446433e-01       1.282285e-02       5.035334e-02
      566000       1.018598e-01       3.850069e-04       5.866342e-02       1.408243e-01       1.460364e-02       4.957621e-02
      568000       1.024727e-01       1.744401e-04       5.905017e-02       1.320073e-01       1.486935e-02       5.095711e-02
      570000       1.012255e-01       3.661167e-04       5.837540e-02       1.646785e-01       1.653371e-02       4.905066e-02
      572000       1.017917e-01       1.725765e-04       5.851755e-02       1.494738e-01       1.460650e-02       5.028062e-02
      574000       1.010207e-01       6.163337e-04       5.821515e-02       1.520852e-01       1.702593e-02       5.180304e-02
      576000       1.021700e-01       6.502818e-04       5.851914e-02       1.543011e-01       1.753245e-02       5.040571e-02
      578000       1.025922e-01       4.563409e-04       5.857390e-02       1.606233e-01       1.560450e-02       4.880441e-02
      580000       1.005248e-01       6.328001e-04       5.775091e-02       1.555400e-01       1.415132e-02       5.110905e-02
      582000       1.009949e-01       2.747538e-04       5.791513e-02       1.636485e-01       1.233116e-02       5.131083e-02
      584000       1.008518e-01       1.495516e-04       5.792763e-02       1.651405e-01       1.561344e-02       5.053915e-02
      586000       1.012676e-01       4.569986e-04       5.822950e-02       1.493614e-01       1.325734e-02       4.865801e-02
      588000       1.001067e-01       3.316118e-04       5.757035e-02       1.236987e-01       1.621285e-02       4.978838e-02
      590000       9.993933e-02       6.872696e-04       5.748708e-02       1.543482e-01       1.334051e-02       5.135704e-02
      592000       1.024746e-01       5.547399e-04       5.829402e-02       1.579547e-01       1.588636e-02       5.077720e-02
      594000       1.011800e-01       4.383921e-04       5.801127e-02       1.579118e-01       1.321523e-02       5.029377e-02
      596000       1.009111e-01       5.757609e-04       5.763340e-02       1.265577e-01       1.570107e-02       5.340489e-02
      598000       1.015239e-01       6.367160e-04       5.836011e-02       1.630531e-01       1.992881e-02       5.128983e-02
      600000       1.010708e-01       5.548376e-04       5.797696e-02       1.764194e-01       1.557403e-02       5.012641e-02
      602000       1.008578e-01       4.258345e-04       5.808369e-02       1.803770e-01       1.650424e-02       5.148993e-02
      604000       1.009527e-01       4.241170e-04       5.791787e-02       1.565724e-01       1.325947e-02       5.051013e-02
      606000       1.015857e-01       1.809979e-04       5.847063e-02       1.652260e-01       1.430195e-02       5.092622e-02
      608000       1.019962e-01       3.370947e-04       5.837014e-02       1.587335e-01       1.441501e-02       4.969419e-02
      610000       1.015227e-01       6.290901e-04       5.815055e-02       1.589024e-01       1.760030e-02       5.037953e-02
      612000       1.010523e-01       3.111963e-04       5.800971e-02       1.203192e-01       1.633784e-02       5.023586e-02
      614000       1.005198e-01       8.997782e-04       5.767139e-02       1.544253e-01       1.528180e-02       5.034432e-02
      616000       1.014796e-01       4.459324e-04       5.833448e-02       1.248503e-01       1.604048e-02       4.946121e-02
      618000       1.017611e-01       4.858154e-04       5.854392e-02       1.231099e-01       1.457685e-02       5.016495e-02
      620000       1.019386e-01       3.366106e-04       5.837383e-02       1.645345e-01       1.575456e-02       5.123752e-02
      622000       1.020507e-01       4.490657e-04       5.878648e-02       1.478561e-01       1.597952e-02       4.948323e-02
      624000       1.007158e-01       1.606683e-04       5.807723e-02       1.387225e-01       1.343047e-02       4.905594e-02
      626000       1.018029e-01       7.721790e-04       5.825641e-02       1.485247e-01       1.176554e-02       5.128214e-02
      628000       1.012000e-01       2.880766e-04       5.771993e-02       1.775102e-01       1.508393e-02       5.128941e-02
      630000       1.017236e-01       5.159938e-04       5.809977e-02       1.435640e-01       1.464968e-02       5.072931e-02
      632000       1.009066e-01       5.351537e-04       5.759637e-02       2.104402e-01       1.064208e-02       5.193484e-02
      634000       1.022532e-01       4.963361e-04       5.868588e-02       1.420568e-01       1.623080e-02       5.011433e-02
      636000       1.021967e-01       2.777122e-04       5.871710e-02       1.369870e-01       1.221143e-02       5.004949e-02
      638000       1.014806e-01       3.530617e-04       5.831595e-02       1.611101e-01       1.242143e-02       5.096206e-02
      640000       1.016247e-01       4.199648e-04       5.850167e-02       1.415242e-01       1.800430e-02       5.129480e-02
      642000       1.015544e-01       5.304352e-04       5.838721e-02       1.474348e-01       1.483535e-02       5.110534e-02
      644000       1.018391e-01       4.069911e-04       5.833856e-02       1.469466e-01       1.131544e-02       5.031265e-02
      646000       1.006806e-01       5.072570e-04       5.811119e-02       1.597275e-01       1.395325e-02       4.947942e-02
      648000       1.006686e-01       5.537102e-04       5.762701e-02       1.659711e-01       1.280301e-02       5.198104e-02
      650000       1.020996e-01       3.774933e-04       5.805759e-02       1.572066e-01       1.236592e-02       5.043381e-02
      652000       1.014672e-01       9.184923e-04       5.798355e-02       1.338187e-01       1.678700e-02       5.194682e-02
      654000       1.013093e-01       3.056970e-04       5.805866e-02       1.492924e-01       1.398814e-02       5.050020e-02
      656000       1.018799e-01       1.362281e-04       5.827705e-02       1.617242e-01       1.600477e-02       5.047927e-02
      658000       1.013407e-01       2.821159e-04       5.815854e-02       1.308506e-01       1.832421e-02       5.089883e-02
      660000       1.012927e-01       8.578703e-04       5.815896e-02       1.701423e-01       1.195825e-02       5.198546e-02
      662000       1.020707e-01       8.190138e-04       5.848325e-02       1.652367e-01       1.598244e-02       4.911352e-02
      664000       1.015252e-01       2.331728e-04       5.828640e-02       1.778834e-01       1.522563e-02       5.267788e-02
      666000       1.009974e-01       6.118047e-04       5.809389e-02       1.673927e-01       1.136948e-02       5.203769e-02
      668000       1.007201e-01       6.625954e-04       5.788465e-02       1.357685e-01       1.256920e-02       4.950579e-02
      670000       1.020327e-01       2.843880e-04       5.859147e-02       1.420862e-01       1.510601e-02       4.899241e-02
      672000       1.014786e-01       2.634380e-04       5.826549e-02       1.506396e-01       1.370601e-02       5.195455e-02
      674000       1.009441e-01       3.102098e-04       5.815482e-02       1.310700e-01       1.496523e-02       5.038591e-02
      676000       1.015777e-01       3.133836e-04       5.811027e-02       1.497122e-01       9.765617e-03       5.039088e-02
      678000       1.016681e-01       5.972959e-04       5.839323e-02       1.473152e-01       9.299794e-03       4.995832e-02
      680000       1.025771e-01       6.197677e-04       5.858623e-02       1.761076e-01       1.015282e-02       5.106980e-02
      682000       1.011141e-01       5.146518e-04       5.781675e-02       1.463184e-01       1.475181e-02       4.920130e-02
      684000       1.024127e-01       7.415416e-04       5.888663e-02       1.553132e-01       1.328987e-02       4.993778e-02
      686000       1.007794e-01       3.662570e-04       5.788520e-02       1.349675e-01       1.573574e-02       4.984928e-02
      688000       1.010128e-01       1.922418e-04       5.809806e-02       1.293754e-01       1.576556e-02       4.995453e-02
      690000       1.011299e-01       4.059261e-04       5.817184e-02       1.630952e-01       1.394575e-02       5.215522e-02
      692000       1.034028e-01       3.201714e-04       5.936690e-02       1.466788e-01       1.753662e-02       5.047085e-02
      694000       1.024024e-01       6.164498e-04       5.862062e-02       1.398341e-01       1.541049e-02       4.939220e-02
      696000       1.023978e-01       8.224010e-04       5.874801e-02       1.529913e-01       1.427755e-02       4.989240e-02
      698000       1.000779e-01       6.675294e-04       5.763144e-02       1.291440e-01       1.572494e-02       5.185949e-02
      700000       1.021201e-01       6.640357e-04       5.885376e-02       1.929487e-01       1.676698e-02       5.098660e-02
      702000       1.013526e-01       7.333880e-04       5.813946e-02       1.541408e-01       1.610941e-02       5.003270e-02
      704000       1.020255e-01       4.409953e-04       5.862901e-02       1.335613e-01       1.528250e-02       4.958748e-02
      706000       1.023288e-01       5.748543e-04       5.861581e-02       1.365815e-01       1.555983e-02       5.010030e-02
      708000       1.018995e-01       2.679311e-04       5.859964e-02       1.258127e-01       1.756825e-02       4.943695e-02
      710000       1.001205e-01       6.345701e-04       5.761785e-02       1.906916e-01       1.096957e-02       4.967918e-02
      712000       1.012673e-01       5.405896e-04       5.826929e-02       1.390563e-01       1.295398e-02       5.061551e-02
      714000       1.009797e-01       2.412483e-04       5.813688e-02       1.779939e-01       1.467396e-02       5.045529e-02
      716000       1.012634e-01       8.642649e-04       5.809740e-02       1.399275e-01       1.897994e-02       5.030332e-02
      718000       1.006219e-01       6.817341e-04       5.761157e-02       1.516836e-01       1.743641e-02       5.224710e-02
