#       step         max_devi_v         min_devi_v         avg_devi_v         max_devi_f         min_devi_f         avg_devi_f
           0       1.039084e-02       9.832417e-06       4.399244e-03       3.461588e-03       8.642999e-04       2.372234e-03
        2000       7.094710e-03       1.781599e-04       3.432131e-03       4.828128e-02       3.441321e-03       1.667221e-02
        4000       7.182186e-03       7.219745e-05       3.460380e-03       6.237674e-02       3.680530e-03       1.626754e-02
        6000       7.272283e-03       9.723084e-05       3.405906e-03       4.685874e-02       4.661070e-03       1.626861e-02
        8000       7.090263e-03       1.370716e-04       3.407008e-03       4.183473e-02       4.549634e-03       1.571972e-02
       10000       7.156681e-03       4.618450e-05       3.501442e-03       4.775647e-02       4.801417e-03       1.651436e-02
       12000       7.100954e-03       7.112456e-05       3.441969e-03       3.938766e-02       5.177436e-03       1.608340e-02
       14000       7.046330e-03       1.057637e-04       3.379063e-03       5.412970e-02       2.459975e-03       1.552920e-02
       16000       6.884120e-03       1.783391e-04       3.338057e-03       5.717082e-02       1.535650e-03       1.603670e-02
       18000       7.001865e-03       7.465998e-05       3.378305e-03       4.593231e-02       4.438196e-03       1.558623e-02
       20000       6.875068e-03       1.594659e-04       3.374949e-03       4.193308e-02       5.238121e-03       1.585514e-02
       22000       7.037051e-03       1.749586e-05       3.398033e-03       3.923142e-02       4.812069e-03       1.587543e-02
       24000       6.813449e-03       6.497928e-05       3.320001e-03       5.242639e-02       4.764887e-03       1.681542e-02
       26000       7.090872e-03       4.701704e-04       3.475717e-03       5.338053e-02       4.371628e-03       1.636380e-02
       28000       7.366306e-03       2.281956e-04       3.377835e-03       4.479556e-02       4.148004e-03       1.595981e-02
       30000       6.891951e-03       3.360028e-04       3.363771e-03       5.587673e-02       5.282453e-03       1.696705e-02
       32000       7.184759e-03       1.164908e-04       3.466284e-03       3.790841e-02       4.086185e-03       1.570900e-02
       34000       7.112662e-03       1.311581e-04       3.478903e-03       5.262078e-02       4.598815e-03       1.590943e-02
       36000       6.891807e-03       1.147746e-04       3.407485e-03       4.107912e-02       4.647699e-03       1.614926e-02
       38000       6.870504e-03       1.395029e-04       3.323906e-03       3.790196e-02       2.489134e-03       1.606686e-02
       40000       7.212103e-03       3.052340e-04       3.498136e-03       7.274125e-02       4.439148e-03       1.565755e-02
       42000       7.051678e-03       1.899387e-04       3.395777e-03       4.697998e-02       4.639978e-03       1.571575e-02
       44000       6.988524e-03       1.721609e-04       3.298518e-03       4.318140e-02       4.457559e-03       1.620360e-02
       46000       7.031670e-03       8.409944e-05       3.383941e-03       6.085608e-02       3.946997e-03       1.577274e-02
       48000       7.004450e-03       1.085269e-04       3.443498e-03       4.315077e-02       3.611346e-03       1.616766e-02
       50000       6.893935e-03       1.448313e-04       3.350337e-03       4.065655e-02       4.648478e-03       1.614261e-02
       52000       7.143181e-03       1.592303e-04       3.453359e-03       4.446320e-02       3.914354e-03       1.625458e-02
       54000       6.963079e-03       1.645508e-04       3.360997e-03       4.256838e-02       4.690947e-03       1.623207e-02
       56000       7.025830e-03       8.016090e-05       3.333650e-03       5.119191e-02       5.660072e-03       1.616047e-02
       58000       6.924982e-03       2.938116e-04       3.346713e-03       5.646618e-02       5.046303e-03       1.583288e-02
       60000       7.278827e-03       8.380457e-05       3.436492e-03       4.868143e-02       4.393078e-03       1.564408e-02
       62000       6.698827e-03       6.062798e-05       3.263799e-03       5.334703e-02       3.766132e-03       1.597311e-02
       64000       6.910871e-03       1.416870e-04       3.365034e-03       5.171582e-02       4.006491e-03       1.640172e-02
       66000       7.243889e-03       1.225778e-04       3.497210e-03       4.259999e-02       4.410834e-03       1.645734e-02
       68000       6.944218e-03       2.936347e-04       3.460223e-03       4.188825e-02       4.551064e-03       1.642717e-02
       70000       6.741155e-03       1.219552e-04       3.358307e-03       4.121119e-02       5.529625e-03       1.665101e-02
       72000       6.783207e-03       9.771226e-05       3.316198e-03       4.450991e-02       4.052063e-03       1.656376e-02
       74000       6.931900e-03       1.395613e-04       3.394899e-03       5.596637e-02       5.091236e-03       1.592108e-02
       76000       7.122992e-03       1.469722e-04       3.433032e-03       4.484027e-02       4.214419e-03       1.587095e-02
       78000       6.966578e-03       1.909196e-04       3.363568e-03       7.185650e-02       5.548531e-03       1.688154e-02
       80000       6.894453e-03       5.220728e-05       3.317200e-03       6.028859e-02       3.399138e-03       1.631209e-02
       82000       6.923819e-03       1.142042e-04       3.332817e-03       3.797720e-02       1.471474e-03       1.623038e-02
       84000       7.079411e-03       1.279659e-04       3.450728e-03       4.911695e-02       3.691306e-03       1.661904e-02
       86000       7.028672e-03       2.549590e-04       3.411738e-03       4.837565e-02       4.673696e-03       1.640680e-02
       88000       7.086014e-03       1.968857e-04       3.396802e-03       7.169505e-02       3.708467e-03       1.619456e-02
       90000       7.168965e-03       1.543863e-04       3.468650e-03       5.482403e-02       4.338647e-03       1.587300e-02
       92000       7.168431e-03       3.135684e-04       3.451296e-03       6.128483e-02       5.145328e-03       1.601585e-02
       94000       6.952445e-03       1.047558e-04       3.362054e-03       4.337826e-02       5.699536e-03       1.579038e-02
       96000       6.923064e-03       9.373089e-05       3.364923e-03       5.578565e-02       4.238542e-03       1.590403e-02
       98000       7.312212e-03       1.067968e-04       3.440385e-03       4.190368e-02       4.689398e-03       1.564079e-02
      100000       7.022720e-03       1.347593e-04       3.328118e-03       4.957079e-02       4.865280e-03       1.615864e-02
      102000       6.899458e-03       2.358772e-04       3.377495e-03       4.854519e-02       4.271611e-03       1.633674e-02
      104000       6.909274e-03       2.197785e-04       3.394468e-03       4.562634e-02       4.037825e-03       1.631030e-02
      106000       6.703049e-03       2.092766e-04       3.308714e-03       5.168078e-02       4.101327e-03       1.627441e-02
      108000       7.137462e-03       7.857992e-05       3.446583e-03       4.164697e-02       4.963559e-03       1.618040e-02
      110000       7.066877e-03       2.158279e-04       3.373622e-03       4.335831e-02       4.201214e-03       1.642263e-02
      112000       6.845786e-03       2.233481e-04       3.336296e-03       4.788512e-02       4.639733e-03       1.648090e-02
      114000       6.925212e-03       2.044510e-04       3.335612e-03       5.228912e-02       3.672764e-03       1.674787e-02
      116000       7.036513e-03       4.858102e-05       3.453480e-03       4.821853e-02       3.788871e-03       1.581612e-02
      118000       6.797404e-03       1.225768e-04       3.418130e-03       4.762482e-02       4.354378e-03       1.639710e-02
      120000       6.969521e-03       2.332280e-04       3.412440e-03       5.307610e-02       3.329344e-03       1.654672e-02
      122000       7.171099e-03       1.428024e-04       3.460832e-03       4.320317e-02       4.173595e-03       1.616343e-02
      124000       6.967487e-03       1.484778e-04       3.376028e-03       4.157931e-02       4.037013e-03       1.635966e-02
      126000       6.787712e-03       1.607887e-04       3.265048e-03       6.696013e-02       4.709178e-03       1.641220e-02
      128000       6.769873e-03       2.493242e-04       3.289612e-03       4.553954e-02       4.015180e-03       1.600827e-02
      130000       6.868554e-03       1.156254e-04       3.360048e-03       4.506049e-02       4.394527e-03       1.572208e-02
      132000       6.879521e-03       1.178185e-04       3.404067e-03       5.215517e-02       4.845913e-03       1.633746e-02
      134000       7.066777e-03       1.224939e-04       3.402279e-03       5.248693e-02       3.143023e-03       1.557126e-02
      136000       7.190403e-03       8.485363e-05       3.429674e-03       6.098514e-02       4.529727e-03       1.577753e-02
      138000       6.773150e-03       5.794138e-05       3.272812e-03       5.242896e-02       5.003058e-03       1.621121e-02
      140000       6.859318e-03       2.677837e-04       3.343016e-03       5.962972e-02       4.917669e-03       1.623724e-02
      142000       7.234723e-03       7.490310e-05       3.526356e-03       4.393688e-02       3.765965e-03       1.582608e-02
      144000       7.174785e-03       1.164807e-04       3.441931e-03       5.119839e-02       3.930191e-03       1.641312e-02
      146000       7.147865e-03       2.201671e-04       3.472055e-03       4.853711e-02       4.490107e-03       1.571294e-02
      148000       6.985292e-03       1.593766e-04       3.424720e-03       5.380242e-02       4.068388e-03       1.594816e-02
      150000       6.839110e-03       9.933976e-05       3.333766e-03       7.909719e-02       3.709257e-03       1.577246e-02
      152000       7.062198e-03       1.145953e-04       3.362600e-03       4.321872e-02       3.531403e-03       1.601693e-02
      154000       6.966057e-03       1.658409e-04       3.378582e-03       4.489204e-02       3.637404e-03       1.620685e-02
      156000       6.842357e-03       3.505568e-05       3.345410e-03       4.530825e-02       3.298004e-03       1.558020e-02
      158000       6.958409e-03       1.692565e-04       3.342648e-03       8.219973e-02       4.568458e-03       1.598565e-02
      160000       6.931719e-03       1.930730e-04       3.314469e-03       4.386249e-02       5.502297e-03       1.641454e-02
      162000       6.794319e-03       1.127635e-04       3.331227e-03       5.320033e-02       3.965399e-03       1.606436e-02
      164000       7.306747e-03       2.249907e-04       3.484217e-03       5.795321e-02       5.519694e-03       1.663296e-02
      166000       6.831036e-03       1.028855e-04       3.286557e-03       4.343085e-02       4.109843e-03       1.659247e-02
      168000       6.772649e-03       1.988584e-04       3.347697e-03       4.109255e-02       5.649069e-03       1.652703e-02
      170000       7.232878e-03       1.969191e-04       3.475428e-03       5.108261e-02       3.983074e-03       1.620598e-02
      172000       7.185150e-03       2.482311e-04       3.475194e-03       4.705042e-02       3.009532e-03       1.589049e-02
      174000       6.980435e-03       2.144199e-04       3.344416e-03       3.862377e-02       3.353454e-03       1.603277e-02
      176000       6.934085e-03       1.575100e-04       3.373739e-03       5.748189e-02       4.028570e-03       1.564480e-02
      178000       7.101586e-03       1.335603e-04       3.407278e-03       4.361361e-02       4.265772e-03       1.573469e-02
      180000       7.052508e-03       1.652112e-04       3.419838e-03       4.720599e-02       4.784836e-03       1.604109e-02
      182000       7.200025e-03       1.335337e-04       3.510989e-03       4.656366e-02       4.078722e-03       1.656261e-02
      184000       7.220404e-03       4.937537e-05       3.472996e-03       4.691542e-02       4.377380e-03       1.589725e-02
      186000       6.766530e-03       2.483621e-04       3.285271e-03       4.507977e-02       4.913360e-03       1.639871e-02
      188000       6.633421e-03       9.690036e-05       3.254383e-03       3.652324e-02       4.573992e-03       1.610079e-02
      190000       6.547533e-03       1.206905e-04       3.320144e-03       5.850971e-02       5.396787e-03       1.713432e-02
      192000       6.816937e-03       2.635009e-04       3.373990e-03       6.222459e-02       3.945085e-03       1.611994e-02
      194000       6.822883e-03       1.449082e-04       3.401496e-03       5.756431e-02       4.496865e-03       1.614907e-02
      196000       6.739650e-03       1.430353e-04       3.298252e-03       4.555485e-02       5.497323e-03       1.584074e-02
      198000       6.793430e-03       2.406106e-04       3.328940e-03       6.592765e-02       4.707194e-03       1.643189e-02
      200000       6.960745e-03       1.333620e-04       3.393111e-03       6.123981e-02       4.575142e-03       1.567988e-02
      202000       6.926678e-03       1.528703e-04       3.382413e-03       4.465675e-02       4.620429e-03       1.601501e-02
      204000       7.015942e-03       6.369524e-05       3.425408e-03       6.307584e-02       4.903856e-03       1.583451e-02
      206000       7.114178e-03       9.701388e-05       3.381085e-03       4.739405e-02       4.941156e-03       1.578127e-02
      208000       6.938286e-03       3.909488e-04       3.318930e-03       4.020627e-02       3.368286e-03       1.612427e-02
      210000       6.800945e-03       8.940440e-05       3.238442e-03       4.639189e-02       4.571013e-03       1.637842e-02
      212000       6.925636e-03       1.036273e-04       3.450073e-03       5.169774e-02       4.463523e-03       1.649982e-02
      214000       6.745132e-03       1.929222e-04       3.321791e-03       4.395484e-02       4.565727e-03       1.619764e-02
      216000       6.975455e-03       1.570599e-04       3.290316e-03       7.081100e-02       3.879031e-03       1.558937e-02
      218000       7.065902e-03       2.055500e-04       3.373519e-03       5.740580e-02       3.961777e-03       1.617963e-02
      220000       7.058063e-03       2.375905e-04       3.440152e-03       4.862100e-02       3.092688e-03       1.628303e-02
      222000       6.776191e-03       2.603217e-04       3.337770e-03       4.175599e-02       4.384660e-03       1.563100e-02
      224000       6.690684e-03       8.647205e-05       3.344422e-03       4.463591e-02       5.434814e-03       1.618189e-02
      226000       6.791047e-03       2.610454e-04       3.368977e-03       4.389906e-02       3.817064e-03       1.632668e-02
      228000       6.479038e-03       4.872295e-05       3.241510e-03       4.539636e-02       4.715081e-03       1.671873e-02
      230000       6.843189e-03       2.370666e-04       3.337481e-03       4.275625e-02       4.191383e-03       1.597750e-02
      232000       7.188518e-03       1.129035e-04       3.416325e-03       4.796309e-02       4.116691e-03       1.643453e-02
      234000       6.824957e-03       9.670318e-05       3.297424e-03       4.919971e-02       4.091569e-03       1.622211e-02
      236000       6.873128e-03       2.535674e-04       3.343705e-03       5.597027e-02       3.933810e-03       1.610190e-02
      238000       6.789804e-03       1.923342e-04       3.356322e-03       4.538861e-02       5.311996e-03       1.603208e-02
      240000       6.917060e-03       1.317587e-04       3.351605e-03       4.515900e-02       5.399103e-03       1.621634e-02
      242000       7.182539e-03       1.727737e-04       3.400803e-03       4.532009e-02       5.402877e-03       1.597121e-02
      244000       7.067091e-03       1.870240e-04       3.324120e-03       4.290093e-02       4.224812e-03       1.636308e-02
      246000       6.733704e-03       2.327986e-04       3.350379e-03       5.566887e-02       4.113072e-03       1.650757e-02
      248000       7.311322e-03       8.932896e-05       3.475316e-03       4.398321e-02       4.677245e-03       1.609382e-02
      250000       7.003674e-03       1.521004e-04       3.355386e-03       5.046724e-02       4.684779e-03       1.637911e-02
      252000       6.958492e-03       2.030707e-04       3.429321e-03       4.715982e-02       4.497800e-03       1.571932e-02
      254000       7.063501e-03       1.476433e-04       3.472055e-03       5.352297e-02       5.104775e-03       1.577616e-02
      256000       7.226684e-03       3.521360e-04       3.436017e-03       4.969651e-02       4.688213e-03       1.610236e-02
      258000       7.051372e-03       1.736933e-04       3.335906e-03       4.342576e-02       3.304441e-03       1.617696e-02
      260000       6.918621e-03       5.368304e-05       3.299716e-03       4.948476e-02       4.133914e-03       1.589949e-02
      262000       6.833286e-03       2.214182e-04       3.302691e-03       4.847645e-02       4.079841e-03       1.611975e-02
      264000       6.801798e-03       1.582241e-04       3.335799e-03       4.826013e-02       3.404847e-03       1.609706e-02
      266000       7.033029e-03       1.584544e-04       3.453419e-03       4.323368e-02       4.371775e-03       1.614635e-02
      268000       7.114391e-03       1.099615e-04       3.370434e-03       4.793460e-02       4.076090e-03       1.590451e-02
      270000       6.987770e-03       3.440780e-05       3.414811e-03       5.505857e-02       3.270556e-03       1.635056e-02
      272000       6.752171e-03       1.031404e-04       3.309146e-03       4.998701e-02       4.226352e-03       1.660882e-02
      274000       6.763241e-03       1.302896e-04       3.368003e-03       9.652471e-02       5.288323e-03       1.708170e-02
      276000       7.178611e-03       2.415629e-04       3.457095e-03       5.194407e-02       4.957434e-03       1.694539e-02
      278000       7.015111e-03       1.568596e-04       3.386205e-03       4.261229e-02       5.082849e-03       1.611698e-02
      280000       7.066582e-03       1.254549e-04       3.472695e-03       4.796014e-02       4.670531e-03       1.644947e-02
      282000       6.922314e-03       7.470497e-05       3.338041e-03       4.786314e-02       2.838398e-03       1.599124e-02
      284000       6.907059e-03       1.247208e-04       3.352569e-03       4.063500e-02       4.418667e-03       1.614198e-02
      286000       7.076180e-03       1.723647e-04       3.363974e-03       5.386201e-02       4.420556e-03       1.573953e-02
      288000       7.092232e-03       6.949934e-05       3.448282e-03       4.796847e-02       4.832956e-03       1.569389e-02
      290000       7.466720e-03       6.062994e-05       3.509558e-03       4.249489e-02       4.979429e-03       1.621700e-02
      292000       6.816405e-03       1.851750e-04       3.354028e-03       4.434787e-02       4.743328e-03       1.659493e-02
      294000       6.924636e-03       7.659725e-05       3.392296e-03       4.604996e-02       4.387209e-03       1.623682e-02
      296000       6.878681e-03       2.493824e-04       3.372630e-03       6.041817e-02       5.122424e-03       1.643122e-02
      298000       7.074859e-03       2.462297e-04       3.486322e-03       5.428657e-02       3.951775e-03       1.633479e-02
      300000       6.320946e-03       9.419443e-05       3.182730e-03       4.848042e-02       5.193139e-03       1.640028e-02
      302000       6.698845e-03       2.121449e-04       3.333789e-03       4.168336e-02       4.110509e-03       1.607322e-02
      304000       6.965291e-03       1.558687e-04       3.390124e-03       4.520550e-02       5.221090e-03       1.632691e-02
      306000       7.080352e-03       1.170747e-04       3.424592e-03       5.195762e-02       4.426317e-03       1.636285e-02
      308000       7.169917e-03       1.725780e-04       3.479752e-03       4.112348e-02       3.553550e-03       1.601802e-02
      310000       7.332882e-03       2.109829e-04       3.519778e-03       4.113073e-02       4.287513e-03       1.657161e-02
      312000       6.769216e-03       1.117752e-04       3.346535e-03       4.808664e-02       5.167832e-03       1.659442e-02
      314000       6.717066e-03       3.968667e-04       3.412643e-03       4.222873e-02       3.902504e-03       1.647172e-02
      316000       6.836491e-03       2.650506e-04       3.357764e-03       8.225625e-02       4.471322e-03       1.614260e-02
      318000       6.953802e-03       1.678306e-04       3.425923e-03       4.396652e-02       5.067092e-03       1.620521e-02
      320000       6.874540e-03       1.300552e-04       3.366532e-03       8.891383e-02       4.531604e-03       1.640519e-02
      322000       6.884485e-03       1.225332e-04       3.381600e-03       7.312202e-02       4.042295e-03       1.627566e-02
      324000       6.976663e-03       1.808347e-04       3.351326e-03       4.403885e-02       4.540626e-03       1.592542e-02
      326000       6.986875e-03       1.390916e-04       3.344381e-03       4.315196e-02       4.306464e-03       1.593127e-02
      328000       6.609707e-03       1.048860e-04       3.292175e-03       4.215911e-02       4.640165e-03       1.637729e-02
      330000       7.077660e-03       1.771396e-04       3.433705e-03       7.172686e-02       4.060564e-03       1.627735e-02
      332000       6.886420e-03       2.285109e-04       3.412650e-03       4.186837e-02       4.194116e-03       1.621904e-02
      334000       6.827794e-03       1.099929e-04       3.330339e-03       5.851932e-02       4.734443e-03       1.625849e-02
      336000       6.837311e-03       1.422008e-04       3.343923e-03       5.024188e-02       5.200703e-03       1.658206e-02
      338000       6.997405e-03       1.370499e-04       3.378161e-03       4.899479e-02       4.246072e-03       1.611643e-02
      340000       6.579347e-03       1.933564e-04       3.236222e-03       4.057441e-02       3.906400e-03       1.632545e-02
      342000       6.618702e-03       2.683989e-04       3.265517e-03       4.906307e-02       1.585597e-03       1.593744e-02
      344000       7.004064e-03       1.784525e-04       3.411652e-03       4.160768e-02       3.868177e-03       1.583611e-02
      346000       7.117631e-03       1.930878e-04       3.413639e-03       6.573881e-02       5.147922e-03       1.590690e-02
      348000       6.739121e-03       2.032447e-04       3.363993e-03       4.752117e-02       5.117157e-03       1.577427e-02
      350000       6.672527e-03       1.173070e-04       3.368375e-03       4.959433e-02       3.558238e-03       1.592889e-02
      352000       6.941267e-03       2.122504e-04       3.470669e-03       4.402392e-02       4.479314e-03       1.647766e-02
      354000       7.244107e-03       1.659219e-04       3.466448e-03       4.964704e-02       3.808649e-03       1.604907e-02
      356000       6.910556e-03       1.760964e-04       3.432136e-03       6.235274e-02       3.702954e-03       1.650807e-02
      358000       6.709277e-03       1.868181e-04       3.265285e-03       4.150799e-02       4.659038e-03       1.586992e-02
      360000       7.022499e-03       1.730584e-04       3.359093e-03       4.227417e-02       4.222883e-03       1.611518e-02
      362000       6.990356e-03       1.153969e-04       3.351581e-03       4.898028e-02       4.151195e-03       1.584137e-02
      364000       6.869675e-03       1.238163e-04       3.327813e-03       4.479203e-02       5.410214e-03       1.606333e-02
      366000       6.832088e-03       6.806940e-05       3.313549e-03       5.549444e-02       4.699150e-03       1.636064e-02
      368000       6.971594e-03       9.953739e-05       3.427253e-03       7.297167e-02       4.491874e-03       1.616512e-02
      370000       7.037495e-03       1.529789e-04       3.381169e-03       4.818481e-02       3.678320e-03       1.610704e-02
      372000       7.145315e-03       2.620581e-04       3.377609e-03       4.792137e-02       4.823958e-03       1.616633e-02
      374000       7.176435e-03       1.289002e-04       3.495366e-03       5.148199e-02       4.563942e-03       1.598154e-02
      376000       7.078831e-03       1.508889e-04       3.485092e-03       4.871222e-02       4.813805e-03       1.629779e-02
      378000       6.888194e-03       1.673188e-04       3.367384e-03       4.521854e-02       4.133246e-03       1.632545e-02
      380000       7.109744e-03       2.693344e-04       3.436921e-03       7.480396e-02       4.941847e-03       1.599554e-02
      382000       7.060791e-03       2.605885e-04       3.474820e-03       4.919791e-02       4.754232e-03       1.640828e-02
      384000       7.058948e-03       1.506119e-04       3.441167e-03       4.873279e-02       4.562570e-03       1.575963e-02
      386000       6.962663e-03       9.185197e-05       3.420860e-03       4.595109e-02       4.260507e-03       1.642904e-02
      388000       6.831306e-03       1.052947e-04       3.427520e-03       4.575118e-02       4.079319e-03       1.592467e-02
      390000       6.680793e-03       1.419318e-04       3.307006e-03       4.690936e-02       4.551299e-03       1.575538e-02
      392000       7.042244e-03       9.550615e-05       3.442960e-03       4.777691e-02       4.793138e-03       1.614068e-02
      394000       7.216491e-03       1.964296e-04       3.372947e-03       4.199239e-02       5.449095e-03       1.604499e-02
      396000       7.318532e-03       1.323994e-04       3.498447e-03       5.888575e-02       5.226618e-03       1.616171e-02
      398000       7.205262e-03       1.908599e-04       3.451068e-03       4.904323e-02       5.446286e-03       1.645327e-02
      400000       6.665419e-03       1.867867e-04       3.316194e-03       4.224792e-02       4.585755e-03       1.586381e-02
      402000       7.065208e-03       2.133743e-04       3.396001e-03       4.092336e-02       4.276158e-03       1.585470e-02
      404000       6.767706e-03       6.421357e-05       3.320860e-03       4.704668e-02       3.426073e-03       1.555761e-02
      406000       6.843592e-03       4.874629e-05       3.395347e-03       3.944900e-02       4.809142e-03       1.584063e-02
      408000       6.959435e-03       1.466931e-04       3.409809e-03       5.517107e-02       4.981221e-03       1.615079e-02
      410000       6.994385e-03       1.019318e-04       3.426750e-03       4.840160e-02       4.984836e-03       1.597089e-02
      412000       7.382368e-03       9.188974e-05       3.538194e-03       5.809711e-02       4.703815e-03       1.611730e-02
      414000       6.955574e-03       8.210406e-05       3.425726e-03       4.275165e-02       4.585470e-03       1.609424e-02
      416000       7.097660e-03       1.302384e-04       3.429168e-03       4.338806e-02       3.681968e-03       1.586389e-02
      418000       6.580415e-03       9.555504e-05       3.298472e-03       4.497395e-02       3.236919e-03       1.624389e-02
      420000       6.937266e-03       2.249628e-04       3.446091e-03       4.494675e-02       4.880988e-03       1.646119e-02
      422000       7.034623e-03       2.298529e-04       3.397874e-03       4.464603e-02       4.348853e-03       1.662810e-02
      424000       7.031476e-03       1.104347e-04       3.417120e-03       4.195125e-02       4.007386e-03       1.611390e-02
      426000       6.870522e-03       1.190583e-04       3.301203e-03       4.432195e-02       4.471357e-03       1.614400e-02
      428000       7.032017e-03       1.436538e-04       3.424621e-03       5.349060e-02       4.261320e-03       1.650208e-02
      430000       7.075274e-03       9.587086e-05       3.400189e-03       5.526981e-02       3.546631e-03       1.599558e-02
      432000       7.116570e-03       2.730258e-04       3.437969e-03       4.388756e-02       4.730190e-03       1.633640e-02
      434000       7.111630e-03       7.381071e-05       3.503967e-03       5.447501e-02       4.641369e-03       1.594149e-02
      436000       7.061688e-03       8.755001e-05       3.472310e-03       4.700540e-02       3.789149e-03       1.657300e-02
      438000       6.778384e-03       2.054858e-04       3.379365e-03       3.990219e-02       4.613671e-03       1.634409e-02
      440000       6.846399e-03       8.598535e-05       3.336058e-03       4.662404e-02       4.842489e-03       1.614911e-02
      442000       7.060752e-03       1.321437e-04       3.412952e-03       4.740742e-02       4.482371e-03       1.637037e-02
      444000       7.138104e-03       1.391848e-04       3.347552e-03       4.957318e-02       4.677493e-03       1.604499e-02
      446000       7.163361e-03       1.767447e-04       3.384613e-03       7.086382e-02       4.572823e-03       1.597668e-02
      448000       7.078613e-03       1.566810e-04       3.329327e-03       4.611418e-02       3.351548e-03       1.585034e-02
      450000       6.752456e-03       1.736440e-04       3.356840e-03       4.856604e-02       3.281778e-03       1.620368e-02
      452000       7.308171e-03       9.351348e-05       3.512717e-03       5.414078e-02       4.854185e-03       1.635291e-02
      454000       6.827067e-03       2.157606e-04       3.361265e-03       5.701198e-02       4.950214e-03       1.605565e-02
      456000       6.753983e-03       1.637439e-04       3.302962e-03       5.855912e-02       5.735184e-03       1.654208e-02
      458000       7.006831e-03       2.805147e-04       3.419827e-03       5.420624e-02       5.173764e-03       1.612915e-02
      460000       7.010410e-03       1.696445e-04       3.402952e-03       5.823849e-02       4.355598e-03       1.597695e-02
      462000       7.092161e-03       1.261846e-04       3.447062e-03       4.662663e-02       4.095677e-03       1.589659e-02
      464000       7.017230e-03       1.998591e-04       3.455382e-03       4.525586e-02       3.698563e-03       1.646830e-02
      466000       6.833287e-03       1.280398e-04       3.382695e-03       4.526371e-02       3.545675e-03       1.623269e-02
      468000       6.799601e-03       3.246924e-04       3.380349e-03       5.220972e-02       4.971325e-03       1.642557e-02
      470000       7.101032e-03       1.507631e-04       3.442463e-03       4.720109e-02       3.748829e-03       1.571678e-02
      472000       7.236447e-03       2.557367e-04       3.467831e-03       5.581888e-02       4.776328e-03       1.657622e-02
      474000       7.068071e-03       9.318991e-05       3.389203e-03       4.503241e-02       4.135187e-03       1.556863e-02
      476000       6.965492e-03       1.437100e-04       3.385302e-03       5.303283e-02       4.132987e-03       1.616652e-02
      478000       6.871077e-03       8.432031e-05       3.314799e-03       4.805625e-02       4.678875e-03       1.627427e-02
      480000       6.964380e-03       1.084858e-04       3.337074e-03       5.818351e-02       4.666669e-03       1.620985e-02
      482000       7.030820e-03       1.536514e-04       3.412941e-03       4.604769e-02       4.947262e-03       1.553356e-02
      484000       6.651818e-03       4.686578e-05       3.309241e-03       5.748553e-02       4.538929e-03       1.630852e-02
      486000       7.073427e-03       2.416332e-04       3.378924e-03       4.819716e-02       2.620607e-03       1.587409e-02
      488000       6.935438e-03       4.732905e-05       3.377389e-03       5.097715e-02       4.155409e-03       1.628131e-02
      490000       7.061460e-03       2.404758e-04       3.328012e-03       4.961784e-02       4.305711e-03       1.648488e-02
      492000       7.165889e-03       3.230943e-04       3.452195e-03       5.824171e-02       4.460274e-03       1.627186e-02
      494000       6.948597e-03       8.970088e-05       3.398337e-03       4.680202e-02       4.235674e-03       1.573808e-02
      496000       6.981791e-03       5.160076e-05       3.433010e-03       4.558420e-02       5.045208e-03       1.608819e-02
      498000       7.040979e-03       3.116919e-04       3.401068e-03       6.339308e-02       4.043730e-03       1.622629e-02
      500000       6.729333e-03       6.594164e-05       3.332230e-03       3.846660e-02       4.663370e-03       1.572422e-02
      502000       6.727827e-03       3.047498e-04       3.351390e-03       6.411199e-02       3.410214e-03       1.618963e-02
      504000       7.306608e-03       9.318657e-05       3.468393e-03       5.979654e-02       3.260944e-03       1.578559e-02
      506000       7.395211e-03       1.360224e-04       3.464350e-03       4.351497e-02       4.881275e-03       1.616464e-02
      508000       7.267891e-03       1.889104e-04       3.491393e-03       5.306107e-02       5.524282e-03       1.666013e-02
      510000       7.059396e-03       6.454752e-05       3.453639e-03       5.474125e-02       3.553214e-03       1.671957e-02
      512000       6.826651e-03       4.761529e-05       3.314807e-03       5.207566e-02       5.183499e-03       1.657114e-02
      514000       6.923594e-03       5.638565e-05       3.506077e-03       4.807695e-02       4.381827e-03       1.635082e-02
      516000       6.873142e-03       1.776275e-04       3.397450e-03       5.562003e-02       5.148954e-03       1.622913e-02
      518000       6.692115e-03       1.003459e-04       3.316863e-03       4.271064e-02       3.791861e-03       1.581253e-02
      520000       7.081719e-03       1.352267e-04       3.428914e-03       4.181475e-02       4.630015e-03       1.566624e-02
      522000       6.889307e-03       1.755975e-04       3.358973e-03       5.028529e-02       4.063257e-03       1.610209e-02
      524000       6.849809e-03       2.745363e-04       3.367439e-03       5.240732e-02       5.308582e-03       1.666458e-02
      526000       7.303455e-03       5.668043e-05       3.405930e-03       3.997182e-02       5.146711e-03       1.569959e-02
      528000       6.817690e-03       1.362024e-04       3.341042e-03       5.424551e-02       4.012039e-03       1.632801e-02
      530000       7.022820e-03       2.238360e-04       3.379324e-03       4.482091e-02       4.972422e-03       1.587966e-02
      532000       6.800443e-03       1.839516e-04       3.350149e-03       3.823510e-02       4.524227e-03       1.627883e-02
      534000       6.768347e-03       1.769741e-04       3.352988e-03       4.287765e-02       3.969945e-03       1.659797e-02
      536000       6.754326e-03       1.254259e-04       3.288268e-03       5.625197e-02       3.848939e-03       1.590853e-02
      538000       6.789654e-03       1.952995e-04       3.259103e-03       6.803123e-02       5.912244e-03       1.723760e-02
      540000       6.976849e-03       1.323228e-04       3.377647e-03       5.811015e-02       4.011096e-03       1.601272e-02
      542000       7.098545e-03       1.392000e-04       3.436597e-03       5.208828e-02       4.622139e-03       1.567905e-02
      544000       6.991396e-03       8.518962e-05       3.397522e-03       4.889999e-02       4.870124e-03       1.605219e-02
      546000       6.942726e-03       9.244380e-05       3.367235e-03       4.319540e-02       5.057891e-03       1.636473e-02
      548000       6.937037e-03       1.146213e-04       3.403927e-03       4.750956e-02       2.860166e-03       1.630926e-02
      550000       6.997585e-03       1.093843e-04       3.348701e-03       6.017497e-02       4.467443e-03       1.589999e-02
      552000       7.012753e-03       1.747629e-04       3.449834e-03       5.445587e-02       3.193702e-03       1.587653e-02
      554000       7.127017e-03       2.054156e-04       3.489182e-03       5.139232e-02       3.735264e-03       1.594053e-02
      556000       6.972984e-03       1.028497e-04       3.367022e-03       4.293958e-02       4.840029e-03       1.579302e-02
      558000       6.889999e-03       1.663702e-04       3.398837e-03       4.021717e-02       4.325662e-03       1.586165e-02
      560000       7.021583e-03       9.633199e-05       3.462084e-03       5.882752e-02       4.691503e-03       1.656672e-02
      562000       7.078183e-03       9.191776e-05       3.412829e-03       5.033685e-02       4.130057e-03       1.618977e-02
      564000       7.063693e-03       6.369782e-05       3.423948e-03       4.293670e-02       4.364656e-03       1.628822e-02
      566000       7.078130e-03       1.333731e-04       3.425814e-03       4.951936e-02       5.290521e-03       1.614249e-02
      568000       6.823716e-03       1.319893e-04       3.389492e-03       6.268239e-02       4.696074e-03       1.664662e-02
      570000       7.032336e-03       1.490699e-04       3.413924e-03       5.458738e-02       4.057453e-03       1.665985e-02
      572000       6.894157e-03       1.125858e-04       3.382489e-03       4.467007e-02       4.672144e-03       1.639106e-02
      574000       7.011050e-03       1.674199e-04       3.382629e-03       4.356463e-02       3.455198e-03       1.625069e-02
      576000       7.190415e-03       2.600097e-04       3.502103e-03       7.432747e-02       4.515522e-03       1.632917e-02
      578000       6.820842e-03       1.223611e-04       3.351508e-03       6.271830e-02       3.914130e-03       1.544814e-02
      580000       7.050521e-03       7.166395e-05       3.382575e-03       4.136516e-02       3.198851e-03       1.585260e-02
      582000       7.053236e-03       2.368379e-04       3.320506e-03       4.248027e-02       3.895253e-03       1.591789e-02
      584000       6.991838e-03       9.874253e-05       3.329539e-03       5.596133e-02       3.899711e-03       1.582963e-02
      586000       6.988970e-03       1.619923e-04       3.403686e-03       5.143324e-02       5.403279e-03       1.565574e-02
      588000       6.990590e-03       1.746616e-04       3.334222e-03       4.259193e-02       4.316816e-03       1.590335e-02
      590000       6.831401e-03       1.147763e-04       3.377194e-03       4.526965e-02       4.899033e-03       1.640174e-02
      592000       6.789394e-03       3.013544e-04       3.365953e-03       4.406396e-02       4.354263e-03       1.619907e-02
      594000       7.161954e-03       1.220929e-04       3.487788e-03       4.445454e-02       3.986457e-03       1.610283e-02
      596000       7.019495e-03       4.272437e-05       3.395142e-03       4.992184e-02       4.478801e-03       1.650247e-02
      598000       7.136639e-03       1.961237e-04       3.483908e-03       5.746359e-02       4.664083e-03       1.695800e-02
      600000       6.735928e-03       1.531986e-04       3.283675e-03       4.223886e-02       4.940392e-03       1.580436e-02
      602000       6.879140e-03       1.080208e-04       3.376539e-03       4.866796e-02       5.140786e-03       1.595357e-02
      604000       7.001587e-03       2.628922e-04       3.347473e-03       5.016212e-02       5.193194e-03       1.662396e-02
      606000       6.889423e-03       1.002452e-04       3.309365e-03       5.249226e-02       4.906234e-03       1.648632e-02
      608000       6.978469e-03       1.373601e-04       3.411638e-03       4.533242e-02       5.046038e-03       1.629159e-02
      610000       7.002235e-03       1.278013e-04       3.402907e-03       6.183040e-02       4.696917e-03       1.698466e-02
      612000       6.800264e-03       1.993604e-04       3.322609e-03       4.416432e-02       3.642267e-03       1.602592e-02
      614000       6.882251e-03       1.393866e-04       3.376049e-03       5.703505e-02       3.314977e-03       1.669129e-02
      616000       6.975718e-03       6.811538e-05       3.403604e-03       3.850451e-02       5.120546e-03       1.623250e-02
      618000       7.018884e-03       1.659533e-04       3.387852e-03       5.475617e-02       4.357752e-03       1.615950e-02
      620000       7.046168e-03       1.302211e-04       3.399458e-03       4.377328e-02       3.764066e-03       1.606643e-02
      622000       6.817645e-03       1.745159e-04       3.317623e-03       4.579605e-02       4.509643e-03       1.639686e-02
      624000       7.237118e-03       6.848249e-05       3.494153e-03       4.362889e-02       4.338234e-03       1.581739e-02
      626000       7.026788e-03       1.970667e-04       3.496222e-03       5.174901e-02       4.347059e-03       1.636563e-02
      628000       6.977562e-03       1.149166e-04       3.420935e-03       4.606099e-02       4.242117e-03       1.577616e-02
      630000       6.909096e-03       1.522991e-04       3.380962e-03       4.972709e-02       4.694832e-03       1.637045e-02
      632000       6.864818e-03       1.956645e-04       3.332254e-03       4.966777e-02       4.989580e-03       1.624281e-02
      634000       6.988532e-03       1.241458e-04       3.359114e-03       4.452908e-02       4.714818e-03       1.653631e-02
      636000       6.915818e-03       1.395530e-04       3.356300e-03       4.215478e-02       4.192253e-03       1.655153e-02
      638000       7.199418e-03       2.043360e-04       3.491468e-03       5.923701e-02       4.558406e-03       1.650352e-02
      640000       7.072867e-03       1.950414e-04       3.444304e-03       4.087846e-02       4.840457e-03       1.608877e-02
      642000       7.041690e-03       1.243622e-04       3.467994e-03       6.329519e-02       4.649491e-03       1.648324e-02
      644000       6.979176e-03       1.319948e-04       3.400606e-03       4.388746e-02       4.660963e-03       1.635562e-02
      646000       6.939467e-03       1.353733e-04       3.425169e-03       4.577425e-02       4.358655e-03       1.688952e-02
      648000       6.915972e-03       1.408897e-04       3.327142e-03       5.007245e-02       3.048123e-03       1.617759e-02
      650000       6.758258e-03       1.674201e-04       3.306899e-03       4.876629e-02       4.852573e-03       1.612435e-02
      652000       6.788733e-03       1.467873e-04       3.304360e-03       4.999048e-02       4.988414e-03       1.679700e-02
      654000       7.092916e-03       6.386126e-05       3.426395e-03       5.342269e-02       5.024762e-03       1.683491e-02
      656000       7.282413e-03       1.049433e-04       3.475715e-03       5.614135e-02       3.939679e-03       1.578853e-02
      658000       6.924937e-03       1.532714e-04       3.376211e-03       4.210037e-02       3.028906e-03       1.582827e-02
      660000       7.057932e-03       2.635449e-04       3.453497e-03       5.782768e-02       4.856349e-03       1.598615e-02
      662000       7.158673e-03       1.379238e-04       3.389544e-03       4.790350e-02       4.802008e-03       1.624952e-02
      664000       6.940576e-03       6.773845e-05       3.417231e-03       4.312186e-02       4.282898e-03       1.573250e-02
      666000       7.116696e-03       1.311216e-04       3.419412e-03       4.783888e-02       5.654158e-03       1.560012e-02
      668000       6.859185e-03       2.229343e-04       3.307503e-03       4.295186e-02       4.501062e-03       1.576711e-02
      670000       7.074234e-03       1.564847e-04       3.420352e-03       5.121780e-02       2.775166e-03       1.606376e-02
      672000       6.978003e-03       2.140239e-04       3.413562e-03       4.593693e-02       4.859423e-03       1.621966e-02
      674000       7.010477e-03       1.361411e-04       3.438364e-03       5.342875e-02       5.446577e-03       1.663443e-02
      676000       7.120164e-03       5.621224e-05       3.444902e-03       4.382098e-02       4.387993e-03       1.645310e-02
      678000       6.543939e-03       2.037864e-04       3.263648e-03       6.574444e-02       4.153947e-03       1.616681e-02
      680000       6.908630e-03       1.207124e-04       3.417726e-03       5.965198e-02       3.601680e-03       1.581580e-02
      682000       6.877925e-03       1.362098e-04       3.413635e-03       5.350586e-02       5.120519e-03       1.597142e-02
      684000       6.940624e-03       1.336981e-04       3.301128e-03       4.896540e-02       4.982898e-03       1.604043e-02
      686000       6.782446e-03       8.961042e-05       3.274931e-03       4.576893e-02       4.733551e-03       1.639457e-02
      688000       6.912720e-03       1.684797e-04       3.377213e-03       4.121139e-02       4.516594e-03       1.606884e-02
      690000       7.131231e-03       7.104856e-05       3.443460e-03       5.317525e-02       5.507843e-03       1.598132e-02
      692000       7.067573e-03       1.814049e-04       3.430312e-03       4.807861e-02       4.774897e-03       1.654819e-02
      694000       7.007479e-03       1.850427e-04       3.423591e-03       5.215624e-02       3.764728e-03       1.652759e-02
      696000       6.687954e-03       2.273392e-04       3.378547e-03       4.252187e-02       4.453841e-03       1.642119e-02
      698000       6.863799e-03       2.453848e-04       3.396496e-03       6.464424e-02       4.740820e-03       1.625124e-02
      700000       6.876693e-03       3.114149e-04       3.356132e-03       4.433490e-02       5.664797e-03       1.645692e-02
      702000       6.914939e-03       2.529590e-04       3.371326e-03       9.228349e-02       5.106944e-03       1.626299e-02
      704000       7.109834e-03       1.548097e-04       3.479782e-03       4.132795e-02       4.727290e-03       1.619460e-02
      706000       6.806937e-03       1.372488e-04       3.365398e-03       6.017508e-02       3.119449e-03       1.633529e-02
      708000       6.954662e-03       1.140094e-04       3.384739e-03       5.388800e-02       3.632001e-03       1.581022e-02
      710000       6.912744e-03       1.016415e-04       3.343894e-03       4.802721e-02       5.158038e-03       1.622985e-02
      712000       7.228567e-03       3.295369e-04       3.473069e-03       4.410033e-02       4.584091e-03       1.650127e-02
      714000       6.878722e-03       5.238375e-05       3.351638e-03       7.881130e-02       3.587933e-03       1.627530e-02
      716000       6.910881e-03       1.147816e-04       3.408856e-03       4.910807e-02       4.556430e-03       1.617457e-02
      718000       6.828421e-03       1.186536e-04       3.257192e-03       5.373583e-02       3.614141e-03       1.580175e-02
      720000       6.669314e-03       1.468145e-04       3.265951e-03       4.725092e-02       4.388024e-03       1.615602e-02
      722000       7.194378e-03       1.234600e-04       3.436427e-03       4.346181e-02       4.950928e-03       1.588453e-02
      724000       7.083378e-03       1.354083e-04       3.384632e-03       4.645078e-02       3.273473e-03       1.625601e-02
      726000       7.016799e-03       1.351917e-04       3.370229e-03       4.479683e-02       3.671136e-03       1.646392e-02
      728000       6.931816e-03       2.194093e-04       3.420826e-03       5.236435e-02       3.073312e-03       1.636051e-02
      730000       7.112973e-03       1.372979e-04       3.438621e-03       4.580155e-02       3.788558e-03       1.617339e-02
      732000       6.685025e-03       6.838258e-05       3.298413e-03       5.034730e-02       4.123338e-03       1.600307e-02
      734000       6.988776e-03       1.042763e-04       3.424811e-03       4.783679e-02       4.382159e-03       1.645322e-02
      736000       6.812839e-03       1.373141e-04       3.385912e-03       4.602783e-02       3.681772e-03       1.597385e-02
      738000       7.039142e-03       1.961298e-04       3.386142e-03       4.726487e-02       4.136998e-03       1.590999e-02
      740000       6.907122e-03       1.845141e-04       3.360850e-03       4.455058e-02       5.382404e-03       1.596243e-02
      742000       6.978942e-03       2.244599e-04       3.390380e-03       4.472576e-02       3.889746e-03       1.590255e-02
      744000       6.854826e-03       1.438835e-04       3.393331e-03       5.143742e-02       4.399245e-03       1.640525e-02
      746000       6.919467e-03       5.004993e-05       3.365064e-03       5.259858e-02       4.345689e-03       1.600601e-02
      748000       6.751870e-03       1.326731e-04       3.298105e-03       4.690238e-02       4.675309e-03       1.623007e-02
      750000       7.001676e-03       9.408871e-05       3.393160e-03       4.255001e-02       4.121684e-03       1.646982e-02
      752000       6.863803e-03       2.159279e-04       3.299825e-03       5.130531e-02       3.671670e-03       1.598705e-02
      754000       7.225537e-03       2.101629e-04       3.420753e-03       6.124886e-02       4.768583e-03       1.622744e-02
      756000       6.980461e-03       2.093232e-04       3.401162e-03       4.646536e-02       3.668399e-03       1.635779e-02
      758000       6.939541e-03       2.794663e-05       3.391735e-03       4.276739e-02       4.182165e-03       1.641100e-02
      760000       6.806311e-03       6.264309e-05       3.354858e-03       4.861830e-02       4.128849e-03       1.619218e-02
      762000       6.976016e-03       1.701978e-04       3.371593e-03       4.199314e-02       3.983914e-03       1.591098e-02
      764000       7.002194e-03       1.928647e-04       3.417122e-03       6.912683e-02       4.203864e-03       1.629333e-02
      766000       6.881203e-03       2.271652e-04       3.421958e-03       7.517904e-02       3.207560e-03       1.631773e-02
      768000       7.123661e-03       1.249531e-04       3.533073e-03       5.210108e-02       5.393449e-03       1.581061e-02
      770000       6.809915e-03       9.685327e-05       3.307361e-03       4.819657e-02       4.930351e-03       1.610923e-02
      772000       6.627957e-03       2.140314e-04       3.236250e-03       4.055537e-02       4.962736e-03       1.608376e-02
      774000       6.914908e-03       1.436554e-04       3.364381e-03       4.178675e-02       5.632346e-03       1.594621e-02
      776000       6.737951e-03       1.208170e-04       3.327413e-03       4.229936e-02       3.837721e-03       1.576947e-02
      778000       6.597953e-03       1.137330e-04       3.263268e-03       5.299234e-02       4.393290e-03       1.633053e-02
      780000       6.810246e-03       1.865923e-04       3.381126e-03       4.375679e-02       3.115744e-03       1.636268e-02
      782000       7.047839e-03       1.302021e-04       3.409459e-03       4.520318e-02       4.677611e-03       1.638516e-02
      784000       6.821970e-03       4.379928e-05       3.332452e-03       5.246872e-02       4.113909e-03       1.569251e-02
      786000       6.865277e-03       2.322674e-04       3.391760e-03       4.911650e-02       4.547349e-03       1.610864e-02
      788000       7.140739e-03       8.365814e-05       3.426907e-03       4.413234e-02       5.186151e-03       1.618325e-02
