#       step         max_devi_v         min_devi_v         avg_devi_v         max_devi_f         min_devi_f         avg_devi_f
           0       1.039084e-02       9.832417e-06       4.399244e-03       3.461588e-03       8.642999e-04       2.372234e-03
        2000       7.087378e-03       8.885223e-05       3.449737e-03       4.892424e-02       4.900815e-03       1.699038e-02
        4000       7.137838e-03       2.145324e-04       3.472427e-03       4.752614e-02       4.530371e-03       1.644956e-02
        6000       7.287700e-03       2.142423e-04       3.523413e-03       5.442958e-02       5.193175e-03       1.644200e-02
        8000       7.275748e-03       1.992653e-04       3.474821e-03       4.425674e-02       5.447012e-03       1.639352e-02
       10000       6.888966e-03       2.662965e-04       3.318930e-03       6.005477e-02       4.904050e-03       1.654283e-02
       12000       6.826360e-03       1.079921e-04       3.341682e-03       4.221113e-02       4.515844e-03       1.610032e-02
       14000       7.174249e-03       1.389054e-04       3.463388e-03       5.653468e-02       4.783382e-03       1.607820e-02
       16000       7.215686e-03       2.573876e-04       3.504831e-03       4.918433e-02       4.601067e-03       1.624402e-02
       18000       7.227227e-03       4.105888e-04       3.431301e-03       4.589713e-02       4.605646e-03       1.619972e-02
       20000       7.136492e-03       1.773155e-04       3.448578e-03       4.640351e-02       4.400735e-03       1.629535e-02
       22000       7.024501e-03       2.542156e-04       3.427006e-03       4.927827e-02       4.937197e-03       1.601265e-02
       24000       7.391171e-03       2.315105e-04       3.453825e-03       5.966792e-02       4.510581e-03       1.656821e-02
       26000       6.787221e-03       1.576988e-04       3.343193e-03       4.998917e-02       3.539390e-03       1.673654e-02
       28000       6.984588e-03       2.026918e-04       3.341466e-03       4.789037e-02       4.472117e-03       1.629423e-02
       30000       7.351536e-03       3.036631e-04       3.450672e-03       4.672915e-02       4.359726e-03       1.695751e-02
       32000       7.258177e-03       7.363999e-05       3.503885e-03       5.235974e-02       3.677357e-03       1.655345e-02
       34000       7.360731e-03       8.375627e-05       3.442783e-03       4.727624e-02       4.150734e-03       1.611210e-02
       36000       7.209417e-03       7.767246e-05       3.450648e-03       5.157856e-02       3.926815e-03       1.599104e-02
       38000       7.184928e-03       2.058730e-04       3.425634e-03       4.541727e-02       4.146653e-03       1.673812e-02
       40000       7.243387e-03       8.971105e-05       3.451455e-03       5.668613e-02       3.955499e-03       1.645899e-02
       42000       7.212697e-03       9.147731e-05       3.407332e-03       4.420528e-02       4.048294e-03       1.615559e-02
       44000       6.761930e-03       2.307911e-04       3.382167e-03       4.912072e-02       5.781615e-03       1.692099e-02
       46000       7.354359e-03       4.185056e-04       3.570898e-03       4.977469e-02       5.270618e-03       1.710033e-02
       48000       7.110775e-03       2.448015e-04       3.446726e-03       5.486860e-02       4.942954e-03       1.634389e-02
       50000       7.210548e-03       1.096220e-04       3.474234e-03       5.117843e-02       3.017464e-03       1.709453e-02
       52000       7.404152e-03       9.676919e-05       3.477696e-03       4.470381e-02       3.921005e-03       1.679140e-02
       54000       7.147518e-03       2.472583e-04       3.404458e-03       5.424048e-02       4.597033e-03       1.619608e-02
       56000       7.239442e-03       2.941994e-04       3.524424e-03       4.191536e-02       4.836212e-03       1.630257e-02
       58000       7.246811e-03       1.574247e-04       3.466855e-03       5.110718e-02       4.757020e-03       1.628458e-02
       60000       6.955630e-03       1.127483e-04       3.315998e-03       4.320171e-02       4.813659e-03       1.631836e-02
       62000       6.817090e-03       2.716647e-04       3.331025e-03       5.345654e-02       4.870893e-03       1.646564e-02
       64000       7.085733e-03       1.485329e-04       3.411006e-03       5.339646e-02       4.075894e-03       1.640210e-02
       66000       6.850779e-03       2.373972e-04       3.297132e-03       5.541091e-02       4.862354e-03       1.696082e-02
       68000       7.197416e-03       1.704621e-04       3.465108e-03       4.904733e-02       4.995847e-03       1.608575e-02
       70000       7.309753e-03       1.064867e-04       3.592149e-03       7.156691e-02       4.589052e-03       1.678324e-02
       72000       7.120795e-03       1.914158e-04       3.489982e-03       4.997971e-02       4.237146e-03       1.671107e-02
       74000       6.782930e-03       1.806545e-04       3.308423e-03       4.054682e-02       4.193727e-03       1.588880e-02
       76000       6.954943e-03       1.718676e-04       3.341464e-03       5.179525e-02       4.384042e-03       1.636956e-02
       78000       6.999321e-03       1.981924e-04       3.385192e-03       4.554211e-02       4.818123e-03       1.639190e-02
       80000       7.124265e-03       3.380542e-05       3.451238e-03       5.171887e-02       4.664162e-03       1.652683e-02
       82000       7.074956e-03       2.195820e-04       3.391090e-03       4.753840e-02       2.719070e-03       1.624349e-02
       84000       7.378375e-03       1.282058e-04       3.544472e-03       4.228434e-02       4.851889e-03       1.606056e-02
       86000       6.930642e-03       1.717030e-04       3.334164e-03       4.061238e-02       3.907143e-03       1.624082e-02
       88000       6.916591e-03       1.250962e-04       3.312638e-03       4.453980e-02       4.651848e-03       1.607820e-02
       90000       6.940342e-03       1.235500e-04       3.419381e-03       5.101002e-02       3.760782e-03       1.594072e-02
       92000       6.630704e-03       2.080656e-04       3.276431e-03       4.437195e-02       4.374310e-03       1.621868e-02
       94000       7.091767e-03       1.096118e-04       3.445372e-03       4.963222e-02       3.862666e-03       1.593339e-02
       96000       7.073825e-03       1.272578e-04       3.425383e-03       4.451581e-02       4.853726e-03       1.629955e-02
       98000       7.440296e-03       6.922115e-05       3.496936e-03       4.550462e-02       3.187936e-03       1.601579e-02
      100000       7.153166e-03       1.372843e-04       3.402601e-03       4.496518e-02       4.434186e-03       1.633817e-02
      102000       7.271410e-03       2.098297e-04       3.483793e-03       5.448664e-02       5.024832e-03       1.659264e-02
      104000       7.109878e-03       9.178510e-05       3.424518e-03       4.413591e-02       4.545532e-03       1.600974e-02
      106000       7.720916e-03       1.724266e-04       3.588388e-03       4.521857e-02       3.974066e-03       1.564457e-02
      108000       6.928412e-03       1.298077e-04       3.398521e-03       5.162800e-02       3.840712e-03       1.614531e-02
      110000       7.144579e-03       1.064687e-04       3.482552e-03       4.583311e-02       4.869032e-03       1.619779e-02
      112000       7.247172e-03       1.815594e-04       3.453637e-03       4.746080e-02       4.812438e-03       1.633053e-02
      114000       7.063350e-03       1.357332e-04       3.357884e-03       4.648325e-02       3.407265e-03       1.627829e-02
      116000       7.167533e-03       9.531876e-05       3.442245e-03       5.089975e-02       3.947022e-03       1.631042e-02
      118000       7.064457e-03       2.260384e-04       3.365953e-03       4.024264e-02       4.883714e-03       1.592104e-02
      120000       6.923838e-03       3.080893e-05       3.317940e-03       4.515793e-02       3.953455e-03       1.634138e-02
      122000       7.186803e-03       2.117905e-04       3.480445e-03       4.975119e-02       4.955823e-03       1.653938e-02
      124000       7.073826e-03       1.825254e-04       3.406283e-03       6.152841e-02       4.410277e-03       1.623205e-02
      126000       6.977507e-03       2.296977e-04       3.408576e-03       5.294058e-02       3.930631e-03       1.630661e-02
      128000       6.776729e-03       1.635519e-04       3.332481e-03       5.110697e-02       4.472910e-03       1.616797e-02
      130000       7.273513e-03       1.141918e-04       3.478232e-03       6.241620e-02       3.789222e-03       1.628759e-02
      132000       7.080819e-03       9.051354e-05       3.401017e-03       4.146413e-02       4.448898e-03       1.662068e-02
      134000       7.341378e-03       2.350001e-04       3.481136e-03       4.931689e-02       4.073217e-03       1.638992e-02
      136000       6.904419e-03       1.950475e-04       3.329439e-03       4.727463e-02       3.105573e-03       1.609278e-02
      138000       7.196458e-03       3.101894e-05       3.451679e-03       4.650190e-02       4.370153e-03       1.614804e-02
      140000       7.109298e-03       8.893441e-05       3.451580e-03       4.700562e-02       4.796430e-03       1.616482e-02
      142000       7.225601e-03       1.696624e-04       3.448226e-03       4.522191e-02       4.305235e-03       1.609524e-02
      144000       7.318722e-03       2.616713e-04       3.499419e-03       4.933404e-02       5.105529e-03       1.668019e-02
      146000       6.862214e-03       1.503501e-04       3.359793e-03       5.476176e-02       4.778656e-03       1.620651e-02
      148000       7.219329e-03       6.111979e-05       3.486998e-03       4.928323e-02       3.929056e-03       1.605693e-02
      150000       7.360994e-03       1.581494e-04       3.528844e-03       4.295891e-02       4.599946e-03       1.674877e-02
      152000       7.163998e-03       1.715479e-04       3.399919e-03       4.448996e-02       5.221386e-03       1.591046e-02
      154000       7.499554e-03       2.736970e-04       3.562018e-03       4.508850e-02       4.960535e-03       1.597889e-02
      156000       6.967542e-03       1.479832e-04       3.418538e-03       4.019377e-02       5.244222e-03       1.584552e-02
      158000       7.277981e-03       1.371117e-04       3.522586e-03       6.002748e-02       4.392200e-03       1.567732e-02
      160000       7.000461e-03       1.631110e-04       3.364793e-03       3.948839e-02       4.188691e-03       1.583046e-02
      162000       7.007308e-03       1.408255e-04       3.350082e-03       5.596439e-02       3.763135e-03       1.647426e-02
      164000       7.359600e-03       2.277727e-04       3.512772e-03       5.630038e-02       4.889618e-03       1.605495e-02
      166000       7.513183e-03       1.440254e-04       3.512161e-03       4.896546e-02       4.979746e-03       1.658090e-02
      168000       7.155669e-03       1.441226e-04       3.448394e-03       5.904443e-02       5.611701e-03       1.657700e-02
      170000       6.898774e-03       1.573286e-04       3.369044e-03       4.671978e-02       3.038474e-03       1.597741e-02
      172000       6.870073e-03       1.656275e-04       3.395095e-03       4.403730e-02       4.668867e-03       1.624630e-02
      174000       6.849308e-03       6.163505e-05       3.357893e-03       4.237709e-02       4.628944e-03       1.594484e-02
      176000       7.129704e-03       1.789410e-04       3.422407e-03       4.694527e-02       3.821250e-03       1.559021e-02
      178000       7.300798e-03       7.881105e-05       3.406807e-03       4.246627e-02       3.854826e-03       1.598661e-02
      180000       7.344817e-03       1.393307e-04       3.521593e-03       5.048040e-02       5.319435e-03       1.612119e-02
      182000       6.989996e-03       5.424911e-05       3.396770e-03       4.427572e-02       4.405048e-03       1.609267e-02
      184000       7.072464e-03       1.042620e-04       3.445000e-03       4.912856e-02       4.944679e-03       1.639439e-02
      186000       6.895349e-03       2.313981e-04       3.334674e-03       5.114231e-02       3.807063e-03       1.649447e-02
      188000       6.815573e-03       1.868668e-04       3.344666e-03       4.771137e-02       4.756495e-03       1.666903e-02
      190000       7.147538e-03       2.418467e-04       3.492589e-03       4.393366e-02       5.301370e-03       1.636320e-02
      192000       7.208944e-03       2.584798e-04       3.511827e-03       4.252957e-02       4.063120e-03       1.645759e-02
      194000       6.898542e-03       1.786345e-04       3.346359e-03       4.751870e-02       4.414260e-03       1.641401e-02
      196000       7.308179e-03       1.351743e-04       3.472147e-03       4.437878e-02       4.959493e-03       1.611640e-02
      198000       7.303496e-03       1.721101e-04       3.431971e-03       6.947392e-02       4.915202e-03       1.651268e-02
      200000       7.052218e-03       2.003009e-04       3.422027e-03       5.115693e-02       4.490845e-03       1.671513e-02
      202000       7.061972e-03       1.129390e-04       3.406780e-03       4.890849e-02       4.857977e-03       1.639001e-02
      204000       7.163330e-03       1.034331e-04       3.457916e-03       5.301936e-02       3.603278e-03       1.625883e-02
      206000       6.885671e-03       1.182988e-04       3.392216e-03       4.083744e-02       4.042219e-03       1.595627e-02
      208000       6.922720e-03       2.397591e-04       3.361261e-03       4.586618e-02       3.877026e-03       1.648164e-02
      210000       7.581907e-03       1.438200e-04       3.518507e-03       4.613155e-02       4.336905e-03       1.648445e-02
      212000       7.079537e-03       1.726720e-04       3.440705e-03       5.368225e-02       3.486210e-03       1.682608e-02
      214000       7.018533e-03       1.293644e-04       3.400763e-03       4.216566e-02       4.689672e-03       1.641200e-02
      216000       7.079703e-03       2.144915e-04       3.415186e-03       4.703734e-02       5.402104e-03       1.585639e-02
      218000       7.117226e-03       5.307391e-05       3.416142e-03       5.321727e-02       4.451530e-03       1.617744e-02
      220000       7.119585e-03       1.111768e-04       3.419927e-03       4.401759e-02       4.355342e-03       1.623810e-02
      222000       7.129741e-03       2.081117e-04       3.443482e-03       4.062869e-02       4.050346e-03       1.570509e-02
      224000       6.853554e-03       1.024451e-04       3.369017e-03       5.507959e-02       4.496641e-03       1.654838e-02
      226000       6.968165e-03       1.619801e-04       3.405197e-03       4.740886e-02       4.179955e-03       1.634524e-02
      228000       6.814423e-03       1.799287e-04       3.307589e-03       5.116500e-02       3.300444e-03       1.656651e-02
      230000       6.911472e-03       2.746864e-04       3.366688e-03       4.650657e-02       5.281287e-03       1.653004e-02
      232000       7.189737e-03       2.184363e-04       3.492595e-03       4.856177e-02       4.230561e-03       1.608050e-02
      234000       7.247077e-03       1.343002e-04       3.490400e-03       6.090260e-02       5.523966e-03       1.660485e-02
      236000       7.349424e-03       2.938788e-04       3.493522e-03       4.897484e-02       4.371516e-03       1.666756e-02
      238000       7.036400e-03       7.838898e-05       3.384726e-03       5.056477e-02       4.970868e-03       1.692176e-02
      240000       6.995324e-03       9.571462e-05       3.385380e-03       4.256405e-02       5.288435e-03       1.603890e-02
      242000       7.028330e-03       1.010280e-04       3.417246e-03       5.840831e-02       5.186700e-03       1.618837e-02
      244000       7.018695e-03       1.706613e-04       3.371327e-03       5.789303e-02       3.678049e-03       1.604076e-02
      246000       7.096340e-03       2.051365e-04       3.430832e-03       6.121186e-02       3.712031e-03       1.643931e-02
      248000       7.151822e-03       6.796095e-05       3.394444e-03       4.203920e-02       4.303352e-03       1.654413e-02
      250000       7.224695e-03       1.502079e-04       3.462884e-03       4.759681e-02       5.149723e-03       1.695066e-02
      252000       7.033004e-03       1.050269e-04       3.360976e-03       5.022417e-02       4.961529e-03       1.591966e-02
      254000       7.174106e-03       5.590210e-05       3.400554e-03       5.246500e-02       4.643954e-03       1.592059e-02
      256000       6.944288e-03       9.311616e-05       3.333418e-03       5.697890e-02       3.333244e-03       1.630286e-02
      258000       6.963037e-03       1.815828e-04       3.402815e-03       4.597482e-02       4.964457e-03       1.616233e-02
      260000       6.920826e-03       1.821932e-04       3.386114e-03       4.999447e-02       3.647929e-03       1.602474e-02
      262000       6.970086e-03       1.428395e-04       3.430209e-03       4.827791e-02       4.748511e-03       1.673589e-02
      264000       7.027410e-03       1.483369e-04       3.403639e-03       4.677512e-02       3.914513e-03       1.626383e-02
      266000       7.289309e-03       1.650163e-04       3.523747e-03       5.111210e-02       5.339778e-03       1.634962e-02
      268000       7.061832e-03       2.128888e-04       3.428518e-03       4.962103e-02       4.281928e-03       1.664411e-02
      270000       7.253624e-03       2.022128e-04       3.480225e-03       4.257512e-02       5.602492e-03       1.622606e-02
      272000       6.874255e-03       1.298744e-04       3.423494e-03       4.991195e-02       5.134348e-03       1.681229e-02
      274000       7.074182e-03       6.704192e-05       3.420449e-03       5.676761e-02       4.336836e-03       1.645771e-02
      276000       6.972508e-03       1.095414e-04       3.341855e-03       5.587103e-02       4.958557e-03       1.625871e-02
      278000       7.290491e-03       4.440046e-05       3.534012e-03       4.406871e-02       4.305572e-03       1.654642e-02
      280000       6.956315e-03       4.353616e-04       3.400034e-03       5.323839e-02       4.139187e-03       1.674001e-02
      282000       7.158415e-03       1.148103e-04       3.432753e-03       5.095794e-02       5.347164e-03       1.684546e-02
      284000       7.139687e-03       8.230425e-05       3.397235e-03       4.535694e-02       5.078714e-03       1.714242e-02
      286000       7.089730e-03       9.810055e-05       3.414382e-03       5.421730e-02       2.209070e-03       1.653744e-02
      288000       7.129165e-03       1.651010e-04       3.446666e-03       4.481849e-02       4.129373e-03       1.556080e-02
      290000       6.872589e-03       1.703747e-04       3.318672e-03       5.002072e-02       4.186118e-03       1.607211e-02
      292000       7.115979e-03       1.399084e-04       3.420575e-03       5.131116e-02       3.659768e-03       1.649896e-02
      294000       7.118129e-03       1.746016e-04       3.356773e-03       5.015284e-02       2.969196e-03       1.632666e-02
      296000       7.070788e-03       1.449200e-04       3.456376e-03       5.170420e-02       4.984015e-03       1.656380e-02
      298000       7.194202e-03       9.986530e-05       3.402127e-03       4.751449e-02       4.610742e-03       1.673456e-02
      300000       7.279180e-03       1.106714e-04       3.494253e-03       4.363720e-02       4.795363e-03       1.644929e-02
      302000       6.947766e-03       1.971462e-04       3.393441e-03       5.332511e-02       4.708674e-03       1.619115e-02
      304000       7.073258e-03       2.822818e-04       3.425253e-03       4.639696e-02       4.663989e-03       1.614872e-02
      306000       7.218443e-03       1.582220e-04       3.494930e-03       5.306249e-02       4.216055e-03       1.630901e-02
      308000       7.363473e-03       9.204313e-05       3.502560e-03       5.212581e-02       4.992674e-03       1.643057e-02
      310000       7.056913e-03       1.662651e-04       3.352592e-03       5.402047e-02       5.476277e-03       1.664170e-02
      312000       6.873647e-03       9.354933e-05       3.298109e-03       5.120262e-02       4.343993e-03       1.577067e-02
      314000       7.004338e-03       1.414121e-04       3.373429e-03       4.549066e-02       4.799693e-03       1.649511e-02
      316000       7.135158e-03       1.265729e-04       3.402894e-03       4.249964e-02       4.898348e-03       1.678389e-02
      318000       7.175018e-03       2.200856e-04       3.437916e-03       5.216559e-02       3.946899e-03       1.657810e-02
      320000       6.677002e-03       1.273124e-04       3.232460e-03       4.749258e-02       5.712326e-03       1.618419e-02
      322000       6.876440e-03       1.797280e-04       3.325855e-03       5.290023e-02       5.604936e-03       1.649956e-02
      324000       6.900918e-03       9.071911e-05       3.416281e-03       4.428008e-02       5.221122e-03       1.658701e-02
      326000       7.079466e-03       2.082625e-04       3.444829e-03       5.377962e-02       4.245274e-03       1.611775e-02
      328000       7.004706e-03       1.359164e-04       3.333498e-03       4.375935e-02       3.991229e-03       1.642094e-02
      330000       6.838618e-03       1.711029e-04       3.308582e-03       4.375496e-02       4.648070e-03       1.640340e-02
      332000       7.030118e-03       1.778131e-04       3.430660e-03       5.316764e-02       5.158520e-03       1.683498e-02
      334000       6.819617e-03       2.170797e-04       3.373213e-03       4.870687e-02       4.112960e-03       1.695790e-02
      336000       7.129296e-03       1.602923e-04       3.422970e-03       6.606521e-02       4.374231e-03       1.685530e-02
      338000       7.113558e-03       1.239735e-04       3.448308e-03       4.807386e-02       4.740008e-03       1.607310e-02
      340000       7.126413e-03       2.316526e-04       3.420049e-03       5.832395e-02       4.615168e-03       1.672636e-02
      342000       7.339522e-03       9.555947e-05       3.470411e-03       7.382729e-02       3.808486e-03       1.697048e-02
      344000       7.037133e-03       1.677048e-04       3.434000e-03       4.013252e-02       4.749510e-03       1.620053e-02
      346000       7.069670e-03       1.893222e-04       3.425148e-03       7.588464e-02       4.889101e-03       1.634079e-02
      348000       7.078613e-03       1.363346e-04       3.411149e-03       4.177777e-02       4.482238e-03       1.656866e-02
      350000       6.866700e-03       1.436237e-04       3.323563e-03       4.677987e-02       3.943825e-03       1.663857e-02
      352000       7.256517e-03       8.967768e-05       3.535589e-03       4.364068e-02       2.887088e-03       1.645906e-02
      354000       7.086533e-03       6.373278e-05       3.407074e-03       4.950791e-02       3.536871e-03       1.619126e-02
      356000       7.189112e-03       1.087791e-04       3.475824e-03       4.658926e-02       4.693779e-03       1.608260e-02
      358000       7.184915e-03       9.138165e-05       3.380242e-03       4.552947e-02       4.811979e-03       1.616041e-02
      360000       7.121665e-03       1.189433e-04       3.387070e-03       4.130422e-02       5.130491e-03       1.621618e-02
      362000       7.047599e-03       1.037246e-04       3.382537e-03       5.597141e-02       3.998220e-03       1.648990e-02
      364000       7.281217e-03       1.993073e-04       3.480893e-03       4.532171e-02       5.500381e-03       1.662654e-02
      366000       7.152071e-03       1.554336e-04       3.454971e-03       4.666070e-02       5.224510e-03       1.612464e-02
      368000       7.240509e-03       1.600149e-04       3.485830e-03       4.842294e-02       4.642773e-03       1.651507e-02
      370000       7.269174e-03       1.878252e-04       3.395455e-03       5.798463e-02       5.359146e-03       1.731159e-02
      372000       7.332721e-03       2.363939e-05       3.462043e-03       6.613170e-02       4.913409e-03       1.566870e-02
      374000       7.099514e-03       1.505718e-04       3.380678e-03       5.408087e-02       4.690048e-03       1.643384e-02
      376000       7.105694e-03       1.407073e-04       3.374197e-03       5.850663e-02       4.419852e-03       1.680797e-02
      378000       7.215308e-03       1.118488e-04       3.519224e-03       6.108956e-02       4.268351e-03       1.662035e-02
      380000       7.258963e-03       1.583917e-04       3.466492e-03       4.049914e-02       5.088422e-03       1.582088e-02
      382000       6.939704e-03       1.068405e-04       3.364512e-03       4.453547e-02       4.488168e-03       1.623299e-02
      384000       7.181245e-03       1.319562e-04       3.467251e-03       4.143533e-02       3.346258e-03       1.626847e-02
      386000       7.184681e-03       6.184617e-05       3.409235e-03       6.076906e-02       3.885159e-03       1.603416e-02
      388000       6.932891e-03       1.237942e-04       3.354033e-03       4.157147e-02       4.311162e-03       1.560066e-02
      390000       7.170787e-03       8.351692e-05       3.419243e-03       4.873191e-02       4.771601e-03       1.620794e-02
      392000       7.370607e-03       4.807619e-05       3.397790e-03       4.754543e-02       3.087354e-03       1.593419e-02
      394000       7.502054e-03       1.105823e-04       3.535763e-03       4.702868e-02       4.380023e-03       1.618114e-02
      396000       7.179893e-03       1.363472e-04       3.392969e-03       4.709323e-02       3.811259e-03       1.625095e-02
      398000       7.036017e-03       4.257499e-05       3.424755e-03       5.091022e-02       5.012394e-03       1.650850e-02
      400000       6.934585e-03       2.607513e-04       3.417401e-03       5.285667e-02       5.036625e-03       1.611059e-02
      402000       7.131802e-03       1.018752e-04       3.443301e-03       4.743133e-02       4.695653e-03       1.626379e-02
      404000       7.501775e-03       2.299137e-04       3.580175e-03       4.458750e-02       5.272809e-03       1.611484e-02
      406000       7.161800e-03       1.686270e-04       3.463561e-03       4.940324e-02       4.389628e-03       1.649571e-02
      408000       7.144886e-03       1.571068e-04       3.500021e-03       4.695530e-02       4.711613e-03       1.670262e-02
      410000       7.495237e-03       1.871687e-04       3.556588e-03       4.927410e-02       5.050851e-03       1.678829e-02
      412000       7.138750e-03       1.032585e-04       3.443093e-03       4.666639e-02       4.452686e-03       1.634884e-02
      414000       7.023521e-03       8.803741e-05       3.403819e-03       5.280863e-02       3.999680e-03       1.639646e-02
      416000       7.201341e-03       1.686048e-04       3.474683e-03       4.693730e-02       5.133953e-03       1.638229e-02
      418000       7.318980e-03       1.094014e-04       3.472467e-03       5.749416e-02       4.172178e-03       1.634075e-02
      420000       7.066037e-03       1.623979e-04       3.449367e-03       6.639754e-02       4.655947e-03       1.665738e-02
      422000       7.337130e-03       1.880057e-04       3.505074e-03       4.517288e-02       4.337394e-03       1.617078e-02
      424000       7.227392e-03       1.352252e-04       3.489341e-03       5.094852e-02       4.848576e-03       1.618587e-02
      426000       6.995773e-03       9.257147e-05       3.386305e-03       4.915259e-02       4.502735e-03       1.634321e-02
      428000       7.621870e-03       2.214413e-04       3.551897e-03       4.679376e-02       4.093548e-03       1.641004e-02
      430000       7.427840e-03       8.082859e-05       3.504278e-03       4.224405e-02       4.561947e-03       1.601567e-02
      432000       7.292893e-03       1.302131e-04       3.417615e-03       4.086621e-02       4.747068e-03       1.654843e-02
      434000       6.983130e-03       2.062018e-04       3.381123e-03       4.677809e-02       3.831492e-03       1.643852e-02
      436000       7.220981e-03       1.157425e-04       3.449679e-03       4.373317e-02       4.959345e-03       1.630703e-02
      438000       7.134233e-03       2.021131e-04       3.494159e-03       6.877756e-02       4.384802e-03       1.611147e-02
      440000       7.071717e-03       2.803424e-04       3.387445e-03       4.948537e-02       4.346874e-03       1.617578e-02
      442000       7.033276e-03       1.682194e-04       3.384221e-03       4.836220e-02       2.611275e-03       1.677597e-02
      444000       7.261704e-03       2.043738e-04       3.495349e-03       5.540312e-02       4.595897e-03       1.678562e-02
      446000       7.304394e-03       1.275934e-04       3.522684e-03       4.595037e-02       5.007014e-03       1.650823e-02
      448000       7.035603e-03       1.049066e-04       3.385745e-03       4.871974e-02       5.248386e-03       1.664691e-02
      450000       7.059299e-03       9.642218e-05       3.504164e-03       3.957528e-02       4.775843e-03       1.620784e-02
      452000       7.241311e-03       1.752958e-04       3.459111e-03       5.008024e-02       5.034918e-03       1.638004e-02
      454000       7.621118e-03       1.999609e-04       3.434594e-03       5.468011e-02       3.610723e-03       1.669808e-02
      456000       7.285411e-03       7.993811e-05       3.369427e-03       4.167525e-02       4.517491e-03       1.647060e-02
      458000       6.876607e-03       1.623441e-04       3.339093e-03       4.425972e-02       4.333605e-03       1.580928e-02
      460000       6.868463e-03       1.432930e-04       3.358711e-03       5.532311e-02       4.851715e-03       1.668819e-02
      462000       7.250311e-03       1.129413e-04       3.556418e-03       5.256204e-02       3.653091e-03       1.649233e-02
      464000       6.862289e-03       1.720363e-04       3.370093e-03       4.858995e-02       4.965098e-03       1.668571e-02
      466000       7.193528e-03       1.175636e-04       3.494725e-03       4.940249e-02       3.169055e-03       1.615774e-02
      468000       7.004687e-03       1.643765e-04       3.358183e-03       4.709845e-02       3.772533e-03       1.602131e-02
      470000       6.853524e-03       1.113095e-04       3.290373e-03       4.753234e-02       4.880401e-03       1.636173e-02
      472000       7.059161e-03       1.646374e-04       3.368686e-03       4.246797e-02       4.386996e-03       1.680114e-02
      474000       6.767020e-03       1.787884e-04       3.399148e-03       4.261276e-02       3.956370e-03       1.606500e-02
      476000       6.758963e-03       1.032231e-04       3.365719e-03       5.603733e-02       4.606503e-03       1.659227e-02
      478000       6.640133e-03       1.041586e-04       3.258799e-03       5.480561e-02       4.966335e-03       1.630989e-02
      480000       6.896180e-03       1.059693e-04       3.350412e-03       4.898640e-02       5.559404e-03       1.691405e-02
      482000       6.944201e-03       1.151308e-04       3.368359e-03       4.868568e-02       3.972696e-03       1.603324e-02
      484000       7.173426e-03       1.246366e-04       3.407516e-03       5.073045e-02       4.423775e-03       1.647539e-02
      486000       7.475610e-03       1.349298e-04       3.534929e-03       4.765267e-02       4.027053e-03       1.613201e-02
      488000       6.876789e-03       1.774029e-04       3.311222e-03       5.200838e-02       5.123071e-03       1.612130e-02
      490000       6.871085e-03       1.406984e-04       3.332514e-03       5.887870e-02       4.731472e-03       1.641112e-02
      492000       7.265420e-03       1.656955e-04       3.403306e-03       6.045113e-02       3.099636e-03       1.627442e-02
      494000       6.971782e-03       1.617836e-04       3.372689e-03       5.768425e-02       3.999795e-03       1.659493e-02
      496000       6.882081e-03       1.446843e-04       3.362609e-03       4.268520e-02       4.077188e-03       1.584576e-02
      498000       7.200764e-03       8.532775e-05       3.478642e-03       5.231582e-02       4.675735e-03       1.580921e-02
      500000       6.942727e-03       1.392944e-04       3.323429e-03       6.164773e-02       3.113268e-03       1.614482e-02
      502000       7.086290e-03       1.820879e-04       3.428900e-03       6.204461e-02       3.358254e-03       1.674286e-02
      504000       7.022019e-03       1.334685e-04       3.338994e-03       5.649222e-02       5.220812e-03       1.674174e-02
      506000       6.880020e-03       2.374196e-04       3.380680e-03       4.354483e-02       4.871154e-03       1.656269e-02
      508000       7.122694e-03       9.961559e-05       3.509227e-03       4.599799e-02       4.846481e-03       1.716953e-02
      510000       7.435947e-03       1.154680e-04       3.465367e-03       4.590384e-02       3.984707e-03       1.605067e-02
      512000       7.033164e-03       2.273050e-04       3.435088e-03       5.426055e-02       5.027678e-03       1.691003e-02
      514000       6.966982e-03       6.972939e-05       3.366781e-03       6.795008e-02       5.070070e-03       1.672765e-02
      516000       7.268423e-03       1.686994e-04       3.503784e-03       4.698798e-02       3.855986e-03       1.672997e-02
      518000       7.596512e-03       1.669532e-04       3.574996e-03       7.198071e-02       4.717815e-03       1.653666e-02
      520000       6.863795e-03       3.653008e-04       3.453228e-03       5.348380e-02       3.190264e-03       1.765295e-02
      522000       6.842992e-03       6.216561e-05       3.340789e-03       5.431438e-02       2.792430e-03       1.648896e-02
      524000       6.941186e-03       9.694585e-05       3.393314e-03       5.368919e-02       4.757047e-03       1.714087e-02
      526000       7.165849e-03       1.949312e-04       3.377760e-03       4.901567e-02       2.959627e-03       1.611122e-02
      528000       6.716882e-03       1.003525e-04       3.242531e-03       4.486603e-02       2.620821e-03       1.602106e-02
      530000       7.043590e-03       6.975037e-05       3.441999e-03       6.932868e-02       3.202074e-03       1.657553e-02
      532000       7.320894e-03       2.066418e-04       3.536232e-03       5.962245e-02       3.848460e-03       1.657534e-02
      534000       7.012337e-03       3.783181e-05       3.348428e-03       4.613048e-02       4.919533e-03       1.669709e-02
      536000       7.140200e-03       1.196803e-04       3.355848e-03       4.106346e-02       4.739140e-03       1.630548e-02
      538000       6.976102e-03       3.140565e-05       3.358005e-03       5.344009e-02       5.351158e-03       1.693104e-02
      540000       6.993471e-03       2.031963e-04       3.386151e-03       4.202745e-02       4.260326e-03       1.622980e-02
      542000       7.071859e-03       2.143472e-04       3.399047e-03       5.553508e-02       4.381789e-03       1.672409e-02
      544000       7.131579e-03       1.841754e-04       3.415156e-03       3.869449e-02       4.323462e-03       1.599378e-02
      546000       6.947520e-03       2.238235e-04       3.420608e-03       4.640358e-02       4.253865e-03       1.640248e-02
      548000       6.950165e-03       1.605468e-04       3.411341e-03       5.342804e-02       4.722726e-03       1.647695e-02
      550000       7.189207e-03       1.675396e-04       3.432401e-03       4.499732e-02       3.922716e-03       1.600209e-02
      552000       7.083065e-03       2.123966e-04       3.453136e-03       4.398896e-02       3.898983e-03       1.604092e-02
      554000       7.270100e-03       1.620662e-04       3.411827e-03       4.567539e-02       4.892918e-03       1.653311e-02
      556000       6.923072e-03       1.055552e-04       3.382258e-03       6.737582e-02       4.778362e-03       1.628287e-02
      558000       7.019381e-03       2.303279e-04       3.408540e-03       4.427279e-02       4.465284e-03       1.552122e-02
      560000       6.965809e-03       1.365077e-04       3.291723e-03       6.371412e-02       4.521753e-03       1.630996e-02
      562000       7.228895e-03       2.223809e-04       3.438151e-03       4.067420e-02       4.893181e-03       1.596505e-02
      564000       6.901039e-03       1.159823e-04       3.345998e-03       4.577599e-02       3.971318e-03       1.658616e-02
      566000       7.290386e-03       4.333158e-05       3.514792e-03       4.273302e-02       4.241946e-03       1.600623e-02
      568000       6.971075e-03       1.590928e-04       3.377862e-03       4.534902e-02       3.073762e-03       1.642193e-02
      570000       7.048211e-03       1.711278e-04       3.448153e-03       5.874970e-02       4.757761e-03       1.737150e-02
      572000       7.083435e-03       2.681709e-04       3.443978e-03       7.324457e-02       4.394302e-03       1.630666e-02
      574000       7.091316e-03       2.518567e-04       3.483036e-03       4.916162e-02       5.071417e-03       1.589077e-02
      576000       7.183640e-03       1.747490e-04       3.471223e-03       5.051402e-02       3.761205e-03       1.642967e-02
      578000       7.016660e-03       2.609137e-04       3.447484e-03       5.945764e-02       4.302890e-03       1.610272e-02
      580000       6.892167e-03       1.364299e-04       3.331340e-03       4.586534e-02       3.994207e-03       1.608999e-02
      582000       6.985974e-03       2.031479e-04       3.390337e-03       3.986251e-02       3.737504e-03       1.609928e-02
      584000       7.216320e-03       1.235311e-04       3.447166e-03       4.805638e-02       4.396607e-03       1.671065e-02
      586000       7.163268e-03       2.162498e-04       3.421490e-03       5.525981e-02       3.298107e-03       1.644214e-02
      588000       7.209215e-03       1.299393e-04       3.389628e-03       6.991756e-02       4.238994e-03       1.682815e-02
      590000       7.270539e-03       1.261452e-04       3.469081e-03       4.776857e-02       4.628789e-03       1.616056e-02
      592000       7.073379e-03       1.474726e-04       3.475467e-03       5.081585e-02       4.484994e-03       1.692302e-02
      594000       7.098310e-03       6.857203e-05       3.402283e-03       4.992647e-02       4.800510e-03       1.680627e-02
      596000       6.960792e-03       2.559675e-04       3.391696e-03       4.718135e-02       5.209553e-03       1.630836e-02
      598000       7.246959e-03       1.244989e-04       3.439707e-03       5.534152e-02       4.208427e-03       1.649885e-02
      600000       7.413485e-03       5.411686e-05       3.524822e-03       4.863740e-02       4.559311e-03       1.601710e-02
      602000       7.106279e-03       7.362948e-05       3.377066e-03       4.892412e-02       4.709482e-03       1.642450e-02
      604000       7.060323e-03       1.907497e-04       3.390221e-03       4.554674e-02       5.535867e-03       1.661760e-02
      606000       7.441399e-03       8.390039e-05       3.472012e-03       4.328405e-02       5.650151e-03       1.681571e-02
      608000       6.895139e-03       2.346084e-05       3.433581e-03       4.749795e-02       3.696163e-03       1.669251e-02
      610000       7.281759e-03       1.365073e-04       3.503492e-03       5.675211e-02       4.797383e-03       1.624839e-02
      612000       6.934960e-03       6.382616e-05       3.354062e-03       5.906805e-02       4.019829e-03       1.612823e-02
      614000       7.192903e-03       4.583269e-05       3.407269e-03       6.774239e-02       4.191771e-03       1.653346e-02
      616000       7.241102e-03       2.329127e-04       3.447629e-03       4.756492e-02       4.630214e-03       1.666363e-02
      618000       7.125315e-03       2.432311e-04       3.446085e-03       5.072906e-02       4.254146e-03       1.646384e-02
      620000       7.158306e-03       1.141788e-04       3.478319e-03       5.529814e-02       4.663873e-03       1.652719e-02
      622000       6.873712e-03       1.678938e-04       3.382132e-03       4.726661e-02       4.775242e-03       1.643295e-02
      624000       7.206447e-03       1.543622e-04       3.486853e-03       4.705675e-02       5.269068e-03       1.589555e-02
      626000       7.131551e-03       2.135665e-04       3.429328e-03       4.796596e-02       3.800133e-03       1.626999e-02
      628000       7.413235e-03       2.597054e-04       3.486377e-03       5.101859e-02       3.463811e-03       1.555077e-02
      630000       7.102806e-03       1.408871e-04       3.436720e-03       5.654089e-02       4.827444e-03       1.673970e-02
      632000       6.884581e-03       2.649798e-04       3.393500e-03       5.780311e-02       5.382627e-03       1.644379e-02
      634000       7.059173e-03       8.560850e-05       3.358524e-03       4.732049e-02       3.033988e-03       1.638630e-02
      636000       7.073642e-03       6.897007e-05       3.394659e-03       4.312180e-02       4.847358e-03       1.600174e-02
      638000       7.397240e-03       1.865101e-04       3.525610e-03       4.510880e-02       4.907338e-03       1.660532e-02
      640000       7.104686e-03       1.427708e-04       3.431376e-03       3.938560e-02       4.173447e-03       1.599195e-02
      642000       7.132800e-03       2.000858e-04       3.420349e-03       5.297225e-02       5.048857e-03       1.704996e-02
      644000       7.132857e-03       8.530023e-05       3.435714e-03       5.088633e-02       4.970937e-03       1.724977e-02
      646000       6.937782e-03       1.155144e-04       3.371007e-03       4.552397e-02       5.571715e-03       1.674024e-02
      648000       6.814291e-03       1.008221e-04       3.395965e-03       4.941878e-02       5.328891e-03       1.675295e-02
      650000       7.151701e-03       3.663468e-05       3.506720e-03       5.272701e-02       3.745196e-03       1.652588e-02
      652000       7.086040e-03       1.409245e-04       3.425554e-03       4.187570e-02       4.552274e-03       1.692372e-02
      654000       7.008548e-03       1.054580e-04       3.410137e-03       4.703579e-02       5.184014e-03       1.652148e-02
      656000       7.190251e-03       1.036464e-04       3.422300e-03       4.603094e-02       3.692182e-03       1.604579e-02
      658000       7.076023e-03       1.742046e-04       3.456401e-03       5.778921e-02       4.810222e-03       1.687890e-02
      660000       7.156774e-03       3.290889e-04       3.424963e-03       4.863539e-02       3.506552e-03       1.651951e-02
      662000       7.237134e-03       8.228685e-05       3.518993e-03       4.729553e-02       3.777948e-03       1.621068e-02
      664000       7.201327e-03       9.910835e-05       3.511499e-03       5.755844e-02       5.542986e-03       1.621685e-02
      666000       7.143335e-03       2.140098e-04       3.477329e-03       4.471221e-02       2.458091e-03       1.698921e-02
      668000       6.987123e-03       2.379128e-04       3.357198e-03       4.328976e-02       4.246674e-03       1.626117e-02
      670000       7.054222e-03       1.112052e-04       3.414188e-03       4.520586e-02       3.741932e-03       1.669760e-02
      672000       7.231116e-03       1.949759e-04       3.478419e-03       4.950298e-02       3.280901e-03       1.669908e-02
      674000       7.153509e-03       1.442066e-04       3.410680e-03       6.019969e-02       3.785110e-03       1.663532e-02
      676000       7.107201e-03       7.560451e-05       3.414707e-03       4.306887e-02       4.031020e-03       1.630125e-02
      678000       6.814707e-03       2.019298e-04       3.382181e-03       5.326596e-02       4.118004e-03       1.644065e-02
      680000       7.208232e-03       8.151365e-05       3.438608e-03       4.002596e-02       4.941780e-03       1.618439e-02
      682000       7.306164e-03       7.541147e-05       3.427642e-03       5.848033e-02       4.181257e-03       1.555354e-02
      684000       7.207708e-03       1.524805e-04       3.391313e-03       4.526039e-02       5.073524e-03       1.657492e-02
      686000       7.282762e-03       2.162594e-04       3.467400e-03       4.833452e-02       5.425988e-03       1.653525e-02
      688000       6.661479e-03       6.092801e-05       3.251789e-03       5.100959e-02       4.948865e-03       1.642639e-02
      690000       7.037710e-03       1.266196e-04       3.403330e-03       4.589966e-02       4.813851e-03       1.612211e-02
      692000       6.732865e-03       1.833505e-04       3.268318e-03       6.173066e-02       3.091825e-03       1.674527e-02
      694000       6.770160e-03       7.802349e-05       3.331917e-03       5.715390e-02       4.791134e-03       1.641754e-02
      696000       6.634894e-03       3.614510e-05       3.259650e-03       4.868862e-02       3.983994e-03       1.675010e-02
      698000       7.189441e-03       2.965829e-04       3.481292e-03       4.814475e-02       3.399378e-03       1.685644e-02
      700000       7.205137e-03       2.150760e-04       3.353103e-03       4.924552e-02       5.003383e-03       1.671351e-02
      702000       7.457808e-03       1.775424e-04       3.546809e-03       5.506707e-02       4.097747e-03       1.593949e-02
      704000       7.324793e-03       2.122741e-04       3.476237e-03       4.614033e-02       3.610090e-03       1.675190e-02
      706000       7.080127e-03       1.177708e-04       3.380808e-03       4.185011e-02       5.292638e-03       1.600884e-02
      708000       7.113651e-03       1.666286e-04       3.455866e-03       4.657818e-02       4.305310e-03       1.566300e-02
      710000       7.340272e-03       2.536274e-04       3.527735e-03       5.000767e-02       5.371088e-03       1.588230e-02
      712000       7.246254e-03       8.927997e-05       3.403098e-03       4.786435e-02       4.775198e-03       1.606797e-02
      714000       7.302937e-03       2.464246e-04       3.502847e-03       4.203759e-02       3.430235e-03       1.600733e-02
      716000       7.099847e-03       2.744322e-04       3.441621e-03       4.921624e-02       3.712635e-03       1.629546e-02
      718000       7.046132e-03       1.689616e-04       3.438792e-03       4.680045e-02       4.574860e-03       1.618138e-02
      720000       6.917657e-03       5.692706e-05       3.375325e-03       4.689943e-02       5.009257e-03       1.630982e-02
      722000       7.091575e-03       2.396853e-04       3.437808e-03       4.064684e-02       5.238367e-03       1.675296e-02
      724000       7.063893e-03       9.698248e-05       3.374587e-03       4.677351e-02       4.194502e-03       1.670464e-02
      726000       7.083868e-03       1.679789e-04       3.380485e-03       5.770532e-02       4.146484e-03       1.715131e-02
      728000       6.999673e-03       1.984738e-04       3.429040e-03       5.016816e-02       4.198631e-03       1.662986e-02
      730000       6.736373e-03       1.748475e-04       3.347474e-03       4.371782e-02       4.325211e-03       1.636908e-02
      732000       7.070997e-03       7.070476e-05       3.430577e-03       4.619198e-02       4.063052e-03       1.587153e-02
      734000       7.157858e-03       1.106857e-04       3.552212e-03       5.898447e-02       4.497608e-03       1.621794e-02
      736000       7.110969e-03       8.178955e-05       3.451054e-03       5.718506e-02       4.821400e-03       1.633575e-02
      738000       7.388274e-03       8.677178e-05       3.564343e-03       4.129846e-02       4.173988e-03       1.642043e-02
      740000       6.934771e-03       8.692685e-05       3.301057e-03       4.122607e-02       4.786253e-03       1.576727e-02
      742000       7.190428e-03       2.057417e-04       3.430493e-03       5.494290e-02       4.987913e-03       1.634144e-02
      744000       7.261553e-03       2.785113e-05       3.506802e-03       5.251797e-02       4.097820e-03       1.633953e-02
      746000       6.815704e-03       2.632425e-04       3.364146e-03       4.829785e-02       4.545258e-03       1.682274e-02
      748000       7.189348e-03       1.741395e-04       3.414616e-03       3.832657e-02       4.043914e-03       1.625700e-02
      750000       7.162890e-03       1.066438e-04       3.458667e-03       4.720861e-02       5.534682e-03       1.667360e-02
      752000       7.083376e-03       8.438800e-05       3.419045e-03       4.871607e-02       4.900662e-03       1.632848e-02
      754000       7.133556e-03       6.771667e-05       3.465604e-03       4.668076e-02       5.254826e-03       1.630775e-02
      756000       7.087850e-03       8.070794e-05       3.437052e-03       4.800751e-02       4.247290e-03       1.673336e-02
      758000       6.963541e-03       2.135257e-04       3.380107e-03       4.920081e-02       3.743816e-03       1.634881e-02
      760000       7.354180e-03       3.358764e-04       3.491314e-03       4.637461e-02       3.832926e-03       1.607565e-02
      762000       6.956322e-03       1.668514e-04       3.397207e-03       5.179143e-02       5.212534e-03       1.633438e-02
      764000       7.147352e-03       2.460350e-04       3.441367e-03       6.552218e-02       4.612865e-03       1.599968e-02
      766000       7.086999e-03       1.653449e-04       3.390363e-03       4.546254e-02       4.129499e-03       1.627131e-02
      768000       7.087698e-03       1.015820e-04       3.430563e-03       4.622563e-02       4.390263e-03       1.604452e-02
      770000       7.129725e-03       1.371207e-04       3.467965e-03       4.879620e-02       3.587870e-03       1.666291e-02
      772000       7.105249e-03       1.392431e-04       3.383178e-03       5.789785e-02       4.634078e-03       1.626641e-02
      774000       7.191941e-03       9.584503e-05       3.482247e-03       5.132750e-02       3.632294e-03       1.603310e-02
      776000       7.018676e-03       2.181370e-04       3.408422e-03       5.554230e-02       5.105577e-03       1.624930e-02
      778000       7.082476e-03       1.569114e-04       3.500280e-03       4.403081e-02       3.388934e-03       1.631659e-02
      780000       6.977246e-03       8.231362e-05       3.354709e-03       4.237401e-02       3.691033e-03       1.646611e-02
      782000       7.050894e-03       6.040928e-05       3.360086e-03       4.762077e-02       4.878654e-03       1.727648e-02
      784000       7.020426e-03       1.519770e-04       3.435753e-03       5.778081e-02       4.625671e-03       1.684915e-02
      786000       7.406081e-03       2.308472e-04       3.585421e-03       4.621944e-02       3.871193e-03       1.623769e-02
      788000       7.122046e-03       2.022457e-04       3.469224e-03       4.629965e-02       3.889514e-03       1.638155e-02
      790000       7.228085e-03       1.935516e-04       3.524171e-03       4.384614e-02       4.444627e-03       1.664967e-02
      792000       6.840269e-03       4.069626e-05       3.364245e-03       5.083688e-02       4.537166e-03       1.632698e-02
      794000       7.182219e-03       1.718371e-04       3.417509e-03       6.950700e-02       4.962077e-03       1.609706e-02
      796000       7.313111e-03       1.252948e-04       3.453473e-03       4.948876e-02       4.743617e-03       1.577608e-02
      798000       6.985521e-03       1.689534e-04       3.351951e-03       4.843316e-02       4.670417e-03       1.616634e-02
      800000       6.975866e-03       1.484568e-04       3.338790e-03       4.224827e-02       3.550062e-03       1.588222e-02
      802000       7.004126e-03       2.776212e-04       3.330314e-03       3.901171e-02       5.091215e-03       1.611612e-02
      804000       6.825275e-03       1.696737e-04       3.373319e-03       6.140092e-02       4.787842e-03       1.653367e-02
      806000       7.163062e-03       9.025891e-05       3.426562e-03       5.146610e-02       5.095418e-03       1.607082e-02
      808000       7.288531e-03       1.829218e-04       3.429543e-03       5.363941e-02       4.385553e-03       1.613923e-02
      810000       7.090357e-03       1.163362e-04       3.440506e-03       6.529057e-02       4.234241e-03       1.610543e-02
      812000       6.928023e-03       1.533667e-05       3.323651e-03       5.653918e-02       3.607999e-03       1.636324e-02
      814000       7.003839e-03       1.190225e-04       3.343283e-03       4.775706e-02       4.286355e-03       1.621856e-02
      816000       7.423815e-03       1.102049e-04       3.525165e-03       4.061697e-02       4.046549e-03       1.626500e-02
      818000       7.017146e-03       1.479731e-04       3.360677e-03       5.587409e-02       4.304877e-03       1.593481e-02
      820000       6.923952e-03       2.468090e-04       3.358073e-03       5.196718e-02       4.417412e-03       1.661625e-02
      822000       6.957775e-03       1.362641e-04       3.372984e-03       4.683635e-02       4.070277e-03       1.557532e-02
      824000       7.315972e-03       2.878757e-04       3.460080e-03       4.711750e-02       3.967834e-03       1.645801e-02
      826000       7.051125e-03       1.076417e-04       3.421849e-03       4.555732e-02       3.718182e-03       1.643248e-02
      828000       7.094323e-03       1.831818e-04       3.410610e-03       5.037645e-02       5.265635e-03       1.618704e-02
      830000       6.859161e-03       1.298020e-04       3.227645e-03       4.812535e-02       4.509855e-03       1.630257e-02
      832000       7.072559e-03       8.672708e-05       3.389465e-03       4.728022e-02       4.467729e-03       1.562806e-02
      834000       7.182103e-03       5.706084e-05       3.419457e-03       6.153731e-02       3.439846e-03       1.634908e-02
      836000       7.124907e-03       1.526572e-04       3.410266e-03       4.704334e-02       3.745798e-03       1.625644e-02
      838000       7.284618e-03       2.263282e-04       3.424317e-03       4.244987e-02       4.505264e-03       1.678608e-02
      840000       6.702251e-03       5.318487e-05       3.340319e-03       6.030198e-02       4.888947e-03       1.643151e-02
      842000       7.223920e-03       1.831949e-04       3.499518e-03       4.088160e-02       5.136730e-03       1.623585e-02
      844000       6.938610e-03       1.719580e-04       3.327473e-03       5.710834e-02       4.885731e-03       1.630859e-02
      846000       7.210036e-03       1.564144e-04       3.482440e-03       5.680738e-02       4.012208e-03       1.651475e-02
      848000       7.473712e-03       5.259622e-05       3.566035e-03       5.074868e-02       4.008181e-03       1.637672e-02
      850000       7.309647e-03       5.528766e-05       3.471597e-03       4.146953e-02       4.673631e-03       1.603977e-02
      852000       7.237208e-03       2.783810e-04       3.478216e-03       3.928875e-02       4.445289e-03       1.531387e-02
      854000       7.160317e-03       1.456835e-04       3.474762e-03       4.113756e-02       4.379528e-03       1.594710e-02
      856000       7.150695e-03       1.944060e-04       3.417190e-03       4.482949e-02       4.308877e-03       1.618677e-02
      858000       7.131766e-03       1.057823e-04       3.451366e-03       4.855578e-02       3.542888e-03       1.614891e-02
      860000       6.870571e-03       9.587564e-05       3.325821e-03       5.023244e-02       4.490776e-03       1.650375e-02
      862000       6.747482e-03       2.203576e-04       3.311509e-03       5.160852e-02       4.683907e-03       1.654561e-02
      864000       6.942102e-03       1.968744e-04       3.422280e-03       4.633522e-02       4.001422e-03       1.647428e-02
      866000       7.009248e-03       4.171318e-04       3.475491e-03       5.863041e-02       2.834999e-03       1.639457e-02
      868000       6.827500e-03       1.803548e-04       3.325564e-03       4.772747e-02       3.797480e-03       1.639207e-02
      870000       6.891447e-03       2.784645e-04       3.303499e-03       5.826803e-02       4.619618e-03       1.602874e-02
      872000       7.179820e-03       1.062188e-04       3.453085e-03       4.816311e-02       4.649625e-03       1.645804e-02
      874000       6.837394e-03       1.156160e-04       3.285966e-03       4.871141e-02       5.325253e-03       1.611552e-02
      876000       7.000166e-03       2.113215e-04       3.398820e-03       5.277209e-02       4.492022e-03       1.536270e-02
      878000       6.778652e-03       1.259591e-04       3.338192e-03       5.719547e-02       5.255117e-03       1.675492e-02
      880000       6.950573e-03       1.044566e-04       3.421020e-03       4.944004e-02       3.889398e-03       1.667442e-02
      882000       7.340816e-03       2.062580e-05       3.526805e-03       6.628840e-02       5.550534e-03       1.639130e-02
      884000       7.021294e-03       1.233559e-04       3.462308e-03       4.426892e-02       3.261210e-03       1.659636e-02
      886000       6.928295e-03       2.000715e-04       3.344715e-03       4.240446e-02       4.732811e-03       1.643413e-02
      888000       7.218875e-03       1.478230e-04       3.444212e-03       6.303434e-02       4.611350e-03       1.636791e-02
      890000       7.432465e-03       1.558099e-04       3.525527e-03       4.619906e-02       4.215904e-03       1.645693e-02
      892000       6.834794e-03       2.088937e-04       3.289145e-03       7.062657e-02       3.531855e-03       1.632547e-02
      894000       6.847536e-03       8.951258e-05       3.466722e-03       5.459874e-02       5.503655e-03       1.641752e-02
      896000       7.058221e-03       8.714389e-05       3.443787e-03       4.806964e-02       3.234481e-03       1.652799e-02
      898000       7.058271e-03       8.114492e-05       3.438138e-03       4.651288e-02       4.828807e-03       1.647004e-02
      900000       7.271979e-03       1.646311e-04       3.484076e-03       6.013448e-02       4.854233e-03       1.590005e-02
      902000       7.204998e-03       1.098497e-04       3.379666e-03       5.768499e-02       4.246240e-03       1.634751e-02
      904000       6.951834e-03       1.380170e-04       3.313967e-03       4.575685e-02       4.784306e-03       1.587860e-02
      906000       6.922907e-03       1.404508e-04       3.386786e-03       5.301017e-02       4.801417e-03       1.591215e-02
      908000       6.899224e-03       1.020966e-04       3.380962e-03       4.862155e-02       4.213948e-03       1.662615e-02
      910000       7.215113e-03       1.184643e-04       3.416362e-03       5.460912e-02       4.001329e-03       1.659722e-02
      912000       6.899779e-03       2.157450e-04       3.356611e-03       4.755628e-02       4.294249e-03       1.660343e-02
      914000       6.972281e-03       7.039219e-05       3.458642e-03       7.936552e-02       4.513038e-03       1.721122e-02
      916000       7.097346e-03       2.951901e-04       3.453290e-03       5.430026e-02       4.194035e-03       1.684006e-02
      918000       6.992289e-03       2.288129e-04       3.430667e-03       4.488524e-02       4.561762e-03       1.691169e-02
      920000       6.981605e-03       2.119295e-04       3.400208e-03       4.519176e-02       3.775468e-03       1.628409e-02
      922000       6.992127e-03       1.375518e-04       3.395838e-03       4.546813e-02       4.178938e-03       1.638218e-02
      924000       7.167431e-03       1.433700e-04       3.423939e-03       4.666827e-02       4.431594e-03       1.712423e-02
      926000       7.261605e-03       1.019488e-04       3.474972e-03       7.461429e-02       4.759232e-03       1.638297e-02
      928000       6.861125e-03       9.827478e-05       3.387320e-03       4.982580e-02       4.729137e-03       1.708028e-02
      930000       7.171116e-03       1.247529e-04       3.471859e-03       5.221994e-02       3.960865e-03       1.642069e-02
      932000       6.857714e-03       1.514610e-04       3.339003e-03       5.020125e-02       4.580816e-03       1.644542e-02
      934000       7.159545e-03       2.106492e-04       3.449187e-03       3.967681e-02       3.851663e-03       1.606668e-02
      936000       7.198441e-03       2.107332e-04       3.437013e-03       4.304585e-02       5.073399e-03       1.651987e-02
      938000       7.365530e-03       6.020867e-05       3.502821e-03       4.431259e-02       3.693300e-03       1.601087e-02
      940000       7.086556e-03       2.156724e-04       3.434519e-03       4.262323e-02       4.462585e-03       1.628115e-02
      942000       6.935167e-03       1.518371e-04       3.382247e-03       5.646034e-02       2.989997e-03       1.607895e-02
      944000       7.210687e-03       2.159171e-04       3.480995e-03       4.362875e-02       3.335818e-03       1.546894e-02
      946000       7.295810e-03       3.218908e-04       3.444232e-03       4.039884e-02       4.824837e-03       1.633027e-02
      948000       7.175628e-03       2.984979e-05       3.423477e-03       4.173694e-02       4.941441e-03       1.551967e-02
      950000       6.874782e-03       1.356758e-04       3.340839e-03       4.498097e-02       5.167112e-03       1.640386e-02
      952000       7.407776e-03       9.021884e-05       3.489017e-03       5.233624e-02       4.892135e-03       1.643228e-02
      954000       7.315615e-03       1.435214e-04       3.514392e-03       5.673608e-02       4.127887e-03       1.554500e-02
      956000       6.962207e-03       1.717190e-04       3.421941e-03       4.846626e-02       4.463164e-03       1.649446e-02
      958000       7.005603e-03       1.732047e-04       3.401219e-03       4.092804e-02       4.586373e-03       1.597393e-02
      960000       7.389175e-03       2.646490e-04       3.514236e-03       6.716980e-02       3.376519e-03       1.615332e-02
      962000       6.876685e-03       1.820838e-04       3.347970e-03       5.876463e-02       4.933836e-03       1.622715e-02
      964000       6.966002e-03       1.624873e-04       3.396340e-03       4.940725e-02       3.652695e-03       1.590303e-02
      966000       7.294093e-03       3.435192e-04       3.495180e-03       4.407286e-02       4.351281e-03       1.661873e-02
      968000       6.982356e-03       1.017539e-04       3.418064e-03       4.778699e-02       5.152895e-03       1.682918e-02
      970000       6.898253e-03       8.399045e-05       3.356739e-03       4.580996e-02       4.913002e-03       1.665148e-02
      972000       7.012160e-03       1.399857e-04       3.426916e-03       6.934519e-02       5.353020e-03       1.689212e-02
      974000       6.870820e-03       3.077810e-04       3.298840e-03       6.849041e-02       4.745338e-03       1.605442e-02
      976000       6.698086e-03       2.127510e-04       3.293338e-03       5.442708e-02       5.264516e-03       1.653467e-02
      978000       7.138461e-03       2.179818e-04       3.447068e-03       4.679303e-02       3.001242e-03       1.621477e-02
      980000       6.990617e-03       2.074660e-04       3.439645e-03       4.426558e-02       5.185255e-03       1.682504e-02
      982000       7.091093e-03       9.564305e-05       3.418180e-03       6.321669e-02       4.859485e-03       1.608711e-02
      984000       7.086019e-03       1.504913e-04       3.458355e-03       4.321006e-02       4.980498e-03       1.599769e-02
      986000       6.890922e-03       1.969937e-04       3.336369e-03       5.289676e-02       3.799280e-03       1.664617e-02
      988000       7.394851e-03       1.598445e-04       3.461703e-03       5.091263e-02       3.544200e-03       1.638355e-02
      990000       6.844787e-03       1.022523e-04       3.319603e-03       5.081132e-02       5.188973e-03       1.651899e-02
      992000       7.104367e-03       2.036928e-04       3.400469e-03       4.494122e-02       5.052626e-03       1.589770e-02
      994000       7.010827e-03       1.513232e-04       3.414320e-03       6.466068e-02       4.871857e-03       1.708873e-02
      996000       6.989847e-03       1.063847e-04       3.450891e-03       5.675711e-02       4.129500e-03       1.666613e-02
      998000       6.837194e-03       2.192865e-04       3.362614e-03       5.182153e-02       3.864340e-03       1.626334e-02
     1000000       6.898141e-03       1.993079e-04       3.372968e-03       4.720906e-02       3.344894e-03       1.639298e-02
     1002000       7.104789e-03       1.403553e-04       3.453152e-03       5.283459e-02       4.556722e-03       1.679410e-02
     1004000       7.083505e-03       1.422107e-04       3.419239e-03       6.032790e-02       3.840336e-03       1.606410e-02
     1006000       7.173218e-03       1.980715e-04       3.452157e-03       5.070753e-02       4.382027e-03       1.638844e-02
     1008000       7.199204e-03       1.231796e-04       3.470290e-03       4.163225e-02       5.221401e-03       1.593260e-02
     1010000       6.985535e-03       1.837629e-04       3.452728e-03       4.164648e-02       4.477023e-03       1.627860e-02
     1012000       7.158149e-03       8.052220e-05       3.462280e-03       7.496978e-02       4.902389e-03       1.609070e-02
     1014000       6.735947e-03       2.618258e-04       3.319131e-03       4.628019e-02       3.414714e-03       1.653041e-02
     1016000       7.075449e-03       3.570836e-04       3.427694e-03       4.579858e-02       5.084674e-03       1.652492e-02
     1018000       6.870990e-03       2.705941e-04       3.358703e-03       5.559455e-02       4.016448e-03       1.696768e-02
     1020000       7.170057e-03       5.761620e-05       3.457810e-03       4.445463e-02       5.201433e-03       1.635351e-02
     1022000       7.005538e-03       8.193423e-05       3.367712e-03       4.990159e-02       3.443988e-03       1.616348e-02
     1024000       7.187888e-03       9.580386e-05       3.425362e-03       4.698353e-02       3.690908e-03       1.616814e-02
     1026000       7.064038e-03       9.884466e-05       3.461816e-03       5.017157e-02       4.253717e-03       1.639471e-02
     1028000       7.043882e-03       1.826080e-04       3.458575e-03       4.969197e-02       3.118103e-03       1.648100e-02
     1030000       7.316390e-03       9.624843e-05       3.504778e-03       4.777763e-02       4.267466e-03       1.587615e-02
     1032000       7.285122e-03       1.539044e-04       3.521999e-03       4.503629e-02       4.586135e-03       1.614356e-02
     1034000       7.277498e-03       1.591307e-04       3.468831e-03       6.346066e-02       3.386607e-03       1.621339e-02
     1036000       7.097066e-03       1.570744e-04       3.402362e-03       4.720878e-02       4.097354e-03       1.604933e-02
     1038000       7.569426e-03       1.457808e-04       3.628292e-03       4.643791e-02       4.703178e-03       1.633670e-02
     1040000       7.186104e-03       8.078225e-05       3.415451e-03       4.062265e-02       3.257307e-03       1.588343e-02
     1042000       6.813782e-03       1.258405e-04       3.371784e-03       4.210014e-02       4.338376e-03       1.609386e-02
     1044000       6.575455e-03       2.606989e-05       3.275655e-03       8.421376e-02       5.154994e-03       1.649094e-02
     1046000       7.181593e-03       1.731409e-04       3.468094e-03       5.047750e-02       4.162008e-03       1.685830e-02
     1048000       7.222958e-03       1.018810e-04       3.463325e-03       5.489107e-02       4.819496e-03       1.651492e-02
     1050000       7.472271e-03       9.718446e-05       3.532470e-03       5.033233e-02       5.419049e-03       1.661837e-02
     1052000       7.075213e-03       1.159955e-04       3.430281e-03       4.616598e-02       5.136026e-03       1.637031e-02
     1054000       6.725202e-03       8.097462e-05       3.250366e-03       4.842410e-02       4.746245e-03       1.585955e-02
     1056000       7.156429e-03       1.349823e-04       3.352479e-03       5.139240e-02       5.359356e-03       1.630563e-02
     1058000       6.995752e-03       1.800443e-04       3.346781e-03       5.298705e-02       4.428142e-03       1.643342e-02
     1060000       7.323287e-03       1.006899e-04       3.426983e-03       5.560983e-02       4.706971e-03       1.618006e-02
     1062000       7.236130e-03       1.407091e-04       3.495081e-03       4.638551e-02       3.565770e-03       1.561765e-02
     1064000       6.971768e-03       2.012515e-04       3.407748e-03       5.954728e-02       4.349578e-03       1.672493e-02
     1066000       7.505460e-03       1.332121e-04       3.501148e-03       4.888945e-02       4.330564e-03       1.599260e-02
     1068000       7.252116e-03       9.431340e-05       3.519225e-03       4.940127e-02       5.567460e-03       1.626468e-02
     1070000       7.363853e-03       1.271523e-04       3.489196e-03       5.719212e-02       5.347659e-03       1.633331e-02
     1072000       7.281334e-03       1.090902e-04       3.478736e-03       6.411850e-02       5.088841e-03       1.633163e-02
     1074000       7.059397e-03       3.804155e-04       3.378889e-03       4.698976e-02       3.571119e-03       1.641336e-02
     1076000       7.332559e-03       1.749131e-04       3.576556e-03       4.862693e-02       3.397197e-03       1.680022e-02
     1078000       7.161085e-03       3.375620e-04       3.578440e-03       4.833653e-02       4.461204e-03       1.676487e-02
     1080000       7.311013e-03       1.340503e-04       3.519714e-03       4.343772e-02       5.003366e-03       1.610132e-02
     1082000       7.206942e-03       1.559884e-04       3.464884e-03       5.157282e-02       2.574449e-03       1.589409e-02
     1084000       7.206468e-03       7.513994e-05       3.507556e-03       5.123506e-02       4.495814e-03       1.647894e-02
     1086000       6.977065e-03       9.364194e-05       3.418544e-03       5.037181e-02       5.068504e-03       1.594596e-02
     1088000       7.068821e-03       5.262345e-05       3.399954e-03       4.568170e-02       3.753733e-03       1.567376e-02
     1090000       7.296725e-03       1.172155e-04       3.527948e-03       4.441966e-02       4.153077e-03       1.656741e-02
     1092000       7.171198e-03       9.941574e-05       3.434182e-03       6.521685e-02       5.086093e-03       1.641435e-02
     1094000       7.435575e-03       1.625762e-04       3.520870e-03       5.802239e-02       4.604741e-03       1.679371e-02
     1096000       7.049686e-03       1.769975e-04       3.395000e-03       4.163656e-02       4.134105e-03       1.599697e-02
     1098000       7.114355e-03       7.732817e-05       3.517996e-03       4.717708e-02       3.886304e-03       1.640797e-02
     1100000       6.845091e-03       7.588277e-05       3.330328e-03       5.154653e-02       4.929793e-03       1.676361e-02
     1102000       6.994855e-03       1.805957e-04       3.385260e-03       4.471631e-02       4.200195e-03       1.684170e-02
     1104000       7.140095e-03       1.171647e-04       3.448347e-03       4.643668e-02       3.688840e-03       1.619618e-02
     1106000       7.266434e-03       2.261271e-04       3.468772e-03       4.269464e-02       5.225069e-03       1.741306e-02
     1108000       7.059431e-03       1.149769e-04       3.343862e-03       4.903015e-02       5.202424e-03       1.651882e-02
     1110000       7.344624e-03       1.387768e-04       3.554652e-03       4.466162e-02       4.503426e-03       1.612568e-02
     1112000       7.328544e-03       7.258708e-05       3.493986e-03       5.691539e-02       4.517598e-03       1.658550e-02
     1114000       7.350800e-03       7.995613e-05       3.561855e-03       4.576646e-02       5.030128e-03       1.705938e-02
     1116000       7.484764e-03       7.635477e-05       3.574611e-03       5.647872e-02       4.003891e-03       1.676103e-02
     1118000       7.066364e-03       3.787039e-05       3.435782e-03       6.680363e-02       3.999787e-03       1.649311e-02
     1120000       7.164750e-03       1.029632e-04       3.501653e-03       4.941589e-02       4.161591e-03       1.621214e-02
     1122000       6.950967e-03       1.862679e-04       3.392476e-03       5.560648e-02       4.338049e-03       1.578480e-02
     1124000       6.800422e-03       1.173788e-04       3.349846e-03       4.010759e-02       4.036544e-03       1.591898e-02
     1126000       7.496878e-03       1.317187e-04       3.567122e-03       5.130067e-02       4.760095e-03       1.619288e-02
     1128000       7.387476e-03       1.143585e-04       3.527510e-03       4.480541e-02       4.454360e-03       1.626669e-02
     1130000       7.266919e-03       2.608598e-04       3.501918e-03       6.214857e-02       3.748035e-03       1.661788e-02
     1132000       7.118015e-03       1.488837e-04       3.405698e-03       4.957815e-02       4.198529e-03       1.626087e-02
     1134000       7.287569e-03       1.701581e-04       3.534375e-03       4.135973e-02       4.218573e-03       1.604871e-02
     1136000       7.008049e-03       1.322220e-04       3.416554e-03       4.528437e-02       3.982272e-03       1.608659e-02
     1138000       6.986464e-03       1.717343e-04       3.378442e-03       5.104569e-02       3.698888e-03       1.589454e-02
     1140000       7.007793e-03       1.303401e-04       3.386005e-03       4.380744e-02       4.995506e-03       1.588924e-02
     1142000       7.005648e-03       2.185301e-04       3.398837e-03       4.389159e-02       3.792492e-03       1.620383e-02
     1144000       6.961706e-03       2.280487e-04       3.407717e-03       4.929125e-02       4.754750e-03       1.648216e-02
     1146000       7.172652e-03       1.002831e-04       3.462157e-03       5.423197e-02       4.305604e-03       1.651791e-02
     1148000       7.086994e-03       1.700766e-04       3.429920e-03       4.770597e-02       4.988353e-03       1.607035e-02
     1150000       6.838069e-03       1.384468e-04       3.405156e-03       4.221425e-02       4.988760e-03       1.675810e-02
     1152000       7.115172e-03       1.287239e-04       3.443128e-03       4.416693e-02       3.596209e-03       1.564959e-02
     1154000       7.162658e-03       2.905919e-04       3.429530e-03       4.445007e-02       2.556276e-03       1.605317e-02
     1156000       7.296791e-03       2.174531e-04       3.430086e-03       3.915859e-02       4.555007e-03       1.640082e-02
     1158000       6.845218e-03       1.951427e-04       3.346401e-03       4.793646e-02       4.859397e-03       1.658378e-02
     1160000       7.075380e-03       7.320478e-05       3.412163e-03       4.930870e-02       4.544065e-03       1.646181e-02
     1162000       7.065582e-03       2.546571e-04       3.444654e-03       4.063135e-02       4.378141e-03       1.614437e-02
     1164000       7.135702e-03       1.303966e-04       3.403133e-03       4.005368e-02       4.050926e-03       1.646619e-02
     1166000       7.154148e-03       2.055822e-04       3.398957e-03       5.672539e-02       4.702887e-03       1.602736e-02
     1168000       7.072774e-03       1.365120e-04       3.414897e-03       6.927314e-02       4.531927e-03       1.648138e-02
     1170000       7.327528e-03       1.468173e-04       3.482112e-03       4.457976e-02       2.486544e-03       1.599575e-02
     1172000       6.715416e-03       3.416702e-04       3.281867e-03       5.814926e-02       5.343486e-03       1.687546e-02
     1174000       6.981777e-03       1.168597e-04       3.359305e-03       4.430290e-02       4.777539e-03       1.577240e-02
     1176000       7.131794e-03       2.844107e-04       3.469978e-03       4.077212e-02       4.355125e-03       1.599065e-02
     1178000       6.923986e-03       2.573585e-04       3.411593e-03       7.341753e-02       5.029562e-03       1.609619e-02
     1180000       7.074744e-03       1.315610e-04       3.448021e-03       3.802947e-02       4.245848e-03       1.609966e-02
     1182000       7.073941e-03       2.635618e-04       3.447285e-03       4.561968e-02       4.070605e-03       1.607442e-02
     1184000       7.027802e-03       1.841446e-04       3.403821e-03       4.654471e-02       3.843656e-03       1.607394e-02
     1186000       6.968801e-03       2.647565e-04       3.389348e-03       4.705938e-02       4.465722e-03       1.654430e-02
     1188000       6.995210e-03       1.379861e-04       3.387602e-03       4.648869e-02       4.578882e-03       1.634714e-02
     1190000       6.730404e-03       2.785890e-04       3.288861e-03       4.670668e-02       3.617767e-03       1.625237e-02
     1192000       6.897295e-03       2.583869e-04       3.367532e-03       4.933247e-02       4.460725e-03       1.637960e-02
     1194000       7.117555e-03       2.174167e-04       3.406662e-03       4.225275e-02       3.735873e-03       1.616042e-02
     1196000       6.927577e-03       1.702215e-04       3.405958e-03       5.218469e-02       5.009320e-03       1.643310e-02
     1198000       6.845328e-03       1.849345e-04       3.361207e-03       5.093924e-02       4.960487e-03       1.608699e-02
     1200000       7.209870e-03       1.900721e-04       3.455731e-03       4.196696e-02       4.439768e-03       1.607909e-02
     1202000       6.809442e-03       2.409419e-04       3.281315e-03       8.459729e-02       5.044737e-03       1.711345e-02
     1204000       7.050834e-03       1.467590e-04       3.405538e-03       4.766485e-02       5.123929e-03       1.642228e-02
     1206000       7.174885e-03       4.833742e-05       3.380437e-03       5.617295e-02       3.696742e-03       1.664539e-02
     1208000       7.287379e-03       9.581624e-05       3.422093e-03       5.279552e-02       4.431494e-03       1.623945e-02
     1210000       7.313793e-03       1.942592e-04       3.462532e-03       5.148534e-02       5.020404e-03       1.662027e-02
     1212000       7.011343e-03       1.367015e-04       3.440730e-03       6.001435e-02       4.634925e-03       1.616116e-02
     1214000       7.332290e-03       8.636496e-05       3.511317e-03       5.056338e-02       4.719714e-03       1.665373e-02
     1216000       7.450129e-03       7.113210e-05       3.573412e-03       5.147906e-02       5.301405e-03       1.629693e-02
     1218000       6.955096e-03       1.462594e-04       3.338237e-03       4.984573e-02       4.922776e-03       1.614373e-02
     1220000       7.154426e-03       2.180928e-04       3.394699e-03       5.007590e-02       4.980904e-03       1.705118e-02
     1222000       7.139644e-03       2.515346e-04       3.409208e-03       4.642728e-02       5.048164e-03       1.626951e-02
     1224000       6.906200e-03       2.149757e-04       3.321112e-03       4.934030e-02       4.319019e-03       1.652541e-02
     1226000       7.265865e-03       2.919689e-04       3.498299e-03       5.117622e-02       3.879147e-03       1.682980e-02
     1228000       6.985273e-03       1.299556e-04       3.381965e-03       5.619117e-02       4.848779e-03       1.620885e-02
     1230000       6.737589e-03       7.691569e-05       3.328586e-03       4.289556e-02       4.768433e-03       1.598900e-02
     1232000       7.210527e-03       1.216656e-04       3.498530e-03       4.691738e-02       4.262778e-03       1.564746e-02
     1234000       6.968702e-03       7.070930e-05       3.421609e-03       5.034543e-02       4.739326e-03       1.648887e-02
     1236000       7.220247e-03       9.021461e-05       3.470642e-03       4.544618e-02       5.142908e-03       1.659072e-02
     1238000       7.034157e-03       2.159956e-04       3.351922e-03       4.694065e-02       4.391091e-03       1.648225e-02
     1240000       6.911045e-03       1.872939e-04       3.318313e-03       7.244069e-02       4.636126e-03       1.642830e-02
     1242000       7.096111e-03       1.601888e-04       3.436570e-03       4.712434e-02       3.962988e-03       1.669955e-02
     1244000       7.086727e-03       1.885591e-04       3.361907e-03       4.088886e-02       2.502808e-03       1.600237e-02
     1246000       6.928349e-03       4.963619e-05       3.362355e-03       5.163824e-02       4.564310e-03       1.631912e-02
     1248000       7.003450e-03       1.128169e-04       3.411822e-03       4.625229e-02       4.729191e-03       1.609694e-02
     1250000       7.178991e-03       2.344279e-04       3.379285e-03       5.040027e-02       3.946912e-03       1.623446e-02
     1252000       7.217831e-03       1.851449e-04       3.490082e-03       5.536344e-02       4.574724e-03       1.588819e-02
     1254000       7.049272e-03       1.576219e-04       3.432966e-03       5.484996e-02       4.697984e-03       1.688140e-02
     1256000       7.110408e-03       5.352426e-05       3.371035e-03       4.382214e-02       4.248115e-03       1.650676e-02
     1258000       7.255682e-03       1.875920e-04       3.425120e-03       5.846306e-02       3.986982e-03       1.631361e-02
     1260000       6.992683e-03       1.786151e-04       3.337999e-03       4.781009e-02       5.233030e-03       1.626620e-02
     1262000       6.831980e-03       7.805694e-05       3.329182e-03       4.348896e-02       4.385233e-03       1.577302e-02
     1264000       6.690859e-03       1.488977e-04       3.315513e-03       6.798450e-02       4.839838e-03       1.606674e-02
     1266000       7.118070e-03       2.387583e-04       3.463286e-03       4.894517e-02       4.914611e-03       1.640135e-02
     1268000       7.022044e-03       2.122153e-04       3.439948e-03       6.827811e-02       5.304979e-03       1.685393e-02
     1270000       6.955580e-03       2.962374e-04       3.457970e-03       4.305471e-02       2.894892e-03       1.755579e-02
     1272000       7.100539e-03       7.449644e-05       3.434577e-03       4.536903e-02       4.280726e-03       1.591477e-02
     1274000       7.098227e-03       2.478594e-04       3.370909e-03       5.013845e-02       5.290714e-03       1.599952e-02
     1276000       7.013464e-03       1.137454e-04       3.409230e-03       6.821222e-02       2.511888e-03       1.703028e-02
     1278000       6.958980e-03       3.539634e-04       3.324758e-03       4.336962e-02       4.228030e-03       1.651647e-02
     1280000       7.229595e-03       2.485889e-04       3.454304e-03       7.345914e-02       4.745592e-03       1.660060e-02
     1282000       7.029832e-03       1.350987e-04       3.481416e-03       7.584861e-02       5.263837e-03       1.665274e-02
     1284000       7.133681e-03       1.384477e-04       3.463836e-03       5.922526e-02       3.530409e-03       1.676213e-02
     1286000       7.019075e-03       1.575602e-04       3.353573e-03       4.640163e-02       4.781837e-03       1.652741e-02
     1288000       7.096750e-03       1.849065e-04       3.421574e-03       5.423947e-02       5.449294e-03       1.652711e-02
     1290000       7.022215e-03       1.208161e-04       3.397050e-03       4.733295e-02       4.903371e-03       1.661657e-02
     1292000       7.437170e-03       2.871163e-04       3.556274e-03       4.135200e-02       4.044951e-03       1.643116e-02
     1294000       7.179790e-03       1.713601e-04       3.464684e-03       4.622613e-02       3.891438e-03       1.614332e-02
     1296000       6.999136e-03       1.329575e-04       3.431304e-03       4.062286e-02       3.250632e-03       1.584228e-02
     1298000       6.880563e-03       2.168211e-04       3.323582e-03       4.274905e-02       4.054256e-03       1.663783e-02
     1300000       7.085469e-03       1.731239e-04       3.488350e-03       6.705528e-02       4.421211e-03       1.663959e-02
     1302000       6.924000e-03       1.338103e-04       3.375328e-03       4.866109e-02       4.491942e-03       1.642468e-02
     1304000       7.258831e-03       2.130747e-04       3.489160e-03       4.766642e-02       4.878179e-03       1.619974e-02
     1306000       7.287570e-03       2.474707e-04       3.458338e-03       5.234287e-02       3.879455e-03       1.630835e-02
     1308000       6.966765e-03       3.212997e-04       3.394850e-03       4.413709e-02       3.187075e-03       1.646168e-02
     1310000       6.930967e-03       2.905225e-04       3.418409e-03       4.730402e-02       4.644768e-03       1.734131e-02
     1312000       7.022273e-03       1.379542e-04       3.371507e-03       4.513718e-02       4.536329e-03       1.691072e-02
     1314000       7.408261e-03       1.802250e-04       3.507499e-03       4.779754e-02       5.226320e-03       1.643634e-02
     1316000       7.139588e-03       1.162953e-04       3.429365e-03       4.590039e-02       4.401909e-03       1.623418e-02
     1318000       7.069652e-03       1.027310e-04       3.436818e-03       5.793401e-02       5.206457e-03       1.672968e-02
     1320000       7.035900e-03       3.064626e-04       3.445848e-03       5.188410e-02       4.296640e-03       1.617104e-02
     1322000       6.724452e-03       1.867156e-04       3.335368e-03       4.696930e-02       3.665040e-03       1.604142e-02
     1324000       7.064909e-03       2.418184e-04       3.406345e-03       5.150329e-02       5.034572e-03       1.643583e-02
     1326000       7.064126e-03       1.014957e-04       3.447278e-03       4.057391e-02       4.484422e-03       1.591347e-02
     1328000       7.005452e-03       1.023247e-04       3.336168e-03       4.161095e-02       3.586009e-03       1.627544e-02
     1330000       7.057545e-03       1.696853e-04       3.404670e-03       4.724583e-02       4.372032e-03       1.576440e-02
     1332000       6.962190e-03       8.320254e-05       3.441816e-03       4.584865e-02       4.032190e-03       1.641896e-02
     1334000       6.886218e-03       1.203164e-04       3.337769e-03       4.420705e-02       3.708204e-03       1.618260e-02
     1336000       7.033292e-03       9.974538e-05       3.392343e-03       5.605580e-02       5.236126e-03       1.575358e-02
     1338000       7.089536e-03       1.292331e-04       3.462991e-03       4.797482e-02       3.974224e-03       1.682804e-02
     1340000       7.016424e-03       2.273143e-04       3.397716e-03       4.555716e-02       4.541043e-03       1.622616e-02
     1342000       7.225460e-03       1.637497e-04       3.463343e-03       5.351929e-02       4.437561e-03       1.612276e-02
     1344000       7.188848e-03       1.792435e-04       3.457378e-03       4.321033e-02       3.168809e-03       1.577670e-02
     1346000       7.087065e-03       1.743098e-04       3.456167e-03       4.672788e-02       4.180316e-03       1.600418e-02
     1348000       7.212058e-03       9.320965e-05       3.413669e-03       4.672466e-02       4.828171e-03       1.685119e-02
     1350000       7.081216e-03       8.957272e-05       3.446166e-03       5.388230e-02       5.039678e-03       1.680015e-02
     1352000       7.132645e-03       1.417498e-04       3.469599e-03       5.942659e-02       4.651494e-03       1.661708e-02
     1354000       7.251085e-03       2.366068e-04       3.479093e-03       5.965304e-02       5.347328e-03       1.606300e-02
     1356000       7.002548e-03       1.392355e-04       3.378910e-03       7.797441e-02       3.822774e-03       1.594101e-02
     1358000       6.909027e-03       1.802360e-04       3.411944e-03       4.678978e-02       3.167245e-03       1.653933e-02
     1360000       6.770158e-03       2.528967e-04       3.331996e-03       5.668907e-02       3.642317e-03       1.662596e-02
     1362000       7.040820e-03       1.625108e-04       3.345106e-03       5.656708e-02       4.494856e-03       1.610384e-02
     1364000       7.288440e-03       1.523908e-04       3.466862e-03       5.611016e-02       3.945990e-03       1.663112e-02
     1366000       7.128907e-03       1.607474e-04       3.406356e-03       4.471979e-02       4.160797e-03       1.606350e-02
     1368000       7.264570e-03       3.353073e-04       3.435803e-03       5.762112e-02       4.101109e-03       1.592855e-02
     1370000       6.744911e-03       1.479513e-04       3.313240e-03       4.246971e-02       4.073744e-03       1.606208e-02
     1372000       7.056536e-03       1.481981e-04       3.439148e-03       4.675971e-02       4.445769e-03       1.638380e-02
     1374000       7.073007e-03       1.140202e-04       3.453261e-03       4.071208e-02       3.325619e-03       1.639546e-02
     1376000       7.417842e-03       1.616632e-04       3.534396e-03       4.569537e-02       4.884245e-03       1.601048e-02
     1378000       7.381319e-03       1.078677e-04       3.519872e-03       6.001575e-02       4.877215e-03       1.633147e-02
     1380000       7.100662e-03       2.145990e-04       3.436103e-03       4.825989e-02       5.331891e-03       1.650478e-02
     1382000       7.084542e-03       8.574265e-05       3.431893e-03       5.584214e-02       4.591991e-03       1.638841e-02
     1384000       6.977713e-03       9.861769e-05       3.418201e-03       4.730841e-02       5.092164e-03       1.675073e-02
     1386000       7.371774e-03       1.490069e-04       3.494819e-03       4.304555e-02       4.482557e-03       1.601594e-02
     1388000       6.758611e-03       9.975715e-05       3.270086e-03       5.398357e-02       4.508212e-03       1.645830e-02
     1390000       6.673057e-03       1.080782e-04       3.265434e-03       4.487110e-02       4.983735e-03       1.585644e-02
     1392000       6.785828e-03       2.290001e-04       3.396762e-03       7.671268e-02       4.351693e-03       1.634609e-02
     1394000       7.130474e-03       9.761321e-05       3.348824e-03       4.233387e-02       3.872315e-03       1.606798e-02
     1396000       7.087007e-03       1.736946e-04       3.350178e-03       5.192268e-02       3.745625e-03       1.624122e-02
     1398000       6.810073e-03       3.518756e-04       3.287834e-03       5.854393e-02       4.085415e-03       1.652542e-02
     1400000       6.837275e-03       5.481371e-05       3.291621e-03       3.947229e-02       4.329758e-03       1.611916e-02
     1402000       7.195656e-03       2.316221e-04       3.463857e-03       5.620043e-02       5.085185e-03       1.620551e-02
     1404000       7.325592e-03       1.301422e-04       3.465728e-03       6.111387e-02       3.939409e-03       1.619358e-02
     1406000       7.132903e-03       1.397371e-04       3.457942e-03       4.053590e-02       3.667031e-03       1.584287e-02
     1408000       7.225974e-03       9.380285e-05       3.476281e-03       4.659469e-02       4.027567e-03       1.675239e-02
     1410000       6.902856e-03       1.770530e-04       3.337758e-03       4.088346e-02       4.048554e-03       1.625598e-02
     1412000       6.922794e-03       1.611902e-04       3.343433e-03       4.080662e-02       4.313143e-03       1.645569e-02
     1414000       7.428397e-03       1.320188e-04       3.455225e-03       4.370952e-02       4.266347e-03       1.628244e-02
     1416000       6.756081e-03       1.018167e-04       3.255146e-03       4.151751e-02       5.004773e-03       1.628432e-02
     1418000       6.800142e-03       1.295132e-04       3.303605e-03       4.704546e-02       3.510634e-03       1.666840e-02
     1420000       7.102419e-03       1.148273e-04       3.429855e-03       5.221031e-02       5.033606e-03       1.574687e-02
     1422000       6.812360e-03       1.468059e-04       3.301485e-03       5.760317e-02       3.946926e-03       1.635346e-02
     1424000       7.010960e-03       1.370557e-04       3.368845e-03       4.221264e-02       4.824728e-03       1.654534e-02
     1426000       6.944922e-03       1.365070e-04       3.375080e-03       4.294582e-02       5.074437e-03       1.637701e-02
     1428000       7.130942e-03       1.065160e-04       3.357735e-03       4.810819e-02       4.507529e-03       1.580085e-02
