#       step         max_devi_v         min_devi_v         avg_devi_v         max_devi_f         min_devi_f         avg_devi_f
           0       1.160120e-01       3.154684e-17       4.464980e-02       2.949334e-02       1.508626e-02       2.161947e-02
           0       1.157413e-01       1.839054e-17       4.545932e-02       3.416057e-02       1.162555e-02       2.014895e-02
        2000       9.252494e-02       2.466845e-04       3.333472e-02       1.208099e-01       1.319207e-02       3.903079e-02
        4000       9.198451e-02       2.809820e-04       3.284555e-02       1.244962e-01       9.422843e-03       3.939058e-02
        6000       9.303002e-02       3.917574e-04       3.349433e-02       1.153595e-01       1.237269e-02       3.878102e-02
        8000       9.196689e-02       2.168062e-04       3.308493e-02       2.369489e-01       9.689109e-03       3.981710e-02
       10000       9.396591e-02       1.624081e-04       3.381182e-02       2.239477e-01       9.681509e-03       4.035408e-02
       12000       9.308160e-02       3.578861e-04       3.356805e-02       3.508560e-01       1.101895e-02       4.092482e-02
       14000       9.285023e-02       4.701311e-04       3.338360e-02       3.358836e-01       9.084012e-03       4.089172e-02
       16000       9.523974e-02       5.060200e-04       3.404652e-02       3.011173e-01       8.909658e-03       3.993161e-02
       18000       9.195198e-02       8.535290e-05       3.293908e-02       1.534474e-01       8.134558e-03       3.957490e-02
       20000       9.397981e-02       2.426923e-04       3.362951e-02       9.715139e-02       1.178935e-02       3.856510e-02
       22000       9.149840e-02       2.358591e-04       3.289346e-02       2.742802e-01       8.330546e-03       4.000703e-02
       24000       9.538082e-02       3.911135e-04       3.431994e-02       1.664227e-01       1.395532e-02       3.960474e-02
       26000       9.340075e-02       1.962653e-04       3.349534e-02       1.320749e-01       1.164608e-02       3.911033e-02
       28000       9.105994e-02       3.265592e-04       3.302574e-02       2.214276e-01       1.179141e-02       4.007201e-02
       30000       9.714022e-02       3.293017e-04       3.492246e-02       1.315998e-01       1.047952e-02       3.976935e-02
       32000       9.179027e-02       3.739435e-04       3.297531e-02       1.633242e-01       1.107839e-02       3.959516e-02
       34000       9.323419e-02       4.814586e-04       3.358193e-02       1.965529e-01       1.200480e-02       3.964277e-02
       36000       9.537251e-02       5.558107e-05       3.435310e-02       1.433389e-01       9.089903e-03       3.855336e-02
       38000       9.362184e-02       4.329349e-04       3.373716e-02       1.318744e-01       1.118480e-02       3.986347e-02
       40000       9.290115e-02       5.582302e-04       3.341611e-02       2.514680e-01       1.033600e-02       4.048257e-02
       42000       9.408760e-02       5.131127e-04       3.368679e-02       1.488424e-01       9.944155e-03       3.980757e-02
       44000       9.256376e-02       1.752855e-04       3.330767e-02       1.611107e-01       1.181717e-02       3.876146e-02
       46000       9.395742e-02       3.484845e-04       3.373550e-02       1.026213e-01       9.213435e-03       3.795777e-02
       48000       9.412222e-02       2.864138e-04       3.392526e-02       2.612521e-01       7.903402e-03       3.990328e-02
       50000       9.429680e-02       4.571737e-04       3.391178e-02       9.015257e-02       1.108591e-02       3.901305e-02
       52000       9.456406e-02       3.479007e-04       3.413867e-02       2.060927e-01       1.174152e-02       3.861823e-02
       54000       9.418057e-02       3.221314e-04       3.387075e-02       2.530822e-01       1.216720e-02       4.056467e-02
       56000       9.495665e-02       5.728240e-04       3.413435e-02       1.472085e-01       1.111409e-02       3.935337e-02
       58000       9.263472e-02       5.672411e-04       3.321547e-02       1.151087e-01       1.162929e-02       4.033167e-02
       60000       9.478024e-02       2.284127e-04       3.381693e-02       1.225637e-01       1.226623e-02       3.924451e-02
       62000       9.072484e-02       3.363268e-04       3.259217e-02       1.971114e-01       1.328383e-02       4.094174e-02
       64000       9.124596e-02       4.191725e-04       3.272166e-02       1.928006e-01       9.907566e-03       3.989180e-02
       66000       9.202114e-02       3.157899e-04       3.279376e-02       9.629094e-02       6.244838e-03       3.947854e-02
       68000       9.249151e-02       8.493651e-04       3.314388e-02       1.188238e-01       1.172101e-02       3.924609e-02
       70000       9.475823e-02       2.863830e-04       3.395444e-02       1.455251e-01       1.090927e-02       3.888690e-02
       72000       9.169752e-02       2.947897e-04       3.287529e-02       1.795682e-01       1.194091e-02       4.075824e-02
       74000       9.281452e-02       2.294399e-04       3.325495e-02       1.447255e-01       1.005777e-02       3.934185e-02
       76000       9.317905e-02       4.289863e-04       3.356854e-02       2.448128e-01       1.312529e-02       4.023342e-02
       78000       9.420177e-02       3.465290e-04       3.397293e-02       2.168120e-01       1.245060e-02       4.112745e-02
       80000       9.531503e-02       1.127580e-04       3.425842e-02       1.600591e-01       7.857669e-03       3.939709e-02
       82000       9.288266e-02       2.997456e-04       3.363895e-02       2.577555e-01       7.770564e-03       3.949315e-02
       84000       9.361289e-02       2.969066e-04       3.359633e-02       1.428533e-01       1.099078e-02       3.913172e-02
       86000       9.214609e-02       1.869835e-04       3.319336e-02       1.847616e-01       8.995314e-03       3.873253e-02
       88000       9.318184e-02       3.051786e-04       3.335021e-02       1.268875e-01       1.064864e-02       3.871551e-02
       90000       9.277302e-02       2.720192e-04       3.344118e-02       9.512880e-02       1.201556e-02       3.768689e-02
       92000       9.283309e-02       3.904036e-04       3.346565e-02       2.723306e-01       9.992434e-03       4.007495e-02
       94000       9.274923e-02       4.386426e-04       3.348516e-02       2.008957e-01       1.151731e-02       3.983495e-02
       96000       9.511264e-02       2.996511e-04       3.416319e-02       9.406837e-02       1.012582e-02       3.898673e-02
       98000       9.207219e-02       4.620017e-04       3.322036e-02       2.113044e-01       1.200863e-02       3.952844e-02
      100000       9.368082e-02       2.984277e-04       3.358449e-02       1.793695e-01       1.216394e-02       3.909682e-02
      102000       9.287774e-02       2.913461e-04       3.337520e-02       1.612736e-01       9.074753e-03       3.838238e-02
      104000       9.327919e-02       3.582543e-04       3.337452e-02       1.046783e-01       1.148676e-02       3.805041e-02
      106000       9.234601e-02       2.818511e-04       3.310029e-02       2.153683e-01       9.328911e-03       3.954898e-02
      108000       9.241153e-02       4.346813e-04       3.309369e-02       1.391507e-01       1.170696e-02       3.935578e-02
      110000       9.566642e-02       2.450944e-04       3.432078e-02       4.276744e-01       1.048957e-02       3.887245e-02
      112000       9.200108e-02       6.599107e-04       3.312419e-02       2.703334e-01       1.172902e-02       3.955617e-02
      114000       9.488161e-02       6.085047e-04       3.406211e-02       2.243846e-01       1.188775e-02       3.994556e-02
      116000       9.404417e-02       1.718569e-04       3.395991e-02       2.145305e-01       1.256652e-02       3.926555e-02
      118000       9.406424e-02       1.079031e-04       3.393903e-02       1.703965e-01       9.930563e-03       3.956749e-02
      120000       9.372497e-02       1.407919e-04       3.382783e-02       1.979215e-01       1.101173e-02       4.008860e-02
      122000       9.343029e-02       2.050473e-04       3.363337e-02       2.537156e-01       1.164305e-02       4.084811e-02
      124000       9.450741e-02       1.733882e-04       3.405558e-02       1.124557e-01       7.011687e-03       3.940898e-02
      126000       9.224060e-02       3.318707e-04       3.321609e-02       1.256671e-01       1.271368e-02       3.977910e-02
      128000       9.468048e-02       8.351686e-05       3.390808e-02       1.193176e-01       1.284388e-02       4.009949e-02
      130000       9.176130e-02       3.192583e-04       3.295415e-02       1.990519e-01       7.566531e-03       3.931063e-02
      132000       9.378784e-02       1.291940e-04       3.346161e-02       1.236623e-01       8.464125e-03       3.894175e-02
      134000       9.436605e-02       2.843578e-04       3.374457e-02       1.411568e-01       1.041419e-02       3.943710e-02
      136000       9.264496e-02       3.510684e-04       3.345994e-02       1.172766e-01       1.027339e-02       3.953609e-02
      138000       9.602677e-02       6.044989e-04       3.443325e-02       1.303487e-01       1.150306e-02       3.945915e-02
      140000       9.361221e-02       4.356336e-04       3.346598e-02       1.262731e-01       1.314572e-02       3.949325e-02
      142000       9.488291e-02       5.584356e-04       3.406446e-02       1.029651e-01       8.836291e-03       3.910416e-02
      144000       9.272512e-02       6.591553e-04       3.330864e-02       1.731334e-01       1.294481e-02       4.070254e-02
      146000       9.233033e-02       3.906872e-04       3.317029e-02       1.971597e-01       8.130305e-03       3.878192e-02
      148000       9.309946e-02       2.213036e-04       3.348792e-02       1.165052e-01       1.168023e-02       3.896879e-02
      150000       9.419148e-02       2.883809e-04       3.368070e-02       9.991669e-02       9.367672e-03       3.896937e-02
      152000       9.169524e-02       4.111574e-04       3.301743e-02       1.873541e-01       1.103568e-02       3.871714e-02
      154000       9.270815e-02       2.779019e-04       3.315277e-02       9.429459e-02       9.469026e-03       3.880599e-02
      156000       9.274665e-02       4.479106e-04       3.324232e-02       2.802649e-01       1.181024e-02       3.811246e-02
      158000       9.091598e-02       3.797671e-04       3.251747e-02       2.367472e-01       1.363165e-02       4.006882e-02
      160000       9.365108e-02       1.561161e-04       3.349416e-02       1.090876e-01       1.143981e-02       3.800434e-02
      162000       9.602949e-02       9.091387e-05       3.439465e-02       2.631425e-01       1.128250e-02       3.919647e-02
      164000       9.292522e-02       1.940534e-04       3.353932e-02       1.381769e-01       1.042731e-02       3.968711e-02
      166000       9.366114e-02       4.676538e-04       3.346718e-02       2.808791e-01       1.312583e-02       3.989411e-02
      168000       9.169534e-02       3.751276e-04       3.276628e-02       1.268411e-01       9.390019e-03       4.025306e-02
      170000       9.361258e-02       3.568129e-04       3.351972e-02       1.215415e-01       1.089165e-02       3.970516e-02
      172000       9.556874e-02       1.633157e-04       3.464915e-02       2.327921e-01       1.152916e-02       3.897693e-02
      174000       9.266957e-02       3.273235e-04       3.357674e-02       9.460305e-02       1.078380e-02       3.924429e-02
      176000       9.349549e-02       9.347699e-05       3.378323e-02       1.670286e-01       6.889054e-03       3.808487e-02
      178000       9.438683e-02       2.231386e-04       3.397066e-02       1.997727e-01       1.082949e-02       3.985590e-02
      180000       9.407242e-02       2.366149e-04       3.387922e-02       1.773670e-01       8.818131e-03       4.064327e-02
      182000       9.285973e-02       2.752166e-04       3.342397e-02       1.425714e-01       5.244404e-03       4.025654e-02
      184000       9.272524e-02       3.513332e-04       3.341402e-02       1.307875e-01       9.947331e-03       3.806532e-02
      186000       9.124454e-02       5.189706e-04       3.270490e-02       9.914002e-02       8.813113e-03       3.961651e-02
      188000       9.673542e-02       4.171046e-04       3.452820e-02       1.114375e-01       1.091947e-02       3.875557e-02
      190000       9.345058e-02       2.714982e-04       3.362606e-02       2.871350e-01       9.913820e-03       4.044761e-02
      192000       9.344636e-02       1.950245e-04       3.359011e-02       1.815473e-01       1.239013e-02       4.026886e-02
      194000       9.543858e-02       1.916288e-04       3.438150e-02       9.139091e-02       1.070218e-02       3.780665e-02
      196000       9.200238e-02       2.893050e-04       3.330196e-02       1.964972e-01       1.233209e-02       3.898125e-02
      198000       9.348926e-02       3.960552e-04       3.355993e-02       1.973227e-01       7.383313e-03       3.905315e-02
      200000       9.242415e-02       3.718080e-04       3.318398e-02       9.871267e-02       8.141638e-03       3.777214e-02
      202000       9.438837e-02       3.428518e-04       3.372636e-02       1.221475e-01       1.114197e-02       3.972411e-02
      204000       9.281955e-02       3.705100e-04       3.315553e-02       1.768690e-01       9.993615e-03       3.912737e-02
      206000       9.216067e-02       1.544797e-04       3.318054e-02       1.631605e-01       1.310312e-02       3.983259e-02
      208000       9.459151e-02       4.858649e-04       3.389051e-02       1.476073e-01       1.062379e-02       3.867911e-02
      210000       9.273619e-02       1.931541e-04       3.330628e-02       2.607850e-01       9.311448e-03       3.978046e-02
      212000       9.435983e-02       1.527208e-04       3.392983e-02       1.376102e-01       1.334246e-02       3.908538e-02
      214000       9.355271e-02       3.439718e-04       3.360641e-02       1.091960e-01       1.083438e-02       4.016441e-02
      216000       9.206647e-02       3.792689e-04       3.309606e-02       2.402650e-01       9.688873e-03       4.009189e-02
      218000       9.730761e-02       5.759320e-04       3.488087e-02       1.462957e-01       1.092989e-02       4.001644e-02
      220000       9.122183e-02       1.020993e-04       3.304897e-02       2.808281e-01       1.164920e-02       3.973296e-02
      222000       9.304831e-02       1.897305e-04       3.341074e-02       2.114305e-01       9.745843e-03       3.880443e-02
      224000       9.245928e-02       4.081942e-04       3.306049e-02       1.561747e-01       1.003010e-02       3.947047e-02
      226000       9.445282e-02       1.250853e-04       3.384530e-02       1.304574e-01       7.905825e-03       3.893315e-02
      228000       9.269117e-02       2.526129e-04       3.303713e-02       1.072747e-01       1.074965e-02       3.983823e-02
      230000       9.295249e-02       2.707876e-04       3.326678e-02       2.540540e-01       1.241864e-02       4.013079e-02
      232000       9.275471e-02       3.923259e-04       3.326489e-02       1.234824e-01       1.026005e-02       3.877630e-02
      234000       9.199775e-02       6.450368e-04       3.314873e-02       2.483111e-01       1.294753e-02       3.954194e-02
      236000       9.391594e-02       2.725946e-04       3.396579e-02       2.927376e-01       1.080669e-02       3.958035e-02
      238000       9.461309e-02       1.205364e-04       3.408138e-02       3.801408e-01       1.174497e-02       4.078708e-02
      240000       9.117360e-02       5.490130e-04       3.294408e-02       1.680068e-01       1.136752e-02       3.962477e-02
      242000       9.320349e-02       3.534603e-04       3.337233e-02       1.080995e-01       1.149558e-02       3.896517e-02
      244000       9.190829e-02       4.037294e-04       3.313062e-02       1.264924e-01       1.120119e-02       3.910459e-02
      246000       9.229583e-02       3.653846e-04       3.318341e-02       1.171293e-01       1.065044e-02       3.920130e-02
      248000       9.346825e-02       2.994070e-04       3.335039e-02       1.000054e-01       7.129491e-03       3.954611e-02
      250000       9.439401e-02       4.716375e-04       3.378657e-02       1.888895e-01       1.109143e-02       3.906156e-02
      252000       9.226591e-02       1.305249e-04       3.330176e-02       1.745677e-01       1.099884e-02       3.981164e-02
      254000       9.415845e-02       2.247165e-04       3.382744e-02       1.469126e-01       1.131308e-02       3.859734e-02
      256000       9.212273e-02       1.080035e-04       3.299424e-02       1.467285e-01       1.234163e-02       4.014847e-02
      258000       9.158792e-02       9.293659e-05       3.280611e-02       1.163418e-01       9.866461e-03       4.013368e-02
      260000       9.208951e-02       3.194924e-04       3.290789e-02       3.223190e-01       1.159117e-02       3.840543e-02
      262000       9.383250e-02       5.312275e-04       3.334651e-02       2.657739e-01       1.257820e-02       3.975270e-02
      264000       9.110943e-02       4.602005e-04       3.259748e-02       1.115019e-01       1.044307e-02       3.934078e-02
      266000       9.232298e-02       3.144333e-04       3.324690e-02       2.345681e-01       1.092059e-02       3.705511e-02
      268000       9.132457e-02       5.268304e-04       3.286662e-02       1.227371e-01       1.140657e-02       3.903694e-02
      270000       9.299794e-02       1.058708e-03       3.341631e-02       1.277875e-01       9.658795e-03       3.889573e-02
      272000       9.372654e-02       2.098880e-04       3.369908e-02       1.883273e-01       1.182891e-02       4.078743e-02
      274000       9.530726e-02       3.687036e-04       3.428247e-02       1.049275e-01       1.197841e-02       3.997696e-02
      276000       9.204266e-02       2.634577e-04       3.322273e-02       1.192904e-01       9.800873e-03       4.066795e-02
      278000       9.383276e-02       2.977250e-04       3.374217e-02       1.087931e-01       1.034974e-02       3.950650e-02
      280000       9.248454e-02       3.474573e-04       3.333350e-02       1.336455e-01       9.292324e-03       3.948035e-02
      282000       9.357267e-02       5.509428e-04       3.359535e-02       1.140708e-01       9.752793e-03       3.907317e-02
      284000       9.251165e-02       6.163292e-04       3.326337e-02       2.311079e-01       1.145043e-02       3.963739e-02
      286000       9.132858e-02       3.109435e-04       3.278775e-02       1.230270e-01       7.142280e-03       3.883670e-02
      288000       9.199125e-02       4.155560e-04       3.290053e-02       1.536423e-01       1.144668e-02       3.897635e-02
      290000       9.232794e-02       1.801642e-04       3.295207e-02       1.620371e-01       1.085225e-02       3.953223e-02
      292000       9.209257e-02       4.807677e-04       3.281771e-02       1.139525e-01       1.187219e-02       3.954036e-02
      294000       9.309531e-02       2.229941e-04       3.342390e-02       1.329124e-01       1.265829e-02       3.928482e-02
      296000       9.314698e-02       3.130798e-04       3.335707e-02       1.219243e-01       8.670949e-03       3.871173e-02
      298000       9.402033e-02       1.667640e-04       3.391421e-02       1.588550e-01       1.283260e-02       3.869628e-02
      300000       9.410318e-02       2.418159e-04       3.390552e-02       1.443649e-01       1.139591e-02       3.965839e-02
      302000       9.330362e-02       1.281491e-04       3.362009e-02       1.220835e-01       1.378889e-02       3.976094e-02
      304000       9.206154e-02       3.284358e-04       3.300123e-02       1.626626e-01       1.147414e-02       3.873852e-02
      306000       9.346565e-02       2.999326e-04       3.362454e-02       1.331093e-01       1.100591e-02       3.825015e-02
      308000       9.590275e-02       3.556533e-04       3.450096e-02       2.729546e-01       1.246537e-02       3.923341e-02
      310000       9.325966e-02       2.758040e-04       3.358060e-02       2.304436e-01       1.463656e-02       3.960668e-02
      312000       9.323493e-02       3.475132e-04       3.356393e-02       1.050428e-01       8.887615e-03       3.867566e-02
      314000       9.483396e-02       8.530609e-04       3.408589e-02       1.086781e-01       1.089014e-02       3.948921e-02
      316000       9.382060e-02       3.210745e-04       3.370137e-02       2.731764e-01       1.039005e-02       4.148761e-02
      318000       9.437023e-02       7.437901e-04       3.393112e-02       2.203877e-01       1.289262e-02       3.940899e-02
      320000       9.121806e-02       2.144262e-04       3.282437e-02       1.211224e-01       1.193956e-02       3.989707e-02
      322000       9.381151e-02       3.259282e-04       3.360965e-02       1.547147e-01       1.119565e-02       3.904704e-02
      324000       9.085707e-02       2.939269e-04       3.276938e-02       1.745890e-01       9.387303e-03       3.971370e-02
      326000       9.351370e-02       4.378844e-04       3.356362e-02       2.131157e-01       9.436563e-03       3.908655e-02
      328000       9.316764e-02       5.832471e-04       3.355154e-02       3.525213e-01       1.255357e-02       4.069826e-02
      330000       9.455476e-02       3.794502e-04       3.395071e-02       1.737155e-01       8.771816e-03       3.934612e-02
      332000       9.477470e-02       5.024010e-04       3.392764e-02       1.396998e-01       9.808189e-03       3.995560e-02
      334000       9.248537e-02       2.036289e-04       3.323565e-02       2.340265e-01       1.133195e-02       3.995228e-02
      336000       9.370244e-02       3.742644e-04       3.336528e-02       1.914309e-01       8.206061e-03       3.904096e-02
      338000       9.298951e-02       3.014364e-04       3.340185e-02       1.194640e-01       9.338813e-03       3.931980e-02
      340000       9.172817e-02       1.379447e-04       3.287043e-02       2.644127e-01       1.163120e-02       4.063792e-02
      342000       9.380274e-02       3.255406e-04       3.354548e-02       2.029467e-01       1.021826e-02       3.902859e-02
      344000       9.469274e-02       3.721453e-04       3.387472e-02       1.094735e-01       1.124494e-02       3.817523e-02
      346000       9.184364e-02       5.588187e-04       3.308202e-02       1.145291e-01       1.316757e-02       3.823254e-02
      348000       9.396421e-02       2.528005e-04       3.366369e-02       1.133044e-01       1.184941e-02       3.846810e-02
      350000       9.404547e-02       3.350604e-04       3.378750e-02       1.554123e-01       1.169333e-02       3.977337e-02
      352000       9.209424e-02       8.202790e-05       3.310890e-02       2.311704e-01       1.003485e-02       4.023945e-02
      354000       9.757030e-02       3.569737e-04       3.517212e-02       1.903761e-01       5.500079e-03       3.896123e-02
      356000       9.276693e-02       9.905494e-05       3.339052e-02       1.950832e-01       8.955036e-03       3.907758e-02
      358000       9.229307e-02       3.735035e-04       3.319129e-02       2.550989e-01       9.757471e-03       3.977032e-02
      360000       9.511799e-02       2.900564e-04       3.412706e-02       1.151194e-01       1.269557e-02       3.928319e-02
      362000       9.198205e-02       3.325300e-04       3.323022e-02       1.817594e-01       9.745896e-03       4.007329e-02
      364000       9.476299e-02       6.681553e-04       3.406340e-02       2.011281e-01       1.164314e-02       3.900237e-02
      366000       9.108099e-02       2.308505e-04       3.292271e-02       3.130950e-01       1.046877e-02       3.946052e-02
      368000       9.440808e-02       2.314463e-04       3.388320e-02       1.195729e-01       1.025101e-02       3.872588e-02
      370000       9.260745e-02       4.338252e-04       3.316641e-02       1.586201e-01       9.501139e-03       3.966734e-02
      372000       9.218198e-02       1.467562e-04       3.323783e-02       1.171996e-01       1.269974e-02       3.917748e-02
      374000       9.373116e-02       1.815024e-04       3.371022e-02       1.933702e-01       1.253375e-02       3.909638e-02
      376000       9.403190e-02       2.330254e-04       3.364652e-02       1.499771e-01       1.125897e-02       3.952724e-02
      378000       9.319473e-02       4.049000e-04       3.323127e-02       1.139169e-01       8.466815e-03       3.902128e-02
      380000       9.235687e-02       4.976574e-04       3.319591e-02       1.198785e-01       9.942873e-03       3.868961e-02
      382000       9.441680e-02       3.659384e-04       3.368541e-02       1.435381e-01       1.021839e-02       3.842431e-02
      384000       9.230374e-02       6.848166e-04       3.323434e-02       2.162388e-01       9.278602e-03       3.992057e-02
      386000       9.372327e-02       2.103604e-04       3.357842e-02       1.823543e-01       1.158016e-02       3.918018e-02
      388000       9.268161e-02       4.003458e-04       3.348067e-02       3.633772e-01       1.137696e-02       3.939018e-02
      390000       9.318863e-02       3.207715e-04       3.349843e-02       2.554437e-01       8.713303e-03       3.935726e-02
      392000       9.284087e-02       6.169746e-04       3.353264e-02       1.044131e-01       8.828226e-03       3.691939e-02
      394000       9.072517e-02       1.465608e-04       3.256932e-02       1.393252e-01       8.620488e-03       3.930860e-02
      396000       9.503429e-02       1.871398e-04       3.413059e-02       9.732416e-02       8.438611e-03       3.735905e-02
      398000       9.264286e-02       3.290630e-04       3.313962e-02       9.651886e-02       1.232885e-02       3.843447e-02
      400000       9.271103e-02       2.359397e-04       3.332479e-02       1.600628e-01       8.968001e-03       3.930545e-02
      402000       9.415669e-02       2.986208e-04       3.393708e-02       1.518547e-01       8.125508e-03       3.987734e-02
      404000       9.548552e-02       3.445791e-04       3.465515e-02       3.077863e-01       8.821899e-03       3.942739e-02
      406000       9.193430e-02       1.043401e-04       3.313580e-02       1.095419e-01       1.283659e-02       3.866671e-02
      408000       9.569556e-02       1.655074e-04       3.434630e-02       1.726960e-01       9.953483e-03       3.976316e-02
      410000       9.310824e-02       5.306525e-04       3.345864e-02       1.049652e-01       1.212737e-02       3.843804e-02
      412000       9.138410e-02       2.482083e-04       3.275482e-02       1.673187e-01       1.187338e-02       4.052353e-02
      414000       9.443453e-02       4.579361e-04       3.375925e-02       9.732433e-02       7.063107e-03       3.883391e-02
      416000       9.323106e-02       3.447512e-04       3.352731e-02       1.152019e-01       1.117919e-02       3.901021e-02
      418000       9.345827e-02       4.940913e-04       3.356351e-02       1.140054e-01       9.998205e-03       3.943267e-02
      420000       9.094986e-02       6.596412e-04       3.276089e-02       1.511458e-01       8.764519e-03       3.930835e-02
      422000       9.277606e-02       3.758098e-04       3.313433e-02       1.200743e-01       1.113757e-02       3.935838e-02
      424000       9.251722e-02       2.105359e-04       3.312442e-02       1.506843e-01       1.112542e-02       3.971381e-02
      426000       9.239140e-02       4.904156e-04       3.328256e-02       1.932815e-01       9.002684e-03       3.969336e-02
      428000       9.291152e-02       5.349030e-04       3.334225e-02       1.151330e-01       1.296471e-02       3.967878e-02
      430000       9.437801e-02       3.332398e-04       3.392028e-02       1.402488e-01       1.176958e-02       3.962892e-02
      432000       9.235697e-02       2.343685e-04       3.312816e-02       1.231312e-01       1.224642e-02       4.007568e-02
      434000       9.325785e-02       4.500057e-04       3.327151e-02       1.193106e-01       1.277969e-02       3.889366e-02
      436000       9.317208e-02       1.777834e-04       3.341753e-02       1.263452e-01       1.136473e-02       3.796272e-02
      438000       9.223431e-02       3.057021e-04       3.334020e-02       1.446020e-01       1.332802e-02       3.938219e-02
      440000       9.335621e-02       5.550653e-04       3.367906e-02       2.129376e-01       1.075320e-02       3.914859e-02
      442000       9.452547e-02       1.713507e-04       3.401005e-02       2.231028e-01       8.572634e-03       3.903721e-02
      444000       9.146120e-02       3.641381e-04       3.293059e-02       1.936053e-01       8.892859e-03       3.987179e-02
      446000       9.410692e-02       1.363327e-04       3.381225e-02       2.562567e-01       9.269939e-03       3.922803e-02
      448000       9.423350e-02       1.966756e-04       3.389412e-02       2.169984e-01       1.244119e-02       3.845651e-02
      450000       9.594826e-02       2.334480e-04       3.463190e-02       1.222404e-01       1.268934e-02       3.849208e-02
      452000       9.247951e-02       1.732758e-04       3.336183e-02       3.759322e-01       1.071665e-02       4.033728e-02
      454000       9.575664e-02       4.060282e-04       3.439454e-02       1.025394e-01       1.292331e-02       3.902106e-02
      456000       9.281747e-02       5.987430e-04       3.327927e-02       9.640746e-02       1.093056e-02       3.916890e-02
      458000       9.204730e-02       1.350820e-04       3.311231e-02       1.467889e-01       9.574860e-03       3.920077e-02
      460000       9.204989e-02       4.458285e-04       3.295913e-02       1.154740e-01       7.758105e-03       3.940570e-02
      462000       9.395978e-02       4.521308e-04       3.356545e-02       1.751804e-01       5.623965e-03       3.907297e-02
      464000       9.334980e-02       4.906273e-04       3.361291e-02       1.662928e-01       9.906801e-03       3.982457e-02
      466000       9.292275e-02       2.857556e-04       3.356826e-02       1.929768e-01       1.055899e-02       3.966483e-02
      468000       9.608152e-02       3.575825e-04       3.470199e-02       1.718625e-01       1.005870e-02       3.960093e-02
      470000       9.373728e-02       3.881047e-04       3.384404e-02       2.698442e-01       1.086316e-02       3.903738e-02
      472000       9.377640e-02       3.733647e-04       3.376861e-02       2.800693e-01       1.104524e-02       3.971806e-02
      474000       9.480345e-02       5.008778e-04       3.414503e-02       1.077077e-01       7.523975e-03       3.794729e-02
      476000       9.227689e-02       4.172737e-04       3.322126e-02       2.419434e-01       1.102701e-02       3.962622e-02
      478000       9.350335e-02       1.791900e-04       3.363705e-02       1.679143e-01       1.125693e-02       3.919394e-02
      480000       9.351476e-02       3.025373e-04       3.358418e-02       9.679876e-02       9.637007e-03       3.822659e-02
      482000       9.176128e-02       3.220105e-04       3.302054e-02       1.242105e-01       8.531549e-03       3.802975e-02
      484000       9.262520e-02       3.199658e-04       3.316752e-02       1.194679e-01       9.728167e-03       3.878168e-02
      486000       9.297880e-02       4.600077e-04       3.328481e-02       1.244831e-01       1.130332e-02       3.918017e-02
      488000       9.315237e-02       5.299627e-04       3.334582e-02       1.103250e-01       1.025255e-02       3.864223e-02
      490000       9.128860e-02       2.305697e-04       3.292435e-02       1.831782e-01       6.367993e-03       3.995468e-02
      492000       9.224761e-02       3.835931e-04       3.324264e-02       1.015257e-01       1.265385e-02       3.882707e-02
      494000       9.274577e-02       3.974270e-04       3.354853e-02       1.721458e-01       9.658557e-03       4.031324e-02
      496000       9.377043e-02       3.592683e-04       3.380949e-02       2.191156e-01       1.170046e-02       3.977942e-02
      498000       9.351197e-02       1.566321e-04       3.361584e-02       1.264936e-01       1.147080e-02       3.879960e-02
      500000       9.303254e-02       1.992639e-04       3.357599e-02       2.557864e-01       1.141076e-02       3.894553e-02
      502000       9.290960e-02       4.237197e-04       3.342114e-02       2.244147e-01       1.138851e-02       3.909658e-02
      504000       9.222788e-02       1.668068e-04       3.306537e-02       1.227012e-01       1.215333e-02       3.863057e-02
      506000       9.352784e-02       5.269119e-04       3.354629e-02       1.185534e-01       9.003364e-03       3.883096e-02
      508000       9.371802e-02       5.406996e-04       3.361326e-02       2.893459e-01       8.224605e-03       4.021121e-02
      510000       9.351354e-02       5.890742e-04       3.345597e-02       1.101804e-01       1.039539e-02       3.939007e-02
      512000       9.273830e-02       5.607598e-04       3.331616e-02       1.322853e-01       9.651129e-03       4.001500e-02
      514000       9.551670e-02       2.401773e-04       3.435820e-02       1.875218e-01       1.394614e-02       3.963245e-02
      516000       9.343833e-02       4.370581e-04       3.369555e-02       3.836878e-01       1.107643e-02       4.102780e-02
      518000       9.561858e-02       3.477903e-04       3.414484e-02       9.813955e-02       1.001387e-02       3.902848e-02
      520000       9.356400e-02       6.804833e-04       3.360394e-02       3.100727e-01       1.015360e-02       4.042664e-02
      522000       9.264007e-02       1.989285e-04       3.337387e-02       1.761487e-01       1.082382e-02       3.961484e-02
      524000       9.617244e-02       3.748920e-04       3.472284e-02       1.089528e-01       1.233623e-02       3.947004e-02
      526000       9.154298e-02       3.072459e-04       3.283554e-02       1.378649e-01       9.402658e-03       3.918399e-02
      528000       9.396794e-02       3.413057e-04       3.374087e-02       1.289096e-01       1.073192e-02       3.937308e-02
      530000       9.231148e-02       3.121889e-04       3.330747e-02       1.892564e-01       1.371039e-02       3.985393e-02
      532000       9.557445e-02       3.404522e-04       3.441561e-02       1.563100e-01       1.092978e-02       3.908189e-02
      534000       9.473631e-02       1.595356e-04       3.395267e-02       3.437340e-01       1.168187e-02       4.026209e-02
      536000       9.239364e-02       3.509284e-04       3.323166e-02       1.824373e-01       1.067473e-02       4.063350e-02
      538000       9.433969e-02       1.873113e-04       3.389243e-02       1.610116e-01       9.346747e-03       3.986786e-02
      540000       9.225129e-02       3.216894e-04       3.297186e-02       1.633707e-01       1.081335e-02       3.919649e-02
      542000       9.223053e-02       1.439822e-04       3.294084e-02       2.521861e-01       1.132354e-02       3.933262e-02
      544000       9.205837e-02       2.878137e-04       3.306034e-02       1.113347e-01       1.209021e-02       3.978956e-02
      546000       9.305707e-02       3.843959e-04       3.339196e-02       1.476935e-01       1.011223e-02       4.028851e-02
      548000       9.276881e-02       5.584914e-04       3.336214e-02       2.271380e-01       1.176553e-02       3.998812e-02
      550000       9.386784e-02       4.483077e-04       3.378332e-02       1.144883e-01       1.116954e-02       4.025859e-02
      552000       9.381858e-02       4.065867e-04       3.367870e-02       1.861077e-01       9.928058e-03       3.909240e-02
      554000       9.225832e-02       1.639352e-04       3.305444e-02       1.900539e-01       1.226107e-02       3.970288e-02
      556000       9.341721e-02       3.807565e-04       3.348418e-02       9.234712e-02       8.089403e-03       3.914186e-02
      558000       9.355870e-02       2.828935e-04       3.381435e-02       1.543560e-01       1.183707e-02       3.897471e-02
      560000       9.192498e-02       2.740453e-04       3.326529e-02       1.352413e-01       8.119840e-03       3.982589e-02
      562000       9.408964e-02       2.527810e-04       3.385539e-02       1.416940e-01       8.677668e-03       3.874896e-02
      564000       9.306642e-02       4.227935e-04       3.350092e-02       1.405596e-01       1.104974e-02       3.869409e-02
      566000       9.286758e-02       5.296185e-04       3.329655e-02       1.659111e-01       1.129503e-02       3.855799e-02
      568000       9.403358e-02       1.361436e-04       3.372488e-02       1.131087e-01       1.070467e-02       3.725905e-02
      570000       9.070951e-02       5.028396e-04       3.260400e-02       1.482155e-01       1.174061e-02       3.997507e-02
      572000       9.377772e-02       5.568465e-04       3.352259e-02       1.139449e-01       1.005007e-02       3.910180e-02
      574000       9.192635e-02       1.785484e-04       3.305369e-02       1.993013e-01       9.771456e-03       3.884431e-02
      576000       9.121193e-02       6.639186e-05       3.262251e-02       1.552577e-01       1.216362e-02       3.912121e-02
      578000       9.371342e-02       3.494236e-04       3.354680e-02       1.040297e-01       1.016595e-02       3.856739e-02
      580000       9.289885e-02       3.601175e-05       3.318682e-02       1.550205e-01       1.116073e-02       3.928217e-02
      582000       9.489847e-02       4.517258e-04       3.389112e-02       1.075818e-01       9.506237e-03       3.839254e-02
      584000       9.093202e-02       5.350793e-04       3.277592e-02       1.331235e-01       1.236789e-02       3.930549e-02
      586000       9.440686e-02       3.577489e-04       3.383327e-02       1.620159e-01       1.165741e-02       3.822838e-02
      588000       9.271877e-02       2.689812e-04       3.335025e-02       1.778035e-01       1.201538e-02       3.983624e-02
      590000       9.248136e-02       5.142423e-04       3.321468e-02       1.119156e-01       1.115951e-02       3.959900e-02
      592000       9.671907e-02       3.114002e-04       3.462722e-02       1.642149e-01       1.051080e-02       3.837226e-02
      594000       9.287622e-02       2.306297e-04       3.343517e-02       1.200524e-01       1.054201e-02       3.967830e-02
      596000       9.635832e-02       3.197871e-04       3.454117e-02       1.329638e-01       1.183774e-02       3.922634e-02
      598000       9.229712e-02       2.575997e-04       3.324873e-02       1.799892e-01       9.552673e-03       3.974252e-02
      600000       9.427793e-02       5.491341e-04       3.385707e-02       1.226769e-01       1.160506e-02       3.881208e-02
      602000       9.293097e-02       2.711849e-04       3.327729e-02       1.075592e-01       9.063278e-03       3.930101e-02
      604000       9.172385e-02       3.354477e-04       3.277537e-02       1.533455e-01       1.258236e-02       4.073962e-02
      606000       9.281405e-02       1.886663e-04       3.336102e-02       1.614704e-01       1.204104e-02       3.838377e-02
      608000       9.302511e-02       3.449715e-04       3.337888e-02       8.730659e-01       6.596707e-03       4.087426e-02
      610000       9.040534e-02       3.105192e-04       3.252107e-02       1.389000e-01       1.191607e-02       4.009067e-02
      612000       9.662383e-02       2.355677e-04       3.443968e-02       1.242182e-01       1.257698e-02       3.854264e-02
      614000       9.315439e-02       2.213677e-04       3.343469e-02       1.575139e-01       1.130407e-02       4.091737e-02
      616000       9.690374e-02       3.423487e-04       3.477404e-02       1.910618e-01       1.364481e-02       3.985996e-02
      618000       9.279178e-02       3.695183e-04       3.345739e-02       1.582142e-01       8.759083e-03       3.830117e-02
      620000       9.172501e-02       2.878914e-04       3.304225e-02       2.128144e-01       1.160550e-02       3.994032e-02
      622000       9.514072e-02       4.188240e-04       3.391896e-02       1.894513e-01       1.152937e-02       4.073866e-02
      624000       9.143991e-02       1.276055e-04       3.276524e-02       1.658925e-01       9.940247e-03       3.933667e-02
      626000       9.415326e-02       7.062913e-05       3.356036e-02       1.564632e-01       1.199632e-02       3.935080e-02
      628000       9.249679e-02       2.951840e-04       3.330324e-02       9.519348e-02       1.062985e-02       3.714489e-02
      630000       9.151057e-02       5.303191e-04       3.269386e-02       3.336539e-01       1.118403e-02       4.027529e-02
      632000       9.440283e-02       3.062347e-04       3.363441e-02       1.101026e-01       1.042119e-02       3.908702e-02
      634000       9.119561e-02       1.167671e-04       3.270750e-02       1.010651e-01       1.243539e-02       4.052360e-02
      636000       9.526124e-02       4.050468e-04       3.411805e-02       1.633523e-01       1.287878e-02       4.007448e-02
      638000       9.213702e-02       5.176252e-04       3.312084e-02       1.185119e-01       1.067267e-02       3.955275e-02
      640000       9.432344e-02       2.427727e-04       3.385696e-02       1.681342e-01       1.125681e-02       3.969168e-02
      642000       9.476978e-02       7.338105e-04       3.424787e-02       1.906950e-01       1.330357e-02       3.974119e-02
      644000       9.298915e-02       1.643289e-04       3.368413e-02       1.162779e-01       7.037548e-03       3.956976e-02
      646000       9.517920e-02       8.091626e-04       3.426912e-02       2.290778e-01       1.003183e-02       4.060687e-02
      648000       9.326177e-02       1.120481e-04       3.372131e-02       1.202167e-01       1.169713e-02       3.926808e-02
      650000       9.388525e-02       1.962874e-04       3.372614e-02       1.202320e-01       8.866379e-03       3.896337e-02
      652000       9.284959e-02       4.286005e-04       3.327682e-02       1.580702e-01       1.199677e-02       3.947375e-02
      654000       9.090430e-02       7.128238e-04       3.251553e-02       1.902166e-01       1.174853e-02       3.966548e-02
      656000       9.220479e-02       9.188163e-05       3.306873e-02       1.473312e-01       1.144658e-02       3.891227e-02
      658000       9.327807e-02       2.074039e-04       3.346443e-02       1.632428e-01       9.970935e-03       3.954913e-02
      660000       9.409853e-02       3.325054e-04       3.387512e-02       1.037327e-01       1.398035e-02       3.888660e-02
      662000       9.343512e-02       3.471534e-04       3.354660e-02       1.103640e-01       7.975756e-03       4.006506e-02
      664000       9.440346e-02       1.908807e-04       3.376196e-02       1.029381e-01       1.328667e-02       3.837912e-02
      666000       9.263326e-02       2.908732e-04       3.348637e-02       1.703014e-01       1.186102e-02       4.038580e-02
      668000       9.297851e-02       4.585312e-04       3.343037e-02       1.907357e-01       9.774197e-03       3.954365e-02
      670000       9.373733e-02       4.679379e-04       3.371831e-02       2.125129e-01       8.531436e-03       3.881612e-02
      672000       9.253007e-02       2.792415e-04       3.330812e-02       1.242703e-01       1.154687e-02       3.954352e-02
      674000       9.664690e-02       4.262441e-04       3.466812e-02       1.447129e-01       1.007484e-02       4.002117e-02
      676000       9.284062e-02       2.353349e-04       3.336307e-02       1.522157e-01       1.043733e-02       3.919839e-02
      678000       9.319935e-02       3.759852e-04       3.334116e-02       2.917233e-01       9.409023e-03       3.925691e-02
      680000       9.330878e-02       4.503776e-04       3.342223e-02       1.439322e-01       1.017803e-02       3.892041e-02
      682000       9.094551e-02       4.994656e-04       3.274894e-02       2.071751e-01       1.083688e-02       3.948092e-02
      684000       9.405957e-02       4.385430e-04       3.377310e-02       1.028629e-01       1.071596e-02       3.778113e-02
      686000       9.303950e-02       2.585873e-04       3.359419e-02       4.422925e-01       9.438762e-03       3.977471e-02
      688000       9.356304e-02       2.446647e-04       3.344806e-02       1.069422e-01       1.134902e-02       3.886686e-02
      690000       9.257891e-02       9.218292e-05       3.304886e-02       1.061464e-01       1.106739e-02       3.939404e-02
      692000       9.260721e-02       3.479466e-04       3.324621e-02       1.665201e-01       1.244825e-02       3.947981e-02
      694000       9.421254e-02       7.039553e-04       3.360528e-02       1.464006e-01       9.880186e-03       3.999665e-02
      696000       9.336857e-02       1.622285e-04       3.341589e-02       1.357965e-01       1.177807e-02       3.913023e-02
      698000       9.339815e-02       6.824421e-04       3.343727e-02       1.355144e-01       1.067496e-02       4.068728e-02
      700000       9.489651e-02       5.337262e-04       3.406450e-02       3.792259e-01       1.167129e-02       4.046074e-02
      702000       9.293019e-02       1.949276e-04       3.346858e-02       1.534268e-01       8.681175e-03       3.962915e-02
      704000       9.549848e-02       2.892281e-04       3.438151e-02       1.690978e-01       8.692109e-03       3.973229e-02
      706000       9.204546e-02       2.334543e-04       3.309554e-02       1.532506e-01       1.130245e-02       3.909581e-02
      708000       9.311365e-02       3.524713e-04       3.349299e-02       1.970479e-01       1.014679e-02       3.848449e-02
      710000       9.463472e-02       4.546933e-04       3.394869e-02       1.157232e-01       9.394967e-03       3.897153e-02
      712000       9.247266e-02       1.669206e-04       3.332134e-02       1.476423e-01       1.175289e-02       3.972215e-02
      714000       9.357208e-02       3.196706e-04       3.345331e-02       1.953690e-01       1.029976e-02       3.937031e-02
      716000       9.206209e-02       3.572772e-04       3.297417e-02       1.203362e-01       1.155243e-02       3.943932e-02
      718000       9.370489e-02       3.200965e-04       3.357379e-02       2.387547e-01       1.247254e-02       3.957743e-02
      720000       9.216045e-02       5.921096e-04       3.310767e-02       9.968418e-02       1.091842e-02       3.950691e-02
      722000       9.397270e-02       6.397679e-05       3.375198e-02       1.640880e-01       1.212217e-02       3.896478e-02
      724000       9.450825e-02       2.374676e-04       3.391869e-02       1.564450e-01       1.011749e-02       3.904995e-02
      726000       9.498032e-02       5.602543e-04       3.422809e-02       2.051732e-01       1.179253e-02       4.059061e-02
      728000       9.345811e-02       4.287737e-04       3.357113e-02       1.769738e-01       1.049864e-02       3.848871e-02
      730000       9.313114e-02       4.235734e-04       3.333610e-02       2.681627e-01       7.966207e-03       3.975031e-02
      732000       9.281538e-02       4.521010e-04       3.326673e-02       9.130127e-02       1.185268e-02       3.875472e-02
      734000       9.162998e-02       2.754206e-04       3.308729e-02       2.414397e-01       9.347353e-03       4.084272e-02
      736000       9.438554e-02       2.444091e-04       3.402838e-02       1.049067e-01       9.517572e-03       3.861509e-02
      738000       9.244520e-02       3.153994e-04       3.328696e-02       1.953194e-01       1.232706e-02       4.021631e-02
      740000       9.240450e-02       1.645235e-04       3.307500e-02       1.832278e-01       1.339426e-02       4.011285e-02
      742000       9.246557e-02       4.791746e-04       3.313023e-02       9.610839e-02       8.475856e-03       3.806727e-02
      744000       9.312282e-02       8.858160e-04       3.344428e-02       1.288570e-01       1.205059e-02       3.917812e-02
      746000       9.306161e-02       7.249877e-05       3.324795e-02       3.334693e-01       1.369886e-02       3.973086e-02
      748000       9.323497e-02       4.892987e-04       3.343941e-02       3.168325e-01       8.088692e-03       4.050986e-02
      750000       9.544441e-02       3.289200e-04       3.426347e-02       1.803828e-01       9.967097e-03       4.000229e-02
      752000       9.242066e-02       1.336615e-04       3.333103e-02       1.370114e-01       1.134096e-02       3.886836e-02
      754000       9.312486e-02       5.287366e-04       3.357826e-02       3.779103e-01       1.169226e-02       3.941382e-02
      756000       9.589178e-02       2.078201e-04       3.443820e-02       1.084712e-01       6.158737e-03       3.859733e-02
      758000       9.019394e-02       6.491436e-04       3.260113e-02       2.590609e-01       1.216930e-02       4.025727e-02
      760000       9.492471e-02       4.234303e-04       3.407277e-02       1.270402e-01       1.140828e-02       3.866712e-02
      762000       9.281511e-02       6.040471e-04       3.347172e-02       1.622657e-01       1.203906e-02       3.844800e-02
      764000       9.361837e-02       7.277442e-04       3.376388e-02       2.003849e-01       7.658734e-03       3.925178e-02
      766000       9.430127e-02       2.204827e-04       3.400091e-02       1.156641e-01       1.136723e-02       3.905283e-02
      768000       9.196423e-02       2.905241e-04       3.305250e-02       1.325173e-01       1.234539e-02       3.892432e-02
      770000       9.411087e-02       3.933655e-04       3.389194e-02       1.553490e-01       7.989022e-03       4.025548e-02
      772000       9.271455e-02       2.796147e-04       3.340205e-02       1.725565e-01       1.272418e-02       3.982345e-02
      774000       9.410903e-02       4.596418e-04       3.394297e-02       1.106314e-01       9.904050e-03       3.840777e-02
      776000       9.352156e-02       3.182320e-04       3.371708e-02       2.895844e-01       7.227791e-03       4.040422e-02
      778000       9.314890e-02       2.422205e-04       3.364726e-02       1.908846e-01       1.056543e-02       3.974933e-02
      780000       9.223340e-02       3.234661e-04       3.301907e-02       2.117263e-01       1.186521e-02       4.044432e-02
      782000       9.316506e-02       4.179270e-04       3.333974e-02       1.407527e-01       9.092472e-03       3.896288e-02
      784000       9.274204e-02       2.489559e-04       3.311604e-02       2.220937e-01       1.277059e-02       3.983146e-02
      786000       9.180328e-02       3.346987e-04       3.283675e-02       1.170107e-01       7.944871e-03       3.868955e-02
      788000       9.202081e-02       1.477711e-04       3.300859e-02       1.457327e-01       9.932354e-03       3.893336e-02
      790000       9.372545e-02       3.973110e-04       3.359902e-02       1.547512e-01       1.059551e-02       3.816182e-02
      792000       9.171185e-02       1.817443e-04       3.307104e-02       1.930096e-01       7.075366e-03       4.080050e-02
      794000       9.482828e-02       1.747325e-04       3.411770e-02       1.792415e-01       8.483085e-03       3.850182e-02
      796000       9.422377e-02       3.934800e-04       3.396237e-02       1.456321e-01       1.081829e-02       3.777720e-02
      798000       9.323729e-02       2.472988e-04       3.345204e-02       2.157233e-01       1.120727e-02       3.909095e-02
      800000       9.476908e-02       2.139974e-04       3.406729e-02       2.621406e-01       8.856462e-03       3.915759e-02
      802000       9.101365e-02       5.987264e-04       3.280660e-02       1.393116e-01       9.562357e-03       3.942866e-02
      804000       9.450918e-02       2.776442e-04       3.404781e-02       1.304709e-01       1.092630e-02       3.838895e-02
      806000       9.447963e-02       2.102233e-04       3.413577e-02       9.329477e-02       1.315992e-02       3.833967e-02
      808000       9.174318e-02       3.414637e-04       3.308879e-02       1.615356e-01       1.027428e-02       3.829657e-02
      810000       9.500815e-02       3.542334e-04       3.420326e-02       1.670027e-01       9.351154e-03       3.882789e-02
      812000       9.461240e-02       3.841501e-04       3.414784e-02       1.045829e-01       9.105214e-03       3.833889e-02
      814000       9.359243e-02       6.016260e-04       3.371220e-02       1.677772e-01       9.359655e-03       4.038188e-02
      816000       9.320565e-02       3.954732e-04       3.357347e-02       1.190205e-01       8.996630e-03       3.938125e-02
      818000       9.594846e-02       4.937645e-04       3.445486e-02       1.533932e-01       1.275123e-02       3.972734e-02
      820000       9.404593e-02       2.092939e-04       3.366509e-02       2.215834e-01       9.278431e-03       3.978100e-02
      822000       9.198572e-02       2.337542e-04       3.310021e-02       1.628126e-01       7.675927e-03       3.828223e-02
      824000       9.395911e-02       3.340796e-04       3.375737e-02       1.817761e-01       1.048781e-02       3.983421e-02
      826000       9.316796e-02       4.692512e-04       3.344769e-02       1.637434e-01       1.046960e-02       4.004748e-02
      828000       9.401816e-02       3.235811e-04       3.370241e-02       1.284826e-01       1.098373e-02       3.884471e-02
      830000       9.310380e-02       6.192790e-04       3.352863e-02       2.161333e-01       1.291461e-02       3.869132e-02
      832000       9.398054e-02       3.268810e-04       3.387654e-02       3.543377e-01       1.126805e-02       3.920391e-02
      834000       9.129780e-02       3.035048e-04       3.289193e-02       1.500006e-01       1.251523e-02       3.829938e-02
      836000       9.268998e-02       5.079504e-04       3.317613e-02       1.056270e-01       1.189946e-02       3.995197e-02
      838000       9.223658e-02       3.723658e-04       3.301321e-02       9.810508e-02       1.152371e-02       3.724774e-02
      840000       9.273626e-02       3.099654e-04       3.313889e-02       1.617663e-01       8.397935e-03       3.980458e-02
      842000       9.154375e-02       2.328454e-04       3.297752e-02       1.174936e-01       1.316532e-02       3.965214e-02
      844000       9.313272e-02       4.507585e-04       3.339527e-02       1.195947e-01       1.096366e-02       3.909881e-02
      846000       9.335517e-02       7.647061e-04       3.351063e-02       2.419795e-01       8.454170e-03       4.027284e-02
      848000       9.395334e-02       3.086327e-04       3.378602e-02       2.901424e-01       1.097639e-02       4.007959e-02
      850000       9.463437e-02       3.400319e-04       3.400663e-02       1.338352e-01       8.592052e-03       4.074008e-02
      852000       9.290797e-02       2.940807e-04       3.357518e-02       1.866876e-01       1.016000e-02       3.833501e-02
      854000       9.555505e-02       1.552312e-04       3.429240e-02       1.467371e-01       1.122884e-02       3.943943e-02
      856000       9.258216e-02       2.410306e-04       3.347174e-02       9.072562e-02       1.128491e-02       3.833474e-02
      858000       9.349823e-02       2.746633e-04       3.353015e-02       1.380910e-01       1.115557e-02       3.937389e-02
      860000       9.419003e-02       2.363531e-04       3.369010e-02       1.261439e-01       8.971339e-03       3.856518e-02
      862000       9.395702e-02       1.571336e-04       3.368893e-02       1.093448e-01       1.152052e-02       3.910162e-02
      864000       9.357298e-02       4.195202e-04       3.359343e-02       1.430260e-01       1.097825e-02       3.942551e-02
      866000       9.466273e-02       1.773326e-04       3.400770e-02       1.493931e-01       9.412880e-03       3.830294e-02
      868000       9.288236e-02       2.599039e-04       3.328360e-02       9.128110e-02       1.227829e-02       3.833862e-02
      870000       9.247919e-02       5.687512e-04       3.320757e-02       1.530164e-01       8.936205e-03       3.979161e-02
      872000       9.306886e-02       1.747242e-04       3.325654e-02       9.980470e-02       1.303146e-02       3.891995e-02
      874000       9.210831e-02       1.884375e-04       3.308441e-02       1.333350e-01       1.120382e-02       3.839562e-02
      876000       9.273325e-02       4.265624e-04       3.317599e-02       1.149472e-01       9.361090e-03       3.829926e-02
      878000       9.139307e-02       2.472365e-04       3.293021e-02       1.146432e-01       1.067679e-02       3.938128e-02
      880000       9.153461e-02       1.695718e-04       3.295718e-02       2.613453e-01       1.336198e-02       3.872327e-02
      882000       9.409839e-02       3.986491e-04       3.377156e-02       2.325574e-01       1.020583e-02       3.968916e-02
      884000       9.436152e-02       6.631888e-04       3.388847e-02       1.279448e-01       1.201357e-02       3.890591e-02
      886000       9.199358e-02       1.706313e-04       3.328877e-02       1.072161e-01       1.261491e-02       3.978857e-02
      888000       9.374573e-02       3.423575e-04       3.364722e-02       1.263904e-01       1.074462e-02       3.937724e-02
      890000       9.297352e-02       3.621964e-04       3.324787e-02       1.362402e-01       1.121009e-02       3.916552e-02
      892000       9.379795e-02       5.791991e-04       3.374053e-02       2.136273e-01       9.114529e-03       3.954392e-02
      894000       9.280756e-02       3.575164e-04       3.337614e-02       9.738828e-02       7.966026e-03       3.832986e-02
      896000       9.350510e-02       5.416619e-04       3.369952e-02       1.176247e-01       1.050585e-02       4.023939e-02
      898000       9.419235e-02       1.129412e-04       3.393686e-02       9.628557e-02       1.104214e-02       3.854579e-02
      900000       9.370998e-02       4.126311e-04       3.377477e-02       2.834693e-01       1.039772e-02       4.025220e-02
      902000       9.336034e-02       4.242558e-04       3.346521e-02       1.309099e-01       9.068751e-03       3.969395e-02
      904000       9.239675e-02       2.113632e-04       3.325681e-02       1.749915e-01       1.198171e-02       3.998327e-02
      906000       9.372137e-02       2.103338e-04       3.378535e-02       1.287419e-01       5.214055e-03       3.919838e-02
      908000       9.491550e-02       7.567392e-05       3.404045e-02       3.722254e-01       8.861295e-03       3.912432e-02
      910000       9.274392e-02       1.271182e-04       3.336624e-02       5.109121e-01       1.009566e-02       4.211503e-02
      912000       9.510825e-02       3.645484e-04       3.396672e-02       1.223868e-01       8.070501e-03       3.904617e-02
      914000       9.207053e-02       6.395637e-04       3.302263e-02       1.248783e-01       7.470139e-03       3.902337e-02
      916000       9.430971e-02       1.361785e-04       3.380095e-02       1.478820e-01       1.050638e-02       3.933154e-02
      918000       9.311124e-02       3.999818e-04       3.336823e-02       2.245363e-01       1.255770e-02       4.007753e-02
      920000       9.273655e-02       2.577190e-04       3.325653e-02       1.164306e-01       1.061320e-02       3.761899e-02
      922000       9.167323e-02       2.106925e-04       3.300549e-02       1.077559e-01       1.114240e-02       3.975908e-02
      924000       9.311070e-02       2.341053e-04       3.332093e-02       1.210288e-01       9.976002e-03       3.964074e-02
      926000       9.153918e-02       4.771340e-04       3.298634e-02       2.138976e-01       1.039510e-02       3.922379e-02
      928000       9.434555e-02       2.066214e-04       3.392448e-02       1.067067e-01       1.010239e-02       3.966412e-02
      930000       9.269054e-02       4.461832e-04       3.332008e-02       1.772947e-01       1.385028e-02       3.927508e-02
      932000       9.213054e-02       2.620381e-04       3.300318e-02       2.324392e-01       8.648577e-03       4.018098e-02
      934000       9.362605e-02       4.614959e-04       3.344755e-02       2.944145e-01       1.070629e-02       4.067087e-02
      936000       9.320159e-02       2.203502e-04       3.368999e-02       1.096733e-01       1.072928e-02       3.900741e-02
      938000       9.288162e-02       2.704681e-04       3.351786e-02       1.706893e-01       1.307637e-02       3.936274e-02
      940000       9.467284e-02       5.369990e-04       3.399844e-02       2.096434e-01       1.112700e-02       3.839008e-02
      942000       8.973401e-02       4.073376e-04       3.230678e-02       1.606232e-01       1.340013e-02       3.865197e-02
      944000       9.476564e-02       2.402008e-04       3.404580e-02       9.877252e-02       8.756734e-03       3.868855e-02
      946000       9.186542e-02       4.041144e-04       3.293840e-02       1.295398e-01       1.051000e-02       3.919930e-02
      948000       9.469828e-02       3.549031e-04       3.393408e-02       2.174162e-01       1.323857e-02       3.916444e-02
      950000       9.369514e-02       4.202631e-04       3.370418e-02       1.115721e-01       1.115922e-02       3.975936e-02
      952000       9.273901e-02       2.937331e-04       3.322310e-02       1.632886e-01       8.925625e-03       3.905135e-02
      954000       9.367401e-02       5.230480e-04       3.360638e-02       3.511900e-01       1.227858e-02       3.932045e-02
      956000       9.369319e-02       7.490269e-04       3.344841e-02       1.011684e-01       1.123877e-02       3.997965e-02
      958000       9.159861e-02       3.286380e-04       3.296809e-02       1.149912e-01       9.477523e-03       3.903943e-02
      960000       9.308764e-02       2.176373e-04       3.353921e-02       1.003957e-01       8.605142e-03       3.895386e-02
      962000       9.446543e-02       6.416780e-04       3.393691e-02       1.213264e-01       9.144056e-03       3.920758e-02
      964000       9.411936e-02       2.130382e-04       3.412596e-02       1.114307e-01       1.139836e-02       3.816259e-02
      966000       9.356266e-02       3.000458e-04       3.376978e-02       1.966600e-01       1.161700e-02       3.924162e-02
      968000       9.364221e-02       4.327763e-04       3.388155e-02       2.100104e-01       9.986220e-03       3.965667e-02
