#       step         max_devi_v         min_devi_v         avg_devi_v         max_devi_f         min_devi_f         avg_devi_f
           0       1.160120e-01       5.697818e-18       4.464980e-02       2.949334e-02       1.508626e-02       2.161947e-02
           0       1.158213e-01       3.032317e-17       4.548366e-02       3.384625e-02       1.151048e-02       2.003349e-02
        2000       1.014853e-01       2.932574e-04       3.639401e-02       1.028934e-01       1.203886e-02       3.807975e-02
        4000       1.022060e-01       1.606303e-04       3.687677e-02       1.046867e-01       8.549987e-03       3.761806e-02
        6000       1.005663e-01       4.508899e-04       3.633059e-02       1.451692e-01       1.120451e-02       3.852347e-02
        8000       9.987292e-02       2.350367e-04       3.619253e-02       1.100647e-01       1.221440e-02       3.897062e-02
       10000       1.016417e-01       3.570638e-04       3.664866e-02       1.310687e-01       8.747276e-03       3.985807e-02
       12000       1.007069e-01       2.629226e-04       3.622880e-02       1.040338e-01       8.678314e-03       3.929670e-02
       14000       1.009966e-01       2.051831e-04       3.671743e-02       9.606004e-02       9.741836e-03       3.770027e-02
       16000       1.003018e-01       3.121318e-04       3.643733e-02       9.228649e-02       1.080915e-02       3.847707e-02
       18000       1.033743e-01       1.777642e-04       3.759711e-02       1.179692e-01       9.459728e-03       3.829178e-02
       20000       1.004010e-01       4.810973e-05       3.640335e-02       1.112202e-01       9.745993e-03       3.754225e-02
       22000       1.024354e-01       2.630354e-04       3.701579e-02       1.188254e-01       8.449641e-03       3.761779e-02
       24000       1.016094e-01       5.221604e-04       3.662409e-02       1.684125e-01       1.325377e-02       3.938264e-02
       26000       1.036175e-01       6.513286e-04       3.740377e-02       1.127987e-01       1.366801e-02       3.903172e-02
       28000       1.006387e-01       3.741128e-04       3.656736e-02       1.412524e-01       1.027883e-02       3.806716e-02
       30000       1.016796e-01       3.291699e-04       3.671676e-02       1.128366e-01       1.258908e-02       3.935349e-02
       32000       9.966039e-02       3.987613e-04       3.609010e-02       9.197901e-02       8.112219e-03       3.801058e-02
       34000       1.018465e-01       2.183572e-04       3.707952e-02       1.039514e-01       8.910330e-03       3.807645e-02
       36000       9.929863e-02       4.091548e-04       3.617816e-02       1.182487e-01       8.533413e-03       3.732801e-02
       38000       1.027987e-01       5.461734e-04       3.712208e-02       1.092049e-01       1.085208e-02       3.817420e-02
       40000       1.014997e-01       3.839632e-04       3.680338e-02       1.194683e-01       9.004873e-03       3.802089e-02
       42000       9.992557e-02       2.060865e-04       3.645240e-02       1.216379e-01       1.138905e-02       3.903109e-02
       44000       1.021306e-01       5.497685e-04       3.670810e-02       1.028263e-01       1.162540e-02       3.837826e-02
       46000       1.010986e-01       3.036165e-04       3.651600e-02       9.869143e-02       1.211242e-02       3.870198e-02
       48000       1.005508e-01       5.377276e-04       3.596313e-02       1.295921e-01       9.880826e-03       3.817179e-02
       50000       1.029884e-01       3.905812e-04       3.684766e-02       1.168785e-01       1.106075e-02       3.999566e-02
       52000       1.004796e-01       2.333666e-04       3.621607e-02       1.584603e-01       1.038274e-02       3.827462e-02
       54000       1.031631e-01       2.820027e-04       3.738301e-02       1.066992e-01       1.070403e-02       3.897813e-02
       56000       1.023727e-01       3.690442e-04       3.677296e-02       1.794436e-01       9.115663e-03       3.903406e-02
       58000       1.038512e-01       1.606255e-04       3.755121e-02       1.144867e-01       1.103608e-02       3.812793e-02
       60000       1.006333e-01       3.302658e-04       3.660972e-02       1.695365e-01       9.970317e-03       3.821617e-02
       62000       1.049642e-01       1.047842e-03       3.802452e-02       9.451631e-02       1.085175e-02       3.889359e-02
       64000       1.033362e-01       2.909133e-04       3.712144e-02       9.473617e-02       9.898820e-03       3.949458e-02
       66000       1.021990e-01       1.512709e-04       3.700751e-02       1.024177e-01       9.839301e-03       4.017357e-02
       68000       1.015008e-01       1.381542e-04       3.707992e-02       1.570240e-01       6.501716e-03       3.859779e-02
       70000       1.031737e-01       3.137801e-04       3.739039e-02       1.046889e-01       1.152587e-02       3.793359e-02
       72000       1.023464e-01       3.377258e-04       3.707348e-02       1.061024e-01       8.872365e-03       3.988652e-02
       74000       1.021879e-01       3.406616e-04       3.687182e-02       1.034950e-01       9.966923e-03       3.807148e-02
       76000       1.021472e-01       4.307721e-04       3.712992e-02       1.050902e-01       9.643203e-03       3.891945e-02
       78000       1.022634e-01       3.275995e-04       3.676099e-02       1.580243e-01       8.309968e-03       3.909020e-02
       80000       1.031853e-01       1.082124e-04       3.728620e-02       1.209465e-01       1.363952e-02       3.945313e-02
       82000       1.022233e-01       1.975116e-04       3.688222e-02       9.254842e-02       1.049244e-02       3.842057e-02
       84000       1.037570e-01       3.762519e-04       3.752970e-02       2.786033e-01       1.034418e-02       4.020134e-02
       86000       1.008877e-01       1.716974e-04       3.652924e-02       9.776362e-02       1.033392e-02       3.796223e-02
       88000       1.033139e-01       3.257485e-04       3.737024e-02       9.679310e-02       1.149943e-02       3.785824e-02
       90000       1.013863e-01       3.732588e-04       3.701418e-02       1.083928e-01       1.036996e-02       3.784562e-02
       92000       1.002902e-01       2.414881e-04       3.648286e-02       1.134278e-01       1.215330e-02       3.709902e-02
       94000       1.027362e-01       3.793594e-04       3.730635e-02       1.026316e-01       1.183502e-02       3.822092e-02
       96000       1.009933e-01       4.087758e-04       3.659869e-02       1.110881e-01       1.031244e-02       3.923231e-02
       98000       1.021488e-01       4.619460e-04       3.712201e-02       1.050687e-01       6.952986e-03       3.872600e-02
      100000       1.016033e-01       2.499388e-04       3.679528e-02       1.055009e-01       1.106151e-02       3.842693e-02
      102000       1.013855e-01       5.726861e-04       3.689997e-02       1.127020e-01       1.120042e-02       3.855443e-02
      104000       9.965579e-02       3.567065e-04       3.606500e-02       9.401946e-02       9.653172e-03       3.850877e-02
      106000       1.039276e-01       4.592415e-04       3.742482e-02       1.137789e-01       1.002245e-02       3.798233e-02
      108000       1.009171e-01       3.232792e-04       3.648852e-02       8.991627e-02       1.143781e-02       3.843643e-02
      110000       1.034593e-01       1.789960e-04       3.763107e-02       1.087113e-01       1.107040e-02       3.814078e-02
      112000       1.003499e-01       3.281471e-04       3.657671e-02       1.054104e-01       7.895814e-03       3.959157e-02
      114000       9.976287e-02       2.920339e-04       3.654723e-02       9.529209e-02       9.963245e-03       3.765873e-02
      116000       1.006319e-01       4.960608e-04       3.659913e-02       1.035940e-01       1.220076e-02       3.816558e-02
      118000       1.012589e-01       1.989980e-04       3.670228e-02       8.637372e-02       8.860091e-03       3.781786e-02
      120000       1.011191e-01       4.005814e-04       3.642252e-02       9.725695e-02       1.052334e-02       3.830213e-02
      122000       1.008004e-01       9.097161e-05       3.652590e-02       1.403637e-01       1.033403e-02       3.880386e-02
      124000       1.003878e-01       4.096268e-04       3.616820e-02       1.192411e-01       1.084938e-02       3.836788e-02
      126000       9.947366e-02       2.746334e-04       3.577512e-02       9.836654e-02       1.144041e-02       3.834838e-02
      128000       1.018909e-01       3.701868e-04       3.657859e-02       1.017172e-01       9.771389e-03       3.698052e-02
      130000       9.929820e-02       2.092524e-04       3.569841e-02       1.072284e-01       9.136185e-03       3.734970e-02
      132000       9.961648e-02       2.886230e-04       3.615725e-02       1.050793e-01       1.217764e-02       3.825038e-02
      134000       9.671817e-02       4.480870e-04       3.496644e-02       8.398946e-02       9.240895e-03       3.680873e-02
      136000       1.019090e-01       2.739102e-04       3.674834e-02       1.046278e-01       1.044178e-02       3.923067e-02
      138000       1.008308e-01       4.030648e-04       3.653100e-02       1.156065e-01       1.242021e-02       3.892293e-02
      140000       1.028592e-01       6.449484e-04       3.763782e-02       1.746678e-01       1.071262e-02       3.819725e-02
      142000       1.022949e-01       4.535316e-04       3.715830e-02       1.294187e-01       8.501523e-03       3.863596e-02
      144000       1.008871e-01       2.991817e-04       3.659781e-02       1.407724e-01       9.852402e-03       3.836592e-02
      146000       1.027274e-01       5.180033e-04       3.706131e-02       1.086734e-01       1.044129e-02       3.812357e-02
      148000       1.019274e-01       2.350289e-04       3.704871e-02       9.781172e-02       7.688449e-03       3.764915e-02
      150000       1.006709e-01       8.406069e-04       3.655944e-02       1.138803e-01       1.127857e-02       3.852764e-02
      152000       1.018981e-01       1.062950e-04       3.673308e-02       1.006238e-01       8.173128e-03       3.769134e-02
      154000       1.016599e-01       4.374580e-04       3.683250e-02       9.252940e-02       1.057702e-02       3.769728e-02
      156000       1.014297e-01       4.488490e-04       3.677578e-02       8.936164e-02       1.023536e-02       3.708939e-02
      158000       1.021738e-01       5.118879e-04       3.698755e-02       9.966640e-02       1.027330e-02       3.726926e-02
      160000       1.027366e-01       1.726781e-04       3.705537e-02       1.130375e-01       1.052451e-02       3.730294e-02
      162000       1.012704e-01       4.809394e-04       3.674695e-02       1.465662e-01       1.130199e-02       3.810330e-02
      164000       1.004017e-01       3.263113e-04       3.635193e-02       9.307396e-02       7.685263e-03       3.712653e-02
      166000       1.011430e-01       3.047424e-04       3.678246e-02       1.011253e-01       1.120731e-02       3.845216e-02
      168000       9.889649e-02       2.728438e-04       3.586406e-02       2.033895e-01       9.136469e-03       3.922311e-02
      170000       1.017057e-01       6.053233e-04       3.636295e-02       1.051011e-01       1.208914e-02       3.747921e-02
      172000       1.013604e-01       2.616784e-04       3.649643e-02       1.008631e-01       1.104862e-02       3.763420e-02
      174000       1.001670e-01       6.006886e-04       3.639636e-02       9.882817e-02       1.058850e-02       3.777971e-02
      176000       1.019623e-01       3.750587e-04       3.682111e-02       1.030445e-01       9.623278e-03       3.745825e-02
      178000       1.017769e-01       2.232606e-04       3.656688e-02       9.921061e-02       1.119886e-02       3.759674e-02
      180000       1.021217e-01       2.286058e-04       3.673551e-02       1.144124e-01       9.683715e-03       3.904062e-02
      182000       1.010783e-01       4.304658e-04       3.650887e-02       1.028121e-01       1.067581e-02       3.901870e-02
      184000       1.012217e-01       1.869699e-04       3.663255e-02       1.057434e-01       1.264901e-02       3.742347e-02
      186000       1.021423e-01       2.207083e-04       3.663756e-02       1.043110e-01       9.045357e-03       3.891106e-02
      188000       1.008078e-01       4.216220e-04       3.639845e-02       1.221821e-01       1.154507e-02       3.878252e-02
      190000       1.020673e-01       4.061809e-04       3.672218e-02       9.774150e-02       1.128014e-02       3.916025e-02
      192000       1.027906e-01       5.370036e-04       3.712736e-02       1.045082e-01       1.172045e-02       3.908356e-02
      194000       1.007968e-01       5.334539e-04       3.629308e-02       1.841095e-01       9.931128e-03       3.915105e-02
      196000       9.948469e-02       3.671181e-04       3.595968e-02       9.438067e-02       7.486198e-03       3.859659e-02
      198000       1.003115e-01       2.532556e-04       3.625250e-02       9.388117e-02       1.018574e-02       3.801384e-02
      200000       1.043575e-01       5.045920e-04       3.753805e-02       1.063889e-01       8.935816e-03       3.817126e-02
      202000       1.016657e-01       4.038141e-04       3.683115e-02       1.120026e-01       1.028015e-02       3.784213e-02
      204000       1.037129e-01       3.867213e-04       3.764036e-02       9.657318e-02       7.292653e-03       3.826484e-02
      206000       1.004639e-01       5.255446e-04       3.663201e-02       1.075914e-01       1.121215e-02       3.785413e-02
      208000       1.008896e-01       5.510351e-04       3.683432e-02       1.146483e-01       9.799626e-03       3.870749e-02
      210000       1.002632e-01       2.572312e-04       3.624680e-02       1.039190e-01       1.081009e-02       3.795987e-02
      212000       1.008325e-01       3.589877e-04       3.648533e-02       1.135790e-01       1.147163e-02       3.806293e-02
      214000       1.009555e-01       6.190971e-04       3.640364e-02       1.086873e-01       1.031595e-02       3.789352e-02
      216000       1.000179e-01       5.719152e-04       3.606907e-02       9.891698e-02       9.627239e-03       3.776881e-02
      218000       1.004006e-01       2.418163e-04       3.623982e-02       9.447167e-02       1.222795e-02       3.793032e-02
      220000       1.009946e-01       2.290793e-04       3.631294e-02       1.069474e-01       1.028042e-02       3.699243e-02
      222000       9.876835e-02       3.025465e-04       3.584913e-02       1.064056e-01       9.185851e-03       3.721620e-02
      224000       9.973226e-02       2.620014e-04       3.621453e-02       1.063366e-01       1.045314e-02       3.868128e-02
      226000       9.948182e-02       5.352766e-04       3.604833e-02       1.011291e-01       1.243571e-02       3.755064e-02
      228000       1.019844e-01       6.993329e-04       3.663468e-02       9.981280e-02       1.102694e-02       3.772515e-02
      230000       1.024926e-01       3.498414e-04       3.697382e-02       1.133380e-01       9.053744e-03       3.862766e-02
      232000       1.007408e-01       3.517708e-04       3.651398e-02       1.099880e-01       1.121376e-02       3.802873e-02
      234000       1.014087e-01       1.977421e-04       3.683841e-02       9.390851e-02       8.646362e-03       3.807169e-02
      236000       1.015532e-01       2.381776e-04       3.680089e-02       1.137938e-01       9.479617e-03       3.799041e-02
      238000       1.028675e-01       2.195463e-04       3.723673e-02       1.006788e-01       1.122493e-02       3.791866e-02
      240000       1.009893e-01       2.776792e-04       3.686434e-02       1.129003e-01       1.138510e-02       3.846708e-02
      242000       1.032761e-01       2.958743e-04       3.726898e-02       1.437777e-01       9.515156e-03       3.922214e-02
      244000       1.020655e-01       5.619664e-04       3.700931e-02       1.240459e-01       9.893120e-03       3.731605e-02
      246000       1.024400e-01       5.711066e-04       3.709218e-02       9.959053e-02       9.350044e-03       3.771863e-02
      248000       1.017669e-01       3.625518e-04       3.717752e-02       1.328507e-01       1.060516e-02       3.856632e-02
      250000       1.010524e-01       3.739659e-04       3.700238e-02       9.183912e-02       8.424100e-03       3.833746e-02
      252000       1.020373e-01       4.712012e-04       3.687643e-02       1.053119e-01       1.110085e-02       3.801889e-02
      254000       1.035091e-01       1.509420e-04       3.747270e-02       9.577392e-02       7.786342e-03       3.699150e-02
      256000       9.970362e-02       1.233088e-04       3.638178e-02       1.033821e-01       1.267665e-02       3.903059e-02
      258000       1.007114e-01       5.290139e-04       3.683983e-02       1.069166e-01       1.281747e-02       3.756047e-02
      260000       1.000898e-01       1.748263e-04       3.634958e-02       1.317860e-01       1.017175e-02       3.766275e-02
      262000       1.022128e-01       3.507130e-04       3.705724e-02       9.319882e-02       1.157935e-02       3.840110e-02
      264000       9.965746e-02       2.501584e-04       3.615186e-02       9.236665e-02       1.043751e-02       3.727812e-02
      266000       1.017330e-01       4.511119e-04       3.687665e-02       1.035717e-01       1.083152e-02       3.755722e-02
      268000       1.015824e-01       1.584371e-04       3.673266e-02       1.225537e-01       1.197351e-02       3.799261e-02
      270000       1.003843e-01       3.024005e-04       3.670791e-02       1.919384e-01       1.152095e-02       3.878437e-02
      272000       1.008757e-01       1.767491e-04       3.657369e-02       9.118582e-02       1.097579e-02       3.816296e-02
      274000       1.026017e-01       4.277547e-04       3.711448e-02       9.351771e-02       1.072862e-02       3.872321e-02
      276000       1.010326e-01       4.490074e-04       3.643038e-02       1.514237e-01       1.130207e-02       3.797335e-02
      278000       1.032788e-01       2.329192e-04       3.734709e-02       1.135887e-01       1.324343e-02       3.839990e-02
      280000       1.002523e-01       2.768930e-04       3.647662e-02       1.145779e-01       1.205681e-02       3.832131e-02
      282000       1.012807e-01       1.581603e-04       3.675215e-02       9.797319e-02       1.254027e-02       3.841558e-02
      284000       1.038350e-01       2.729750e-04       3.758406e-02       1.077460e-01       7.279961e-03       3.844991e-02
      286000       1.002100e-01       5.052203e-04       3.664574e-02       1.112705e-01       1.230376e-02       3.757108e-02
      288000       9.988310e-02       3.310292e-04       3.682786e-02       1.122980e-01       1.207956e-02       3.867118e-02
      290000       9.980935e-02       3.039994e-04       3.622245e-02       1.007345e-01       1.112110e-02       3.815998e-02
      292000       1.006620e-01       2.424819e-04       3.625623e-02       9.477070e-02       8.228608e-03       3.733433e-02
      294000       1.017585e-01       3.536688e-04       3.659205e-02       9.986023e-02       8.880047e-03       3.799885e-02
      296000       1.006845e-01       3.062833e-04       3.634093e-02       1.615970e-01       9.910663e-03       3.845535e-02
      298000       9.957900e-02       2.836362e-04       3.624921e-02       1.049702e-01       8.212919e-03       3.837057e-02
      300000       1.024646e-01       2.946266e-04       3.703888e-02       2.234153e-01       1.103367e-02       3.783595e-02
      302000       1.023693e-01       4.061060e-04       3.699566e-02       1.077112e-01       1.136271e-02       3.830327e-02
      304000       1.020872e-01       3.664939e-04       3.728141e-02       9.930037e-02       9.007199e-03       3.843894e-02
      306000       9.967338e-02       1.834507e-04       3.625949e-02       9.749310e-02       9.399343e-03       3.746829e-02
      308000       1.041657e-01       2.380489e-04       3.760904e-02       1.004669e-01       9.499511e-03       3.835845e-02
      310000       1.002624e-01       3.373984e-04       3.661400e-02       1.341329e-01       1.318440e-02       3.877222e-02
      312000       1.010372e-01       3.202236e-04       3.654629e-02       9.784144e-02       1.040161e-02       3.845833e-02
      314000       1.008822e-01       3.234160e-04       3.671495e-02       1.623747e-01       8.864920e-03       3.787848e-02
      316000       9.944625e-02       4.186221e-04       3.622675e-02       1.482892e-01       9.294688e-03       3.887725e-02
      318000       1.026005e-01       2.565099e-04       3.710599e-02       1.003794e-01       1.268219e-02       3.873025e-02
      320000       1.014834e-01       1.527908e-04       3.680424e-02       1.013733e-01       9.239139e-03       3.697072e-02
      322000       1.000406e-01       3.044338e-04       3.639680e-02       9.037817e-02       1.011740e-02       3.749291e-02
      324000       1.016670e-01       2.534752e-04       3.686756e-02       1.760603e-01       1.084350e-02       3.833025e-02
      326000       1.019452e-01       3.494107e-04       3.684109e-02       9.746072e-02       1.176835e-02       3.854430e-02
      328000       1.003731e-01       6.967869e-05       3.633612e-02       9.250567e-02       5.131041e-03       3.775868e-02
      330000       9.990863e-02       5.681477e-04       3.615692e-02       9.762909e-02       1.187727e-02       3.911666e-02
      332000       1.019647e-01       3.114089e-04       3.673951e-02       9.399893e-02       9.841436e-03       3.853660e-02
      334000       1.003963e-01       4.652863e-04       3.617303e-02       1.172085e-01       1.022033e-02       3.802770e-02
      336000       1.002542e-01       5.724702e-04       3.590259e-02       1.112793e-01       1.235994e-02       3.810007e-02
      338000       1.002201e-01       9.811176e-05       3.628000e-02       1.059773e-01       8.303157e-03       3.742967e-02
      340000       1.000794e-01       2.194738e-04       3.613522e-02       1.799704e-01       8.754547e-03       3.980554e-02
      342000       1.015347e-01       3.344762e-04       3.686797e-02       1.135489e-01       1.027797e-02       3.846410e-02
      344000       9.917369e-02       9.294370e-05       3.603543e-02       1.331064e-01       9.511316e-03       3.775413e-02
      346000       1.004772e-01       3.377918e-04       3.660169e-02       1.137964e-01       1.253821e-02       3.801722e-02
      348000       1.007710e-01       2.753440e-04       3.638339e-02       1.191071e-01       9.617253e-03       3.819559e-02
      350000       1.019315e-01       7.400961e-04       3.734418e-02       9.589342e-02       9.476373e-03       3.781003e-02
      352000       1.017838e-01       3.332774e-04       3.702013e-02       9.850223e-02       1.095430e-02       3.817538e-02
      354000       1.019464e-01       4.681733e-04       3.690230e-02       9.558203e-02       1.063883e-02       3.858951e-02
      356000       1.025824e-01       2.708033e-04       3.724339e-02       1.024288e-01       1.011804e-02       3.748326e-02
      358000       9.989244e-02       7.501127e-05       3.651073e-02       1.159658e-01       1.046231e-02       3.982815e-02
      360000       1.006610e-01       4.455668e-04       3.680394e-02       2.535473e-01       1.260711e-02       3.927206e-02
      362000       1.010863e-01       6.284303e-04       3.654807e-02       9.537100e-02       8.755116e-03       3.768910e-02
      364000       1.019580e-01       2.855707e-04       3.692332e-02       1.339200e-01       1.068205e-02       3.771701e-02
      366000       1.020480e-01       3.535214e-04       3.717761e-02       1.006358e-01       1.000227e-02       3.799927e-02
      368000       1.030297e-01       4.272774e-04       3.748836e-02       9.311584e-02       9.412274e-03       3.790694e-02
      370000       1.033135e-01       3.776004e-04       3.746608e-02       2.167173e-01       1.050337e-02       3.913086e-02
      372000       1.027334e-01       2.989396e-04       3.715491e-02       1.412493e-01       9.821258e-03       3.930924e-02
      374000       1.005376e-01       8.550708e-05       3.668735e-02       1.362136e-01       1.140682e-02       3.779546e-02
      376000       1.036383e-01       3.092540e-04       3.744974e-02       9.312826e-02       1.216844e-02       3.834090e-02
      378000       1.004645e-01       2.295295e-04       3.647339e-02       9.606701e-02       9.589065e-03       3.818020e-02
      380000       1.018506e-01       2.751915e-04       3.667192e-02       1.122621e-01       7.046660e-03       3.794705e-02
      382000       1.001051e-01       3.638352e-04       3.652215e-02       9.715492e-02       1.146760e-02       3.814621e-02
      384000       1.017351e-01       1.555202e-04       3.682800e-02       1.102790e-01       1.139809e-02       3.720418e-02
      386000       1.013291e-01       4.892629e-04       3.673125e-02       9.581508e-02       1.250677e-02       3.744747e-02
      388000       1.010400e-01       5.925097e-04       3.696559e-02       1.039844e-01       1.188494e-02       3.835918e-02
      390000       1.012497e-01       2.324475e-04       3.708104e-02       9.249379e-02       8.889148e-03       3.733392e-02
      392000       1.013299e-01       3.377002e-04       3.674042e-02       1.611288e-01       8.964226e-03       3.780602e-02
      394000       1.023128e-01       4.139667e-04       3.722563e-02       1.062139e-01       1.113996e-02       3.845248e-02
      396000       1.021528e-01       2.146347e-04       3.711942e-02       8.870716e-02       9.972934e-03       3.717848e-02
      398000       1.017398e-01       2.868477e-04       3.675070e-02       1.131919e-01       9.650025e-03       3.822666e-02
      400000       1.025405e-01       3.953141e-04       3.733379e-02       1.014165e-01       9.584488e-03       3.687955e-02
      402000       1.010008e-01       5.700868e-04       3.660340e-02       1.099330e-01       1.039092e-02       3.829142e-02
      404000       1.053843e-01       3.199798e-04       3.836667e-02       1.624271e-01       9.656890e-03       3.735214e-02
      406000       1.011596e-01       5.774444e-04       3.670380e-02       1.184974e-01       9.540500e-03       3.823139e-02
      408000       1.022111e-01       4.061729e-04       3.708082e-02       9.540620e-02       7.617076e-03       3.784141e-02
      410000       1.016301e-01       6.798834e-04       3.669463e-02       1.071977e-01       8.995545e-03       3.871593e-02
      412000       1.010522e-01       3.487199e-04       3.674647e-02       1.028140e-01       8.783913e-03       3.789330e-02
      414000       1.037254e-01       3.179015e-04       3.780762e-02       1.301741e-01       1.053563e-02       3.767217e-02
      416000       1.005582e-01       2.064775e-04       3.656545e-02       9.283823e-02       9.994661e-03       3.789901e-02
      418000       1.017228e-01       4.196834e-04       3.703418e-02       1.271894e-01       1.076835e-02       3.885812e-02
      420000       1.017077e-01       3.599845e-04       3.664555e-02       9.845454e-02       1.169500e-02       3.845330e-02
      422000       1.019234e-01       2.441015e-04       3.704261e-02       1.092890e-01       1.216185e-02       3.783590e-02
      424000       1.008332e-01       4.973213e-04       3.651608e-02       1.510806e-01       9.876183e-03       3.835965e-02
      426000       1.030911e-01       1.184517e-04       3.736302e-02       1.090328e-01       1.061499e-02       3.807975e-02
      428000       1.011536e-01       2.373473e-04       3.646696e-02       2.159854e-01       1.198302e-02       3.915098e-02
      430000       1.017828e-01       2.029251e-04       3.705879e-02       1.097910e-01       1.090161e-02       3.854994e-02
      432000       1.019303e-01       4.651816e-04       3.683241e-02       1.381401e-01       9.131691e-03       3.966385e-02
      434000       1.023684e-01       2.338096e-04       3.683866e-02       9.605108e-02       1.178125e-02       3.805230e-02
      436000       1.016646e-01       2.711748e-04       3.697572e-02       9.756967e-02       1.069707e-02       3.712517e-02
      438000       1.002034e-01       7.608592e-05       3.656493e-02       1.000189e-01       9.354876e-03       3.752532e-02
      440000       1.025434e-01       2.335631e-04       3.723037e-02       1.177760e-01       1.019988e-02       3.871598e-02
      442000       1.010106e-01       3.496595e-04       3.635231e-02       1.115954e-01       1.200485e-02       3.805863e-02
      444000       1.021456e-01       3.852448e-04       3.722327e-02       1.101180e-01       1.153679e-02       3.671437e-02
      446000       1.000837e-01       3.282362e-04       3.626079e-02       1.540234e-01       1.000251e-02       3.845040e-02
      448000       1.022767e-01       8.490942e-05       3.700488e-02       1.061509e-01       7.926164e-03       3.896537e-02
      450000       1.025588e-01       3.515494e-04       3.699746e-02       8.800764e-02       8.292451e-03       3.748591e-02
      452000       1.017707e-01       5.524875e-04       3.691645e-02       1.248687e-01       1.155692e-02       3.916649e-02
      454000       1.025301e-01       4.368200e-04       3.700780e-02       1.324240e-01       7.568209e-03       3.974209e-02
      456000       1.021786e-01       1.988647e-04       3.692640e-02       1.036449e-01       1.082704e-02       3.749280e-02
      458000       1.030488e-01       2.779972e-04       3.713957e-02       1.042502e-01       1.015082e-02       3.703264e-02
      460000       1.014450e-01       4.475350e-04       3.676975e-02       1.436056e-01       1.002210e-02       3.868337e-02
      462000       1.005895e-01       8.999694e-04       3.676745e-02       1.153187e-01       1.253059e-02       3.883258e-02
      464000       9.981617e-02       1.669336e-04       3.625054e-02       1.565419e-01       1.119406e-02       3.943587e-02
      466000       1.017055e-01       2.774282e-04       3.689711e-02       1.133940e-01       1.095084e-02       3.836797e-02
      468000       1.017626e-01       2.091053e-04       3.668566e-02       1.004828e-01       1.082524e-02       3.838254e-02
      470000       1.017071e-01       5.741257e-04       3.700997e-02       1.034357e-01       1.077680e-02       3.882530e-02
      472000       1.030474e-01       7.979549e-04       3.699366e-02       9.509850e-02       7.287738e-03       3.834948e-02
      474000       9.986636e-02       1.614015e-04       3.644536e-02       1.051399e-01       1.067545e-02       3.793776e-02
      476000       9.960420e-02       2.644102e-04       3.609724e-02       1.028020e-01       9.235588e-03       3.917233e-02
      478000       1.007404e-01       2.396865e-04       3.638053e-02       1.361711e-01       8.718815e-03       3.886899e-02
      480000       1.013470e-01       1.654890e-04       3.641437e-02       8.554581e-02       1.197476e-02       3.726575e-02
      482000       1.012367e-01       5.199687e-04       3.640410e-02       1.002035e-01       1.076688e-02       3.785317e-02
      484000       1.002154e-01       3.733655e-04       3.623942e-02       9.888690e-02       1.060414e-02       3.801342e-02
      486000       1.010623e-01       4.622272e-04       3.629970e-02       1.258356e-01       1.194418e-02       3.841073e-02
      488000       1.018792e-01       4.266114e-04       3.683120e-02       1.286306e-01       1.095678e-02       3.894119e-02
      490000       9.955698e-02       1.442576e-04       3.623225e-02       1.213311e-01       9.912424e-03       3.970415e-02
      492000       1.010608e-01       3.526095e-04       3.674396e-02       8.644002e-02       9.399515e-03       3.832000e-02
      494000       1.031207e-01       4.043867e-04       3.725935e-02       1.102749e-01       1.150936e-02       3.859405e-02
      496000       1.037853e-01       1.867741e-04       3.740944e-02       1.866552e-01       1.097693e-02       3.878874e-02
      498000       1.015716e-01       2.177123e-04       3.704533e-02       9.111766e-02       1.199559e-02       3.610953e-02
      500000       1.005332e-01       2.688407e-04       3.628526e-02       1.072277e-01       1.174938e-02       3.836578e-02
      502000       1.011863e-01       3.316154e-04       3.637909e-02       9.134556e-02       1.056862e-02       3.798976e-02
      504000       1.023031e-01       3.451641e-04       3.676913e-02       9.469315e-02       9.473340e-03       3.798218e-02
      506000       1.017656e-01       1.612088e-04       3.663396e-02       9.846712e-02       1.307551e-02       3.788097e-02
      508000       1.015547e-01       5.305357e-04       3.662841e-02       1.557275e-01       1.183108e-02       3.872926e-02
      510000       1.016767e-01       2.218204e-04       3.664422e-02       9.797018e-02       1.053954e-02       3.878224e-02
      512000       9.969876e-02       3.418715e-04       3.621698e-02       8.834314e-02       8.487716e-03       3.695437e-02
      514000       1.010949e-01       2.298723e-04       3.671298e-02       2.229766e-01       1.018096e-02       3.841650e-02
      516000       1.017446e-01       3.617066e-04       3.670363e-02       1.081903e-01       1.207536e-02       3.929028e-02
      518000       1.024641e-01       2.518716e-04       3.720654e-02       1.027107e-01       1.018038e-02       3.864500e-02
      520000       1.011755e-01       3.453334e-04       3.690568e-02       1.900258e-01       1.007103e-02       3.909361e-02
      522000       1.021812e-01       1.532798e-04       3.730597e-02       1.735009e-01       8.830038e-03       3.912367e-02
      524000       1.026863e-01       3.272142e-04       3.728748e-02       1.892183e-01       1.028236e-02       3.908087e-02
      526000       1.029607e-01       2.060877e-04       3.749523e-02       1.001116e-01       7.124148e-03       3.914662e-02
      528000       1.020123e-01       4.062920e-04       3.697624e-02       1.009434e-01       1.029169e-02       3.764484e-02
      530000       1.017018e-01       3.519465e-04       3.667621e-02       9.973969e-02       9.830820e-03       3.915062e-02
      532000       1.028353e-01       5.516885e-04       3.718710e-02       1.013494e-01       1.127551e-02       3.891872e-02
      534000       1.005254e-01       2.266423e-04       3.622108e-02       9.690559e-02       1.014858e-02       3.670979e-02
      536000       1.016140e-01       3.485995e-04       3.655315e-02       1.029536e-01       1.129994e-02       3.848744e-02
      538000       1.012813e-01       2.797813e-04       3.651289e-02       1.147608e-01       9.116217e-03       3.920926e-02
      540000       9.793308e-02       2.157593e-04       3.552953e-02       9.720651e-02       9.277732e-03       3.721000e-02
      542000       9.873943e-02       2.577666e-04       3.541203e-02       1.048857e-01       8.452433e-03       3.660860e-02
      544000       1.010414e-01       2.226192e-04       3.614328e-02       9.570284e-02       1.072661e-02       3.756019e-02
      546000       9.892050e-02       2.394497e-04       3.582273e-02       9.975591e-02       8.032321e-03       3.775273e-02
      548000       1.002303e-01       5.409332e-04       3.618179e-02       1.062501e-01       9.055923e-03       3.898434e-02
      550000       1.018035e-01       4.019578e-04       3.674817e-02       1.269471e-01       9.631951e-03       3.919957e-02
      552000       1.016872e-01       5.042700e-04       3.653274e-02       1.165967e-01       1.064663e-02       3.894380e-02
      554000       1.013427e-01       3.143060e-04       3.654378e-02       1.020957e-01       1.054807e-02       3.826041e-02
      556000       9.930935e-02       2.933594e-04       3.592968e-02       1.595911e-01       1.293824e-02       3.795406e-02
      558000       1.000198e-01       5.706936e-04       3.595461e-02       1.010824e-01       8.580852e-03       3.840512e-02
      560000       1.022332e-01       9.590911e-05       3.683065e-02       1.047083e-01       9.328986e-03       3.775542e-02
      562000       1.005400e-01       4.333445e-04       3.659728e-02       9.323027e-02       1.257781e-02       3.836714e-02
      564000       1.002780e-01       3.627781e-04       3.652404e-02       1.026178e-01       1.115621e-02       3.874573e-02
      566000       1.033686e-01       2.971938e-04       3.721168e-02       1.079256e-01       9.660434e-03       3.900432e-02
      568000       1.023577e-01       2.107467e-04       3.713577e-02       1.007031e-01       7.368985e-03       3.735523e-02
      570000       9.994695e-02       2.826820e-04       3.611689e-02       9.663628e-02       1.061202e-02       4.021362e-02
      572000       1.020539e-01       2.605299e-04       3.687807e-02       1.108146e-01       7.586832e-03       3.722112e-02
      574000       1.012824e-01       1.517235e-04       3.642703e-02       9.243233e-02       5.752041e-03       3.728020e-02
      576000       1.007635e-01       2.426828e-04       3.630626e-02       1.340418e-01       1.171036e-02       3.805208e-02
      578000       1.002168e-01       3.278694e-04       3.635246e-02       1.218008e-01       1.001304e-02       3.780002e-02
      580000       1.025049e-01       5.863815e-04       3.676446e-02       1.007159e-01       8.517990e-03       3.785763e-02
      582000       1.021303e-01       1.834046e-04       3.687258e-02       1.198943e-01       1.146132e-02       3.810961e-02
      584000       1.019895e-01       2.403060e-04       3.709720e-02       1.028181e-01       1.195452e-02       3.791130e-02
      586000       1.011815e-01       4.499534e-04       3.664635e-02       9.823580e-02       1.065520e-02       3.775325e-02
      588000       1.017522e-01       2.059310e-04       3.699348e-02       1.103866e-01       1.103388e-02       3.737642e-02
      590000       9.993488e-02       7.360492e-05       3.627500e-02       1.159084e-01       1.141440e-02       3.765411e-02
      592000       1.037149e-01       3.966664e-04       3.738336e-02       1.601447e-01       1.114806e-02       3.855879e-02
      594000       1.000389e-01       1.990742e-04       3.611744e-02       1.411122e-01       1.090542e-02       3.896689e-02
      596000       1.034005e-01       1.647090e-04       3.719058e-02       2.213983e-01       1.071063e-02       3.860824e-02
      598000       1.008737e-01       1.905296e-04       3.650098e-02       1.035995e-01       1.283961e-02       3.892137e-02
      600000       1.027393e-01       2.665822e-04       3.692726e-02       9.879604e-02       1.001709e-02       3.705439e-02
      602000       1.007586e-01       3.849709e-04       3.667775e-02       1.181953e-01       1.164120e-02       3.771307e-02
      604000       1.021144e-01       4.551372e-04       3.685665e-02       9.628134e-02       1.167990e-02       3.843786e-02
      606000       1.024425e-01       1.595703e-04       3.716796e-02       1.048260e-01       1.011119e-02       3.953072e-02
      608000       1.003694e-01       2.447150e-04       3.631357e-02       1.018521e-01       1.134381e-02       3.887005e-02
      610000       1.011715e-01       3.032606e-04       3.676812e-02       1.657986e-01       6.888269e-03       3.909636e-02
      612000       9.981926e-02       2.164024e-04       3.598442e-02       1.060477e-01       8.934495e-03       3.852005e-02
      614000       1.030648e-01       2.327250e-04       3.704484e-02       1.321776e-01       8.063224e-03       3.852101e-02
      616000       1.005845e-01       3.210853e-04       3.649459e-02       9.674481e-02       1.175644e-02       3.704719e-02
      618000       1.006212e-01       4.372477e-04       3.663825e-02       9.994886e-02       1.211395e-02       3.764491e-02
      620000       1.016977e-01       2.950005e-04       3.686439e-02       9.529435e-02       1.256843e-02       3.787035e-02
      622000       1.004376e-01       1.409884e-04       3.645238e-02       1.866303e-01       1.089507e-02       4.024784e-02
      624000       1.031679e-01       1.310596e-04       3.726205e-02       1.067909e-01       8.206865e-03       3.755738e-02
      626000       1.011428e-01       4.011818e-04       3.646294e-02       1.209617e-01       1.089433e-02       3.898458e-02
      628000       1.028934e-01       2.683860e-04       3.711911e-02       9.773851e-02       1.306959e-02       3.832284e-02
      630000       9.959102e-02       1.909185e-04       3.641462e-02       1.307523e-01       7.329259e-03       3.805194e-02
      632000       1.012212e-01       3.390082e-04       3.684539e-02       1.067165e-01       8.561039e-03       3.815613e-02
      634000       1.017527e-01       1.374507e-04       3.641481e-02       9.447593e-02       9.359837e-03       3.732675e-02
      636000       1.012072e-01       3.868082e-04       3.648836e-02       9.196131e-02       1.106135e-02       3.853074e-02
      638000       9.846368e-02       3.544309e-04       3.556351e-02       1.084834e-01       9.786055e-03       3.869944e-02
      640000       1.008051e-01       1.623550e-04       3.641674e-02       9.866949e-02       1.038032e-02       3.851449e-02
      642000       1.012438e-01       6.398857e-04       3.654279e-02       1.570092e-01       1.215031e-02       3.861301e-02
      644000       1.001683e-01       2.253648e-04       3.657368e-02       9.910789e-02       9.217492e-03       3.899431e-02
      646000       1.014836e-01       2.528836e-04       3.670726e-02       1.006225e-01       9.639695e-03       4.017250e-02
      648000       1.030373e-01       1.739020e-04       3.705153e-02       1.118889e-01       1.056854e-02       3.810765e-02
      650000       1.023068e-01       1.139249e-04       3.709192e-02       9.882795e-02       1.208901e-02       3.867402e-02
      652000       1.010992e-01       2.155417e-04       3.633282e-02       1.331615e-01       1.039909e-02       3.825402e-02
      654000       1.000589e-01       2.559965e-04       3.639898e-02       9.985380e-02       1.083484e-02       3.835074e-02
      656000       1.000378e-01       4.056833e-04       3.615898e-02       1.040086e-01       1.111099e-02       3.804168e-02
      658000       1.020483e-01       5.188379e-04       3.682275e-02       1.022880e-01       9.107649e-03       3.792454e-02
      660000       1.009956e-01       7.602735e-04       3.638136e-02       1.089856e-01       1.204249e-02       3.908252e-02
      662000       1.012964e-01       3.655015e-04       3.658751e-02       9.605889e-02       9.145660e-03       3.785549e-02
      664000       9.986252e-02       2.237978e-04       3.598391e-02       1.358215e-01       1.223045e-02       3.921097e-02
      666000       9.922016e-02       5.790760e-04       3.591752e-02       1.050029e-01       9.078110e-03       3.889320e-02
      668000       1.001948e-01       5.652168e-04       3.603563e-02       1.013777e-01       1.180338e-02       3.759821e-02
      670000       1.026447e-01       3.528353e-04       3.689646e-02       1.076848e-01       1.149760e-02       3.757444e-02
      672000       9.873380e-02       4.372179e-04       3.602198e-02       1.669659e-01       7.230635e-03       3.857993e-02
      674000       1.017033e-01       3.676776e-04       3.658882e-02       1.129104e-01       1.130845e-02       3.882036e-02
      676000       1.006016e-01       9.235082e-05       3.630084e-02       1.517411e-01       9.735206e-03       3.923782e-02
      678000       1.023572e-01       2.148482e-04       3.698543e-02       1.116034e-01       1.269812e-02       3.823080e-02
      680000       1.025146e-01       3.269650e-04       3.708553e-02       1.038095e-01       1.011807e-02       3.925790e-02
      682000       1.010612e-01       2.605506e-04       3.664542e-02       1.044996e-01       1.049749e-02       3.884383e-02
      684000       1.036996e-01       3.249094e-04       3.752309e-02       9.780470e-02       7.914733e-03       3.929740e-02
      686000       1.032076e-01       2.871508e-04       3.720625e-02       9.833551e-02       1.067789e-02       3.802394e-02
      688000       1.043492e-01       3.213490e-04       3.785281e-02       1.125470e-01       9.132007e-03       3.847503e-02
      690000       1.006922e-01       4.146205e-04       3.670947e-02       9.500331e-02       9.782885e-03       3.824367e-02
      692000       1.024037e-01       2.821303e-04       3.703983e-02       1.556333e-01       1.047789e-02       3.756491e-02
      694000       1.018596e-01       5.076277e-04       3.673926e-02       1.283969e-01       1.125608e-02       3.816718e-02
      696000       1.011031e-01       2.845615e-04       3.656589e-02       1.155691e-01       9.607057e-03       3.808694e-02
      698000       9.915013e-02       3.353694e-04       3.594407e-02       1.031583e-01       1.144228e-02       3.834008e-02
      700000       1.031536e-01       5.719626e-04       3.698026e-02       1.061962e-01       1.089985e-02       3.842788e-02
      702000       9.958262e-02       1.978033e-04       3.629878e-02       9.209117e-02       1.109869e-02       3.757649e-02
      704000       1.000818e-01       3.273662e-04       3.602363e-02       9.691413e-02       8.902334e-03       3.858304e-02
      706000       1.009615e-01       1.497440e-04       3.631703e-02       1.045520e-01       1.014210e-02       3.807163e-02
      708000       1.005484e-01       2.868327e-04       3.672342e-02       1.015506e-01       8.643791e-03       3.754717e-02
      710000       1.030849e-01       1.847794e-04       3.723208e-02       1.193438e-01       1.104925e-02       3.778656e-02
      712000       1.017475e-01       4.152005e-04       3.658168e-02       9.609080e-02       1.392832e-02       3.847175e-02
      714000       1.003978e-01       3.911720e-04       3.665974e-02       9.669671e-02       1.004373e-02       3.881333e-02
      716000       9.975180e-02       2.442098e-04       3.601278e-02       8.913582e-02       9.044863e-03       3.881689e-02
      718000       1.041475e-01       4.927098e-04       3.735837e-02       1.153367e-01       1.120845e-02       3.973572e-02
      720000       1.006798e-01       3.466869e-04       3.670942e-02       9.696825e-02       1.025516e-02       3.711087e-02
      722000       1.042269e-01       4.524789e-04       3.764663e-02       1.473573e-01       9.770737e-03       3.746631e-02
      724000       1.026722e-01       2.690068e-04       3.709063e-02       1.250385e-01       7.420718e-03       3.844889e-02
      726000       1.016040e-01       2.743183e-04       3.676375e-02       1.069782e-01       1.176327e-02       3.810298e-02
      728000       1.016830e-01       4.171527e-04       3.676168e-02       9.188790e-02       1.108475e-02       3.720255e-02
      730000       1.035993e-01       3.310229e-04       3.715296e-02       1.107692e-01       1.201118e-02       3.871946e-02
      732000       1.004839e-01       4.533015e-04       3.657493e-02       2.125431e-01       8.779128e-03       3.833745e-02
      734000       1.002984e-01       2.615714e-04       3.633459e-02       9.927624e-02       9.087271e-03       3.814663e-02
      736000       1.028764e-01       2.151759e-04       3.706576e-02       1.096346e-01       1.063045e-02       3.775403e-02
      738000       9.908350e-02       2.428786e-04       3.603359e-02       1.241092e-01       1.042355e-02       3.854467e-02
      740000       9.808945e-02       4.004586e-04       3.550069e-02       1.015922e-01       8.293772e-03       3.866163e-02
      742000       9.972627e-02       1.519728e-04       3.584251e-02       1.071970e-01       1.110596e-02       3.825305e-02
      744000       1.014966e-01       1.777819e-04       3.653166e-02       9.670356e-02       1.122707e-02       3.780683e-02
      746000       9.904299e-02       4.200555e-04       3.551821e-02       1.467403e-01       8.277819e-03       3.867630e-02
      748000       1.022485e-01       2.602229e-04       3.684255e-02       9.034037e-02       8.370664e-03       3.823069e-02
      750000       9.987965e-02       2.505392e-04       3.588396e-02       1.034008e-01       1.011100e-02       3.884349e-02
      752000       1.003297e-01       3.492612e-04       3.629400e-02       1.110960e-01       1.085892e-02       3.845245e-02
      754000       9.925703e-02       2.591828e-04       3.574736e-02       1.805438e-01       1.183010e-02       3.869295e-02
      756000       1.001467e-01       2.073367e-04       3.632614e-02       1.382738e-01       8.400735e-03       3.825620e-02
      758000       1.007880e-01       2.253552e-04       3.666481e-02       1.163919e-01       1.034433e-02       3.794901e-02
      760000       1.021036e-01       4.347839e-04       3.707860e-02       9.081362e-02       1.120947e-02       3.769136e-02
      762000       1.014061e-01       4.692891e-04       3.726361e-02       1.028972e-01       1.098656e-02       3.838655e-02
      764000       1.006205e-01       5.682793e-04       3.679075e-02       9.952644e-02       1.229149e-02       3.804718e-02
      766000       1.010674e-01       2.641609e-04       3.695850e-02       9.670300e-02       1.293576e-02       3.834421e-02
      768000       1.020783e-01       3.204839e-04       3.727972e-02       1.026905e-01       1.194380e-02       3.811914e-02
      770000       1.017795e-01       3.885372e-04       3.687860e-02       1.139782e-01       1.190462e-02       3.850663e-02
      772000       1.030283e-01       7.353935e-04       3.724919e-02       1.015593e-01       1.008617e-02       3.747566e-02
      774000       1.026655e-01       1.047589e-04       3.726270e-02       1.012440e-01       1.155059e-02       3.802501e-02
      776000       1.005922e-01       8.720632e-05       3.669577e-02       9.294205e-02       1.174110e-02       3.882156e-02
      778000       9.930920e-02       2.079017e-04       3.643457e-02       1.240868e-01       1.046343e-02       3.833899e-02
      780000       1.012034e-01       1.228994e-04       3.657334e-02       1.029117e-01       1.114925e-02       3.808436e-02
      782000       1.035082e-01       1.143122e-04       3.726932e-02       9.598084e-02       8.859406e-03       3.820577e-02
      784000       1.016039e-01       2.924970e-04       3.694066e-02       9.827082e-02       8.640152e-03       3.891896e-02
      786000       1.036092e-01       2.768260e-04       3.740453e-02       1.424319e-01       1.166933e-02       3.761781e-02
      788000       1.020459e-01       4.662768e-04       3.721573e-02       1.081650e-01       1.136794e-02       3.738437e-02
      790000       1.024175e-01       2.487106e-04       3.719016e-02       9.544108e-02       8.687751e-03       3.773063e-02
      792000       1.038420e-01       3.697569e-04       3.789846e-02       1.002213e-01       1.016218e-02       3.828575e-02
      794000       1.029887e-01       3.188783e-04       3.757286e-02       9.878066e-02       1.288268e-02       3.711378e-02
      796000       1.016475e-01       5.424940e-04       3.747041e-02       1.003731e-01       1.088379e-02       3.860862e-02
      798000       1.021306e-01       4.744810e-04       3.709299e-02       1.464376e-01       9.650198e-03       3.759072e-02
      800000       1.038852e-01       5.665471e-04       3.763772e-02       9.512951e-02       1.282305e-02       3.827473e-02
      802000       1.000118e-01       3.268412e-04       3.645166e-02       1.775378e-01       1.154423e-02       3.759929e-02
      804000       1.007689e-01       4.445516e-04       3.643921e-02       1.442913e-01       9.750766e-03       3.925087e-02
      806000       1.019839e-01       1.326992e-04       3.663076e-02       2.094191e-01       1.026525e-02       3.916267e-02
      808000       1.008693e-01       4.494997e-04       3.640073e-02       8.632646e-02       1.189685e-02       3.768746e-02
      810000       1.004637e-01       2.850627e-04       3.623533e-02       1.028804e-01       1.008433e-02       3.799830e-02
      812000       9.956069e-02       3.954418e-04       3.568518e-02       1.596884e-01       8.691346e-03       3.787465e-02
      814000       9.934926e-02       1.355635e-04       3.566286e-02       1.321194e-01       1.034425e-02       3.775502e-02
      816000       9.865125e-02       1.131895e-04       3.564301e-02       1.528522e-01       1.019763e-02       3.808281e-02
      818000       1.014417e-01       2.061950e-04       3.647627e-02       1.370696e-01       1.076321e-02       3.975429e-02
      820000       9.932800e-02       3.208501e-04       3.546005e-02       1.249520e-01       9.200009e-03       3.901238e-02
      822000       1.026093e-01       2.310272e-04       3.677012e-02       1.121919e-01       9.459053e-03       3.843494e-02
      824000       1.011146e-01       3.328410e-04       3.614775e-02       1.113929e-01       1.203664e-02       3.766416e-02
      826000       9.845925e-02       3.412840e-04       3.579176e-02       1.176890e-01       1.060913e-02       3.741199e-02
      828000       1.006404e-01       2.477517e-04       3.647100e-02       1.733456e-01       1.097590e-02       3.905468e-02
      830000       1.026003e-01       1.873069e-04       3.723188e-02       9.823980e-02       1.027990e-02       3.810325e-02
      832000       9.959936e-02       1.676157e-04       3.606403e-02       1.077755e-01       1.018210e-02       3.900446e-02
      834000       1.017632e-01       2.721866e-04       3.688831e-02       1.047213e-01       8.035772e-03       3.759401e-02
      836000       1.008392e-01       6.225456e-04       3.616293e-02       9.194552e-02       1.266236e-02       3.883538e-02
      838000       1.013028e-01       3.519000e-04       3.651414e-02       1.152012e-01       1.232545e-02       3.727666e-02
      840000       1.006779e-01       6.471521e-04       3.626475e-02       9.756800e-02       9.131553e-03       3.859587e-02
      842000       1.008427e-01       4.469842e-04       3.674789e-02       1.002735e-01       1.397484e-02       3.869353e-02
      844000       1.001489e-01       1.593080e-04       3.625422e-02       1.087325e-01       1.002391e-02       3.868170e-02
      846000       1.027208e-01       3.647955e-04       3.708525e-02       9.125637e-02       1.020362e-02       3.919118e-02
      848000       9.999815e-02       2.147564e-04       3.627398e-02       9.676178e-02       7.701373e-03       3.828257e-02
      850000       1.000736e-01       2.605913e-04       3.626718e-02       1.148087e-01       1.062358e-02       3.997918e-02
      852000       1.002098e-01       3.076193e-04       3.609568e-02       1.082706e-01       1.054000e-02       3.835696e-02
      854000       1.022268e-01       2.795280e-04       3.670653e-02       1.204678e-01       9.602856e-03       3.789974e-02
      856000       9.843633e-02       5.634717e-04       3.592750e-02       8.960181e-02       1.191646e-02       3.752775e-02
      858000       9.981373e-02       1.159786e-04       3.620635e-02       1.171086e-01       1.222936e-02       3.895634e-02
      860000       1.030652e-01       2.294039e-04       3.726900e-02       9.351487e-02       8.240693e-03       3.801202e-02
      862000       1.009652e-01       3.033231e-04       3.684505e-02       1.010049e-01       8.871726e-03       3.882413e-02
      864000       9.949407e-02       4.944231e-04       3.596519e-02       9.733406e-02       1.086650e-02       3.756998e-02
      866000       1.013400e-01       2.824083e-04       3.657236e-02       9.796232e-02       1.138337e-02       3.762497e-02
      868000       1.022741e-01       1.662693e-04       3.678327e-02       1.122581e-01       7.895126e-03       3.869294e-02
      870000       1.021644e-01       2.165481e-04       3.675424e-02       9.985004e-02       1.237321e-02       3.865735e-02
      872000       1.024228e-01       4.614186e-04       3.698043e-02       8.972909e-02       1.158574e-02       3.818724e-02
      874000       9.949262e-02       2.894939e-04       3.621113e-02       9.389497e-02       9.419511e-03       3.753693e-02
      876000       9.862002e-02       7.791185e-05       3.586397e-02       9.194128e-02       1.008034e-02       3.780898e-02
      878000       1.008893e-01       2.122684e-04       3.617645e-02       9.375005e-02       1.004631e-02       3.832184e-02
      880000       1.002670e-01       1.541774e-04       3.628096e-02       1.176633e-01       1.137809e-02       3.852712e-02
      882000       1.013665e-01       3.151390e-04       3.635048e-02       1.079497e-01       1.180113e-02       3.866382e-02
      884000       1.018924e-01       8.385638e-05       3.701593e-02       1.177411e-01       1.156151e-02       3.741619e-02
      886000       1.002251e-01       1.833557e-04       3.614289e-02       1.183725e-01       1.159349e-02       3.783841e-02
      888000       9.982840e-02       3.573397e-04       3.617688e-02       1.007866e-01       9.251419e-03       3.804648e-02
      890000       1.015056e-01       2.125071e-04       3.645573e-02       1.139588e-01       1.062821e-02       3.857448e-02
      892000       1.015340e-01       1.843485e-04       3.655507e-02       9.769630e-02       1.106219e-02       3.900126e-02
      894000       1.013989e-01       1.857406e-04       3.689471e-02       1.227916e-01       1.038178e-02       3.798160e-02
      896000       9.853538e-02       1.891429e-04       3.593980e-02       1.077951e-01       1.451595e-02       3.936803e-02
      898000       1.010935e-01       2.159479e-04       3.653717e-02       1.122424e-01       1.080250e-02       3.852225e-02
      900000       1.001879e-01       2.831204e-04       3.627066e-02       1.037303e-01       9.348895e-03       3.767960e-02
      902000       1.033090e-01       1.292633e-04       3.730026e-02       9.165752e-02       1.208415e-02       3.868918e-02
      904000       1.010144e-01       3.881228e-04       3.620993e-02       1.258025e-01       9.050747e-03       3.775547e-02
      906000       1.032332e-01       3.873681e-04       3.727885e-02       1.812491e-01       1.123856e-02       3.811386e-02
      908000       1.029029e-01       2.618192e-04       3.714129e-02       1.422713e-01       1.047997e-02       3.752291e-02
      910000       1.006784e-01       1.026248e-04       3.636171e-02       1.386510e-01       1.049622e-02       3.866169e-02
      912000       1.020484e-01       3.000147e-04       3.677252e-02       9.564545e-02       9.481654e-03       3.805527e-02
      914000       9.880088e-02       1.947926e-04       3.575566e-02       3.109894e-01       9.992302e-03       3.918203e-02
      916000       1.031413e-01       2.932125e-04       3.717713e-02       1.051400e-01       7.014564e-03       3.825002e-02
      918000       9.941946e-02       5.986739e-04       3.581553e-02       1.007559e-01       1.194122e-02       3.798013e-02
      920000       1.022018e-01       4.124558e-04       3.699544e-02       1.019730e-01       9.646102e-03       3.722046e-02
      922000       1.020014e-01       1.369100e-04       3.696001e-02       1.254730e-01       9.588936e-03       3.868314e-02
      924000       1.005743e-01       8.254444e-05       3.668399e-02       2.124249e-01       1.158253e-02       3.749225e-02
      926000       1.020138e-01       4.896612e-04       3.702730e-02       1.045040e-01       9.335569e-03       3.694420e-02
      928000       1.041841e-01       5.427146e-04       3.745097e-02       1.733005e-01       9.717568e-03       3.881254e-02
      930000       1.001551e-01       3.370271e-04       3.627366e-02       1.472382e-01       9.764153e-03       3.812389e-02
      932000       1.016930e-01       3.055009e-04       3.694252e-02       9.092083e-02       9.408149e-03       3.789251e-02
      934000       1.018196e-01       5.264298e-04       3.685520e-02       9.565362e-02       1.047013e-02       3.829070e-02
      936000       1.009464e-01       3.352700e-04       3.657354e-02       1.106867e-01       8.940336e-03       3.827737e-02
      938000       1.011015e-01       2.272079e-04       3.641076e-02       9.847312e-02       1.013021e-02       3.846967e-02
      940000       1.020371e-01       2.134268e-04       3.690188e-02       9.987837e-02       1.021440e-02       3.833944e-02
      942000       1.010306e-01       5.703501e-04       3.680716e-02       9.259900e-02       8.583426e-03       3.738636e-02
      944000       1.023398e-01       2.520939e-04       3.696477e-02       8.972695e-02       1.055299e-02       3.698404e-02
      946000       1.003876e-01       3.027200e-04       3.633190e-02       1.036846e-01       1.258962e-02       3.750070e-02
