#       step         max_devi_v         min_devi_v         avg_devi_v         max_devi_f         min_devi_f         avg_devi_f
           0       1.160120e-01       9.667125e-18       4.464980e-02       2.949334e-02       1.508626e-02       2.161947e-02
           0       1.158322e-01       2.606124e-17       4.546448e-02       3.393519e-02       1.155861e-02       2.006821e-02
        2000       1.156649e-01       1.089290e-04       4.282606e-02       1.606509e-01       8.283313e-03       4.153746e-02
        4000       1.176874e-01       3.219450e-04       4.360385e-02       1.132867e-01       8.388480e-03       4.110278e-02
        6000       1.186025e-01       1.854647e-04       4.399137e-02       1.077397e-01       9.833172e-03       4.003885e-02
        8000       1.181750e-01       2.533326e-04       4.370544e-02       1.247682e-01       8.321820e-03       4.152100e-02
       10000       1.198072e-01       2.032437e-04       4.408331e-02       1.202535e-01       1.110240e-02       4.047085e-02
       12000       1.165145e-01       2.039092e-04       4.282301e-02       1.580414e-01       1.063563e-02       4.127108e-02
       14000       1.180376e-01       2.074669e-04       4.343308e-02       1.032001e-01       8.736611e-03       3.866646e-02
       16000       1.156106e-01       7.461468e-04       4.290749e-02       1.340246e-01       1.156488e-02       4.073144e-02
       18000       1.171298e-01       3.293436e-04       4.337670e-02       1.300342e-01       1.251952e-02       4.163629e-02
       20000       1.214639e-01       3.698155e-04       4.496134e-02       1.598031e-01       1.111738e-02       4.097582e-02
       22000       1.171594e-01       2.866125e-04       4.344286e-02       2.004129e-01       1.326939e-02       4.183127e-02
       24000       1.222506e-01       1.898394e-04       4.484769e-02       1.150075e-01       1.026320e-02       4.176031e-02
       26000       1.185383e-01       2.659680e-04       4.392689e-02       1.150904e-01       1.135783e-02       4.126496e-02
       28000       1.179060e-01       2.504413e-04       4.343931e-02       1.331901e-01       1.010170e-02       4.108360e-02
       30000       1.177283e-01       4.491578e-04       4.343668e-02       1.187151e-01       1.154913e-02       4.132877e-02
       32000       1.170422e-01       1.629308e-04       4.316627e-02       1.386887e-01       8.562303e-03       4.106694e-02
       34000       1.210673e-01       2.011622e-04       4.451712e-02       1.110193e-01       9.584040e-03       3.981429e-02
       36000       1.186226e-01       3.467534e-04       4.401030e-02       1.215096e-01       1.346989e-02       4.081062e-02
       38000       1.169757e-01       1.285188e-04       4.329283e-02       2.295478e-01       1.021672e-02       4.064323e-02
       40000       1.203518e-01       1.893064e-04       4.438914e-02       1.409306e-01       1.049592e-02       4.117732e-02
       42000       1.167756e-01       2.615609e-04       4.321988e-02       1.449741e-01       1.042706e-02       4.108324e-02
       44000       1.182560e-01       3.047403e-04       4.375972e-02       1.079341e-01       1.142506e-02       4.102259e-02
       46000       1.171799e-01       2.588014e-04       4.373851e-02       1.191794e-01       1.263958e-02       4.157761e-02
       48000       1.174456e-01       3.467313e-04       4.326438e-02       1.308396e-01       1.281181e-02       4.100641e-02
       50000       1.196749e-01       5.408313e-04       4.424717e-02       1.127340e-01       1.096205e-02       4.152328e-02
       52000       1.184077e-01       2.555856e-04       4.368726e-02       1.479762e-01       1.045710e-02       4.068815e-02
       54000       1.184703e-01       3.872747e-04       4.363226e-02       1.150146e-01       1.193149e-02       4.067633e-02
       56000       1.209020e-01       3.855769e-04       4.482245e-02       1.318287e-01       1.054407e-02       4.178735e-02
       58000       1.188415e-01       2.902086e-04       4.387939e-02       1.279467e-01       1.163502e-02       4.131131e-02
       60000       1.205449e-01       2.553050e-04       4.483233e-02       1.497194e-01       1.251162e-02       4.078980e-02
       62000       1.201376e-01       3.983041e-04       4.434546e-02       1.219909e-01       1.030563e-02       4.091577e-02
       64000       1.192084e-01       6.314088e-04       4.393186e-02       1.370716e-01       1.036436e-02       3.957810e-02
       66000       1.219333e-01       2.480793e-04       4.524421e-02       1.190418e-01       1.090156e-02       4.205210e-02
       68000       1.165790e-01       1.937949e-04       4.299980e-02       1.074269e-01       6.029501e-03       4.058991e-02
       70000       1.201869e-01       6.557059e-04       4.439813e-02       1.149360e-01       1.096283e-02       4.085101e-02
       72000       1.209753e-01       3.687981e-04       4.457552e-02       1.383111e-01       1.137181e-02       4.105535e-02
       74000       1.186365e-01       4.863846e-04       4.397889e-02       1.896314e-01       9.621907e-03       4.183949e-02
       76000       1.195170e-01       2.844221e-04       4.413662e-02       1.562717e-01       9.779224e-03       4.068212e-02
       78000       1.196406e-01       3.482796e-04       4.405146e-02       1.285968e-01       1.072963e-02       4.161476e-02
       80000       1.168114e-01       4.187905e-04       4.318287e-02       1.072536e-01       7.647401e-03       4.163776e-02
       82000       1.166020e-01       5.423030e-04       4.312292e-02       1.771644e-01       9.921829e-03       4.058704e-02
       84000       1.179810e-01       2.991295e-04       4.347791e-02       1.494180e-01       1.021558e-02       4.170000e-02
       86000       1.200670e-01       3.536650e-04       4.410465e-02       1.275321e-01       8.500186e-03       3.987898e-02
       88000       1.171411e-01       3.115945e-04       4.331710e-02       1.151844e-01       1.259491e-02       4.052498e-02
       90000       1.191411e-01       4.676538e-04       4.404878e-02       1.317256e-01       1.171969e-02       3.993724e-02
       92000       1.184418e-01       1.596784e-04       4.364287e-02       1.065990e-01       1.154247e-02       3.982600e-02
       94000       1.175459e-01       1.681885e-04       4.378297e-02       2.644523e-01       1.281764e-02       4.272366e-02
       96000       1.187537e-01       7.234499e-04       4.377605e-02       1.285255e-01       1.355811e-02       4.105172e-02
       98000       1.178735e-01       1.108512e-04       4.363237e-02       1.645372e-01       1.291884e-02       4.056364e-02
      100000       1.178255e-01       2.469937e-04       4.354547e-02       1.114841e-01       7.688524e-03       3.950315e-02
      102000       1.188962e-01       2.648205e-04       4.390248e-02       1.081191e-01       1.069698e-02       4.119150e-02
      104000       1.204948e-01       1.478604e-04       4.457023e-02       1.518922e-01       9.551221e-03       4.139165e-02
      106000       1.190541e-01       2.953879e-04       4.389125e-02       1.305611e-01       1.187591e-02       4.240814e-02
      108000       1.231074e-01       5.860802e-04       4.524391e-02       1.127520e-01       9.618981e-03       4.119947e-02
      110000       1.201243e-01       2.902085e-04       4.432391e-02       1.421728e-01       8.965480e-03       4.113430e-02
      112000       1.166527e-01       4.152421e-04       4.308562e-02       1.315174e-01       1.008618e-02       4.029736e-02
      114000       1.192913e-01       1.578674e-04       4.414543e-02       1.158307e-01       1.013607e-02       4.031978e-02
      116000       1.183597e-01       3.571253e-04       4.365411e-02       1.195671e-01       1.060823e-02       4.119174e-02
      118000       1.193024e-01       1.974482e-04       4.405007e-02       1.409088e-01       1.000581e-02       4.091147e-02
      120000       1.220112e-01       2.059092e-04       4.500265e-02       1.776838e-01       1.189152e-02       4.161347e-02
      122000       1.196154e-01       1.330570e-04       4.407094e-02       1.420070e-01       8.879863e-03       4.106460e-02
      124000       1.206211e-01       5.296254e-04       4.463948e-02       1.343288e-01       1.383123e-02       4.219826e-02
      126000       1.186727e-01       1.200441e-04       4.393232e-02       9.764788e-02       9.845119e-03       4.015014e-02
      128000       1.170335e-01       2.461072e-04       4.343020e-02       1.734341e-01       1.195001e-02       4.109142e-02
      130000       1.193740e-01       2.485109e-04       4.419631e-02       1.222605e-01       7.985194e-03       4.111502e-02
      132000       1.188983e-01       1.298440e-04       4.378659e-02       2.173418e-01       1.183757e-02       4.193330e-02
      134000       1.219435e-01       3.439609e-04       4.503504e-02       1.125618e-01       9.182764e-03       3.976080e-02
      136000       1.183374e-01       3.189979e-04       4.368890e-02       2.118956e-01       1.044110e-02       4.071917e-02
      138000       1.164887e-01       3.704321e-04       4.306106e-02       1.373486e-01       1.147633e-02       4.167587e-02
      140000       1.192860e-01       2.339102e-04       4.411175e-02       1.548252e-01       1.170798e-02       4.155958e-02
      142000       1.181164e-01       3.202866e-04       4.352892e-02       1.616489e-01       1.081721e-02       4.152618e-02
      144000       1.192802e-01       2.750945e-04       4.418876e-02       1.184875e-01       1.115278e-02       4.208410e-02
      146000       1.214411e-01       5.120291e-04       4.486748e-02       1.206280e-01       1.002129e-02       4.130952e-02
      148000       1.181647e-01       1.838128e-04       4.367824e-02       1.198950e-01       1.066790e-02       3.969175e-02
      150000       1.183905e-01       5.976225e-05       4.358714e-02       1.065024e-01       9.410599e-03       3.994244e-02
      152000       1.175858e-01       4.668605e-04       4.362145e-02       1.230310e-01       1.047678e-02       4.053243e-02
      154000       1.179272e-01       1.593212e-04       4.362026e-02       1.384564e-01       9.022217e-03       4.024952e-02
      156000       1.189145e-01       5.024898e-04       4.417551e-02       1.387338e-01       1.003172e-02       4.080846e-02
      158000       1.196684e-01       2.452485e-04       4.430211e-02       1.475679e-01       1.115232e-02       4.179655e-02
      160000       1.194939e-01       4.666106e-04       4.421030e-02       1.211827e-01       1.042460e-02       4.125027e-02
      162000       1.190630e-01       3.184837e-04       4.414656e-02       1.365957e-01       1.181112e-02       4.045465e-02
      164000       1.170633e-01       2.037571e-04       4.307627e-02       1.709727e-01       1.185740e-02       4.132835e-02
      166000       1.175139e-01       3.832029e-04       4.362263e-02       2.207945e-01       1.127796e-02       4.086074e-02
      168000       1.154588e-01       5.438385e-05       4.262805e-02       1.424597e-01       9.274101e-03       4.076161e-02
      170000       1.176870e-01       2.574709e-04       4.341019e-02       1.239263e-01       8.123396e-03       3.998895e-02
      172000       1.210210e-01       5.542838e-05       4.484315e-02       1.137533e-01       1.132064e-02       4.083752e-02
      174000       1.197195e-01       4.035012e-04       4.427768e-02       1.767318e-01       9.013168e-03       4.013897e-02
      176000       1.203702e-01       3.017213e-04       4.461358e-02       1.484701e-01       1.066099e-02       4.113826e-02
      178000       1.238481e-01       3.507177e-04       4.560407e-02       1.045390e-01       1.074427e-02       4.213347e-02
      180000       1.188515e-01       3.288007e-04       4.368961e-02       1.424608e-01       8.682356e-03       4.087765e-02
      182000       1.169692e-01       5.542969e-04       4.335348e-02       1.129770e-01       1.121128e-02       3.953722e-02
      184000       1.168083e-01       4.918278e-04       4.332619e-02       1.172691e-01       8.872457e-03       4.011538e-02
      186000       1.154721e-01       2.765359e-04       4.270846e-02       1.008120e-01       1.188077e-02       4.018199e-02
      188000       1.196105e-01       3.331312e-04       4.412080e-02       1.057902e-01       1.123181e-02       3.970299e-02
      190000       1.176722e-01       9.986704e-05       4.344543e-02       1.273819e-01       9.518962e-03       4.100264e-02
      192000       1.175359e-01       2.186196e-04       4.364490e-02       1.056391e-01       9.183631e-03       4.124629e-02
      194000       1.217303e-01       6.043702e-04       4.497661e-02       1.204533e-01       9.887851e-03       4.140683e-02
      196000       1.165247e-01       1.153655e-04       4.311189e-02       1.399423e-01       1.245804e-02       4.322576e-02
      198000       1.210754e-01       2.451651e-04       4.462027e-02       1.268190e-01       1.073756e-02       4.158776e-02
      200000       1.171551e-01       2.692288e-04       4.337003e-02       1.225756e-01       9.025247e-03       4.028904e-02
      202000       1.151070e-01       2.884882e-04       4.246299e-02       1.827529e-01       1.099091e-02       4.053865e-02
      204000       1.204891e-01       3.175701e-04       4.477629e-02       1.168807e-01       1.127968e-02       4.138346e-02
      206000       1.188363e-01       4.267451e-04       4.382474e-02       1.664985e-01       1.152834e-02       4.139198e-02
      208000       1.213891e-01       5.890847e-04       4.457243e-02       9.933175e-02       1.136272e-02       4.087600e-02
      210000       1.201577e-01       2.645820e-04       4.431626e-02       1.210429e-01       1.148306e-02       4.025631e-02
      212000       1.183139e-01       2.602414e-04       4.390987e-02       1.259749e-01       9.903846e-03       4.030041e-02
      214000       1.194992e-01       5.015894e-04       4.411884e-02       1.118169e-01       1.190927e-02       4.102086e-02
      216000       1.167841e-01       4.350342e-04       4.315184e-02       1.162153e-01       1.201056e-02       3.971584e-02
      218000       1.181897e-01       3.400167e-04       4.353014e-02       1.142057e-01       9.872675e-03       4.061669e-02
      220000       1.195845e-01       5.700210e-04       4.432521e-02       1.189115e-01       1.078026e-02       4.025798e-02
      222000       1.188101e-01       2.897364e-04       4.371221e-02       1.587762e-01       7.581365e-03       4.047976e-02
      224000       1.179641e-01       2.021333e-04       4.370512e-02       1.522763e-01       1.316228e-02       4.221509e-02
      226000       1.201061e-01       1.828297e-04       4.417761e-02       1.125824e-01       1.270674e-02       3.995001e-02
      228000       1.175779e-01       3.010286e-04       4.323336e-02       9.821399e-02       1.033200e-02       4.112787e-02
      230000       1.202202e-01       2.228030e-04       4.427351e-02       1.220150e-01       1.140833e-02       4.147934e-02
      232000       1.172254e-01       1.688113e-04       4.350705e-02       1.607211e-01       1.016996e-02       4.140779e-02
      234000       1.173166e-01       3.546671e-04       4.362659e-02       1.427092e-01       1.115627e-02       4.144607e-02
      236000       1.198524e-01       1.351704e-04       4.413681e-02       1.342557e-01       9.170636e-03       4.010117e-02
      238000       1.219764e-01       3.300873e-04       4.487536e-02       1.601304e-01       1.152652e-02       4.254922e-02
      240000       1.194963e-01       2.007466e-04       4.388391e-02       1.335531e-01       6.937128e-03       4.068811e-02
      242000       1.189621e-01       4.425935e-04       4.381531e-02       1.277321e-01       1.110296e-02       3.964797e-02
      244000       1.186283e-01       7.128243e-04       4.398219e-02       1.994499e-01       9.443283e-03       3.937947e-02
      246000       1.139817e-01       2.150996e-04       4.223871e-02       1.044110e-01       1.031433e-02       4.016543e-02
      248000       1.198783e-01       3.938674e-04       4.412255e-02       1.375001e-01       1.012200e-02       4.071931e-02
      250000       1.195748e-01       2.903068e-04       4.409371e-02       1.347638e-01       7.962720e-03       4.048493e-02
      252000       1.199397e-01       2.356160e-04       4.423031e-02       1.388418e-01       1.232785e-02       4.020261e-02
      254000       1.217411e-01       2.002767e-04       4.496197e-02       1.396443e-01       1.032147e-02       4.066069e-02
      256000       1.197188e-01       3.366211e-04       4.429222e-02       1.791965e-01       8.366796e-03       4.205432e-02
      258000       1.203696e-01       1.559078e-04       4.433318e-02       3.179492e-01       1.008254e-02       4.102124e-02
      260000       1.196145e-01       4.796697e-04       4.426166e-02       1.167593e-01       1.215981e-02       4.148753e-02
      262000       1.161629e-01       2.078999e-04       4.301191e-02       1.453456e-01       7.662292e-03       4.063060e-02
      264000       1.203197e-01       2.839932e-04       4.423402e-02       1.180412e-01       5.490564e-03       4.145611e-02
      266000       1.182669e-01       5.064116e-04       4.363881e-02       1.265292e-01       1.039560e-02       4.041356e-02
      268000       1.177098e-01       1.896092e-04       4.346810e-02       9.794933e-02       9.062936e-03       3.979355e-02
      270000       1.195554e-01       7.848878e-04       4.396688e-02       1.163268e-01       1.192616e-02       4.125337e-02
      272000       1.180334e-01       2.471559e-04       4.355745e-02       2.618540e-01       1.047210e-02       4.157694e-02
      274000       1.219126e-01       4.252068e-04       4.482359e-02       1.113222e-01       1.073080e-02       4.105735e-02
      276000       1.211527e-01       3.720664e-04       4.463716e-02       1.103571e-01       1.168950e-02       4.066664e-02
      278000       1.175702e-01       3.866917e-04       4.356727e-02       1.544198e-01       9.617263e-03       4.229809e-02
      280000       1.164180e-01       1.258709e-04       4.298381e-02       1.484842e-01       1.006160e-02       4.137123e-02
      282000       1.179667e-01       3.534254e-04       4.330272e-02       1.201862e-01       9.355526e-03       3.987529e-02
      284000       1.163815e-01       3.865970e-04       4.294364e-02       1.250864e-01       1.144377e-02       3.969711e-02
      286000       1.175657e-01       3.403843e-04       4.349421e-02       1.001190e-01       1.105987e-02       4.026713e-02
      288000       1.192885e-01       2.564633e-04       4.447847e-02       1.012870e-01       8.680188e-03       4.054942e-02
      290000       1.201590e-01       1.582710e-04       4.453713e-02       1.150597e-01       9.176742e-03       4.079489e-02
      292000       1.194687e-01       2.629557e-04       4.418161e-02       9.897440e-02       1.244306e-02       4.108699e-02
      294000       1.226101e-01       2.880936e-04       4.523949e-02       1.598662e-01       1.035964e-02       4.175288e-02
      296000       1.177617e-01       1.526332e-04       4.344370e-02       1.076372e-01       8.669174e-03       3.989457e-02
      298000       1.180121e-01       3.600181e-04       4.343833e-02       1.160357e-01       9.120876e-03       4.032478e-02
      300000       1.191345e-01       4.041620e-04       4.412577e-02       9.887519e-02       9.039187e-03       3.978460e-02
      302000       1.165251e-01       3.240079e-04       4.313911e-02       1.344905e-01       6.356927e-03       4.118777e-02
      304000       1.192190e-01       2.152858e-04       4.394823e-02       1.167166e-01       6.627998e-03       4.127478e-02
      306000       1.198945e-01       3.935912e-04       4.440828e-02       1.519968e-01       9.695100e-03       4.088082e-02
      308000       1.203825e-01       2.315296e-04       4.441513e-02       1.138841e-01       9.874960e-03       4.231324e-02
      310000       1.228498e-01       1.495765e-04       4.533617e-02       1.072371e-01       1.222274e-02       4.156953e-02
      312000       1.188073e-01       4.112035e-04       4.411719e-02       2.294294e-01       1.094354e-02       4.218164e-02
      314000       1.164936e-01       6.051210e-05       4.307899e-02       2.097116e-01       1.135809e-02       4.088172e-02
      316000       1.172795e-01       1.247259e-04       4.330700e-02       1.135808e-01       1.240645e-02       3.969328e-02
      318000       1.154919e-01       3.673068e-04       4.251414e-02       1.208169e-01       1.132595e-02       3.935429e-02
      320000       1.194042e-01       4.096999e-04       4.396099e-02       1.105975e-01       8.773615e-03       4.002206e-02
      322000       1.205614e-01       3.467980e-04       4.461688e-02       1.276049e-01       1.227156e-02       4.181008e-02
      324000       1.172481e-01       4.702418e-04       4.343036e-02       1.212386e-01       9.753035e-03       4.040760e-02
      326000       1.222059e-01       5.264987e-04       4.509366e-02       1.122517e-01       1.153028e-02       4.077582e-02
      328000       1.178099e-01       5.403119e-04       4.358197e-02       1.796832e-01       1.016395e-02       4.161292e-02
      330000       1.179104e-01       2.299054e-04       4.336664e-02       1.838988e-01       1.209792e-02       4.135690e-02
      332000       1.192265e-01       1.239898e-04       4.411309e-02       2.065330e-01       1.145989e-02       4.214425e-02
      334000       1.159016e-01       2.459676e-04       4.279870e-02       1.623953e-01       7.977973e-03       4.096265e-02
      336000       1.193601e-01       3.576374e-04       4.391842e-02       1.328533e-01       1.050770e-02       4.080023e-02
      338000       1.166891e-01       2.871948e-04       4.325353e-02       1.382443e-01       1.312897e-02       4.076541e-02
      340000       1.186859e-01       2.448603e-04       4.382980e-02       1.154802e-01       1.196332e-02       4.159672e-02
      342000       1.206461e-01       1.310477e-04       4.470927e-02       1.702096e-01       1.253670e-02       4.196290e-02
      344000       1.166559e-01       2.589218e-04       4.287612e-02       1.466413e-01       1.038302e-02       4.025846e-02
      346000       1.176299e-01       5.855780e-04       4.335964e-02       1.252925e-01       9.343730e-03       4.107728e-02
      348000       1.165343e-01       2.493087e-04       4.324168e-02       1.608902e-01       1.105551e-02       4.175191e-02
      350000       1.169385e-01       3.768043e-04       4.335579e-02       1.132394e-01       1.106065e-02       3.996434e-02
      352000       1.230551e-01       2.707649e-04       4.523020e-02       1.603637e-01       1.173651e-02       4.125781e-02
      354000       1.206429e-01       3.545243e-04       4.431085e-02       2.061511e-01       1.208049e-02       4.225390e-02
      356000       1.205884e-01       3.834404e-04       4.470488e-02       1.104856e-01       9.265100e-03       4.038759e-02
      358000       1.194935e-01       2.645843e-04       4.415016e-02       1.072982e-01       1.157173e-02       4.107973e-02
      360000       1.177984e-01       4.732550e-04       4.352888e-02       1.578281e-01       1.223612e-02       4.190446e-02
      362000       1.197483e-01       3.866882e-04       4.429433e-02       1.048072e-01       1.038544e-02       4.082469e-02
      364000       1.148419e-01       3.251679e-04       4.258268e-02       9.918549e-02       1.054605e-02       4.023258e-02
      366000       1.185193e-01       7.239679e-04       4.370102e-02       1.140668e-01       1.102060e-02       4.033687e-02
      368000       1.196653e-01       2.678472e-04       4.418118e-02       1.067562e-01       9.193328e-03       4.093866e-02
      370000       1.196735e-01       2.876487e-04       4.415582e-02       1.614695e-01       6.882870e-03       4.217790e-02
      372000       1.220869e-01       2.151022e-04       4.518579e-02       1.349192e-01       1.019044e-02       4.088738e-02
      374000       1.192151e-01       2.493165e-04       4.428159e-02       1.869191e-01       1.258078e-02       4.308810e-02
      376000       1.201924e-01       6.866960e-05       4.428966e-02       2.223499e-01       8.664169e-03       4.174262e-02
      378000       1.172852e-01       5.294408e-04       4.353013e-02       1.296926e-01       1.045560e-02       4.118123e-02
      380000       1.147937e-01       2.461464e-04       4.243778e-02       1.475538e-01       1.129030e-02       3.903924e-02
      382000       1.184141e-01       4.832726e-04       4.357871e-02       1.257803e-01       8.376607e-03       4.053678e-02
      384000       1.188891e-01       5.916621e-04       4.395821e-02       1.198616e-01       1.135966e-02       3.971352e-02
      386000       1.192940e-01       4.316145e-04       4.401183e-02       2.283556e-01       8.640692e-03       4.005707e-02
      388000       1.226231e-01       4.223546e-04       4.526542e-02       1.736277e-01       8.645366e-03       4.008253e-02
      390000       1.198762e-01       5.066000e-04       4.442060e-02       1.186378e-01       1.011393e-02       4.112710e-02
      392000       1.201262e-01       1.963221e-04       4.442905e-02       1.537783e-01       1.415501e-02       3.921790e-02
      394000       1.159630e-01       5.425203e-04       4.327823e-02       1.244805e-01       9.914797e-03       4.104706e-02
      396000       1.173989e-01       3.134441e-04       4.347608e-02       1.070892e-01       7.993259e-03       4.021696e-02
      398000       1.179183e-01       2.414031e-04       4.367090e-02       1.117060e-01       1.020033e-02       4.121663e-02
      400000       1.221474e-01       2.536276e-04       4.497761e-02       1.289288e-01       1.231821e-02       4.039566e-02
      402000       1.212279e-01       2.625649e-04       4.486985e-02       1.152543e-01       1.103090e-02       4.219741e-02
      404000       1.188518e-01       4.096720e-04       4.383538e-02       1.172126e-01       8.892553e-03       3.951526e-02
      406000       1.194278e-01       4.437909e-04       4.421769e-02       1.144310e-01       1.162042e-02       4.101744e-02
      408000       1.178816e-01       3.937080e-04       4.350683e-02       1.412856e-01       9.814982e-03       4.137977e-02
      410000       1.185529e-01       1.480867e-04       4.373966e-02       1.570314e-01       1.005984e-02       4.112219e-02
      412000       1.184866e-01       2.595219e-04       4.374676e-02       1.492548e-01       8.559681e-03       4.171756e-02
      414000       1.188180e-01       5.847780e-04       4.351563e-02       1.088634e-01       1.198923e-02       3.945310e-02
      416000       1.172631e-01       4.797950e-04       4.319500e-02       1.179717e-01       1.021323e-02       4.108401e-02
      418000       1.188065e-01       3.881459e-04       4.385313e-02       1.094888e-01       1.307514e-02       4.097449e-02
      420000       1.186838e-01       2.462183e-04       4.393463e-02       1.053274e-01       1.255868e-02       4.038750e-02
      422000       1.175934e-01       3.829434e-04       4.371554e-02       1.133904e-01       1.218363e-02       4.138316e-02
      424000       1.203597e-01       3.929863e-04       4.423896e-02       1.467849e-01       1.122094e-02       4.066891e-02
      426000       1.195544e-01       2.088339e-04       4.433514e-02       2.596794e-01       1.183302e-02       4.119088e-02
      428000       1.192825e-01       4.358882e-04       4.418052e-02       1.470900e-01       1.131348e-02       4.101550e-02
      430000       1.191683e-01       5.536913e-04       4.408951e-02       1.903030e-01       9.682582e-03       4.087979e-02
      432000       1.199576e-01       6.731761e-04       4.430961e-02       1.856889e-01       1.220957e-02       4.192232e-02
      434000       1.181011e-01       3.894882e-04       4.370772e-02       1.194115e-01       9.861108e-03       4.012482e-02
      436000       1.182057e-01       1.777811e-04       4.399198e-02       1.064111e-01       1.063298e-02       3.984645e-02
      438000       1.171810e-01       1.224237e-04       4.335169e-02       1.046441e-01       9.641217e-03       4.027377e-02
      440000       1.211581e-01       3.642510e-04       4.468956e-02       1.560411e-01       1.030961e-02       3.978103e-02
      442000       1.182652e-01       3.686174e-04       4.366989e-02       2.931702e-01       9.289643e-03       4.158593e-02
      444000       1.190519e-01       4.174121e-04       4.397967e-02       1.170351e-01       9.816956e-03       4.107345e-02
      446000       1.171957e-01       1.967582e-04       4.335186e-02       1.116226e-01       9.121855e-03       4.009409e-02
      448000       1.132562e-01       5.897206e-04       4.189363e-02       1.217669e-01       1.248734e-02       4.104957e-02
      450000       1.187094e-01       2.014832e-04       4.385861e-02       1.875779e-01       1.127636e-02       4.020015e-02
      452000       1.179117e-01       2.988489e-04       4.347076e-02       1.068443e-01       8.060278e-03       4.031152e-02
      454000       1.191008e-01       4.224918e-04       4.406555e-02       1.074488e-01       1.117879e-02       4.053223e-02
      456000       1.214819e-01       2.575671e-04       4.483731e-02       1.390361e-01       1.094446e-02       4.198243e-02
      458000       1.183237e-01       1.851789e-04       4.378118e-02       1.293873e-01       1.101724e-02       4.067707e-02
      460000       1.191178e-01       4.142845e-04       4.398773e-02       1.064362e-01       1.018216e-02       4.133012e-02
      462000       1.187933e-01       8.543214e-05       4.387308e-02       1.079211e-01       1.238888e-02       3.945405e-02
      464000       1.174890e-01       2.047861e-04       4.332785e-02       2.448664e-01       1.131755e-02       4.123431e-02
      466000       1.188045e-01       3.353187e-04       4.404192e-02       1.637485e-01       1.423828e-02       4.141762e-02
      468000       1.186233e-01       7.665279e-05       4.386645e-02       1.172022e-01       1.001477e-02       4.136119e-02
      470000       1.184502e-01       1.321965e-04       4.405325e-02       1.218808e-01       1.185523e-02       4.124184e-02
      472000       1.193923e-01       1.697213e-04       4.376953e-02       1.184591e-01       1.271495e-02       4.138296e-02
      474000       1.170855e-01       4.316851e-04       4.327160e-02       1.171481e-01       1.235515e-02       4.053130e-02
      476000       1.178818e-01       5.021021e-04       4.378319e-02       1.297876e-01       9.877223e-03       4.085681e-02
      478000       1.170710e-01       3.749616e-04       4.320524e-02       1.045830e-01       1.184838e-02       4.045222e-02
      480000       1.191329e-01       4.640193e-04       4.402243e-02       1.125902e-01       9.837437e-03       4.051473e-02
      482000       1.181631e-01       5.069010e-04       4.358873e-02       1.067814e-01       1.207755e-02       4.046175e-02
      484000       1.185961e-01       1.927917e-04       4.380006e-02       1.018446e-01       9.448179e-03       4.056572e-02
      486000       1.193852e-01       3.550125e-04       4.400618e-02       1.497338e-01       1.268814e-02       4.060086e-02
      488000       1.168923e-01       1.539067e-04       4.321806e-02       1.443223e-01       1.073373e-02       4.222525e-02
      490000       1.210446e-01       2.049807e-04       4.447041e-02       1.631883e-01       1.043152e-02       4.208582e-02
      492000       1.202000e-01       1.903103e-04       4.432382e-02       1.421075e-01       9.727142e-03       4.182290e-02
      494000       1.180593e-01       1.751499e-04       4.367461e-02       1.145704e-01       1.240894e-02       4.132764e-02
      496000       1.194202e-01       2.250388e-04       4.420104e-02       1.070596e-01       1.183134e-02       4.043787e-02
      498000       1.172572e-01       6.097270e-04       4.323604e-02       1.812429e-01       1.308256e-02       4.028037e-02
      500000       1.175751e-01       2.117277e-04       4.331956e-02       1.218670e-01       1.131300e-02       3.951062e-02
      502000       1.196035e-01       3.430808e-04       4.399753e-02       1.146109e-01       1.070073e-02       3.986008e-02
      504000       1.187421e-01       1.308948e-04       4.376943e-02       1.529749e-01       1.245550e-02       4.157413e-02
      506000       1.193521e-01       9.335065e-05       4.407852e-02       1.262669e-01       7.278156e-03       4.174423e-02
      508000       1.201030e-01       2.627070e-04       4.431127e-02       1.362631e-01       9.886009e-03       4.146210e-02
      510000       1.182222e-01       3.490683e-04       4.379107e-02       1.177109e-01       8.574805e-03       4.144987e-02
      512000       1.194309e-01       1.302144e-04       4.402326e-02       1.569918e-01       8.733733e-03       4.134277e-02
      514000       1.150075e-01       3.270741e-04       4.257029e-02       9.846556e-02       1.185284e-02       3.979589e-02
      516000       1.159903e-01       2.847835e-04       4.288711e-02       1.569328e-01       1.133370e-02       4.094851e-02
      518000       1.197626e-01       2.924084e-04       4.412126e-02       1.173498e-01       8.224436e-03       4.050241e-02
      520000       1.187823e-01       2.981275e-04       4.386924e-02       1.664548e-01       1.083396e-02       4.039500e-02
      522000       1.189324e-01       2.884097e-04       4.386886e-02       1.220261e-01       1.153908e-02       4.109516e-02
      524000       1.166813e-01       4.831991e-04       4.322066e-02       1.116746e-01       9.483817e-03       4.100960e-02
      526000       1.178737e-01       2.743560e-04       4.360211e-02       1.187656e-01       8.522976e-03       4.008293e-02
      528000       1.155778e-01       3.568153e-04       4.278312e-02       1.348934e-01       1.089482e-02       4.057584e-02
      530000       1.180507e-01       2.631579e-04       4.364876e-02       1.657645e-01       1.056869e-02       4.160565e-02
      532000       1.209964e-01       4.540440e-04       4.451617e-02       1.261486e-01       9.484744e-03       3.954626e-02
      534000       1.186099e-01       1.047597e-04       4.377081e-02       2.096964e-01       1.110909e-02       4.212248e-02
      536000       1.213924e-01       2.638375e-04       4.491560e-02       1.016558e-01       8.806604e-03       4.112940e-02
      538000       1.181118e-01       1.438852e-04       4.353833e-02       1.326002e-01       1.375834e-02       4.095795e-02
      540000       1.208797e-01       3.447637e-04       4.463167e-02       1.200342e-01       8.457733e-03       4.060140e-02
      542000       1.185093e-01       6.007558e-04       4.372698e-02       1.446385e-01       1.321574e-02       4.118197e-02
      544000       1.160274e-01       1.701968e-04       4.295652e-02       1.318151e-01       1.025891e-02       4.125313e-02
      546000       1.189713e-01       2.376014e-04       4.389764e-02       1.346439e-01       1.244766e-02       4.023917e-02
      548000       1.158326e-01       2.486891e-04       4.309562e-02       1.213717e-01       1.193935e-02       4.004497e-02
      550000       1.186386e-01       5.509908e-04       4.375964e-02       9.841383e-02       9.992195e-03       4.025471e-02
      552000       1.212701e-01       8.614541e-05       4.464692e-02       1.725686e-01       1.258141e-02       4.094839e-02
      554000       1.167624e-01       1.286334e-04       4.329137e-02       1.685147e-01       1.316725e-02       4.192983e-02
      556000       1.187422e-01       4.620429e-04       4.395828e-02       1.482971e-01       7.753288e-03       4.056534e-02
      558000       1.183914e-01       2.455130e-04       4.411264e-02       1.538127e-01       1.212426e-02       4.152272e-02
      560000       1.179107e-01       5.752736e-04       4.342311e-02       1.052198e-01       7.570920e-03       4.135058e-02
      562000       1.199551e-01       1.749258e-04       4.430482e-02       1.464183e-01       1.318402e-02       4.205440e-02
      564000       1.193569e-01       1.941915e-04       4.419304e-02       1.438915e-01       9.749651e-03       4.027104e-02
      566000       1.216895e-01       2.687995e-04       4.489352e-02       1.372928e-01       1.017841e-02       4.066621e-02
      568000       1.161501e-01       2.382166e-04       4.302994e-02       1.396390e-01       1.032545e-02       3.993203e-02
      570000       1.181742e-01       2.501992e-04       4.350028e-02       1.480061e-01       1.126565e-02       4.039287e-02
      572000       1.172173e-01       9.032821e-05       4.344376e-02       1.176432e-01       9.784053e-03       4.016545e-02
      574000       1.165796e-01       5.900940e-04       4.310352e-02       1.139431e-01       9.016443e-03       4.002208e-02
      576000       1.176995e-01       2.109901e-04       4.350174e-02       1.167415e-01       1.070063e-02       4.070713e-02
      578000       1.174576e-01       1.323612e-04       4.379991e-02       2.142668e-01       1.412160e-02       4.101210e-02
      580000       1.190330e-01       3.574070e-04       4.397851e-02       2.763355e-01       8.472809e-03       4.166197e-02
      582000       1.184888e-01       3.527459e-04       4.419871e-02       1.093872e-01       1.157507e-02       4.091058e-02
      584000       1.204713e-01       3.715098e-04       4.455679e-02       9.955603e-02       1.328251e-02       4.027726e-02
      586000       1.209130e-01       5.886253e-04       4.464379e-02       1.355625e-01       1.002976e-02       4.020298e-02
      588000       1.204348e-01       2.638030e-04       4.429065e-02       1.164081e-01       1.242730e-02       4.133816e-02
      590000       1.173097e-01       3.194496e-04       4.329318e-02       1.447491e-01       9.928133e-03       4.101195e-02
      592000       1.186838e-01       4.105164e-04       4.390890e-02       1.297196e-01       8.377770e-03       4.085781e-02
      594000       1.186464e-01       2.794139e-04       4.392427e-02       1.166941e-01       1.034255e-02       3.971079e-02
      596000       1.198797e-01       1.928796e-04       4.410433e-02       1.585358e-01       1.003593e-02       4.121504e-02
      598000       1.184043e-01       4.194456e-04       4.357761e-02       1.206244e-01       9.829803e-03       4.088940e-02
      600000       1.189351e-01       3.248795e-04       4.398625e-02       1.407207e-01       7.146498e-03       4.016701e-02
      602000       1.175885e-01       2.433842e-04       4.370822e-02       1.479145e-01       1.003920e-02       4.091626e-02
      604000       1.188570e-01       1.873233e-04       4.385765e-02       1.046576e-01       9.191328e-03       4.020628e-02
      606000       1.185339e-01       1.922906e-04       4.394068e-02       1.972121e-01       9.685793e-03       4.082601e-02
      608000       1.194143e-01       3.672763e-04       4.401478e-02       1.367989e-01       1.238941e-02       4.030979e-02
      610000       1.195873e-01       3.259654e-04       4.414123e-02       1.771045e-01       9.709316e-03       4.123876e-02
      612000       1.213584e-01       3.334682e-04       4.476493e-02       1.083536e-01       1.191805e-02       4.093731e-02
      614000       1.193466e-01       1.912670e-04       4.408756e-02       1.145046e-01       8.356480e-03       4.147098e-02
      616000       1.180073e-01       4.454545e-04       4.385892e-02       1.117117e-01       1.227347e-02       4.103306e-02
      618000       1.180540e-01       2.087099e-04       4.354719e-02       1.296882e-01       9.942549e-03       3.961776e-02
      620000       1.170040e-01       4.032476e-04       4.326641e-02       1.333145e-01       1.120367e-02       4.165339e-02
      622000       1.198017e-01       5.062274e-04       4.409225e-02       1.197025e-01       9.659210e-03       4.137129e-02
      624000       1.183902e-01       7.913276e-04       4.362191e-02       1.113762e-01       1.362221e-02       4.045455e-02
      626000       1.184675e-01       8.666313e-05       4.368367e-02       1.190892e-01       7.618129e-03       4.160198e-02
      628000       1.179217e-01       2.897455e-04       4.366379e-02       1.241685e-01       1.031567e-02       4.075802e-02
      630000       1.169274e-01       4.083711e-04       4.324076e-02       2.242478e-01       1.171419e-02       4.086992e-02
      632000       1.193839e-01       1.664483e-04       4.420478e-02       1.167364e-01       1.165806e-02       3.992962e-02
      634000       1.190328e-01       6.217264e-04       4.406217e-02       1.638230e-01       1.214418e-02       4.273607e-02
      636000       1.177221e-01       2.740933e-04       4.343444e-02       1.035634e-01       1.133950e-02       4.035286e-02
      638000       1.177873e-01       3.724699e-04       4.351514e-02       1.218684e-01       9.052855e-03       4.087473e-02
      640000       1.168015e-01       5.383966e-04       4.315720e-02       1.419245e-01       9.051847e-03       3.943107e-02
      642000       1.195100e-01       2.553673e-04       4.393939e-02       1.361970e-01       9.362814e-03       4.071983e-02
      644000       1.218668e-01       2.792897e-04       4.491726e-02       1.621431e-01       1.210357e-02       4.184891e-02
      646000       1.177143e-01       4.566190e-04       4.372143e-02       1.787001e-01       7.977803e-03       4.189192e-02
      648000       1.182655e-01       4.755445e-04       4.356253e-02       1.392624e-01       8.173029e-03       4.061989e-02
      650000       1.176007e-01       3.235201e-04       4.329082e-02       1.696400e-01       9.820140e-03       4.082497e-02
      652000       1.178508e-01       5.354119e-04       4.344458e-02       1.215297e-01       1.135166e-02       4.150218e-02
      654000       1.193335e-01       8.141182e-04       4.412571e-02       1.175230e-01       9.664587e-03       4.130775e-02
      656000       1.180304e-01       1.907984e-04       4.377335e-02       1.047038e-01       1.075422e-02       4.057234e-02
      658000       1.184001e-01       3.445944e-04       4.361389e-02       1.278747e-01       6.533844e-03       3.979437e-02
      660000       1.225375e-01       2.444814e-04       4.531656e-02       1.075101e-01       1.058602e-02       4.081766e-02
      662000       1.174017e-01       3.137933e-04       4.337005e-02       1.168079e-01       8.808878e-03       4.024735e-02
      664000       1.209258e-01       1.534951e-04       4.479507e-02       1.205064e-01       1.156450e-02       4.093976e-02
      666000       1.181386e-01       1.123894e-04       4.363867e-02       1.091305e-01       1.180247e-02       4.175174e-02
      668000       1.155044e-01       3.210080e-04       4.249693e-02       1.120885e-01       1.262728e-02       3.989839e-02
      670000       1.220169e-01       4.496022e-04       4.502514e-02       1.224549e-01       1.059970e-02       3.977895e-02
      672000       1.177755e-01       3.049623e-04       4.380606e-02       1.698335e-01       1.319417e-02       4.113919e-02
      674000       1.174433e-01       4.923557e-04       4.338273e-02       1.361940e-01       1.135338e-02       4.118597e-02
      676000       1.184838e-01       2.911278e-04       4.398361e-02       1.088760e-01       9.875414e-03       4.168420e-02
      678000       1.166974e-01       1.359022e-04       4.291610e-02       1.130020e-01       1.056444e-02       4.019971e-02
      680000       1.195795e-01       4.282876e-04       4.401390e-02       1.153079e-01       1.255364e-02       4.162700e-02
      682000       1.186757e-01       4.230124e-04       4.381509e-02       1.365851e-01       9.725417e-03       3.936152e-02
      684000       1.169650e-01       2.690432e-04       4.334572e-02       1.297965e-01       1.119863e-02       4.122396e-02
      686000       1.215988e-01       1.179230e-04       4.504258e-02       1.772814e-01       1.057978e-02       4.140044e-02
      688000       1.205946e-01       4.727186e-04       4.467758e-02       1.800407e-01       1.305463e-02       4.184242e-02
      690000       1.199079e-01       2.363680e-04       4.434535e-02       1.374875e-01       8.886687e-03       4.195063e-02
      692000       1.201379e-01       3.568288e-04       4.449249e-02       1.078511e-01       7.424426e-03       4.050778e-02
      694000       1.181563e-01       1.937573e-04       4.336536e-02       1.341316e-01       1.120393e-02       4.042831e-02
      696000       1.159716e-01       2.353575e-04       4.284945e-02       1.198376e-01       1.006524e-02       3.953496e-02
      698000       1.180263e-01       2.548640e-04       4.346937e-02       1.133549e-01       1.103715e-02       4.085686e-02
      700000       1.144510e-01       7.210122e-04       4.225781e-02       1.199945e-01       1.257386e-02       4.179201e-02
      702000       1.176664e-01       4.228283e-04       4.377740e-02       1.454593e-01       1.070826e-02       4.180587e-02
      704000       1.191975e-01       2.552182e-04       4.413858e-02       1.087038e-01       1.178348e-02       4.192278e-02
      706000       1.189235e-01       5.353035e-04       4.390552e-02       1.777272e-01       9.372708e-03       4.056628e-02
      708000       1.218063e-01       3.753116e-04       4.492004e-02       1.148171e-01       1.055414e-02       4.081353e-02
      710000       1.182425e-01       5.044909e-04       4.361197e-02       1.127268e-01       9.893146e-03       4.062818e-02
      712000       1.185488e-01       1.697110e-04       4.396741e-02       1.319206e-01       1.186614e-02       4.071725e-02
      714000       1.209004e-01       3.588711e-04       4.447259e-02       1.203566e-01       1.199352e-02       4.160766e-02
      716000       1.162929e-01       2.783960e-04       4.302546e-02       1.297231e-01       9.353452e-03       4.143338e-02
      718000       1.188830e-01       2.283752e-04       4.396791e-02       1.082126e-01       1.044715e-02       4.131967e-02
      720000       1.156913e-01       6.391043e-04       4.279359e-02       1.112296e-01       7.396027e-03       4.068672e-02
      722000       1.198918e-01       2.096022e-04       4.426947e-02       1.125556e-01       1.035124e-02       4.009710e-02
      724000       1.209288e-01       1.802760e-04       4.479508e-02       1.247249e-01       1.075020e-02       4.038186e-02
      726000       1.159351e-01       2.315247e-04       4.281069e-02       1.961997e-01       8.269238e-03       4.098847e-02
      728000       1.207558e-01       1.339038e-04       4.455909e-02       1.199952e-01       9.947958e-03       3.923415e-02
      730000       1.169948e-01       3.469829e-04       4.334340e-02       1.027819e-01       1.180872e-02       4.028151e-02
      732000       1.161790e-01       5.068480e-04       4.328529e-02       1.023935e-01       1.275618e-02       4.072725e-02
      734000       1.190387e-01       7.777400e-05       4.433545e-02       1.053161e-01       1.138347e-02       4.161231e-02
      736000       1.175770e-01       2.183879e-04       4.353701e-02       1.430919e-01       1.157732e-02       4.179787e-02
      738000       1.204403e-01       3.310499e-04       4.430874e-02       9.946075e-02       1.068892e-02       4.134670e-02
      740000       1.219051e-01       3.221294e-04       4.478967e-02       1.235394e-01       1.014048e-02       4.128845e-02
      742000       1.178938e-01       2.337421e-04       4.371106e-02       1.090788e-01       9.400542e-03       4.006017e-02
      744000       1.196518e-01       4.552131e-04       4.421239e-02       1.029407e-01       9.059024e-03       3.980690e-02
      746000       1.184178e-01       1.307740e-04       4.360753e-02       1.265923e-01       5.722058e-03       4.060901e-02
      748000       1.164234e-01       4.977179e-04       4.276567e-02       1.156125e-01       1.276178e-02       4.026096e-02
      750000       1.161245e-01       3.044060e-04       4.294986e-02       9.833751e-02       8.426679e-03       4.082341e-02
      752000       1.184314e-01       2.739021e-04       4.362856e-02       1.527523e-01       1.205350e-02       4.135203e-02
      754000       1.208678e-01       4.659561e-04       4.463726e-02       1.601752e-01       1.149812e-02       4.116179e-02
      756000       1.195886e-01       4.644743e-04       4.416627e-02       1.691621e-01       1.204513e-02       4.104927e-02
      758000       1.214974e-01       3.919278e-04       4.465482e-02       9.614440e-02       7.498560e-03       4.081620e-02
      760000       1.192782e-01       3.922277e-04       4.405834e-02       1.760606e-01       7.883639e-03       4.106444e-02
      762000       1.177020e-01       4.766678e-04       4.356317e-02       1.164653e-01       1.182060e-02       4.145947e-02
      764000       1.187618e-01       1.796227e-04       4.395731e-02       1.076823e-01       1.004647e-02       4.151957e-02
      766000       1.168966e-01       1.894478e-04       4.352500e-02       1.305352e-01       1.295058e-02       4.144689e-02
      768000       1.209201e-01       4.160075e-04       4.468211e-02       9.781812e-02       1.034835e-02       4.031553e-02
      770000       1.191837e-01       1.306682e-04       4.391081e-02       1.063685e-01       1.127877e-02       4.123640e-02
      772000       1.195813e-01       3.275660e-04       4.419972e-02       1.139691e-01       1.126453e-02       4.121270e-02
      774000       1.195192e-01       1.441286e-04       4.416259e-02       1.139309e-01       7.796020e-03       4.014635e-02
      776000       1.162207e-01       2.771893e-04       4.300383e-02       1.349444e-01       1.017043e-02       4.135288e-02
      778000       1.196976e-01       5.405889e-04       4.417152e-02       1.195186e-01       1.106879e-02       4.087346e-02
      780000       1.180105e-01       4.735391e-04       4.395664e-02       1.625316e-01       1.132286e-02       4.092430e-02
      782000       1.152418e-01       1.529096e-04       4.253558e-02       1.266507e-01       9.589251e-03       3.992290e-02
      784000       1.210362e-01       1.470657e-04       4.455826e-02       1.418917e-01       8.465076e-03       4.053669e-02
      786000       1.161587e-01       2.737336e-04       4.282607e-02       9.764012e-02       1.261453e-02       4.057562e-02
      788000       1.179373e-01       2.630950e-04       4.370567e-02       1.234336e-01       1.084379e-02       4.109250e-02
      790000       1.174466e-01       1.199463e-04       4.355078e-02       1.577081e-01       1.110783e-02       4.086771e-02
      792000       1.155959e-01       2.637009e-04       4.276944e-02       1.422086e-01       1.136128e-02       4.025550e-02
      794000       1.178039e-01       7.073233e-04       4.362894e-02       1.076033e-01       1.114000e-02       4.072715e-02
      796000       1.176811e-01       1.739133e-04       4.347002e-02       1.108874e-01       1.206648e-02       4.098035e-02
      798000       1.203082e-01       5.315064e-04       4.426042e-02       1.321912e-01       9.608898e-03       4.197059e-02
      800000       1.199345e-01       2.909103e-04       4.417935e-02       2.952670e-01       1.159122e-02       4.184193e-02
      802000       1.150627e-01       2.616601e-04       4.280261e-02       1.799119e-01       1.058403e-02       4.095558e-02
      804000       1.204014e-01       2.553280e-04       4.432379e-02       1.355850e-01       1.264642e-02       4.187031e-02
      806000       1.199258e-01       4.636891e-04       4.426888e-02       1.667253e-01       1.034769e-02       4.008869e-02
      808000       1.192551e-01       5.345509e-04       4.420372e-02       1.095198e-01       1.344833e-02       4.134905e-02
      810000       1.200775e-01       1.991994e-04       4.444990e-02       1.218328e-01       1.202183e-02       4.191695e-02
      812000       1.211794e-01       4.787965e-04       4.471957e-02       1.047150e-01       1.041771e-02       4.169338e-02
      814000       1.194072e-01       1.296498e-04       4.415390e-02       3.153169e-01       9.282613e-03       4.201423e-02
      816000       1.189293e-01       1.097005e-04       4.389752e-02       1.178787e-01       8.988783e-03       3.999746e-02
      818000       1.160994e-01       5.207691e-04       4.285889e-02       1.027599e-01       1.094050e-02       4.032685e-02
      820000       1.168570e-01       3.060845e-04       4.302718e-02       1.115923e-01       1.156675e-02       4.007605e-02
      822000       1.185728e-01       4.076923e-04       4.384296e-02       1.366184e-01       8.988859e-03       4.020659e-02
      824000       1.168621e-01       4.195426e-04       4.305342e-02       1.443607e-01       1.043941e-02       4.139981e-02
      826000       1.194816e-01       1.762906e-04       4.422459e-02       1.708696e-01       1.122974e-02       4.057300e-02
      828000       1.156077e-01       2.973437e-04       4.266992e-02       1.231470e-01       8.505109e-03       3.942205e-02
      830000       1.177765e-01       5.268100e-04       4.372351e-02       1.010997e-01       1.102748e-02       4.136391e-02
      832000       1.172245e-01       1.676119e-04       4.327412e-02       9.848166e-02       1.014524e-02       3.933560e-02
      834000       1.156500e-01       8.682168e-05       4.265286e-02       1.218082e-01       1.003028e-02       4.005237e-02
      836000       1.176927e-01       3.902989e-04       4.356271e-02       1.914173e-01       1.077633e-02       4.013149e-02
      838000       1.201689e-01       3.282214e-04       4.445538e-02       1.419563e-01       1.087185e-02       4.146779e-02
      840000       1.198551e-01       5.009595e-04       4.427271e-02       1.117958e-01       9.483469e-03       4.177357e-02
      842000       1.216021e-01       3.039618e-04       4.490121e-02       1.116171e-01       1.112399e-02       4.210797e-02
      844000       1.173808e-01       1.826918e-04       4.314008e-02       9.814609e-02       1.098140e-02       4.059927e-02
      846000       1.191416e-01       3.604310e-04       4.388861e-02       1.626298e-01       6.892372e-03       4.055213e-02
      848000       1.174786e-01       4.946700e-04       4.340634e-02       1.208420e-01       1.171128e-02       3.988183e-02
      850000       1.162497e-01       3.550893e-04       4.306875e-02       1.174279e-01       1.232808e-02       4.120356e-02
      852000       1.200182e-01       3.519604e-04       4.437960e-02       1.311183e-01       1.015812e-02       4.098592e-02
      854000       1.198600e-01       3.779791e-04       4.433258e-02       1.559171e-01       1.217728e-02       4.149409e-02
      856000       1.177942e-01       7.090540e-04       4.351748e-02       1.233487e-01       8.493582e-03       4.008244e-02
      858000       1.169929e-01       3.007070e-04       4.350868e-02       1.193950e-01       1.154383e-02       4.117277e-02
      860000       1.149497e-01       2.732064e-04       4.269167e-02       1.480495e-01       1.145005e-02       4.010111e-02
      862000       1.162165e-01       3.621602e-04       4.301952e-02       1.123181e-01       1.293477e-02       3.941055e-02
      864000       1.184670e-01       3.380214e-04       4.384787e-02       1.324287e-01       1.117684e-02       4.116487e-02
      866000       1.187247e-01       6.618827e-04       4.371480e-02       1.223619e-01       1.095019e-02       3.936490e-02
      868000       1.201274e-01       2.736757e-04       4.434741e-02       1.897451e-01       9.426842e-03       4.049091e-02
      870000       1.178382e-01       4.775232e-04       4.353055e-02       2.997373e-01       9.245043e-03       4.079172e-02
      872000       1.176231e-01       2.081718e-04       4.341268e-02       1.148381e-01       1.087702e-02       4.084644e-02
      874000       1.186209e-01       7.590600e-04       4.427946e-02       1.138369e-01       1.118515e-02       4.047984e-02
      876000       1.156197e-01       1.954557e-04       4.309557e-02       1.413672e-01       9.130502e-03       3.959883e-02
      878000       1.190226e-01       4.771617e-04       4.389209e-02       1.021267e-01       1.279497e-02       4.059699e-02
      880000       1.183226e-01       6.217065e-04       4.390478e-02       1.315193e-01       1.232309e-02       4.101148e-02
      882000       1.204150e-01       7.429653e-04       4.456299e-02       1.318913e-01       1.155299e-02       4.084942e-02
      884000       1.211562e-01       5.841116e-05       4.469414e-02       1.541083e-01       1.183359e-02       4.099707e-02
      886000       1.183462e-01       2.002652e-04       4.369957e-02       1.274770e-01       1.068420e-02       4.014803e-02
      888000       1.179870e-01       4.784991e-04       4.346579e-02       1.264312e-01       1.187306e-02       4.028534e-02
      890000       1.165146e-01       4.939515e-04       4.314665e-02       1.130432e-01       1.197785e-02       4.015596e-02
      892000       1.191955e-01       2.768265e-04       4.375973e-02       1.434929e-01       6.481312e-03       4.136258e-02
      894000       1.177703e-01       3.529958e-04       4.373485e-02       2.373773e-01       9.860009e-03       4.090629e-02
      896000       1.236148e-01       2.577053e-04       4.542286e-02       1.165650e-01       1.075641e-02       4.062425e-02
      898000       1.194207e-01       3.802823e-04       4.410341e-02       1.266009e-01       9.325671e-03       4.121459e-02
      900000       1.208346e-01       1.995591e-04       4.457226e-02       1.116362e-01       1.098692e-02       4.067117e-02
      902000       1.202058e-01       4.560528e-04       4.447230e-02       1.122015e-01       1.173494e-02       4.009214e-02
      904000       1.162883e-01       1.970738e-04       4.317380e-02       1.216316e-01       1.322719e-02       4.062707e-02
      906000       1.181902e-01       1.110292e-04       4.391699e-02       1.787657e-01       1.041608e-02       4.062473e-02
      908000       1.176102e-01       4.983907e-04       4.335279e-02       1.227406e-01       1.175570e-02       3.918588e-02
      910000       1.187399e-01       5.439519e-04       4.377749e-02       1.602902e-01       1.251170e-02       4.116467e-02
      912000       1.199401e-01       3.271856e-04       4.432969e-02       1.066159e-01       1.066496e-02       4.168951e-02
      914000       1.191709e-01       3.605776e-04       4.420011e-02       1.265301e-01       1.232614e-02       4.117433e-02
      916000       1.208940e-01       2.943548e-04       4.469363e-02       1.204426e-01       1.168056e-02       4.116129e-02
      918000       1.190367e-01       1.660319e-04       4.407797e-02       1.532926e-01       1.314232e-02       4.200290e-02
      920000       1.187684e-01       3.696714e-04       4.372902e-02       1.246930e-01       9.245802e-03       3.987836e-02
      922000       1.198408e-01       2.151694e-04       4.408872e-02       1.217855e-01       1.202233e-02       4.095365e-02
      924000       1.197559e-01       4.078564e-04       4.414395e-02       1.632845e-01       1.123254e-02       4.131036e-02
      926000       1.194065e-01       5.436719e-04       4.438529e-02       2.413810e-01       8.121731e-03       4.112904e-02
      928000       1.210600e-01       2.495965e-04       4.488346e-02       1.124717e-01       1.260892e-02       4.160954e-02
      930000       1.191311e-01       4.605227e-04       4.400593e-02       1.294943e-01       1.034276e-02       4.152028e-02
      932000       1.197458e-01       3.374630e-04       4.389222e-02       1.226130e-01       1.196796e-02       4.153285e-02
      934000       1.197609e-01       3.853616e-04       4.406109e-02       1.062685e-01       1.042655e-02       4.051973e-02
      936000       1.179707e-01       4.645092e-04       4.356719e-02       1.196714e-01       1.096060e-02       4.120760e-02
      938000       1.198497e-01       4.032375e-04       4.422751e-02       1.740781e-01       9.687636e-03       4.167894e-02
      940000       1.173707e-01       3.834879e-04       4.362441e-02       1.470676e-01       1.047277e-02       4.234345e-02
      942000       1.182610e-01       3.253601e-04       4.408095e-02       1.294465e-01       1.192502e-02       4.003794e-02
      944000       1.204300e-01       4.446327e-04       4.479694e-02       1.084064e-01       6.526193e-03       4.078060e-02
      946000       1.170732e-01       4.672334e-04       4.317537e-02       1.104661e-01       8.312104e-03       4.102763e-02
      948000       1.209230e-01       3.175267e-04       4.460298e-02       1.429811e-01       1.287578e-02       4.018833e-02
      950000       1.174283e-01       3.642710e-04       4.337655e-02       1.730041e-01       1.257594e-02       4.123942e-02
      952000       1.207572e-01       1.506379e-04       4.457979e-02       1.518355e-01       1.185924e-02       4.147236e-02
      954000       1.219313e-01       2.801839e-04       4.502127e-02       1.128966e-01       1.093328e-02       4.190083e-02
      956000       1.150524e-01       4.978504e-04       4.224764e-02       3.227427e-01       1.301119e-02       4.092633e-02
      958000       1.177810e-01       6.132958e-05       4.378636e-02       1.659325e-01       1.051192e-02       4.070555e-02
      960000       1.174007e-01       6.509399e-04       4.335108e-02       1.238751e-01       1.062060e-02       4.048605e-02
