#       step         max_devi_v         min_devi_v         avg_devi_v         max_devi_f         min_devi_f         avg_devi_f
           0       1.039084e-02       9.832417e-06       4.399244e-03       3.461588e-03       8.642999e-04       2.372234e-03
        2000       6.989583e-03       7.946575e-05       3.401431e-03       4.813602e-02       4.823106e-03       1.664896e-02
        4000       7.201824e-03       1.694270e-04       3.469383e-03       5.152147e-02       4.620046e-03       1.601925e-02
        6000       7.062134e-03       1.805076e-04       3.385990e-03       4.393514e-02       3.792255e-03       1.589823e-02
        8000       6.965489e-03       8.488188e-05       3.414180e-03       5.221046e-02       4.385595e-03       1.645567e-02
       10000       6.955257e-03       1.099846e-04       3.376731e-03       4.542964e-02       3.974976e-03       1.657639e-02
       12000       7.178998e-03       1.636508e-04       3.477983e-03       4.870992e-02       3.174799e-03       1.625935e-02
       14000       7.197915e-03       2.104666e-04       3.416240e-03       5.653408e-02       5.874817e-03       1.642559e-02
       16000       7.028318e-03       9.117968e-05       3.367290e-03       4.194260e-02       3.992429e-03       1.585741e-02
       18000       7.067508e-03       1.331417e-04       3.412032e-03       4.892191e-02       4.357339e-03       1.576067e-02
       20000       6.945679e-03       2.033770e-04       3.303826e-03       4.605036e-02       4.120532e-03       1.565945e-02
       22000       7.167480e-03       1.584795e-04       3.319721e-03       5.976367e-02       4.202512e-03       1.599893e-02
       24000       7.204931e-03       3.199964e-04       3.461200e-03       5.189077e-02       5.206285e-03       1.635215e-02
       26000       7.260456e-03       2.006874e-04       3.460069e-03       4.607893e-02       4.169498e-03       1.667052e-02
       28000       7.362773e-03       4.145100e-05       3.462442e-03       5.960781e-02       4.772259e-03       1.632252e-02
       30000       6.736629e-03       1.946722e-04       3.326999e-03       4.582256e-02       4.081221e-03       1.646620e-02
       32000       7.293327e-03       2.053865e-04       3.467244e-03       4.421636e-02       5.108970e-03       1.614994e-02
       34000       7.235840e-03       8.219221e-05       3.470537e-03       5.099015e-02       4.186631e-03       1.624747e-02
       36000       6.717254e-03       1.128909e-04       3.265889e-03       5.031896e-02       4.457479e-03       1.605287e-02
       38000       7.113020e-03       1.879397e-04       3.422468e-03       5.144268e-02       4.182309e-03       1.652563e-02
       40000       7.246133e-03       2.276335e-04       3.415867e-03       4.739917e-02       5.183013e-03       1.571112e-02
       42000       7.352504e-03       8.847353e-05       3.496935e-03       4.676599e-02       4.194279e-03       1.599902e-02
       44000       7.283171e-03       1.268411e-04       3.471533e-03       5.368765e-02       5.669537e-03       1.607368e-02
       46000       7.211761e-03       4.950564e-05       3.477917e-03       4.905262e-02       4.349306e-03       1.632339e-02
       48000       7.380985e-03       1.168961e-04       3.516635e-03       5.256481e-02       4.335504e-03       1.623358e-02
       50000       7.419828e-03       5.771346e-05       3.513668e-03       5.332788e-02       3.788316e-03       1.639626e-02
       52000       7.157084e-03       1.696631e-04       3.453736e-03       4.729879e-02       3.629436e-03       1.603601e-02
       54000       6.940595e-03       1.443214e-04       3.410435e-03       6.434074e-02       4.057721e-03       1.646835e-02
       56000       6.988966e-03       2.369540e-04       3.355794e-03       5.595993e-02       4.752038e-03       1.650906e-02
       58000       6.785195e-03       1.337739e-04       3.384335e-03       4.747705e-02       3.594730e-03       1.607539e-02
       60000       6.948949e-03       1.750458e-04       3.375882e-03       4.772251e-02       2.492710e-03       1.601367e-02
       62000       7.386620e-03       1.378817e-04       3.492020e-03       5.044350e-02       4.913572e-03       1.624026e-02
       64000       7.425647e-03       1.403424e-04       3.538105e-03       4.007128e-02       4.674120e-03       1.640277e-02
       66000       7.168406e-03       1.093381e-04       3.451382e-03       5.527916e-02       5.600479e-03       1.688654e-02
       68000       6.794818e-03       9.717766e-05       3.259770e-03       4.191323e-02       4.713257e-03       1.599820e-02
       70000       7.064793e-03       8.936527e-05       3.425294e-03       4.365333e-02       5.158289e-03       1.673232e-02
       72000       6.848152e-03       1.037089e-04       3.341897e-03       6.082071e-02       4.535605e-03       1.678931e-02
       74000       7.056980e-03       1.892058e-04       3.399930e-03       4.589284e-02       4.022252e-03       1.628167e-02
       76000       6.670034e-03       5.840610e-05       3.288668e-03       3.926135e-02       4.045958e-03       1.586307e-02
       78000       6.817476e-03       1.730915e-04       3.348371e-03       5.103753e-02       3.777732e-03       1.657002e-02
       80000       7.113264e-03       2.051656e-04       3.456320e-03       5.397160e-02       3.883857e-03       1.647446e-02
       82000       7.106214e-03       1.265558e-04       3.431269e-03       4.568770e-02       3.222949e-03       1.572560e-02
       84000       7.151105e-03       1.229340e-04       3.404639e-03       5.213123e-02       4.181683e-03       1.624137e-02
       86000       7.301363e-03       2.458946e-04       3.488544e-03       5.153255e-02       3.540132e-03       1.616495e-02
       88000       7.192275e-03       6.999865e-05       3.430726e-03       5.365176e-02       4.839229e-03       1.655768e-02
       90000       7.187447e-03       1.754485e-04       3.463308e-03       4.506236e-02       5.359947e-03       1.609263e-02
       92000       7.121900e-03       1.268416e-04       3.386279e-03       5.185420e-02       4.733289e-03       1.597991e-02
       94000       6.915192e-03       1.256231e-04       3.404736e-03       4.559223e-02       4.594242e-03       1.581333e-02
       96000       7.079261e-03       1.039949e-04       3.503766e-03       4.682603e-02       4.185190e-03       1.654314e-02
       98000       6.939177e-03       1.208315e-04       3.451038e-03       4.799205e-02       5.076049e-03       1.595307e-02
      100000       7.209958e-03       2.052915e-04       3.498570e-03       5.539327e-02       4.079021e-03       1.615133e-02
      102000       6.932087e-03       8.514099e-05       3.440406e-03       4.516079e-02       4.263180e-03       1.625884e-02
      104000       6.703337e-03       1.576398e-04       3.282494e-03       7.179031e-02       4.294934e-03       1.597359e-02
      106000       7.027267e-03       5.512395e-05       3.394542e-03       7.404204e-02       4.160706e-03       1.601587e-02
      108000       7.470701e-03       1.722068e-04       3.571667e-03       4.984766e-02       4.173656e-03       1.620225e-02
      110000       7.278035e-03       2.535054e-04       3.493008e-03       4.279916e-02       5.265049e-03       1.634751e-02
      112000       7.368036e-03       7.364208e-05       3.496414e-03       4.156923e-02       5.283729e-03       1.624009e-02
      114000       7.087044e-03       1.816084e-04       3.419401e-03       5.750744e-02       4.804069e-03       1.616172e-02
      116000       6.815090e-03       2.403363e-04       3.372223e-03       4.385415e-02       3.535710e-03       1.631294e-02
      118000       7.088782e-03       8.416059e-05       3.463277e-03       4.957979e-02       4.779612e-03       1.559381e-02
      120000       6.956388e-03       1.060669e-04       3.361892e-03       4.054961e-02       3.817212e-03       1.585551e-02
      122000       6.950460e-03       1.784338e-04       3.425688e-03       5.386589e-02       3.992794e-03       1.616049e-02
      124000       6.853332e-03       1.803875e-04       3.255244e-03       5.168617e-02       4.381469e-03       1.632200e-02
      126000       6.971251e-03       2.660874e-04       3.326256e-03       4.773944e-02       4.214809e-03       1.599275e-02
      128000       7.141513e-03       1.078461e-04       3.393509e-03       4.494567e-02       4.322617e-03       1.566805e-02
      130000       7.285710e-03       1.646005e-04       3.509837e-03       7.073310e-02       4.323830e-03       1.586617e-02
      132000       7.229770e-03       9.168788e-05       3.480220e-03       4.567581e-02       5.040472e-03       1.644022e-02
      134000       7.226096e-03       6.218887e-05       3.472582e-03       6.949152e-02       3.646106e-03       1.629581e-02
      136000       7.327811e-03       1.842227e-04       3.480961e-03       4.551931e-02       4.087944e-03       1.581834e-02
      138000       6.993367e-03       2.117400e-04       3.381988e-03       4.574126e-02       3.774184e-03       1.604412e-02
      140000       7.127171e-03       5.770150e-05       3.452398e-03       4.178319e-02       4.665831e-03       1.606310e-02
      142000       7.216293e-03       8.508741e-05       3.333487e-03       5.296932e-02       4.677636e-03       1.572605e-02
      144000       7.186346e-03       1.815364e-04       3.462477e-03       5.921144e-02       3.914752e-03       1.615590e-02
      146000       7.510343e-03       3.188064e-04       3.518835e-03       4.485088e-02       4.513807e-03       1.579767e-02
      148000       7.284281e-03       2.452818e-04       3.382476e-03       3.897587e-02       3.144045e-03       1.576195e-02
      150000       7.315043e-03       8.524395e-05       3.475393e-03       4.170578e-02       4.800166e-03       1.584914e-02
      152000       7.152101e-03       1.566321e-04       3.430156e-03       3.842568e-02       3.970888e-03       1.552574e-02
      154000       7.149424e-03       1.459605e-04       3.409478e-03       6.845280e-02       4.089901e-03       1.602534e-02
      156000       7.283852e-03       1.275277e-04       3.482519e-03       5.245975e-02       4.451948e-03       1.580389e-02
      158000       6.893339e-03       8.029647e-05       3.370471e-03       4.870093e-02       4.683187e-03       1.613463e-02
      160000       7.029982e-03       1.359161e-04       3.419926e-03       4.215315e-02       4.543129e-03       1.586718e-02
      162000       7.091120e-03       3.372874e-04       3.466993e-03       5.678104e-02       4.757071e-03       1.601690e-02
      164000       7.399794e-03       1.342264e-04       3.571032e-03       4.614675e-02       4.287770e-03       1.598651e-02
      166000       7.471160e-03       1.710692e-04       3.611894e-03       4.944901e-02       4.252863e-03       1.665028e-02
      168000       7.028263e-03       1.674895e-04       3.424531e-03       6.771602e-02       3.951757e-03       1.663324e-02
      170000       6.994394e-03       1.815557e-04       3.337070e-03       5.463689e-02       5.320585e-03       1.647429e-02
      172000       7.022366e-03       1.849907e-04       3.419957e-03       5.904752e-02       4.585332e-03       1.582734e-02
      174000       7.360232e-03       9.344579e-05       3.439569e-03       5.298023e-02       3.836651e-03       1.560945e-02
      176000       7.065601e-03       1.857928e-04       3.414138e-03       5.093691e-02       4.918867e-03       1.586444e-02
      178000       7.249413e-03       7.863644e-05       3.433568e-03       4.473663e-02       4.791476e-03       1.625871e-02
      180000       7.189077e-03       1.535917e-04       3.462717e-03       4.238015e-02       4.046403e-03       1.555349e-02
      182000       6.987547e-03       6.498446e-05       3.325703e-03       5.203352e-02       4.603087e-03       1.666264e-02
      184000       7.056845e-03       1.610331e-04       3.386028e-03       5.592366e-02       3.817217e-03       1.627112e-02
      186000       7.228562e-03       1.298679e-04       3.420540e-03       4.809177e-02       4.814976e-03       1.624197e-02
      188000       7.005944e-03       2.414227e-04       3.406545e-03       5.655976e-02       4.402981e-03       1.602968e-02
      190000       6.879065e-03       1.499431e-04       3.356359e-03       4.653009e-02       5.375631e-03       1.615169e-02
      192000       7.242686e-03       6.249035e-05       3.504017e-03       5.255124e-02       3.953573e-03       1.587704e-02
      194000       6.863086e-03       9.679936e-05       3.400512e-03       5.170418e-02       4.602090e-03       1.584645e-02
      196000       6.526493e-03       1.804993e-04       3.291901e-03       6.567676e-02       5.322119e-03       1.646299e-02
      198000       7.136397e-03       2.036652e-04       3.464360e-03       4.745125e-02       3.381445e-03       1.577017e-02
      200000       7.172952e-03       6.742968e-05       3.476978e-03       4.725572e-02       4.508026e-03       1.590712e-02
      202000       7.176241e-03       1.219770e-04       3.448844e-03       4.422622e-02       3.695981e-03       1.615686e-02
      204000       7.464542e-03       1.515766e-04       3.509090e-03       4.360440e-02       4.249680e-03       1.570942e-02
      206000       7.062357e-03       2.297406e-04       3.402367e-03       4.659655e-02       4.553823e-03       1.607168e-02
      208000       6.982843e-03       1.500786e-04       3.340089e-03       4.382352e-02       4.415420e-03       1.576836e-02
      210000       6.985120e-03       7.326923e-05       3.378106e-03       4.249059e-02       4.711258e-03       1.634700e-02
      212000       7.059734e-03       1.577194e-04       3.422737e-03       4.659677e-02       2.424880e-03       1.656585e-02
      214000       7.140148e-03       4.893590e-05       3.395555e-03       6.492925e-02       4.983796e-03       1.613467e-02
      216000       7.061662e-03       1.306869e-04       3.420141e-03       4.740303e-02       3.779716e-03       1.568821e-02
      218000       6.834810e-03       1.121899e-04       3.369615e-03       5.310526e-02       3.603728e-03       1.618005e-02
      220000       7.194399e-03       1.722144e-04       3.535208e-03       5.333185e-02       4.944869e-03       1.614327e-02
      222000       7.107895e-03       2.535506e-04       3.456713e-03       4.630882e-02       4.036307e-03       1.583307e-02
      224000       7.350908e-03       2.809804e-04       3.484106e-03       5.900394e-02       3.680161e-03       1.623514e-02
      226000       6.889592e-03       1.829414e-04       3.373652e-03       4.109223e-02       5.539551e-03       1.623373e-02
      228000       7.012615e-03       2.319686e-04       3.422961e-03       4.988764e-02       4.695209e-03       1.704417e-02
      230000       6.789808e-03       1.936324e-04       3.331322e-03       4.573090e-02       5.541526e-03       1.602200e-02
      232000       7.032349e-03       8.157352e-05       3.431086e-03       4.415123e-02       3.575398e-03       1.591690e-02
      234000       7.227067e-03       1.353166e-04       3.420045e-03       5.063211e-02       4.439291e-03       1.603934e-02
      236000       7.105257e-03       1.539412e-04       3.459821e-03       4.538578e-02       4.415680e-03       1.651195e-02
      238000       7.054676e-03       7.796845e-05       3.351349e-03       5.787081e-02       3.973185e-03       1.651355e-02
      240000       6.838062e-03       1.250591e-04       3.334452e-03       4.779906e-02       4.728783e-03       1.614209e-02
      242000       6.839673e-03       6.768663e-05       3.357342e-03       5.217991e-02       2.829963e-03       1.695144e-02
      244000       7.099083e-03       2.197670e-04       3.423972e-03       3.872660e-02       5.119096e-03       1.576374e-02
      246000       6.803441e-03       1.492455e-04       3.321373e-03       5.171212e-02       4.034510e-03       1.574113e-02
      248000       7.178432e-03       1.305227e-04       3.490285e-03       4.805094e-02       3.783564e-03       1.578610e-02
      250000       7.003913e-03       1.792043e-04       3.405345e-03       4.752724e-02       3.913087e-03       1.631156e-02
      252000       7.020752e-03       1.123646e-05       3.306963e-03       4.438645e-02       3.393113e-03       1.570163e-02
      254000       7.207517e-03       1.407234e-04       3.415694e-03       6.796770e-02       4.970000e-03       1.625664e-02
      256000       7.401382e-03       1.709886e-04       3.543536e-03       9.575831e-02       4.994309e-03       1.637641e-02
      258000       7.150257e-03       1.084123e-04       3.375619e-03       5.116716e-02       4.799524e-03       1.619768e-02
      260000       7.290906e-03       7.161523e-05       3.480700e-03       3.938171e-02       4.639495e-03       1.570518e-02
      262000       6.864311e-03       2.226960e-04       3.329707e-03       4.002919e-02       4.163786e-03       1.603845e-02
      264000       7.367295e-03       1.474524e-04       3.502480e-03       4.839544e-02       4.852179e-03       1.622340e-02
      266000       7.456989e-03       5.688771e-05       3.519663e-03       4.463908e-02       4.101696e-03       1.599641e-02
      268000       7.016154e-03       2.472689e-04       3.429368e-03       6.024246e-02       4.509873e-03       1.631167e-02
      270000       7.139383e-03       1.903216e-04       3.460170e-03       4.571554e-02       2.887323e-03       1.631742e-02
      272000       7.172071e-03       1.406083e-04       3.437786e-03       4.493783e-02       4.687527e-03       1.624656e-02
      274000       6.856886e-03       2.947239e-04       3.330895e-03       4.713525e-02       4.041524e-03       1.657988e-02
      276000       6.858247e-03       1.231328e-04       3.326448e-03       5.962104e-02       4.219930e-03       1.633992e-02
      278000       6.836670e-03       9.975882e-05       3.370514e-03       4.860362e-02       4.153165e-03       1.664620e-02
      280000       6.712688e-03       2.784204e-04       3.358273e-03       6.046807e-02       5.369759e-03       1.657121e-02
      282000       6.842844e-03       9.604220e-05       3.359135e-03       4.924880e-02       5.125432e-03       1.656914e-02
      284000       6.896395e-03       2.415171e-04       3.344009e-03       4.938452e-02       3.928478e-03       1.650903e-02
      286000       6.727003e-03       3.594155e-04       3.301726e-03       6.730246e-02       3.771646e-03       1.613339e-02
      288000       6.950482e-03       2.029009e-04       3.361039e-03       3.976758e-02       4.593378e-03       1.558624e-02
      290000       7.182523e-03       1.905998e-04       3.446288e-03       4.283608e-02       5.138761e-03       1.613696e-02
      292000       6.900668e-03       5.942839e-05       3.365445e-03       4.519956e-02       5.135725e-03       1.607517e-02
      294000       7.147125e-03       7.681208e-05       3.500861e-03       7.718866e-02       4.265215e-03       1.634023e-02
      296000       7.191575e-03       1.545344e-04       3.442144e-03       5.105627e-02       4.307309e-03       1.623631e-02
      298000       6.577432e-03       2.182292e-04       3.305494e-03       5.956459e-02       3.680173e-03       1.665783e-02
      300000       7.076715e-03       4.339330e-05       3.387509e-03       4.323072e-02       5.015549e-03       1.583171e-02
      302000       6.997796e-03       1.823567e-04       3.377788e-03       6.060596e-02       4.308369e-03       1.570394e-02
      304000       7.246485e-03       1.442919e-04       3.493759e-03       6.581779e-02       4.355695e-03       1.577482e-02
      306000       7.016945e-03       3.562460e-05       3.346119e-03       4.836376e-02       4.751961e-03       1.648290e-02
      308000       6.960449e-03       1.205652e-04       3.409923e-03       6.269414e-02       4.268991e-03       1.658526e-02
      310000       6.974420e-03       2.047068e-04       3.307962e-03       5.151233e-02       4.192947e-03       1.604424e-02
      312000       7.021252e-03       1.245417e-04       3.325412e-03       7.190093e-02       5.093675e-03       1.581463e-02
      314000       6.912185e-03       7.776317e-05       3.321128e-03       4.733329e-02       3.361187e-03       1.600498e-02
      316000       6.902683e-03       1.796554e-04       3.354526e-03       5.086377e-02       5.005661e-03       1.635097e-02
      318000       7.126043e-03       1.016573e-04       3.470331e-03       4.421425e-02       3.695211e-03       1.562461e-02
      320000       6.973637e-03       1.056713e-04       3.356799e-03       5.301371e-02       5.053728e-03       1.578577e-02
      322000       6.880348e-03       2.145114e-04       3.367373e-03       5.341236e-02       4.716187e-03       1.613592e-02
      324000       6.947534e-03       1.697620e-04       3.393195e-03       4.708081e-02       5.504710e-03       1.582465e-02
      326000       7.191894e-03       1.596974e-04       3.456861e-03       4.142226e-02       4.215157e-03       1.629441e-02
      328000       7.018757e-03       1.786471e-04       3.419107e-03       5.010231e-02       5.439335e-03       1.645328e-02
      330000       7.279690e-03       1.912918e-04       3.490131e-03       4.886892e-02       4.683041e-03       1.644406e-02
      332000       7.136692e-03       1.190640e-04       3.474029e-03       5.095597e-02       4.387499e-03       1.624262e-02
      334000       7.354371e-03       2.450261e-04       3.477242e-03       4.360520e-02       4.128062e-03       1.568013e-02
      336000       7.096000e-03       2.705565e-05       3.387916e-03       5.195411e-02       3.652424e-03       1.629102e-02
      338000       7.147655e-03       2.110763e-05       3.444942e-03       4.612660e-02       4.386649e-03       1.586148e-02
      340000       7.229746e-03       1.376425e-04       3.464911e-03       5.983222e-02       4.742200e-03       1.633193e-02
      342000       7.030406e-03       1.117502e-04       3.384521e-03       5.858327e-02       4.929352e-03       1.641879e-02
      344000       6.844489e-03       1.520964e-04       3.344711e-03       6.002064e-02       4.450274e-03       1.628123e-02
      346000       7.020246e-03       1.541995e-04       3.439846e-03       7.644879e-02       3.533794e-03       1.610961e-02
      348000       7.275411e-03       1.749084e-04       3.454232e-03       4.250135e-02       4.239169e-03       1.534316e-02
      350000       7.163113e-03       2.104711e-04       3.412077e-03       3.962610e-02       3.842595e-03       1.610403e-02
      352000       6.902281e-03       3.022776e-04       3.395797e-03       4.680859e-02       4.019897e-03       1.596889e-02
      354000       7.206623e-03       1.749926e-04       3.421777e-03       4.936371e-02       4.841436e-03       1.639157e-02
      356000       7.234356e-03       9.056186e-05       3.440483e-03       5.302697e-02       5.321999e-03       1.576301e-02
      358000       7.304764e-03       9.888410e-05       3.411092e-03       4.225179e-02       3.192281e-03       1.610419e-02
      360000       6.992785e-03       7.995586e-05       3.416451e-03       5.649915e-02       3.246575e-03       1.647445e-02
      362000       7.073297e-03       1.409182e-04       3.423487e-03       4.505019e-02       3.911692e-03       1.556501e-02
      364000       6.945498e-03       1.482524e-04       3.349063e-03       5.421483e-02       5.263957e-03       1.581615e-02
      366000       7.245682e-03       1.027319e-04       3.517738e-03       5.042485e-02       4.749602e-03       1.655862e-02
      368000       7.043806e-03       1.260053e-04       3.394178e-03       4.551405e-02       5.191269e-03       1.619973e-02
      370000       7.179560e-03       1.235754e-04       3.492211e-03       4.398732e-02       5.299581e-03       1.628595e-02
      372000       6.928240e-03       2.260892e-04       3.407233e-03       4.411308e-02       4.240782e-03       1.645292e-02
      374000       6.887202e-03       9.525864e-05       3.356360e-03       4.232442e-02       4.479355e-03       1.548854e-02
      376000       7.154676e-03       9.287708e-05       3.460820e-03       5.110051e-02       5.129446e-03       1.615798e-02
      378000       7.288835e-03       1.116536e-04       3.414212e-03       5.116172e-02       3.782031e-03       1.577346e-02
      380000       7.170644e-03       2.124291e-04       3.421774e-03       4.043421e-02       4.469054e-03       1.599136e-02
      382000       7.156560e-03       1.786069e-04       3.387744e-03       4.889615e-02       4.333509e-03       1.617680e-02
      384000       7.150018e-03       1.246464e-04       3.420308e-03       3.948658e-02       4.473445e-03       1.605274e-02
      386000       7.191476e-03       1.988341e-04       3.464374e-03       4.693014e-02       4.697452e-03       1.614411e-02
      388000       6.974827e-03       1.225884e-04       3.361495e-03       5.394418e-02       3.473528e-03       1.623114e-02
      390000       6.854498e-03       1.535012e-04       3.358324e-03       4.920836e-02       4.944898e-03       1.593552e-02
      392000       6.865729e-03       1.768431e-04       3.346546e-03       5.332105e-02       4.396042e-03       1.585719e-02
      394000       7.026736e-03       1.820676e-04       3.421671e-03       8.463314e-02       3.833306e-03       1.639932e-02
      396000       7.023422e-03       8.731056e-05       3.409739e-03       5.689877e-02       4.496371e-03       1.628044e-02
      398000       7.142818e-03       1.127224e-04       3.445608e-03       5.875011e-02       4.374811e-03       1.673474e-02
      400000       7.026609e-03       1.149932e-04       3.406041e-03       5.060214e-02       4.806235e-03       1.624327e-02
      402000       7.132712e-03       1.493964e-04       3.357526e-03       4.505967e-02       2.592949e-03       1.628895e-02
      404000       7.536542e-03       1.104984e-04       3.460257e-03       4.673892e-02       4.530233e-03       1.551862e-02
      406000       7.282250e-03       1.116533e-04       3.452407e-03       4.703361e-02       5.174508e-03       1.571628e-02
      408000       7.480398e-03       1.851276e-04       3.463169e-03       4.771350e-02       3.754975e-03       1.573577e-02
      410000       7.044741e-03       1.563812e-04       3.439362e-03       5.010964e-02       4.852306e-03       1.619470e-02
      412000       6.851350e-03       1.356341e-04       3.296635e-03       4.658043e-02       4.932368e-03       1.580585e-02
      414000       6.799224e-03       7.868445e-05       3.332153e-03       4.497852e-02       3.777285e-03       1.581386e-02
      416000       7.175682e-03       1.109788e-04       3.503829e-03       4.568288e-02       4.043728e-03       1.603803e-02
      418000       7.148585e-03       3.097822e-04       3.471195e-03       4.710371e-02       4.745032e-03       1.606622e-02
      420000       7.064478e-03       1.840979e-04       3.423840e-03       4.635538e-02       4.610565e-03       1.606965e-02
      422000       7.090417e-03       2.173253e-04       3.443600e-03       6.436295e-02       4.818357e-03       1.634190e-02
      424000       7.212815e-03       2.687576e-04       3.421515e-03       5.062173e-02       4.688674e-03       1.626860e-02
      426000       6.881827e-03       3.166048e-04       3.358808e-03       4.423399e-02       4.666216e-03       1.583673e-02
      428000       7.259464e-03       8.278095e-05       3.482576e-03       5.156352e-02       4.774493e-03       1.640227e-02
      430000       7.290003e-03       8.346822e-05       3.507385e-03       4.136284e-02       2.889548e-03       1.601603e-02
      432000       7.253894e-03       1.027889e-04       3.462409e-03       7.257772e-02       3.970962e-03       1.610439e-02
      434000       7.477479e-03       1.183494e-04       3.488301e-03       5.520009e-02       4.687348e-03       1.593837e-02
      436000       6.779439e-03       1.796701e-04       3.340132e-03       5.070681e-02       4.309959e-03       1.612173e-02
      438000       6.863950e-03       1.195663e-04       3.385355e-03       4.770405e-02       4.521452e-03       1.585966e-02
      440000       7.288896e-03       1.320799e-04       3.507461e-03       4.402910e-02       4.618082e-03       1.628552e-02
      442000       7.093150e-03       2.020223e-05       3.457571e-03       4.156946e-02       4.310539e-03       1.575231e-02
      444000       7.202914e-03       7.541742e-05       3.485767e-03       4.643220e-02       4.447061e-03       1.592624e-02
      446000       7.109005e-03       1.966619e-04       3.336277e-03       4.077338e-02       3.228998e-03       1.591329e-02
      448000       7.010451e-03       2.436438e-04       3.331501e-03       5.082555e-02       3.681368e-03       1.594677e-02
      450000       7.005494e-03       1.762737e-04       3.368621e-03       4.433354e-02       4.910654e-03       1.606404e-02
      452000       7.316844e-03       5.866228e-05       3.453547e-03       4.082982e-02       4.348771e-03       1.618380e-02
      454000       7.276780e-03       2.995615e-04       3.429301e-03       4.057179e-02       4.648711e-03       1.631475e-02
      456000       6.864288e-03       2.041162e-04       3.423220e-03       4.820693e-02       6.010449e-03       1.629401e-02
      458000       6.953490e-03       1.252503e-04       3.395583e-03       4.866833e-02       4.321337e-03       1.661319e-02
      460000       7.304447e-03       9.427348e-05       3.526115e-03       4.679628e-02       5.087463e-03       1.619496e-02
      462000       6.728027e-03       1.327615e-04       3.256791e-03       4.835604e-02       4.962618e-03       1.633610e-02
      464000       7.000061e-03       2.038034e-04       3.419910e-03       5.755466e-02       2.785030e-03       1.631197e-02
      466000       7.129904e-03       2.161341e-04       3.370779e-03       5.420576e-02       4.136877e-03       1.615298e-02
      468000       7.021006e-03       1.102080e-04       3.423159e-03       4.379855e-02       3.849960e-03       1.620114e-02
      470000       7.376017e-03       2.350376e-04       3.442841e-03       4.638411e-02       4.221203e-03       1.619721e-02
      472000       6.911012e-03       2.271227e-04       3.359152e-03       4.488545e-02       5.215524e-03       1.658192e-02
      474000       7.212824e-03       6.932869e-05       3.489831e-03       4.549349e-02       5.149015e-03       1.577358e-02
      476000       6.879219e-03       2.214632e-04       3.336480e-03       3.826820e-02       4.750794e-03       1.575522e-02
      478000       7.102401e-03       1.346070e-04       3.448429e-03       4.952751e-02       4.848866e-03       1.647452e-02
      480000       7.046200e-03       8.519585e-05       3.449031e-03       4.036366e-02       3.397149e-03       1.595171e-02
      482000       7.109489e-03       1.315181e-04       3.397490e-03       5.622192e-02       4.075932e-03       1.571818e-02
      484000       7.067600e-03       1.114864e-04       3.438134e-03       7.033040e-02       4.905925e-03       1.584824e-02
      486000       7.153300e-03       1.209646e-04       3.459740e-03       3.869469e-02       4.786181e-03       1.587729e-02
      488000       7.005735e-03       2.026677e-04       3.358342e-03       4.457182e-02       4.129995e-03       1.606488e-02
      490000       7.147318e-03       1.176769e-04       3.405432e-03       5.483392e-02       4.188788e-03       1.607497e-02
      492000       7.224646e-03       6.574367e-05       3.400842e-03       5.413557e-02       4.471424e-03       1.596891e-02
      494000       7.073606e-03       7.819885e-05       3.399613e-03       4.524059e-02       3.778065e-03       1.584329e-02
      496000       6.965943e-03       1.145713e-04       3.350060e-03       5.091678e-02       4.245415e-03       1.607475e-02
      498000       7.167360e-03       1.187253e-04       3.508927e-03       5.548612e-02       4.036669e-03       1.585774e-02
      500000       7.013823e-03       1.669839e-05       3.384941e-03       5.309429e-02       3.890290e-03       1.616920e-02
      502000       7.114484e-03       1.885012e-04       3.393214e-03       4.592128e-02       3.896638e-03       1.568039e-02
      504000       7.090229e-03       3.983339e-05       3.393603e-03       4.491782e-02       5.372224e-03       1.598405e-02
      506000       7.287707e-03       6.473547e-05       3.519930e-03       4.850766e-02       3.807440e-03       1.635186e-02
      508000       7.107511e-03       1.563951e-04       3.411985e-03       4.661539e-02       4.480503e-03       1.666567e-02
      510000       6.945253e-03       2.163066e-04       3.421767e-03       5.759138e-02       5.112146e-03       1.636057e-02
      512000       7.096519e-03       1.210466e-04       3.379994e-03       4.084284e-02       4.766243e-03       1.617587e-02
      514000       7.010895e-03       1.070549e-04       3.423253e-03       4.010811e-02       5.338554e-03       1.635756e-02
      516000       7.062452e-03       1.470846e-04       3.450644e-03       5.015907e-02       4.755401e-03       1.684451e-02
      518000       7.028825e-03       2.012884e-04       3.404906e-03       5.295111e-02       4.274901e-03       1.636164e-02
      520000       7.004687e-03       2.693806e-04       3.362727e-03       4.550948e-02       3.501426e-03       1.608874e-02
      522000       6.759979e-03       3.340146e-04       3.305374e-03       5.903309e-02       3.832479e-03       1.590873e-02
      524000       7.227397e-03       1.691711e-04       3.452075e-03       4.386801e-02       5.460933e-03       1.583145e-02
      526000       7.103667e-03       1.006843e-04       3.433202e-03       6.515576e-02       4.558494e-03       1.600132e-02
      528000       7.349135e-03       3.216062e-04       3.420752e-03       4.736584e-02       4.865465e-03       1.661442e-02
      530000       7.045834e-03       1.130448e-04       3.394369e-03       4.504711e-02       3.967919e-03       1.663166e-02
      532000       6.797575e-03       7.395946e-05       3.399925e-03       4.574652e-02       5.434017e-03       1.619399e-02
      534000       7.078399e-03       1.763245e-04       3.431235e-03       4.787455e-02       3.530833e-03       1.636168e-02
      536000       7.282456e-03       1.284911e-04       3.510509e-03       4.641472e-02       4.287683e-03       1.588864e-02
      538000       7.167885e-03       2.233196e-04       3.495869e-03       5.535013e-02       4.896772e-03       1.672979e-02
      540000       7.062945e-03       1.743960e-04       3.368721e-03       4.828849e-02       2.433745e-03       1.595982e-02
      542000       7.227724e-03       1.199780e-04       3.507278e-03       9.066509e-02       2.121975e-03       1.618380e-02
      544000       7.118933e-03       1.940909e-04       3.398082e-03       4.067510e-02       4.363725e-03       1.575671e-02
      546000       6.761485e-03       2.124492e-04       3.296581e-03       6.075578e-02       4.181733e-03       1.628558e-02
      548000       7.180913e-03       1.191996e-04       3.500051e-03       4.700288e-02       4.350680e-03       1.591602e-02
      550000       6.890522e-03       4.482762e-05       3.377455e-03       4.832089e-02       4.826736e-03       1.604805e-02
      552000       6.849608e-03       1.279929e-04       3.369502e-03       4.749287e-02       4.743436e-03       1.558066e-02
      554000       6.878691e-03       2.103442e-04       3.399322e-03       5.085814e-02       3.436813e-03       1.648069e-02
      556000       7.246587e-03       1.235363e-04       3.442751e-03       5.277979e-02       4.051778e-03       1.592628e-02
      558000       6.883843e-03       1.479705e-04       3.360899e-03       5.761548e-02       5.139834e-03       1.596218e-02
      560000       6.917824e-03       1.223543e-04       3.349256e-03       4.962850e-02       4.151057e-03       1.589290e-02
      562000       7.086309e-03       9.692737e-05       3.393222e-03       5.469536e-02       3.605165e-03       1.619373e-02
      564000       7.066315e-03       2.463697e-04       3.390009e-03       6.870106e-02       2.635776e-03       1.567391e-02
      566000       7.384124e-03       1.963287e-04       3.538798e-03       6.692563e-02       4.463972e-03       1.631719e-02
      568000       7.229796e-03       3.215667e-04       3.458595e-03       4.538794e-02       5.403365e-03       1.630967e-02
      570000       7.201505e-03       1.489006e-04       3.459737e-03       5.675958e-02       4.341927e-03       1.656011e-02
      572000       7.101919e-03       1.549512e-04       3.421589e-03       6.349348e-02       3.952555e-03       1.607395e-02
      574000       6.957466e-03       1.727194e-04       3.333253e-03       4.605408e-02       4.135272e-03       1.561339e-02
      576000       7.310764e-03       1.482687e-04       3.437523e-03       5.146172e-02       3.953785e-03       1.657854e-02
      578000       7.277346e-03       7.647416e-05       3.468056e-03       5.106224e-02       4.270086e-03       1.588859e-02
      580000       7.444827e-03       7.507721e-05       3.446053e-03       4.071387e-02       4.791101e-03       1.658889e-02
      582000       7.352520e-03       2.090687e-04       3.453448e-03       4.764229e-02       5.350647e-03       1.651305e-02
      584000       7.211055e-03       2.562300e-04       3.455780e-03       4.871569e-02       4.818479e-03       1.632351e-02
      586000       7.020407e-03       1.722970e-04       3.386987e-03       4.840915e-02       4.958861e-03       1.596186e-02
      588000       7.169810e-03       1.978792e-04       3.471865e-03       6.439388e-02       5.065781e-03       1.616021e-02
      590000       6.815686e-03       1.034571e-04       3.326315e-03       4.361785e-02       5.484510e-03       1.610499e-02
      592000       7.050266e-03       1.779617e-04       3.488407e-03       5.097372e-02       3.475463e-03       1.607411e-02
      594000       7.013838e-03       1.076630e-04       3.362858e-03       4.640101e-02       3.652472e-03       1.618791e-02
      596000       7.287086e-03       2.221547e-04       3.502406e-03       5.066740e-02       4.343960e-03       1.590401e-02
      598000       7.101848e-03       1.801320e-04       3.412828e-03       4.728754e-02       3.937471e-03       1.610091e-02
      600000       7.385106e-03       1.250076e-04       3.495977e-03       4.492945e-02       5.420298e-03       1.598980e-02
      602000       7.186343e-03       6.495524e-05       3.402130e-03       4.051408e-02       4.701603e-03       1.568177e-02
      604000       7.379693e-03       1.939423e-04       3.546099e-03       4.996946e-02       2.802591e-03       1.628831e-02
      606000       6.937388e-03       1.574326e-04       3.321181e-03       4.389419e-02       4.653540e-03       1.619881e-02
      608000       7.064961e-03       1.410926e-04       3.435716e-03       6.215949e-02       5.186940e-03       1.614645e-02
      610000       7.005650e-03       1.143542e-04       3.384060e-03       5.233341e-02       3.775260e-03       1.600878e-02
      612000       6.907515e-03       1.372832e-04       3.388294e-03       4.327289e-02       3.218954e-03       1.607186e-02
      614000       7.029673e-03       1.097188e-04       3.374138e-03       4.929954e-02       4.974921e-03       1.644597e-02
      616000       7.239370e-03       2.720727e-04       3.432021e-03       4.111585e-02       4.480372e-03       1.588311e-02
      618000       7.372023e-03       8.170722e-05       3.521479e-03       4.700240e-02       4.920848e-03       1.590636e-02
      620000       7.197511e-03       1.566079e-04       3.425431e-03       4.968992e-02       5.276711e-03       1.623361e-02
      622000       6.943648e-03       1.482784e-04       3.359091e-03       4.371119e-02       4.580896e-03       1.670459e-02
      624000       7.230762e-03       8.430834e-05       3.439817e-03       6.802784e-02       4.522212e-03       1.624490e-02
      626000       7.185088e-03       1.366026e-04       3.424051e-03       5.789970e-02       4.756689e-03       1.593129e-02
      628000       7.115482e-03       1.464172e-04       3.372500e-03       4.362861e-02       4.544670e-03       1.576250e-02
      630000       6.807560e-03       1.889136e-04       3.299367e-03       4.788810e-02       4.678624e-03       1.599671e-02
      632000       6.905683e-03       1.179680e-04       3.317026e-03       5.567457e-02       4.442961e-03       1.585233e-02
      634000       6.812569e-03       7.524961e-05       3.379929e-03       4.903323e-02       3.901994e-03       1.600437e-02
      636000       7.377450e-03       1.323264e-04       3.528094e-03       4.838219e-02       5.034005e-03       1.643479e-02
      638000       7.250518e-03       6.593507e-05       3.486657e-03       5.697286e-02       3.535940e-03       1.632912e-02
      640000       7.037258e-03       1.423735e-04       3.401232e-03       4.877201e-02       3.522021e-03       1.609552e-02
      642000       7.189193e-03       1.094444e-04       3.415213e-03       4.165619e-02       4.224649e-03       1.638105e-02
      644000       6.987948e-03       1.334710e-04       3.344982e-03       5.114649e-02       3.383702e-03       1.632429e-02
      646000       6.895187e-03       1.587880e-04       3.356512e-03       5.405430e-02       4.454197e-03       1.646969e-02
      648000       7.031844e-03       2.482346e-04       3.349024e-03       4.914270e-02       5.205480e-03       1.636930e-02
      650000       6.850779e-03       2.171141e-04       3.337055e-03       5.809801e-02       4.921387e-03       1.607432e-02
      652000       7.148300e-03       2.165786e-04       3.460669e-03       5.423429e-02       4.339617e-03       1.652978e-02
      654000       7.020201e-03       1.051253e-04       3.429578e-03       5.029959e-02       3.874984e-03       1.594676e-02
      656000       7.215969e-03       1.165087e-04       3.429411e-03       4.356307e-02       4.427468e-03       1.602396e-02
      658000       7.181824e-03       2.278408e-04       3.455436e-03       4.651695e-02       4.265837e-03       1.633339e-02
      660000       7.363501e-03       6.628289e-05       3.528173e-03       4.711882e-02       4.523583e-03       1.582909e-02
      662000       6.802954e-03       1.488347e-04       3.317359e-03       4.449515e-02       4.530358e-03       1.590154e-02
      664000       6.950844e-03       8.425834e-05       3.378311e-03       4.156665e-02       5.027946e-03       1.663754e-02
      666000       7.055685e-03       7.238375e-05       3.406761e-03       4.960272e-02       4.425413e-03       1.605964e-02
      668000       6.890040e-03       6.365499e-05       3.380905e-03       5.775160e-02       4.525319e-03       1.615374e-02
      670000       7.029433e-03       1.354753e-04       3.430322e-03       4.080856e-02       4.687675e-03       1.541353e-02
      672000       7.109230e-03       2.159010e-04       3.436002e-03       5.417916e-02       4.202269e-03       1.586561e-02
      674000       7.306580e-03       1.677868e-04       3.504633e-03       4.853781e-02       4.465264e-03       1.674292e-02
      676000       7.312797e-03       9.644543e-05       3.497924e-03       6.726182e-02       4.914687e-03       1.621417e-02
      678000       7.246411e-03       1.765211e-04       3.489389e-03       4.208718e-02       5.293279e-03       1.635131e-02
      680000       7.399126e-03       2.627036e-04       3.514525e-03       5.018748e-02       4.696391e-03       1.619768e-02
      682000       7.108984e-03       9.057188e-05       3.398131e-03       4.024135e-02       3.943800e-03       1.572059e-02
      684000       6.764947e-03       1.283641e-04       3.340828e-03       4.589501e-02       3.910132e-03       1.616292e-02
      686000       7.016592e-03       1.141546e-04       3.338041e-03       6.214582e-02       4.986729e-03       1.641916e-02
      688000       7.063189e-03       8.838035e-05       3.400103e-03       4.275028e-02       4.059137e-03       1.560154e-02
      690000       6.935998e-03       1.125423e-04       3.402468e-03       4.583007e-02       4.382629e-03       1.571856e-02
      692000       7.192848e-03       1.843804e-04       3.451080e-03       4.551643e-02       4.427671e-03       1.620706e-02
      694000       6.901484e-03       1.115477e-04       3.261518e-03       6.016685e-02       3.367190e-03       1.624148e-02
      696000       7.106159e-03       1.609947e-04       3.400324e-03       7.298367e-02       4.499380e-03       1.583227e-02
      698000       7.267738e-03       2.079773e-04       3.469162e-03       4.370117e-02       4.503739e-03       1.596594e-02
      700000       7.632446e-03       2.653157e-04       3.541961e-03       5.964300e-02       5.095332e-03       1.647046e-02
      702000       7.078869e-03       2.131978e-04       3.349103e-03       4.553900e-02       4.295321e-03       1.599760e-02
      704000       7.068187e-03       1.053580e-04       3.424113e-03       4.614470e-02       4.189541e-03       1.606574e-02
      706000       6.982874e-03       1.854337e-04       3.440686e-03       4.216771e-02       4.654395e-03       1.592903e-02
      708000       7.024343e-03       2.164988e-04       3.481263e-03       5.299513e-02       5.049831e-03       1.569035e-02
      710000       7.131821e-03       2.098775e-04       3.465830e-03       5.047110e-02       3.726625e-03       1.549289e-02
      712000       7.199989e-03       1.167370e-04       3.483124e-03       6.228092e-02       4.800744e-03       1.628801e-02
      714000       7.267278e-03       2.710227e-04       3.460839e-03       6.531558e-02       4.893925e-03       1.664174e-02
      716000       7.190763e-03       1.365918e-04       3.483838e-03       4.683428e-02       4.028459e-03       1.630725e-02
      718000       7.010341e-03       2.091091e-04       3.366329e-03       4.819961e-02       4.654176e-03       1.603163e-02
      720000       6.881450e-03       1.208776e-04       3.348012e-03       5.006882e-02       3.064095e-03       1.600357e-02
      722000       6.945417e-03       1.730715e-04       3.382459e-03       4.798187e-02       4.264450e-03       1.619983e-02
      724000       7.317007e-03       1.473505e-04       3.413654e-03       4.237180e-02       4.206437e-03       1.605280e-02
      726000       6.950548e-03       9.245985e-05       3.353272e-03       6.168052e-02       4.873461e-03       1.594459e-02
      728000       7.179452e-03       1.386927e-04       3.428802e-03       9.760585e-02       3.921741e-03       1.615724e-02
      730000       7.439983e-03       2.743592e-04       3.478173e-03       6.198939e-02       5.368321e-03       1.650906e-02
      732000       7.282327e-03       1.871454e-04       3.507513e-03       4.419709e-02       4.693326e-03       1.609609e-02
      734000       6.740467e-03       9.417564e-05       3.243078e-03       5.652655e-02       4.516085e-03       1.626247e-02
      736000       6.981826e-03       6.981226e-05       3.408936e-03       4.518210e-02       4.512389e-03       1.600202e-02
      738000       7.092590e-03       9.585051e-05       3.443448e-03       4.500665e-02       3.920868e-03       1.584280e-02
      740000       7.273183e-03       1.758863e-04       3.450806e-03       5.344034e-02       4.898040e-03       1.614940e-02
      742000       7.334946e-03       1.218998e-04       3.486166e-03       3.951591e-02       2.712669e-03       1.571555e-02
      744000       6.899819e-03       1.447171e-04       3.356543e-03       1.001817e-01       4.915600e-03       1.654633e-02
      746000       6.868988e-03       3.149291e-05       3.370225e-03       4.909963e-02       4.789052e-03       1.650920e-02
      748000       7.104655e-03       2.398002e-04       3.400582e-03       4.032120e-02       5.148464e-03       1.612288e-02
      750000       7.092799e-03       2.414232e-04       3.367066e-03       4.271190e-02       4.016158e-03       1.592752e-02
      752000       6.941023e-03       1.283510e-04       3.362487e-03       5.915816e-02       5.105906e-03       1.628025e-02
      754000       7.169722e-03       3.906182e-05       3.375320e-03       5.579026e-02       5.082916e-03       1.607662e-02
      756000       6.932181e-03       1.048525e-04       3.372065e-03       4.890290e-02       4.595313e-03       1.617052e-02
      758000       7.044588e-03       1.172117e-04       3.417274e-03       3.924641e-02       4.391030e-03       1.595121e-02
      760000       6.939227e-03       1.677737e-04       3.390922e-03       6.614668e-02       3.722128e-03       1.606146e-02
      762000       6.928804e-03       1.562697e-04       3.369984e-03       4.068028e-02       2.306196e-03       1.609346e-02
      764000       6.998678e-03       1.008807e-04       3.306627e-03       4.304550e-02       4.422465e-03       1.594777e-02
      766000       6.914954e-03       1.744247e-04       3.414881e-03       5.767659e-02       4.441142e-03       1.613265e-02
